#
# There is insufficient memory for the Java Runtime Environment to continue.
# Native memory allocation (mmap) failed to map 119537664 bytes for G1 virtual space
# Possible reasons:
#   The system is out of physical RAM or swap space
#   The process is running with CompressedOops enabled, and the Java Heap may be blocking the growth of the native heap
# Possible solutions:
#   Reduce memory load on the system
#   Increase physical memory or swap space
#   Check if swap backing store is full
#   Decrease Java heap size (-Xmx/-Xms)
#   Decrease number of Java threads
#   Decrease Java thread stack sizes (-Xss)
#   Set larger code cache with -XX:ReservedCodeCacheSize=
#   JVM is running with Unscaled Compressed Oops mode in which the Java heap is
#     placed in the first 4GB address space. The Java Heap base address is the
#     maximum limit for the native heap growth. Please use -XX:HeapBaseMinAddress
#     to set the Java Heap base and to place the Java Heap above 4GB virtual address.
# This output file may be truncated or incomplete.
#
#  Out of Memory Error (./open/src/hotspot/os/windows/os_windows.cpp:3472), pid=8748, tid=6568
#
# JRE version: Java(TM) SE Runtime Environment (15.0.1+9) (build 15.0.1+9-18)
# Java VM: Java HotSpot(TM) 64-Bit Server VM (15.0.1+9-18, mixed mode, sharing, tiered, compressed oops, g1 gc, windows-amd64)
# No core dump will be written. Minidumps are not enabled by default on client versions of Windows
#

---------------  S U M M A R Y ------------

Command Line: --add-opens=java.base/java.util=ALL-UNNAMED --add-opens=java.base/java.lang=ALL-UNNAMED --add-opens=java.base/java.lang.invoke=ALL-UNNAMED --add-opens=java.prefs/java.util.prefs=ALL-UNNAMED -Xmx2048m -Dfile.encoding=UTF-8 -Duser.country=US -Duser.language=en -Duser.variant org.gradle.launcher.daemon.bootstrap.GradleDaemon 6.5

Host: AMD A4-4300M APU with Radeon(tm) HD Graphics   , 2 cores, 7G,  Windows 10 , 64 bit Build 18362 (10.0.18362.1110)
Time: Thu Dec 31 17:59:17 2020 Egypt Standard Time elapsed time: 191.745053 seconds (0d 0h 3m 11s)

---------------  T H R E A D  ---------------

Current thread (0x000001f12877e000):  VMThread "VM Thread" [stack: 0x0000004a8ea00000,0x0000004a8eb00000] [id=6568]

Stack: [0x0000004a8ea00000,0x0000004a8eb00000]
[error occurred during error reporting (printing stack bounds), id 0xc0000005, EXCEPTION_ACCESS_VIOLATION (0xc0000005) at pc=0x000001f1308e10ad]

Native frames: (J=compiled Java code, j=interpreted, Vv=VM code, C=native code)
V  [jvm.dll+0x62ae9a]
V  [jvm.dll+0x781389]
V  [jvm.dll+0x782ae3]
V  [jvm.dll+0x7830a5]
V  [jvm.dll+0x78305b]
V  [jvm.dll+0x62a2b9]
V  [jvm.dll+0x62aa88]
C  [ntdll.dll+0xa184f]
C  [ntdll.dll+0x6a889]
C  [ntdll.dll+0xa04be]
C  0x000001f1308e10ad

VM_Operation (0x0000004a96ffd0d0): G1TryInitiateConcMark, mode: safepoint, requested by thread 0x000001f14ae5f870


---------------  P R O C E S S  ---------------

Threads class SMR info:
_java_thread_list=0x000001f14ac55230, length=48, elements={
0x000001f1286b1c20, 0x000001f14646e380, 0x000001f146473620, 0x000001f14648d480,
0x000001f146490e60, 0x000001f146491820, 0x000001f146492510, 0x000001f146e09750,
0x000001f146e0a500, 0x000001f146ec1a40, 0x000001f146efef50, 0x000001f147f67f70,
0x000001f1477925a0, 0x000001f148824b30, 0x000001f148252310, 0x000001f14854f860,
0x000001f1487b06c0, 0x000001f1487b2870, 0x000001f1487b0b90, 0x000001f149095210,
0x000001f149098700, 0x000001f14ac2fd00, 0x000001f14ac301d0, 0x000001f14ac2ee90,
0x000001f14ac2e4f0, 0x000001f14ac2d680, 0x000001f14ac2f830, 0x000001f14ac31040,
0x000001f14ac2cce0, 0x000001f14ac2db50, 0x000001f14ac306a0, 0x000001f14ac2c810,
0x000001f14ac2e9c0, 0x000001f14ac2f360, 0x000001f14ac30b70, 0x000001f14ac31510,
0x000001f1487b1530, 0x000001f14ae606e0, 0x000001f14ae61080, 0x000001f14ae5ea00,
0x000001f14ae5eed0, 0x000001f14ae5f3a0, 0x000001f14ae5f870, 0x000001f1490956e0,
0x000001f147133a70, 0x000001f148fea370, 0x000001f148fec520, 0x000001f14d3644b0
}

Java Threads: ( => current thread )
  0x000001f1286b1c20 JavaThread "main" [_thread_blocked, id=9784, stack(0x0000004a8e400000,0x0000004a8e500000)]
  0x000001f14646e380 JavaThread "Reference Handler" daemon [_thread_blocked, id=312, stack(0x0000004a8eb00000,0x0000004a8ec00000)]
  0x000001f146473620 JavaThread "Finalizer" daemon [_thread_blocked, id=2292, stack(0x0000004a8ec00000,0x0000004a8ed00000)]
  0x000001f14648d480 JavaThread "Signal Dispatcher" daemon [_thread_blocked, id=10684, stack(0x0000004a8ed00000,0x0000004a8ee00000)]
  0x000001f146490e60 JavaThread "Attach Listener" daemon [_thread_blocked, id=4184, stack(0x0000004a8ee00000,0x0000004a8ef00000)]
  0x000001f146491820 JavaThread "Service Thread" daemon [_thread_blocked, id=8908, stack(0x0000004a8ef00000,0x0000004a8f000000)]
  0x000001f146492510 JavaThread "C2 CompilerThread0" daemon [_thread_blocked, id=2172, stack(0x0000004a8f000000,0x0000004a8f100000)]
  0x000001f146e09750 JavaThread "C1 CompilerThread0" daemon [_thread_blocked, id=2276, stack(0x0000004a8f100000,0x0000004a8f200000)]
  0x000001f146e0a500 JavaThread "Sweeper thread" daemon [_thread_blocked, id=9568, stack(0x0000004a8f200000,0x0000004a8f300000)]
  0x000001f146ec1a40 JavaThread "Common-Cleaner" daemon [_thread_blocked, id=9296, stack(0x0000004a8f300000,0x0000004a8f400000)]
  0x000001f146efef50 JavaThread "Notification Thread" daemon [_thread_blocked, id=11164, stack(0x0000004a8f400000,0x0000004a8f500000)]
  0x000001f147f67f70 JavaThread "Daemon health stats" [_thread_blocked, id=2240, stack(0x0000004a8f700000,0x0000004a8f800000)]
  0x000001f1477925a0 JavaThread "Incoming local TCP Connector on port 62733" [_thread_in_native, id=6760, stack(0x0000004a8fa00000,0x0000004a8fb00000)]
  0x000001f148824b30 JavaThread "Daemon periodic checks" [_thread_blocked, id=1488, stack(0x0000004a8fb00000,0x0000004a8fc00000)]
  0x000001f148252310 JavaThread "Daemon" [_thread_blocked, id=10656, stack(0x0000004a8fc00000,0x0000004a8fd00000)]
  0x000001f14854f860 JavaThread "Daemon worker" [_thread_blocked, id=8772, stack(0x0000004a8ff00000,0x0000004a90000000)]
  0x000001f1487b06c0 JavaThread "Cache worker for journal cache (C:\Users\Abdulla\.gradle\caches\journal-1)" [_thread_blocked, id=10008, stack(0x0000004a90300000,0x0000004a90400000)]
  0x000001f1487b2870 JavaThread "File lock request listener" [_thread_in_native, id=11000, stack(0x0000004a90400000,0x0000004a90500000)]
  0x000001f1487b0b90 JavaThread "Cache worker for file hash cache (C:\Users\Abdulla\.gradle\caches\6.5\fileHashes)" [_thread_blocked, id=9508, stack(0x0000004a90500000,0x0000004a90600000)]
  0x000001f149095210 JavaThread "Cache worker for execution history cache (C:\Users\Abdulla\.gradle\caches\6.5\executionHistory)" [_thread_blocked, id=9200, stack(0x0000004a90a00000,0x0000004a90b00000)]
  0x000001f149098700 JavaThread "Cache worker for file content cache (C:\Users\Abdulla\.gradle\caches\6.5\fileContent)" [_thread_blocked, id=9040, stack(0x0000004a90c00000,0x0000004a90d00000)]
  0x000001f14ac2fd00 JavaThread "Handler for socket connection from /127.0.0.1:62733 to /127.0.0.1:62739" [_thread_in_native, id=1132, stack(0x0000004a8fd00000,0x0000004a8fe00000)]
  0x000001f14ac301d0 JavaThread "Cancel handler" [_thread_blocked, id=5264, stack(0x0000004a8fe00000,0x0000004a8ff00000)]
  0x000001f14ac2ee90 JavaThread "Asynchronous log dispatcher for DefaultDaemonConnection: socket connection from /127.0.0.1:62733 to /127.0.0.1:62739" [_thread_blocked, id=8660, stack(0x0000004a90000000,0x0000004a90100000)]
  0x000001f14ac2e4f0 JavaThread "Thread-118" [_thread_blocked, id=8152, stack(0x0000004a90200000,0x0000004a90300000)]
  0x000001f14ac2d680 JavaThread "Cache worker for file hash cache (E:\newProjects\ERPInventory\.gradle\6.5\fileHashes)" [_thread_blocked, id=8232, stack(0x0000004a90600000,0x0000004a90700000)]
  0x000001f14ac2f830 JavaThread "Cache worker for checksums cache (E:\newProjects\ERPInventory\.gradle\checksums)" [_thread_blocked, id=9808, stack(0x0000004a90700000,0x0000004a90800000)]
  0x000001f14ac31040 JavaThread "Cache worker for cache directory md-supplier (C:\Users\Abdulla\.gradle\caches\6.5\md-supplier)" [_thread_blocked, id=7376, stack(0x0000004a90800000,0x0000004a90900000)]
  0x000001f14ac2cce0 JavaThread "Cache worker for cache directory md-rule (C:\Users\Abdulla\.gradle\caches\6.5\md-rule)" [_thread_blocked, id=5472, stack(0x0000004a90900000,0x0000004a90a00000)]
  0x000001f14ac2db50 JavaThread "Build operations" [_thread_blocked, id=4696, stack(0x0000004a90d00000,0x0000004a90e00000)]
  0x000001f14ac306a0 JavaThread "Build operations Thread 2" [_thread_blocked, id=6876, stack(0x0000004a90e00000,0x0000004a90f00000)]
  0x000001f14ac2c810 JavaThread "Cache worker for Build Output Cleanup Cache (E:\newProjects\ERPInventory\.gradle\buildOutputCleanup)" [_thread_blocked, id=9952, stack(0x0000004a96a00000,0x0000004a96b00000)]
  0x000001f14ac2e9c0 JavaThread "Memory manager" [_thread_blocked, id=2860, stack(0x0000004a96b00000,0x0000004a96c00000)]
  0x000001f14ac2f360 JavaThread "Cache worker for file content cache (E:\newProjects\ERPInventory\.gradle\6.5\fileContent)" [_thread_blocked, id=1028, stack(0x0000004a96c00000,0x0000004a96d00000)]
  0x000001f14ac30b70 JavaThread "Execution worker for ':'" [_thread_blocked, id=9780, stack(0x0000004a96d00000,0x0000004a96e00000)]
  0x000001f14ac31510 JavaThread "Cache worker for execution history cache (E:\newProjects\ERPInventory\.gradle\6.5\executionHistory)" [_thread_blocked, id=1708, stack(0x0000004a96e00000,0x0000004a96f00000)]
  0x000001f1487b1530 JavaThread "Java2D Disposer" daemon [_thread_blocked, id=2352, stack(0x0000004a97000000,0x0000004a97100000)]
  0x000001f14ae606e0 JavaThread "pool-3-thread-1" [_thread_blocked, id=10444, stack(0x0000004a97100000,0x0000004a97200000)]
  0x000001f14ae61080 JavaThread "stderr" [_thread_in_native, id=11068, stack(0x0000004a97200000,0x0000004a97300000)]
  0x000001f14ae5ea00 JavaThread "stdout" [_thread_in_native, id=7272, stack(0x0000004a97300000,0x0000004a97400000)]
  0x000001f14ae5eed0 JavaThread "stderr" [_thread_in_native, id=9084, stack(0x0000004a97400000,0x0000004a97500000)]
  0x000001f14ae5f3a0 JavaThread "stdout" [_thread_in_native, id=2920, stack(0x0000004a97500000,0x0000004a97600000)]
  0x000001f14ae5f870 JavaThread "WorkerExecutor Queue Thread 3" [_thread_blocked, id=6436, stack(0x0000004a96f00000,0x0000004a97000000)]
  0x000001f1490956e0 JavaThread "Cache worker for Java compile cache (C:\Users\Abdulla\.gradle\caches\6.5\javaCompile)" [_thread_blocked, id=6200, stack(0x0000004a97600000,0x0000004a97700000)]
  0x000001f147133a70 JavaThread "Cache worker for Java compile cache (E:\newProjects\ERPInventory\.gradle\6.5\javaCompile)" [_thread_blocked, id=3636, stack(0x0000004a97700000,0x0000004a97800000)]
  0x000001f148fea370 JavaThread "WorkerExecutor Queue Thread 4" [_thread_blocked, id=7600, stack(0x0000004a8e200000,0x0000004a8e300000)]
  0x000001f148fec520 JavaThread "ForkJoinPool.commonPool-worker-3" daemon [_thread_blocked, id=8488, stack(0x0000004a8e300000,0x0000004a8e400000)]
  0x000001f14d3644b0 JavaThread "ForkJoinPool-2-worker-3" daemon [_thread_blocked, id=8220, stack(0x0000004a8f800000,0x0000004a8f900000)]

Other Threads:
=>0x000001f12877e000 VMThread "VM Thread" [stack: 0x0000004a8ea00000,0x0000004a8eb00000] [id=6568]
  0x000001f146f038f0 WatcherThread [stack: 0x0000004a8f500000,0x0000004a8f600000] [id=8452]
  0x000001f1286eed10 GCTaskThread "GC Thread#0" [stack: 0x0000004a8e500000,0x0000004a8e600000] [id=8332]
  0x000001f146f486e0 GCTaskThread "GC Thread#1" [stack: 0x0000004a8f600000,0x0000004a8f700000] [id=2208]
  0x000001f128700f00 ConcurrentGCThread "G1 Main Marker" [stack: 0x0000004a8e600000,0x0000004a8e700000] [id=9832]
  0x000001f1287031b0 ConcurrentGCThread "G1 Conc#0" [stack: 0x0000004a8e700000,0x0000004a8e800000] [id=8400]
  0x000001f1287604c0 ConcurrentGCThread "G1 Refine#0" [stack: 0x0000004a8e800000,0x0000004a8e900000] [id=9792]
  0x000001f14ab3f730 ConcurrentGCThread "G1 Refine#1" [stack: 0x0000004a97800000,0x0000004a97900000] [id=8912]
  0x000001f128760fd0 ConcurrentGCThread "G1 Young RemSet Sampling" [stack: 0x0000004a8e900000,0x0000004a8ea00000] [id=1008]

Threads with active compile tasks:
C2 CompilerThread0   191780 21501   !   4       java.util.concurrent.ConcurrentHashMap::transfer (849 bytes)

VM state: at safepoint (normal execution)

VM Mutex/Monitor currently owned by a thread:  ([mutex/lock_event])
[0x000001f1286ac380] Threads_lock - owner thread: 0x000001f12877e000
[0x000001f1286ad460] Heap_lock - owner thread: 0x000001f14ae5f870

Heap address: 0x0000000080000000, size: 2048 MB, Compressed Oops mode: 32-bit
CDS archive(s) mapped at: [0x0000000800000000-0x0000000800b50000-0x0000000800b50000), size 11862016, SharedBaseAddress: 0x0000000800000000, ArchiveRelocationMode: 0.
Compressed class space mapped at: 0x0000000800b50000-0x0000000840b50000, size: 1073741824
Narrow klass base: 0x0000000800000000, Narrow klass shift: 3, Narrow klass range: 0x100000000

GC Precious Log:
 CPUs: 2 total, 2 available
 Memory: 7369M
 Large Page Support: Disabled
 NUMA Support: Disabled
 Compressed Oops: Enabled (32-bit)
 Heap Region Size: 1M
 Heap Min Capacity: 8M
 Heap Initial Capacity: 116M
 Heap Max Capacity: 2G
 Pre-touch: Disabled
 Parallel Workers: 2
 Concurrent Workers: 1
 Concurrent Refinement Workers: 2
 Periodic GC: Disabled

Heap:
 garbage-first heap   total 526336K, used 269269K [0x0000000080000000, 0x0000000100000000)
  region size 1024K, 8 young (8192K), 8 survivors (8192K)
 Metaspace       used 124105K, capacity 125638K, committed 125948K, reserved 1159168K
  class space    used 15081K, capacity 15509K, committed 15616K, reserved 1048576K

Heap Regions: E=young(eden), S=young(survivor), O=old, HS=humongous(starts), HC=humongous(continues), CS=collection set, F=free, OA=open archive, CA=closed archive, TAMS=top-at-mark-start (previous, next)
|   0|0x0000000080000000, 0x0000000080100000, 0x0000000080100000|100%| O|  |TAMS 0x0000000080100000, 0x0000000080100000| Untracked 
|   1|0x0000000080100000, 0x0000000080200000, 0x0000000080200000|100%| O|  |TAMS 0x0000000080200000, 0x0000000080200000| Untracked 
|   2|0x0000000080200000, 0x0000000080300000, 0x0000000080300000|100%| O|  |TAMS 0x0000000080300000, 0x0000000080300000| Untracked 
|   3|0x0000000080300000, 0x0000000080400000, 0x0000000080400000|100%| O|  |TAMS 0x0000000080300000, 0x0000000080400000| Untracked 
|   4|0x0000000080400000, 0x0000000080500000, 0x0000000080500000|100%|HS|  |TAMS 0x0000000080500000, 0x0000000080500000| Complete 
|   5|0x0000000080500000, 0x0000000080600000, 0x0000000080600000|100%|HC|  |TAMS 0x0000000080600000, 0x0000000080600000| Complete 
|   6|0x0000000080600000, 0x0000000080700000, 0x0000000080700000|100%|HC|  |TAMS 0x0000000080700000, 0x0000000080700000| Complete 
|   7|0x0000000080700000, 0x0000000080800000, 0x0000000080800000|100%| O|  |TAMS 0x0000000080800000, 0x0000000080800000| Untracked 
|   8|0x0000000080800000, 0x0000000080900000, 0x0000000080900000|100%| O|  |TAMS 0x0000000080800000, 0x0000000080900000| Untracked 
|   9|0x0000000080900000, 0x0000000080a00000, 0x0000000080a00000|100%| O|  |TAMS 0x0000000080a00000, 0x0000000080a00000| Untracked 
|  10|0x0000000080a00000, 0x0000000080b00000, 0x0000000080b00000|100%| O|  |TAMS 0x0000000080b00000, 0x0000000080b00000| Untracked 
|  11|0x0000000080b00000, 0x0000000080c00000, 0x0000000080c00000|100%| O|  |TAMS 0x0000000080c00000, 0x0000000080c00000| Untracked 
|  12|0x0000000080c00000, 0x0000000080d00000, 0x0000000080d00000|100%| O|  |TAMS 0x0000000080d00000, 0x0000000080d00000| Untracked 
|  13|0x0000000080d00000, 0x0000000080e00000, 0x0000000080e00000|100%| O|  |TAMS 0x0000000080e00000, 0x0000000080e00000| Untracked 
|  14|0x0000000080e00000, 0x0000000080f00000, 0x0000000080f00000|100%| O|  |TAMS 0x0000000080f00000, 0x0000000080f00000| Untracked 
|  15|0x0000000080f00000, 0x0000000081000000, 0x0000000081000000|100%| O|  |TAMS 0x0000000081000000, 0x0000000081000000| Untracked 
|  16|0x0000000081000000, 0x0000000081100000, 0x0000000081100000|100%|HS|  |TAMS 0x0000000081000000, 0x0000000081100000| Complete 
|  17|0x0000000081100000, 0x0000000081200000, 0x0000000081200000|100%| O|  |TAMS 0x0000000081200000, 0x0000000081200000| Untracked 
|  18|0x0000000081200000, 0x0000000081300000, 0x0000000081300000|100%| O|  |TAMS 0x0000000081300000, 0x0000000081300000| Untracked 
|  19|0x0000000081300000, 0x0000000081400000, 0x0000000081400000|100%| O|  |TAMS 0x0000000081400000, 0x0000000081400000| Untracked 
|  20|0x0000000081400000, 0x0000000081500000, 0x0000000081500000|100%| O|  |TAMS 0x0000000081500000, 0x0000000081500000| Untracked 
|  21|0x0000000081500000, 0x0000000081600000, 0x0000000081600000|100%| O|  |TAMS 0x0000000081600000, 0x0000000081600000| Untracked 
|  22|0x0000000081600000, 0x0000000081700000, 0x0000000081700000|100%| O|  |TAMS 0x0000000081600000, 0x0000000081700000| Untracked 
|  23|0x0000000081700000, 0x0000000081800000, 0x0000000081800000|100%|HS|  |TAMS 0x0000000081800000, 0x0000000081800000| Complete 
|  24|0x0000000081800000, 0x0000000081900000, 0x0000000081900000|100%|HS|  |TAMS 0x0000000081900000, 0x0000000081900000| Complete 
|  25|0x0000000081900000, 0x0000000081a00000, 0x0000000081a00000|100%|HC|  |TAMS 0x0000000081a00000, 0x0000000081a00000| Complete 
|  26|0x0000000081a00000, 0x0000000081b00000, 0x0000000081b00000|100%| O|  |TAMS 0x0000000081b00000, 0x0000000081b00000| Untracked 
|  27|0x0000000081b00000, 0x0000000081c00000, 0x0000000081c00000|100%| O|  |TAMS 0x0000000081c00000, 0x0000000081c00000| Untracked 
|  28|0x0000000081c00000, 0x0000000081d00000, 0x0000000081d00000|100%| O|  |TAMS 0x0000000081c00000, 0x0000000081d00000| Untracked 
|  29|0x0000000081d00000, 0x0000000081e00000, 0x0000000081e00000|100%| O|  |TAMS 0x0000000081e00000, 0x0000000081e00000| Untracked 
|  30|0x0000000081e00000, 0x0000000081f00000, 0x0000000081f00000|100%| O|  |TAMS 0x0000000081f00000, 0x0000000081f00000| Untracked 
|  31|0x0000000081f00000, 0x0000000082000000, 0x0000000082000000|100%| O|  |TAMS 0x0000000081f00000, 0x0000000082000000| Untracked 
|  32|0x0000000082000000, 0x0000000082100000, 0x0000000082100000|100%| O|  |TAMS 0x0000000082100000, 0x0000000082100000| Untracked 
|  33|0x0000000082100000, 0x0000000082200000, 0x0000000082200000|100%| O|  |TAMS 0x0000000082100000, 0x0000000082200000| Untracked 
|  34|0x0000000082200000, 0x0000000082300000, 0x0000000082300000|100%| O|  |TAMS 0x0000000082300000, 0x0000000082300000| Untracked 
|  35|0x0000000082300000, 0x0000000082400000, 0x0000000082400000|100%| O|  |TAMS 0x0000000082400000, 0x0000000082400000| Untracked 
|  36|0x0000000082400000, 0x0000000082500000, 0x0000000082500000|100%| O|  |TAMS 0x0000000082500000, 0x0000000082500000| Untracked 
|  37|0x0000000082500000, 0x0000000082600000, 0x0000000082600000|100%| O|  |TAMS 0x0000000082500000, 0x0000000082600000| Untracked 
|  38|0x0000000082600000, 0x0000000082700000, 0x0000000082700000|100%| O|  |TAMS 0x0000000082700000, 0x0000000082700000| Untracked 
|  39|0x0000000082700000, 0x0000000082800000, 0x0000000082800000|100%| O|  |TAMS 0x0000000082800000, 0x0000000082800000| Untracked 
|  40|0x0000000082800000, 0x0000000082900000, 0x0000000082900000|100%| O|  |TAMS 0x0000000082900000, 0x0000000082900000| Untracked 
|  41|0x0000000082900000, 0x0000000082a00000, 0x0000000082a00000|100%| O|  |TAMS 0x0000000082a00000, 0x0000000082a00000| Untracked 
|  42|0x0000000082a00000, 0x0000000082b00000, 0x0000000082b00000|100%| O|  |TAMS 0x0000000082b00000, 0x0000000082b00000| Untracked 
|  43|0x0000000082b00000, 0x0000000082c00000, 0x0000000082c00000|100%| O|  |TAMS 0x0000000082c00000, 0x0000000082c00000| Untracked 
|  44|0x0000000082c00000, 0x0000000082d00000, 0x0000000082d00000|100%| O|  |TAMS 0x0000000082d00000, 0x0000000082d00000| Untracked 
|  45|0x0000000082d00000, 0x0000000082e00000, 0x0000000082e00000|100%| O|  |TAMS 0x0000000082d00000, 0x0000000082e00000| Untracked 
|  46|0x0000000082e00000, 0x0000000082f00000, 0x0000000082f00000|100%| O|  |TAMS 0x0000000082f00000, 0x0000000082f00000| Untracked 
|  47|0x0000000082f00000, 0x0000000083000000, 0x0000000083000000|100%| O|  |TAMS 0x0000000082f00000, 0x0000000083000000| Untracked 
|  48|0x0000000083000000, 0x0000000083100000, 0x0000000083100000|100%| O|  |TAMS 0x0000000083000000, 0x0000000083100000| Untracked 
|  49|0x0000000083100000, 0x0000000083200000, 0x0000000083200000|100%| O|  |TAMS 0x0000000083100000, 0x0000000083200000| Untracked 
|  50|0x0000000083200000, 0x0000000083300000, 0x0000000083300000|100%| O|  |TAMS 0x0000000083300000, 0x0000000083300000| Untracked 
|  51|0x0000000083300000, 0x0000000083400000, 0x0000000083400000|100%| O|  |TAMS 0x0000000083400000, 0x0000000083400000| Untracked 
|  52|0x0000000083400000, 0x0000000083500000, 0x0000000083500000|100%| O|  |TAMS 0x0000000083500000, 0x0000000083500000| Untracked 
|  53|0x0000000083500000, 0x0000000083600000, 0x0000000083600000|100%| O|  |TAMS 0x0000000083600000, 0x0000000083600000| Untracked 
|  54|0x0000000083600000, 0x0000000083700000, 0x0000000083700000|100%| O|  |TAMS 0x0000000083700000, 0x0000000083700000| Untracked 
|  55|0x0000000083700000, 0x0000000083800000, 0x0000000083800000|100%| O|  |TAMS 0x0000000083800000, 0x0000000083800000| Untracked 
|  56|0x0000000083800000, 0x0000000083900000, 0x0000000083900000|100%| O|  |TAMS 0x0000000083900000, 0x0000000083900000| Untracked 
|  57|0x0000000083900000, 0x0000000083a00000, 0x0000000083a00000|100%| O|  |TAMS 0x0000000083a00000, 0x0000000083a00000| Untracked 
|  58|0x0000000083a00000, 0x0000000083b00000, 0x0000000083b00000|100%| O|  |TAMS 0x0000000083b00000, 0x0000000083b00000| Untracked 
|  59|0x0000000083b00000, 0x0000000083c00000, 0x0000000083c00000|100%| O|  |TAMS 0x0000000083b00000, 0x0000000083c00000| Untracked 
|  60|0x0000000083c00000, 0x0000000083d00000, 0x0000000083d00000|100%| O|  |TAMS 0x0000000083c00000, 0x0000000083d00000| Untracked 
|  61|0x0000000083d00000, 0x0000000083e00000, 0x0000000083e00000|100%| O|  |TAMS 0x0000000083e00000, 0x0000000083e00000| Untracked 
|  62|0x0000000083e00000, 0x0000000083f00000, 0x0000000083f00000|100%| O|  |TAMS 0x0000000083f00000, 0x0000000083f00000| Untracked 
|  63|0x0000000083f00000, 0x0000000084000000, 0x0000000084000000|100%| O|  |TAMS 0x0000000084000000, 0x0000000084000000| Untracked 
|  64|0x0000000084000000, 0x0000000084100000, 0x0000000084100000|100%| O|  |TAMS 0x0000000084100000, 0x0000000084100000| Untracked 
|  65|0x0000000084100000, 0x0000000084200000, 0x0000000084200000|100%| O|  |TAMS 0x0000000084200000, 0x0000000084200000| Untracked 
|  66|0x0000000084200000, 0x0000000084300000, 0x0000000084300000|100%| O|  |TAMS 0x0000000084200000, 0x0000000084300000| Untracked 
|  67|0x0000000084300000, 0x0000000084400000, 0x0000000084400000|100%| O|  |TAMS 0x0000000084300000, 0x0000000084400000| Untracked 
|  68|0x0000000084400000, 0x0000000084500000, 0x0000000084500000|100%| O|  |TAMS 0x0000000084400000, 0x0000000084500000| Untracked 
|  69|0x0000000084500000, 0x0000000084600000, 0x0000000084600000|100%| O|  |TAMS 0x0000000084500000, 0x0000000084600000| Untracked 
|  70|0x0000000084600000, 0x0000000084700000, 0x0000000084700000|100%| O|  |TAMS 0x0000000084700000, 0x0000000084700000| Untracked 
|  71|0x0000000084700000, 0x0000000084800000, 0x0000000084800000|100%| O|  |TAMS 0x0000000084700000, 0x0000000084800000| Untracked 
|  72|0x0000000084800000, 0x0000000084900000, 0x0000000084900000|100%| O|  |TAMS 0x0000000084800000, 0x0000000084900000| Untracked 
|  73|0x0000000084900000, 0x0000000084a00000, 0x0000000084a00000|100%| O|  |TAMS 0x0000000084a00000, 0x0000000084a00000| Untracked 
|  74|0x0000000084a00000, 0x0000000084b00000, 0x0000000084b00000|100%| O|  |TAMS 0x0000000084b00000, 0x0000000084b00000| Untracked 
|  75|0x0000000084b00000, 0x0000000084c00000, 0x0000000084c00000|100%| O|  |TAMS 0x0000000084b00000, 0x0000000084c00000| Untracked 
|  76|0x0000000084c00000, 0x0000000084d00000, 0x0000000084d00000|100%| O|  |TAMS 0x0000000084c00000, 0x0000000084d00000| Untracked 
|  77|0x0000000084d00000, 0x0000000084e00000, 0x0000000084e00000|100%| O|  |TAMS 0x0000000084e00000, 0x0000000084e00000| Untracked 
|  78|0x0000000084e00000, 0x0000000084f00000, 0x0000000084f00000|100%| O|  |TAMS 0x0000000084f00000, 0x0000000084f00000| Untracked 
|  79|0x0000000084f00000, 0x0000000085000000, 0x0000000085000000|100%| O|  |TAMS 0x0000000084f00000, 0x0000000085000000| Untracked 
|  80|0x0000000085000000, 0x0000000085100000, 0x0000000085100000|100%| O|  |TAMS 0x0000000085000000, 0x0000000085100000| Untracked 
|  81|0x0000000085100000, 0x0000000085200000, 0x0000000085200000|100%| O|  |TAMS 0x0000000085200000, 0x0000000085200000| Untracked 
|  82|0x0000000085200000, 0x0000000085300000, 0x0000000085300000|100%| O|  |TAMS 0x0000000085300000, 0x0000000085300000| Untracked 
|  83|0x0000000085300000, 0x0000000085400000, 0x0000000085400000|100%| O|  |TAMS 0x0000000085300000, 0x0000000085400000| Untracked 
|  84|0x0000000085400000, 0x0000000085500000, 0x0000000085500000|100%| O|  |TAMS 0x0000000085500000, 0x0000000085500000| Untracked 
|  85|0x0000000085500000, 0x0000000085600000, 0x0000000085600000|100%| O|  |TAMS 0x0000000085600000, 0x0000000085600000| Untracked 
|  86|0x0000000085600000, 0x0000000085700000, 0x0000000085700000|100%| O|  |TAMS 0x0000000085600000, 0x0000000085700000| Untracked 
|  87|0x0000000085700000, 0x0000000085800000, 0x0000000085800000|100%| O|  |TAMS 0x0000000085800000, 0x0000000085800000| Untracked 
|  88|0x0000000085800000, 0x0000000085900000, 0x0000000085900000|100%| O|  |TAMS 0x0000000085900000, 0x0000000085900000| Untracked 
|  89|0x0000000085900000, 0x0000000085a00000, 0x0000000085a00000|100%| O|  |TAMS 0x0000000085900000, 0x0000000085a00000| Untracked 
|  90|0x0000000085a00000, 0x0000000085b00000, 0x0000000085b00000|100%| O|  |TAMS 0x0000000085a00000, 0x0000000085b00000| Untracked 
|  91|0x0000000085b00000, 0x0000000085c00000, 0x0000000085c00000|100%| O|  |TAMS 0x0000000085b00000, 0x0000000085c00000| Untracked 
|  92|0x0000000085c00000, 0x0000000085d00000, 0x0000000085d00000|100%| O|  |TAMS 0x0000000085c00000, 0x0000000085d00000| Untracked 
|  93|0x0000000085d00000, 0x0000000085e00000, 0x0000000085e00000|100%| O|  |TAMS 0x0000000085d00000, 0x0000000085e00000| Untracked 
|  94|0x0000000085e00000, 0x0000000085f00000, 0x0000000085f00000|100%| O|  |TAMS 0x0000000085e00000, 0x0000000085f00000| Untracked 
|  95|0x0000000085f00000, 0x0000000086000000, 0x0000000086000000|100%| O|  |TAMS 0x0000000085f00000, 0x0000000086000000| Untracked 
|  96|0x0000000086000000, 0x0000000086100000, 0x0000000086100000|100%| O|  |TAMS 0x0000000086000000, 0x0000000086100000| Untracked 
|  97|0x0000000086100000, 0x0000000086200000, 0x0000000086200000|100%| O|  |TAMS 0x0000000086100000, 0x0000000086200000| Untracked 
|  98|0x0000000086200000, 0x0000000086300000, 0x0000000086300000|100%| O|  |TAMS 0x0000000086200000, 0x0000000086300000| Untracked 
|  99|0x0000000086300000, 0x0000000086400000, 0x0000000086400000|100%| O|  |TAMS 0x0000000086300000, 0x0000000086400000| Untracked 
| 100|0x0000000086400000, 0x0000000086500000, 0x0000000086500000|100%| O|  |TAMS 0x0000000086400000, 0x0000000086500000| Untracked 
| 101|0x0000000086500000, 0x0000000086600000, 0x0000000086600000|100%| O|  |TAMS 0x0000000086500000, 0x0000000086600000| Untracked 
| 102|0x0000000086600000, 0x0000000086700000, 0x0000000086700000|100%| O|  |TAMS 0x0000000086600000, 0x0000000086700000| Untracked 
| 103|0x0000000086700000, 0x0000000086800000, 0x0000000086800000|100%| O|  |TAMS 0x0000000086700000, 0x0000000086800000| Untracked 
| 104|0x0000000086800000, 0x0000000086900000, 0x0000000086900000|100%| O|  |TAMS 0x0000000086800000, 0x0000000086900000| Untracked 
| 105|0x0000000086900000, 0x0000000086a00000, 0x0000000086a00000|100%| O|  |TAMS 0x0000000086900000, 0x0000000086a00000| Untracked 
| 106|0x0000000086a00000, 0x0000000086b00000, 0x0000000086b00000|100%| O|  |TAMS 0x0000000086a00000, 0x0000000086b00000| Untracked 
| 107|0x0000000086b00000, 0x0000000086c00000, 0x0000000086c00000|100%| O|  |TAMS 0x0000000086b00000, 0x0000000086c00000| Untracked 
| 108|0x0000000086c00000, 0x0000000086d00000, 0x0000000086d00000|100%|HS|  |TAMS 0x0000000086c00000, 0x0000000086d00000| Complete 
| 109|0x0000000086d00000, 0x0000000086e00000, 0x0000000086e00000|100%|HC|  |TAMS 0x0000000086d00000, 0x0000000086e00000| Complete 
| 110|0x0000000086e00000, 0x0000000086f00000, 0x0000000086f00000|100%| O|  |TAMS 0x0000000086e00000, 0x0000000086f00000| Untracked 
| 111|0x0000000086f00000, 0x0000000087000000, 0x0000000087000000|100%| O|  |TAMS 0x0000000086f00000, 0x0000000087000000| Untracked 
| 112|0x0000000087000000, 0x0000000087100000, 0x0000000087100000|100%| O|  |TAMS 0x0000000087000000, 0x0000000087100000| Untracked 
| 113|0x0000000087100000, 0x0000000087200000, 0x0000000087200000|100%| O|  |TAMS 0x0000000087100000, 0x0000000087200000| Untracked 
| 114|0x0000000087200000, 0x0000000087300000, 0x0000000087300000|100%| O|  |TAMS 0x0000000087300000, 0x0000000087300000| Untracked 
| 115|0x0000000087300000, 0x0000000087400000, 0x0000000087400000|100%| O|  |TAMS 0x0000000087300000, 0x0000000087400000| Untracked 
| 116|0x0000000087400000, 0x0000000087500000, 0x0000000087500000|100%| O|  |TAMS 0x0000000087500000, 0x0000000087500000| Untracked 
| 117|0x0000000087500000, 0x0000000087600000, 0x0000000087600000|100%| O|  |TAMS 0x0000000087600000, 0x0000000087600000| Untracked 
| 118|0x0000000087600000, 0x0000000087700000, 0x0000000087700000|100%| O|  |TAMS 0x0000000087700000, 0x0000000087700000| Untracked 
| 119|0x0000000087700000, 0x0000000087800000, 0x0000000087800000|100%| O|  |TAMS 0x0000000087800000, 0x0000000087800000| Untracked 
| 120|0x0000000087800000, 0x0000000087900000, 0x0000000087900000|100%| O|  |TAMS 0x0000000087800000, 0x0000000087900000| Untracked 
| 121|0x0000000087900000, 0x0000000087a00000, 0x0000000087a00000|100%| O|  |TAMS 0x0000000087a00000, 0x0000000087a00000| Untracked 
| 122|0x0000000087a00000, 0x0000000087b00000, 0x0000000087b00000|100%| O|  |TAMS 0x0000000087a00000, 0x0000000087b00000| Untracked 
| 123|0x0000000087b00000, 0x0000000087c00000, 0x0000000087c00000|100%| O|  |TAMS 0x0000000087c00000, 0x0000000087c00000| Untracked 
| 124|0x0000000087c00000, 0x0000000087d00000, 0x0000000087d00000|100%| O|  |TAMS 0x0000000087d00000, 0x0000000087d00000| Untracked 
| 125|0x0000000087d00000, 0x0000000087e00000, 0x0000000087e00000|100%| O|  |TAMS 0x0000000087d00000, 0x0000000087e00000| Untracked 
| 126|0x0000000087e00000, 0x0000000087f00000, 0x0000000087f00000|100%| O|  |TAMS 0x0000000087e00000, 0x0000000087f00000| Untracked 
| 127|0x0000000087f00000, 0x0000000088000000, 0x0000000088000000|100%| O|  |TAMS 0x0000000087f00000, 0x0000000088000000| Untracked 
| 128|0x0000000088000000, 0x0000000088100000, 0x0000000088100000|100%| O|  |TAMS 0x0000000088000000, 0x0000000088100000| Untracked 
| 129|0x0000000088100000, 0x0000000088200000, 0x0000000088200000|100%| O|  |TAMS 0x0000000088100000, 0x0000000088200000| Untracked 
| 130|0x0000000088200000, 0x0000000088300000, 0x0000000088300000|100%| O|  |TAMS 0x0000000088200000, 0x0000000088300000| Untracked 
| 131|0x0000000088300000, 0x0000000088400000, 0x0000000088400000|100%| O|  |TAMS 0x0000000088300000, 0x0000000088400000| Untracked 
| 132|0x0000000088400000, 0x0000000088500000, 0x0000000088500000|100%| O|  |TAMS 0x0000000088400000, 0x0000000088500000| Untracked 
| 133|0x0000000088500000, 0x0000000088600000, 0x0000000088600000|100%| O|  |TAMS 0x0000000088500000, 0x0000000088600000| Untracked 
| 134|0x0000000088600000, 0x0000000088700000, 0x0000000088700000|100%| O|  |TAMS 0x0000000088700000, 0x0000000088700000| Untracked 
| 135|0x0000000088700000, 0x0000000088800000, 0x0000000088800000|100%| O|  |TAMS 0x0000000088700000, 0x0000000088800000| Untracked 
| 136|0x0000000088800000, 0x0000000088900000, 0x0000000088900000|100%| O|  |TAMS 0x0000000088800000, 0x0000000088900000| Untracked 
| 137|0x0000000088900000, 0x0000000088a00000, 0x0000000088a00000|100%| O|  |TAMS 0x0000000088900000, 0x0000000088a00000| Untracked 
| 138|0x0000000088a00000, 0x0000000088b00000, 0x0000000088b00000|100%| O|  |TAMS 0x0000000088a00000, 0x0000000088b00000| Untracked 
| 139|0x0000000088b00000, 0x0000000088c00000, 0x0000000088c00000|100%|HS|  |TAMS 0x0000000088b00000, 0x0000000088c00000| Complete 
| 140|0x0000000088c00000, 0x0000000088d00000, 0x0000000088d00000|100%|HS|  |TAMS 0x0000000088d00000, 0x0000000088d00000| Complete 
| 141|0x0000000088d00000, 0x0000000088e00000, 0x0000000088e00000|100%|HC|  |TAMS 0x0000000088e00000, 0x0000000088e00000| Complete 
| 142|0x0000000088e00000, 0x0000000088f00000, 0x0000000088f00000|100%| O|  |TAMS 0x0000000088f00000, 0x0000000088f00000| Untracked 
| 143|0x0000000088f00000, 0x0000000089000000, 0x0000000089000000|100%| O|  |TAMS 0x0000000089000000, 0x0000000089000000| Untracked 
| 144|0x0000000089000000, 0x0000000089100000, 0x0000000089100000|100%| O|  |TAMS 0x0000000089100000, 0x0000000089100000| Untracked 
| 145|0x0000000089100000, 0x0000000089200000, 0x0000000089200000|100%| O|  |TAMS 0x0000000089200000, 0x0000000089200000| Untracked 
| 146|0x0000000089200000, 0x0000000089300000, 0x0000000089300000|100%|HS|  |TAMS 0x0000000089200000, 0x0000000089300000| Complete 
| 147|0x0000000089300000, 0x0000000089400000, 0x0000000089400000|100%| O|  |TAMS 0x0000000089300000, 0x0000000089400000| Untracked 
| 148|0x0000000089400000, 0x0000000089500000, 0x0000000089500000|100%| O|  |TAMS 0x0000000089400000, 0x0000000089500000| Untracked 
| 149|0x0000000089500000, 0x0000000089600000, 0x0000000089600000|100%| O|  |TAMS 0x0000000089500000, 0x0000000089600000| Untracked 
| 150|0x0000000089600000, 0x0000000089700000, 0x0000000089700000|100%| O|  |TAMS 0x0000000089700000, 0x0000000089700000| Untracked 
| 151|0x0000000089700000, 0x0000000089800000, 0x0000000089800000|100%| O|  |TAMS 0x0000000089800000, 0x0000000089800000| Untracked 
| 152|0x0000000089800000, 0x0000000089900000, 0x0000000089900000|100%| O|  |TAMS 0x0000000089900000, 0x0000000089900000| Untracked 
| 153|0x0000000089900000, 0x0000000089a00000, 0x0000000089a00000|100%| O|  |TAMS 0x0000000089900000, 0x0000000089a00000| Untracked 
| 154|0x0000000089a00000, 0x0000000089b00000, 0x0000000089b00000|100%| O|  |TAMS 0x0000000089b00000, 0x0000000089b00000| Untracked 
| 155|0x0000000089b00000, 0x0000000089c00000, 0x0000000089c00000|100%| O|  |TAMS 0x0000000089c00000, 0x0000000089c00000| Untracked 
| 156|0x0000000089c00000, 0x0000000089d00000, 0x0000000089d00000|100%| O|  |TAMS 0x0000000089c00000, 0x0000000089d00000| Untracked 
| 157|0x0000000089d00000, 0x0000000089e00000, 0x0000000089e00000|100%| O|  |TAMS 0x0000000089d00000, 0x0000000089e00000| Untracked 
| 158|0x0000000089e00000, 0x0000000089f00000, 0x0000000089f00000|100%| O|  |TAMS 0x0000000089e00000, 0x0000000089f00000| Untracked 
| 159|0x0000000089f00000, 0x000000008a000000, 0x000000008a000000|100%| O|  |TAMS 0x000000008a000000, 0x000000008a000000| Untracked 
| 160|0x000000008a000000, 0x000000008a100000, 0x000000008a100000|100%| O|  |TAMS 0x000000008a100000, 0x000000008a100000| Untracked 
| 161|0x000000008a100000, 0x000000008a200000, 0x000000008a200000|100%| O|  |TAMS 0x000000008a200000, 0x000000008a200000| Untracked 
| 162|0x000000008a200000, 0x000000008a300000, 0x000000008a300000|100%| O|  |TAMS 0x000000008a300000, 0x000000008a300000| Untracked 
| 163|0x000000008a300000, 0x000000008a400000, 0x000000008a400000|100%| O|  |TAMS 0x000000008a400000, 0x000000008a400000| Untracked 
| 164|0x000000008a400000, 0x000000008a500000, 0x000000008a500000|100%| O|  |TAMS 0x000000008a500000, 0x000000008a500000| Untracked 
| 165|0x000000008a500000, 0x000000008a600000, 0x000000008a600000|100%| O|  |TAMS 0x000000008a600000, 0x000000008a600000| Untracked 
| 166|0x000000008a600000, 0x000000008a700000, 0x000000008a700000|100%| O|  |TAMS 0x000000008a700000, 0x000000008a700000| Untracked 
| 167|0x000000008a700000, 0x000000008a800000, 0x000000008a800000|100%| O|  |TAMS 0x000000008a700000, 0x000000008a800000| Untracked 
| 168|0x000000008a800000, 0x000000008a900000, 0x000000008a900000|100%| O|  |TAMS 0x000000008a800000, 0x000000008a900000| Untracked 
| 169|0x000000008a900000, 0x000000008aa00000, 0x000000008aa00000|100%| O|  |TAMS 0x000000008a900000, 0x000000008aa00000| Untracked 
| 170|0x000000008aa00000, 0x000000008ab00000, 0x000000008ab00000|100%| O|  |TAMS 0x000000008aa00000, 0x000000008ab00000| Untracked 
| 171|0x000000008ab00000, 0x000000008ac00000, 0x000000008ac00000|100%| O|  |TAMS 0x000000008ab00000, 0x000000008ac00000| Untracked 
| 172|0x000000008ac00000, 0x000000008ad00000, 0x000000008ad00000|100%| O|  |TAMS 0x000000008ac00000, 0x000000008ad00000| Untracked 
| 173|0x000000008ad00000, 0x000000008ae00000, 0x000000008ae00000|100%| O|  |TAMS 0x000000008ad00000, 0x000000008ae00000| Untracked 
| 174|0x000000008ae00000, 0x000000008af00000, 0x000000008af00000|100%| O|  |TAMS 0x000000008ae00000, 0x000000008af00000| Untracked 
| 175|0x000000008af00000, 0x000000008b000000, 0x000000008b000000|100%| O|  |TAMS 0x000000008af00000, 0x000000008b000000| Untracked 
| 176|0x000000008b000000, 0x000000008b100000, 0x000000008b100000|100%| O|  |TAMS 0x000000008b000000, 0x000000008b100000| Untracked 
| 177|0x000000008b100000, 0x000000008b200000, 0x000000008b200000|100%| O|  |TAMS 0x000000008b100000, 0x000000008b200000| Untracked 
| 178|0x000000008b200000, 0x000000008b300000, 0x000000008b300000|100%|HS|  |TAMS 0x000000008b200000, 0x000000008b300000| Complete 
| 179|0x000000008b300000, 0x000000008b400000, 0x000000008b400000|100%| O|  |TAMS 0x000000008b300000, 0x000000008b400000| Untracked 
| 180|0x000000008b400000, 0x000000008b500000, 0x000000008b500000|100%| O|  |TAMS 0x000000008b400000, 0x000000008b500000| Untracked 
| 181|0x000000008b500000, 0x000000008b600000, 0x000000008b600000|100%| O|  |TAMS 0x000000008b600000, 0x000000008b600000| Untracked 
| 182|0x000000008b600000, 0x000000008b700000, 0x000000008b700000|100%| O|  |TAMS 0x000000008b600000, 0x000000008b700000| Untracked 
| 183|0x000000008b700000, 0x000000008b800000, 0x000000008b800000|100%| O|  |TAMS 0x000000008b700000, 0x000000008b800000| Untracked 
| 184|0x000000008b800000, 0x000000008b900000, 0x000000008b900000|100%| O|  |TAMS 0x000000008b800000, 0x000000008b900000| Untracked 
| 185|0x000000008b900000, 0x000000008ba00000, 0x000000008ba00000|100%| O|  |TAMS 0x000000008b900000, 0x000000008ba00000| Untracked 
| 186|0x000000008ba00000, 0x000000008bb00000, 0x000000008bb00000|100%| O|  |TAMS 0x000000008ba00000, 0x000000008bb00000| Untracked 
| 187|0x000000008bb00000, 0x000000008bc00000, 0x000000008bc00000|100%| O|  |TAMS 0x000000008bb00000, 0x000000008bc00000| Untracked 
| 188|0x000000008bc00000, 0x000000008bd00000, 0x000000008bd00000|100%| O|  |TAMS 0x000000008bd00000, 0x000000008bd00000| Untracked 
| 189|0x000000008bd00000, 0x000000008be00000, 0x000000008be00000|100%| O|  |TAMS 0x000000008bd00000, 0x000000008be00000| Untracked 
| 190|0x000000008be00000, 0x000000008bf00000, 0x000000008bf00000|100%| O|  |TAMS 0x000000008be00000, 0x000000008bf00000| Untracked 
| 191|0x000000008bf00000, 0x000000008c000000, 0x000000008c000000|100%| O|  |TAMS 0x000000008c000000, 0x000000008c000000| Untracked 
| 192|0x000000008c000000, 0x000000008c100000, 0x000000008c100000|100%| O|  |TAMS 0x000000008c100000, 0x000000008c100000| Untracked 
| 193|0x000000008c100000, 0x000000008c200000, 0x000000008c200000|100%| O|  |TAMS 0x000000008c200000, 0x000000008c200000| Untracked 
| 194|0x000000008c200000, 0x000000008c300000, 0x000000008c300000|100%| O|  |TAMS 0x000000008c300000, 0x000000008c300000| Untracked 
| 195|0x000000008c300000, 0x000000008c400000, 0x000000008c400000|100%| O|  |TAMS 0x000000008c400000, 0x000000008c400000| Untracked 
| 196|0x000000008c400000, 0x000000008c500000, 0x000000008c500000|100%| O|  |TAMS 0x000000008c500000, 0x000000008c500000| Untracked 
| 197|0x000000008c500000, 0x000000008c600000, 0x000000008c600000|100%| O|  |TAMS 0x000000008c600000, 0x000000008c600000| Untracked 
| 198|0x000000008c600000, 0x000000008c700000, 0x000000008c700000|100%| O|  |TAMS 0x000000008c700000, 0x000000008c700000| Untracked 
| 199|0x000000008c700000, 0x000000008c800000, 0x000000008c800000|100%| O|  |TAMS 0x000000008c800000, 0x000000008c800000| Untracked 
| 200|0x000000008c800000, 0x000000008c900000, 0x000000008c900000|100%| O|  |TAMS 0x000000008c900000, 0x000000008c900000| Untracked 
| 201|0x000000008c900000, 0x000000008ca00000, 0x000000008ca00000|100%| O|  |TAMS 0x000000008ca00000, 0x000000008ca00000| Untracked 
| 202|0x000000008ca00000, 0x000000008cb00000, 0x000000008cb00000|100%| O|  |TAMS 0x000000008cb00000, 0x000000008cb00000| Untracked 
| 203|0x000000008cb00000, 0x000000008cc00000, 0x000000008cc00000|100%| O|  |TAMS 0x000000008cb00000, 0x000000008cc00000| Untracked 
| 204|0x000000008cc00000, 0x000000008cd00000, 0x000000008cd00000|100%| O|  |TAMS 0x000000008cc00000, 0x000000008cd00000| Untracked 
| 205|0x000000008cd00000, 0x000000008ce00000, 0x000000008ce00000|100%| O|  |TAMS 0x000000008cd00000, 0x000000008ce00000| Untracked 
| 206|0x000000008ce00000, 0x000000008cf00000, 0x000000008cf00000|100%| O|  |TAMS 0x000000008ce00000, 0x000000008cf00000| Untracked 
| 207|0x000000008cf00000, 0x000000008d000000, 0x000000008d000000|100%| O|  |TAMS 0x000000008cf00000, 0x000000008d000000| Untracked 
| 208|0x000000008d000000, 0x000000008d100000, 0x000000008d100000|100%| O|  |TAMS 0x000000008d000000, 0x000000008d100000| Untracked 
| 209|0x000000008d100000, 0x000000008d200000, 0x000000008d200000|100%| O|  |TAMS 0x000000008d100000, 0x000000008d200000| Untracked 
| 210|0x000000008d200000, 0x000000008d300000, 0x000000008d300000|100%| O|  |TAMS 0x000000008d200000, 0x000000008d300000| Untracked 
| 211|0x000000008d300000, 0x000000008d400000, 0x000000008d400000|100%| O|  |TAMS 0x000000008d300000, 0x000000008d400000| Untracked 
| 212|0x000000008d400000, 0x000000008d500000, 0x000000008d500000|100%| O|  |TAMS 0x000000008d400000, 0x000000008d500000| Untracked 
| 213|0x000000008d500000, 0x000000008d600000, 0x000000008d600000|100%| O|  |TAMS 0x000000008d500000, 0x000000008d600000| Untracked 
| 214|0x000000008d600000, 0x000000008d700000, 0x000000008d700000|100%| O|  |TAMS 0x000000008d600000, 0x000000008d700000| Untracked 
| 215|0x000000008d700000, 0x000000008d800000, 0x000000008d800000|100%| O|  |TAMS 0x000000008d700000, 0x000000008d800000| Untracked 
| 216|0x000000008d800000, 0x000000008d900000, 0x000000008d900000|100%| O|  |TAMS 0x000000008d800000, 0x000000008d900000| Untracked 
| 217|0x000000008d900000, 0x000000008da00000, 0x000000008da00000|100%| O|  |TAMS 0x000000008d900000, 0x000000008da00000| Untracked 
| 218|0x000000008da00000, 0x000000008db00000, 0x000000008db00000|100%| O|  |TAMS 0x000000008da00000, 0x000000008db00000| Untracked 
| 219|0x000000008db00000, 0x000000008dc00000, 0x000000008dc00000|100%| O|  |TAMS 0x000000008db00000, 0x000000008dc00000| Untracked 
| 220|0x000000008dc00000, 0x000000008dd00000, 0x000000008dd00000|100%| O|  |TAMS 0x000000008dc00000, 0x000000008dd00000| Untracked 
| 221|0x000000008dd00000, 0x000000008de00000, 0x000000008de00000|100%| O|  |TAMS 0x000000008dd00000, 0x000000008de00000| Untracked 
| 222|0x000000008de00000, 0x000000008df00000, 0x000000008df00000|100%| O|  |TAMS 0x000000008de00000, 0x000000008de80000| Untracked 
| 223|0x000000008df00000, 0x000000008e000000, 0x000000008e000000|100%|HS|  |TAMS 0x000000008df00000, 0x000000008e000000| Complete 
| 224|0x000000008e000000, 0x000000008e100000, 0x000000008e100000|100%|HS|  |TAMS 0x000000008e000000, 0x000000008e100000| Complete 
| 225|0x000000008e100000, 0x000000008e200000, 0x000000008e200000|100%|HC|  |TAMS 0x000000008e100000, 0x000000008e200000| Complete 
| 226|0x000000008e200000, 0x000000008e300000, 0x000000008e300000|100%|HC|  |TAMS 0x000000008e200000, 0x000000008e300000| Complete 
| 227|0x000000008e300000, 0x000000008e400000, 0x000000008e400000|100%|HC|  |TAMS 0x000000008e300000, 0x000000008e400000| Complete 
| 228|0x000000008e400000, 0x000000008e500000, 0x000000008e500000|100%|HC|  |TAMS 0x000000008e400000, 0x000000008e500000| Complete 
| 229|0x000000008e500000, 0x000000008e600000, 0x000000008e600000|100%|HC|  |TAMS 0x000000008e500000, 0x000000008e600000| Complete 
| 230|0x000000008e600000, 0x000000008e700000, 0x000000008e700000|100%|HS|  |TAMS 0x000000008e600000, 0x000000008e700000| Complete 
| 231|0x000000008e700000, 0x000000008e800000, 0x000000008e800000|100%|HC|  |TAMS 0x000000008e700000, 0x000000008e800000| Complete 
| 232|0x000000008e800000, 0x000000008e900000, 0x000000008e900000|100%|HC|  |TAMS 0x000000008e800000, 0x000000008e900000| Complete 
| 233|0x000000008e900000, 0x000000008ea00000, 0x000000008ea00000|100%|HS|  |TAMS 0x000000008e900000, 0x000000008ea00000| Complete 
| 234|0x000000008ea00000, 0x000000008eb00000, 0x000000008eb00000|100%|HS|  |TAMS 0x000000008ea00000, 0x000000008eb00000| Complete 
| 235|0x000000008eb00000, 0x000000008ec00000, 0x000000008ec00000|100%|HC|  |TAMS 0x000000008eb00000, 0x000000008ec00000| Complete 
| 236|0x000000008ec00000, 0x000000008ed00000, 0x000000008ed00000|100%|HC|  |TAMS 0x000000008ec00000, 0x000000008ed00000| Complete 
| 237|0x000000008ed00000, 0x000000008ee00000, 0x000000008ee00000|100%|HS|  |TAMS 0x000000008ed00000, 0x000000008ee00000| Complete 
| 238|0x000000008ee00000, 0x000000008ee00000, 0x000000008ef00000|  0%| F|  |TAMS 0x000000008ee00000, 0x000000008ee00000| Untracked 
| 239|0x000000008ef00000, 0x000000008f000000, 0x000000008f000000|100%|HS|  |TAMS 0x000000008ef00000, 0x000000008f000000| Complete 
| 240|0x000000008f000000, 0x000000008f000000, 0x000000008f100000|  0%| F|  |TAMS 0x000000008f000000, 0x000000008f000000| Untracked 
| 241|0x000000008f100000, 0x000000008f100000, 0x000000008f200000|  0%| F|  |TAMS 0x000000008f100000, 0x000000008f100000| Untracked 
| 242|0x000000008f200000, 0x000000008f200000, 0x000000008f300000|  0%| F|  |TAMS 0x000000008f200000, 0x000000008f200000| Untracked 
| 243|0x000000008f300000, 0x000000008f300000, 0x000000008f400000|  0%| F|  |TAMS 0x000000008f300000, 0x000000008f300000| Untracked 
| 244|0x000000008f400000, 0x000000008f400000, 0x000000008f500000|  0%| F|  |TAMS 0x000000008f400000, 0x000000008f400000| Untracked 
| 245|0x000000008f500000, 0x000000008f500000, 0x000000008f600000|  0%| F|  |TAMS 0x000000008f500000, 0x000000008f500000| Untracked 
| 246|0x000000008f600000, 0x000000008f700000, 0x000000008f700000|100%|HS|  |TAMS 0x000000008f600000, 0x000000008f700000| Complete 
| 247|0x000000008f700000, 0x000000008f800000, 0x000000008f800000|100%|HC|  |TAMS 0x000000008f700000, 0x000000008f800000| Complete 
| 248|0x000000008f800000, 0x000000008f900000, 0x000000008f900000|100%|HC|  |TAMS 0x000000008f800000, 0x000000008f900000| Complete 
| 249|0x000000008f900000, 0x000000008fa00000, 0x000000008fa00000|100%|HC|  |TAMS 0x000000008f900000, 0x000000008fa00000| Complete 
| 250|0x000000008fa00000, 0x000000008fb00000, 0x000000008fb00000|100%|HC|  |TAMS 0x000000008fa00000, 0x000000008fb00000| Complete 
| 251|0x000000008fb00000, 0x000000008fc00000, 0x000000008fc00000|100%|HC|  |TAMS 0x000000008fb00000, 0x000000008fc00000| Complete 
| 252|0x000000008fc00000, 0x000000008fc00000, 0x000000008fd00000|  0%| F|  |TAMS 0x000000008fc00000, 0x000000008fc00000| Untracked 
| 253|0x000000008fd00000, 0x000000008fd00000, 0x000000008fe00000|  0%| F|  |TAMS 0x000000008fd00000, 0x000000008fd00000| Untracked 
| 254|0x000000008fe00000, 0x000000008fe00000, 0x000000008ff00000|  0%| F|  |TAMS 0x000000008fe00000, 0x000000008fe00000| Untracked 
| 255|0x000000008ff00000, 0x0000000090000000, 0x0000000090000000|100%|HS|  |TAMS 0x000000008ff00000, 0x0000000090000000| Complete 
| 256|0x0000000090000000, 0x0000000090100000, 0x0000000090100000|100%|HC|  |TAMS 0x0000000090000000, 0x0000000090100000| Complete 
| 257|0x0000000090100000, 0x0000000090200000, 0x0000000090200000|100%|HC|  |TAMS 0x0000000090100000, 0x0000000090200000| Complete 
| 258|0x0000000090200000, 0x0000000090300000, 0x0000000090300000|100%| O|  |TAMS 0x0000000090200000, 0x0000000090200000| Untracked 
| 259|0x0000000090300000, 0x0000000090400000, 0x0000000090400000|100%| O|  |TAMS 0x0000000090300000, 0x0000000090300000| Untracked 
| 260|0x0000000090400000, 0x0000000090500000, 0x0000000090500000|100%| O|  |TAMS 0x0000000090400000, 0x0000000090400000| Untracked 
| 261|0x0000000090500000, 0x0000000090600000, 0x0000000090600000|100%| O|  |TAMS 0x0000000090500000, 0x0000000090500000| Untracked 
| 262|0x0000000090600000, 0x0000000090700000, 0x0000000090700000|100%| O|  |TAMS 0x0000000090600000, 0x0000000090600000| Untracked 
| 263|0x0000000090700000, 0x0000000090800000, 0x0000000090800000|100%| O|  |TAMS 0x0000000090700000, 0x0000000090700000| Untracked 
| 264|0x0000000090800000, 0x0000000090900000, 0x0000000090900000|100%| O|  |TAMS 0x0000000090800000, 0x0000000090800000| Untracked 
| 265|0x0000000090900000, 0x0000000090900000, 0x0000000090a00000|  0%| F|  |TAMS 0x0000000090900000, 0x0000000090900000| Untracked 
| 266|0x0000000090a00000, 0x0000000090a00000, 0x0000000090b00000|  0%| F|  |TAMS 0x0000000090a00000, 0x0000000090a00000| Untracked 
| 267|0x0000000090b00000, 0x0000000090b00000, 0x0000000090c00000|  0%| F|  |TAMS 0x0000000090b00000, 0x0000000090b00000| Untracked 
| 268|0x0000000090c00000, 0x0000000090c00000, 0x0000000090d00000|  0%| F|  |TAMS 0x0000000090c00000, 0x0000000090c00000| Untracked 
| 269|0x0000000090d00000, 0x0000000090d00000, 0x0000000090e00000|  0%| F|  |TAMS 0x0000000090d00000, 0x0000000090d00000| Untracked 
| 270|0x0000000090e00000, 0x0000000090e00000, 0x0000000090f00000|  0%| F|  |TAMS 0x0000000090e00000, 0x0000000090e00000| Untracked 
| 271|0x0000000090f00000, 0x0000000090f00000, 0x0000000091000000|  0%| F|  |TAMS 0x0000000090f00000, 0x0000000090f00000| Untracked 
| 272|0x0000000091000000, 0x0000000091000000, 0x0000000091100000|  0%| F|  |TAMS 0x0000000091000000, 0x0000000091000000| Untracked 
| 273|0x0000000091100000, 0x0000000091100000, 0x0000000091200000|  0%| F|  |TAMS 0x0000000091100000, 0x0000000091100000| Untracked 
| 274|0x0000000091200000, 0x0000000091200000, 0x0000000091300000|  0%| F|  |TAMS 0x0000000091200000, 0x0000000091200000| Untracked 
| 275|0x0000000091300000, 0x0000000091300000, 0x0000000091400000|  0%| F|  |TAMS 0x0000000091300000, 0x0000000091300000| Untracked 
| 276|0x0000000091400000, 0x0000000091400000, 0x0000000091500000|  0%| F|  |TAMS 0x0000000091400000, 0x0000000091400000| Untracked 
| 277|0x0000000091500000, 0x0000000091500000, 0x0000000091600000|  0%| F|  |TAMS 0x0000000091500000, 0x0000000091500000| Untracked 
| 278|0x0000000091600000, 0x0000000091600000, 0x0000000091700000|  0%| F|  |TAMS 0x0000000091600000, 0x0000000091600000| Untracked 
| 279|0x0000000091700000, 0x0000000091700000, 0x0000000091800000|  0%| F|  |TAMS 0x0000000091700000, 0x0000000091700000| Untracked 
| 280|0x0000000091800000, 0x0000000091800000, 0x0000000091900000|  0%| F|  |TAMS 0x0000000091800000, 0x0000000091800000| Untracked 
| 281|0x0000000091900000, 0x0000000091900000, 0x0000000091a00000|  0%| F|  |TAMS 0x0000000091900000, 0x0000000091900000| Untracked 
| 282|0x0000000091a00000, 0x0000000091a00000, 0x0000000091b00000|  0%| F|  |TAMS 0x0000000091a00000, 0x0000000091a00000| Untracked 
| 283|0x0000000091b00000, 0x0000000091b00000, 0x0000000091c00000|  0%| F|  |TAMS 0x0000000091b00000, 0x0000000091b00000| Untracked 
| 284|0x0000000091c00000, 0x0000000091c00000, 0x0000000091d00000|  0%| F|  |TAMS 0x0000000091c00000, 0x0000000091c00000| Untracked 
| 285|0x0000000091d00000, 0x0000000091d00000, 0x0000000091e00000|  0%| F|  |TAMS 0x0000000091d00000, 0x0000000091d00000| Untracked 
| 286|0x0000000091e00000, 0x0000000091e00000, 0x0000000091f00000|  0%| F|  |TAMS 0x0000000091e00000, 0x0000000091e00000| Untracked 
| 287|0x0000000091f00000, 0x0000000091f00000, 0x0000000092000000|  0%| F|  |TAMS 0x0000000091f00000, 0x0000000091f00000| Untracked 
| 288|0x0000000092000000, 0x0000000092000000, 0x0000000092100000|  0%| F|  |TAMS 0x0000000092000000, 0x0000000092000000| Untracked 
| 289|0x0000000092100000, 0x0000000092100000, 0x0000000092200000|  0%| F|  |TAMS 0x0000000092100000, 0x0000000092100000| Untracked 
| 290|0x0000000092200000, 0x0000000092200000, 0x0000000092300000|  0%| F|  |TAMS 0x0000000092200000, 0x0000000092200000| Untracked 
| 291|0x0000000092300000, 0x0000000092300000, 0x0000000092400000|  0%| F|  |TAMS 0x0000000092300000, 0x0000000092300000| Untracked 
| 292|0x0000000092400000, 0x0000000092400000, 0x0000000092500000|  0%| F|  |TAMS 0x0000000092400000, 0x0000000092400000| Untracked 
| 293|0x0000000092500000, 0x0000000092500000, 0x0000000092600000|  0%| F|  |TAMS 0x0000000092500000, 0x0000000092500000| Untracked 
| 294|0x0000000092600000, 0x0000000092600000, 0x0000000092700000|  0%| F|  |TAMS 0x0000000092600000, 0x0000000092600000| Untracked 
| 295|0x0000000092700000, 0x0000000092700000, 0x0000000092800000|  0%| F|  |TAMS 0x0000000092700000, 0x0000000092700000| Untracked 
| 296|0x0000000092800000, 0x0000000092800000, 0x0000000092900000|  0%| F|  |TAMS 0x0000000092800000, 0x0000000092800000| Untracked 
| 297|0x0000000092900000, 0x0000000092900000, 0x0000000092a00000|  0%| F|  |TAMS 0x0000000092900000, 0x0000000092900000| Untracked 
| 298|0x0000000092a00000, 0x0000000092a00000, 0x0000000092b00000|  0%| F|  |TAMS 0x0000000092a00000, 0x0000000092a00000| Untracked 
| 299|0x0000000092b00000, 0x0000000092b00000, 0x0000000092c00000|  0%| F|  |TAMS 0x0000000092b00000, 0x0000000092b00000| Untracked 
| 300|0x0000000092c00000, 0x0000000092c00000, 0x0000000092d00000|  0%| F|  |TAMS 0x0000000092c00000, 0x0000000092c00000| Untracked 
| 301|0x0000000092d00000, 0x0000000092d00000, 0x0000000092e00000|  0%| F|  |TAMS 0x0000000092d00000, 0x0000000092d00000| Untracked 
| 302|0x0000000092e00000, 0x0000000092e00000, 0x0000000092f00000|  0%| F|  |TAMS 0x0000000092e00000, 0x0000000092e00000| Untracked 
| 303|0x0000000092f00000, 0x0000000092f00000, 0x0000000093000000|  0%| F|  |TAMS 0x0000000092f00000, 0x0000000092f00000| Untracked 
| 304|0x0000000093000000, 0x0000000093000000, 0x0000000093100000|  0%| F|  |TAMS 0x0000000093000000, 0x0000000093000000| Untracked 
| 305|0x0000000093100000, 0x0000000093100000, 0x0000000093200000|  0%| F|  |TAMS 0x0000000093100000, 0x0000000093100000| Untracked 
| 306|0x0000000093200000, 0x0000000093200000, 0x0000000093300000|  0%| F|  |TAMS 0x0000000093200000, 0x0000000093200000| Untracked 
| 307|0x0000000093300000, 0x0000000093300000, 0x0000000093400000|  0%| F|  |TAMS 0x0000000093300000, 0x0000000093300000| Untracked 
| 308|0x0000000093400000, 0x0000000093400000, 0x0000000093500000|  0%| F|  |TAMS 0x0000000093400000, 0x0000000093400000| Untracked 
| 309|0x0000000093500000, 0x0000000093500000, 0x0000000093600000|  0%| F|  |TAMS 0x0000000093500000, 0x0000000093500000| Untracked 
| 310|0x0000000093600000, 0x0000000093600000, 0x0000000093700000|  0%| F|  |TAMS 0x0000000093600000, 0x0000000093600000| Untracked 
| 311|0x0000000093700000, 0x0000000093700000, 0x0000000093800000|  0%| F|  |TAMS 0x0000000093700000, 0x0000000093700000| Untracked 
| 312|0x0000000093800000, 0x0000000093800000, 0x0000000093900000|  0%| F|  |TAMS 0x0000000093800000, 0x0000000093800000| Untracked 
| 313|0x0000000093900000, 0x0000000093900000, 0x0000000093a00000|  0%| F|  |TAMS 0x0000000093900000, 0x0000000093900000| Untracked 
| 314|0x0000000093a00000, 0x0000000093a00000, 0x0000000093b00000|  0%| F|  |TAMS 0x0000000093a00000, 0x0000000093a00000| Untracked 
| 315|0x0000000093b00000, 0x0000000093b00000, 0x0000000093c00000|  0%| F|  |TAMS 0x0000000093b00000, 0x0000000093b00000| Untracked 
| 316|0x0000000093c00000, 0x0000000093c00000, 0x0000000093d00000|  0%| F|  |TAMS 0x0000000093c00000, 0x0000000093c00000| Untracked 
| 317|0x0000000093d00000, 0x0000000093d00000, 0x0000000093e00000|  0%| F|  |TAMS 0x0000000093d00000, 0x0000000093d00000| Untracked 
| 318|0x0000000093e00000, 0x0000000093e00000, 0x0000000093f00000|  0%| F|  |TAMS 0x0000000093e00000, 0x0000000093e00000| Untracked 
| 319|0x0000000093f00000, 0x0000000093f00000, 0x0000000094000000|  0%| F|  |TAMS 0x0000000093f00000, 0x0000000093f00000| Untracked 
| 320|0x0000000094000000, 0x0000000094000000, 0x0000000094100000|  0%| F|  |TAMS 0x0000000094000000, 0x0000000094000000| Untracked 
| 321|0x0000000094100000, 0x0000000094100000, 0x0000000094200000|  0%| F|  |TAMS 0x0000000094100000, 0x0000000094100000| Untracked 
| 322|0x0000000094200000, 0x0000000094200000, 0x0000000094300000|  0%| F|  |TAMS 0x0000000094200000, 0x0000000094200000| Untracked 
| 323|0x0000000094300000, 0x0000000094300000, 0x0000000094400000|  0%| F|  |TAMS 0x0000000094300000, 0x0000000094300000| Untracked 
| 324|0x0000000094400000, 0x0000000094400000, 0x0000000094500000|  0%| F|  |TAMS 0x0000000094400000, 0x0000000094400000| Untracked 
| 325|0x0000000094500000, 0x0000000094500000, 0x0000000094600000|  0%| F|  |TAMS 0x0000000094500000, 0x0000000094500000| Untracked 
| 326|0x0000000094600000, 0x0000000094600000, 0x0000000094700000|  0%| F|  |TAMS 0x0000000094600000, 0x0000000094600000| Untracked 
| 327|0x0000000094700000, 0x0000000094700000, 0x0000000094800000|  0%| F|  |TAMS 0x0000000094700000, 0x0000000094700000| Untracked 
| 328|0x0000000094800000, 0x0000000094800000, 0x0000000094900000|  0%| F|  |TAMS 0x0000000094800000, 0x0000000094800000| Untracked 
| 329|0x0000000094900000, 0x0000000094900000, 0x0000000094a00000|  0%| F|  |TAMS 0x0000000094900000, 0x0000000094900000| Untracked 
| 330|0x0000000094a00000, 0x0000000094a00000, 0x0000000094b00000|  0%| F|  |TAMS 0x0000000094a00000, 0x0000000094a00000| Untracked 
| 331|0x0000000094b00000, 0x0000000094b00000, 0x0000000094c00000|  0%| F|  |TAMS 0x0000000094b00000, 0x0000000094b00000| Untracked 
| 332|0x0000000094c00000, 0x0000000094c00000, 0x0000000094d00000|  0%| F|  |TAMS 0x0000000094c00000, 0x0000000094c00000| Untracked 
| 333|0x0000000094d00000, 0x0000000094df5530, 0x0000000094e00000| 95%| S|CS|TAMS 0x0000000094d00000, 0x0000000094d00000| Complete 
| 334|0x0000000094e00000, 0x0000000094f00000, 0x0000000094f00000|100%| S|CS|TAMS 0x0000000094e00000, 0x0000000094e00000| Complete 
| 335|0x0000000094f00000, 0x0000000095000000, 0x0000000095000000|100%| S|CS|TAMS 0x0000000094f00000, 0x0000000094f00000| Complete 
| 336|0x0000000095000000, 0x0000000095100000, 0x0000000095100000|100%| S|CS|TAMS 0x0000000095000000, 0x0000000095000000| Complete 
| 337|0x0000000095100000, 0x0000000095200000, 0x0000000095200000|100%| S|CS|TAMS 0x0000000095100000, 0x0000000095100000| Complete 
| 338|0x0000000095200000, 0x0000000095300000, 0x0000000095300000|100%| S|CS|TAMS 0x0000000095200000, 0x0000000095200000| Complete 
| 339|0x0000000095300000, 0x0000000095400000, 0x0000000095400000|100%| S|CS|TAMS 0x0000000095300000, 0x0000000095300000| Complete 
| 340|0x0000000095400000, 0x0000000095500000, 0x0000000095500000|100%| S|CS|TAMS 0x0000000095400000, 0x0000000095400000| Complete 
| 341|0x0000000095500000, 0x0000000095500000, 0x0000000095600000|  0%| F|  |TAMS 0x0000000095500000, 0x0000000095500000| Untracked 
| 342|0x0000000095600000, 0x0000000095600000, 0x0000000095700000|  0%| F|  |TAMS 0x0000000095600000, 0x0000000095600000| Untracked 
| 343|0x0000000095700000, 0x0000000095700000, 0x0000000095800000|  0%| F|  |TAMS 0x0000000095700000, 0x0000000095700000| Untracked 
| 344|0x0000000095800000, 0x0000000095800000, 0x0000000095900000|  0%| F|  |TAMS 0x0000000095800000, 0x0000000095800000| Untracked 
| 345|0x0000000095900000, 0x0000000095900000, 0x0000000095a00000|  0%| F|  |TAMS 0x0000000095900000, 0x0000000095900000| Untracked 
| 346|0x0000000095a00000, 0x0000000095a00000, 0x0000000095b00000|  0%| F|  |TAMS 0x0000000095a00000, 0x0000000095a00000| Untracked 
| 347|0x0000000095b00000, 0x0000000095b00000, 0x0000000095c00000|  0%| F|  |TAMS 0x0000000095b00000, 0x0000000095b00000| Untracked 
| 348|0x0000000095c00000, 0x0000000095c00000, 0x0000000095d00000|  0%| F|  |TAMS 0x0000000095c00000, 0x0000000095c00000| Untracked 
| 349|0x0000000095d00000, 0x0000000095d00000, 0x0000000095e00000|  0%| F|  |TAMS 0x0000000095d00000, 0x0000000095d00000| Untracked 
| 350|0x0000000095e00000, 0x0000000095e00000, 0x0000000095f00000|  0%| F|  |TAMS 0x0000000095e00000, 0x0000000095e00000| Untracked 
| 351|0x0000000095f00000, 0x0000000095f00000, 0x0000000096000000|  0%| F|  |TAMS 0x0000000095f00000, 0x0000000095f00000| Untracked 
| 352|0x0000000096000000, 0x0000000096000000, 0x0000000096100000|  0%| F|  |TAMS 0x0000000096000000, 0x0000000096000000| Untracked 
| 353|0x0000000096100000, 0x0000000096100000, 0x0000000096200000|  0%| F|  |TAMS 0x0000000096100000, 0x0000000096100000| Untracked 
| 354|0x0000000096200000, 0x0000000096200000, 0x0000000096300000|  0%| F|  |TAMS 0x0000000096200000, 0x0000000096200000| Untracked 
| 355|0x0000000096300000, 0x0000000096300000, 0x0000000096400000|  0%| F|  |TAMS 0x0000000096300000, 0x0000000096300000| Untracked 
| 356|0x0000000096400000, 0x0000000096400000, 0x0000000096500000|  0%| F|  |TAMS 0x0000000096400000, 0x0000000096400000| Untracked 
| 357|0x0000000096500000, 0x0000000096500000, 0x0000000096600000|  0%| F|  |TAMS 0x0000000096500000, 0x0000000096500000| Untracked 
| 358|0x0000000096600000, 0x0000000096600000, 0x0000000096700000|  0%| F|  |TAMS 0x0000000096600000, 0x0000000096600000| Untracked 
| 359|0x0000000096700000, 0x0000000096700000, 0x0000000096800000|  0%| F|  |TAMS 0x0000000096700000, 0x0000000096700000| Untracked 
| 360|0x0000000096800000, 0x0000000096800000, 0x0000000096900000|  0%| F|  |TAMS 0x0000000096800000, 0x0000000096800000| Untracked 
| 361|0x0000000096900000, 0x0000000096900000, 0x0000000096a00000|  0%| F|  |TAMS 0x0000000096900000, 0x0000000096900000| Untracked 
| 362|0x0000000096a00000, 0x0000000096a00000, 0x0000000096b00000|  0%| F|  |TAMS 0x0000000096a00000, 0x0000000096a00000| Untracked 
| 363|0x0000000096b00000, 0x0000000096b00000, 0x0000000096c00000|  0%| F|  |TAMS 0x0000000096b00000, 0x0000000096b00000| Untracked 
| 364|0x0000000096c00000, 0x0000000096c00000, 0x0000000096d00000|  0%| F|  |TAMS 0x0000000096c00000, 0x0000000096c00000| Untracked 
| 365|0x0000000096d00000, 0x0000000096d00000, 0x0000000096e00000|  0%| F|  |TAMS 0x0000000096d00000, 0x0000000096d00000| Untracked 
| 366|0x0000000096e00000, 0x0000000096e00000, 0x0000000096f00000|  0%| F|  |TAMS 0x0000000096e00000, 0x0000000096e00000| Untracked 
| 367|0x0000000096f00000, 0x0000000096f00000, 0x0000000097000000|  0%| F|  |TAMS 0x0000000096f00000, 0x0000000096f00000| Untracked 
| 368|0x0000000097000000, 0x0000000097000000, 0x0000000097100000|  0%| F|  |TAMS 0x0000000097000000, 0x0000000097000000| Untracked 
| 369|0x0000000097100000, 0x0000000097100000, 0x0000000097200000|  0%| F|  |TAMS 0x0000000097100000, 0x0000000097100000| Untracked 
| 370|0x0000000097200000, 0x0000000097200000, 0x0000000097300000|  0%| F|  |TAMS 0x0000000097200000, 0x0000000097200000| Untracked 
| 371|0x0000000097300000, 0x0000000097300000, 0x0000000097400000|  0%| F|  |TAMS 0x0000000097300000, 0x0000000097300000| Untracked 
| 372|0x0000000097400000, 0x0000000097400000, 0x0000000097500000|  0%| F|  |TAMS 0x0000000097400000, 0x0000000097400000| Untracked 
| 373|0x0000000097500000, 0x0000000097500000, 0x0000000097600000|  0%| F|  |TAMS 0x0000000097500000, 0x0000000097500000| Untracked 
| 374|0x0000000097600000, 0x0000000097600000, 0x0000000097700000|  0%| F|  |TAMS 0x0000000097600000, 0x0000000097600000| Untracked 
| 375|0x0000000097700000, 0x0000000097700000, 0x0000000097800000|  0%| F|  |TAMS 0x0000000097700000, 0x0000000097700000| Untracked 
| 376|0x0000000097800000, 0x0000000097800000, 0x0000000097900000|  0%| F|  |TAMS 0x0000000097800000, 0x0000000097800000| Untracked 
| 377|0x0000000097900000, 0x0000000097900000, 0x0000000097a00000|  0%| F|  |TAMS 0x0000000097900000, 0x0000000097900000| Untracked 
| 378|0x0000000097a00000, 0x0000000097a00000, 0x0000000097b00000|  0%| F|  |TAMS 0x0000000097a00000, 0x0000000097a00000| Untracked 
| 379|0x0000000097b00000, 0x0000000097b00000, 0x0000000097c00000|  0%| F|  |TAMS 0x0000000097b00000, 0x0000000097b00000| Untracked 
| 380|0x0000000097c00000, 0x0000000097c00000, 0x0000000097d00000|  0%| F|  |TAMS 0x0000000097c00000, 0x0000000097c00000| Untracked 
| 381|0x0000000097d00000, 0x0000000097d00000, 0x0000000097e00000|  0%| F|  |TAMS 0x0000000097d00000, 0x0000000097d00000| Untracked 
| 382|0x0000000097e00000, 0x0000000097e00000, 0x0000000097f00000|  0%| F|  |TAMS 0x0000000097e00000, 0x0000000097e00000| Untracked 
| 383|0x0000000097f00000, 0x0000000097f00000, 0x0000000098000000|  0%| F|  |TAMS 0x0000000097f00000, 0x0000000097f00000| Untracked 
| 384|0x0000000098000000, 0x0000000098000000, 0x0000000098100000|  0%| F|  |TAMS 0x0000000098000000, 0x0000000098000000| Untracked 
| 385|0x0000000098100000, 0x0000000098100000, 0x0000000098200000|  0%| F|  |TAMS 0x0000000098100000, 0x0000000098100000| Untracked 
| 386|0x0000000098200000, 0x0000000098200000, 0x0000000098300000|  0%| F|  |TAMS 0x0000000098200000, 0x0000000098200000| Untracked 
| 387|0x0000000098300000, 0x0000000098300000, 0x0000000098400000|  0%| F|  |TAMS 0x0000000098300000, 0x0000000098300000| Untracked 
| 388|0x0000000098400000, 0x0000000098400000, 0x0000000098500000|  0%| F|  |TAMS 0x0000000098400000, 0x0000000098400000| Untracked 
| 389|0x0000000098500000, 0x0000000098500000, 0x0000000098600000|  0%| F|  |TAMS 0x0000000098500000, 0x0000000098500000| Untracked 
| 390|0x0000000098600000, 0x0000000098600000, 0x0000000098700000|  0%| F|  |TAMS 0x0000000098600000, 0x0000000098600000| Untracked 
| 391|0x0000000098700000, 0x0000000098700000, 0x0000000098800000|  0%| F|  |TAMS 0x0000000098700000, 0x0000000098700000| Untracked 
| 392|0x0000000098800000, 0x0000000098800000, 0x0000000098900000|  0%| F|  |TAMS 0x0000000098800000, 0x0000000098800000| Untracked 
| 393|0x0000000098900000, 0x0000000098900000, 0x0000000098a00000|  0%| F|  |TAMS 0x0000000098900000, 0x0000000098900000| Untracked 
|2042|0x00000000ffa00000, 0x00000000ffa00000, 0x00000000ffb00000|  0%| F|  |TAMS 0x00000000ffa00000, 0x00000000ffa00000| Untracked 
|2043|0x00000000ffb00000, 0x00000000ffb00000, 0x00000000ffc00000|  0%| F|  |TAMS 0x00000000ffb00000, 0x00000000ffb00000| Untracked 
|2044|0x00000000ffc00000, 0x00000000ffc00000, 0x00000000ffd00000|  0%| F|  |TAMS 0x00000000ffc00000, 0x00000000ffc00000| Untracked 
|2045|0x00000000ffd00000, 0x00000000ffd00000, 0x00000000ffe00000|  0%| F|  |TAMS 0x00000000ffd00000, 0x00000000ffd00000| Untracked 
|2046|0x00000000ffe00000, 0x00000000ffe00000, 0x00000000fff00000|  0%| F|  |TAMS 0x00000000ffe00000, 0x00000000ffe00000| Untracked 
|2047|0x00000000fff00000, 0x00000000fff00000, 0x0000000100000000|  0%| F|  |TAMS 0x00000000fff00000, 0x00000000fff00000| Untracked 

Card table byte_map: [0x000001f13f8e0000,0x000001f13fce0000] _byte_map_base: 0x000001f13f4e0000

Marking Bits (Prev, Next): (CMBitMap*) 0x000001f1286ef4d0, (CMBitMap*) 0x000001f1286ef490
 Prev Bits: [0x000001f1420e0000, 0x000001f1440e0000)
 Next Bits: [0x000001f1400e0000, 0x000001f1420e0000)

Polling page: 0x000001f1265f0000

Metaspace:

Usage:
  Non-class:    107.55 MB capacity,   106.47 MB ( 99%) used,   934.55 KB ( <1%) free+waste,   170.00 KB ( <1%) overhead. 
      Class:     15.15 MB capacity,    14.73 MB ( 97%) used,   365.12 KB (  2%) free+waste,    62.69 KB ( <1%) overhead. 
       Both:    122.69 MB capacity,   121.20 MB ( 99%) used,     1.27 MB (  1%) free+waste,   232.69 KB ( <1%) overhead. 

Virtual space:
  Non-class space:      108.00 MB reserved,     107.75 MB (>99%) committed 
      Class space:        1.00 GB reserved,      15.25 MB (  1%) committed 
             Both:        1.11 GB reserved,     123.00 MB ( 11%) committed 

Chunk freelists:
   Non-Class:  11.00 KB
       Class:  11.00 KB
        Both:  22.00 KB

MaxMetaspaceSize: 17179869184.00 GB
CompressedClassSpaceSize: 1.00 GB

CodeHeap 'non-profiled nmethods': size=120064Kb used=10430Kb max_used=10455Kb free=109633Kb
 bounds [0x000001f1383a0000, 0x000001f138de0000, 0x000001f13f8e0000]
CodeHeap 'profiled nmethods': size=120000Kb used=36700Kb max_used=37258Kb free=83299Kb
 bounds [0x000001f130e70000, 0x000001f1332e0000, 0x000001f1383a0000]
CodeHeap 'non-nmethods': size=5696Kb used=2544Kb max_used=2610Kb free=3151Kb
 bounds [0x000001f1308e0000, 0x000001f130b90000, 0x000001f130e70000]
 total_blobs=18304 nmethods=17228 adapters=986
 compilation: enabled
              stopped_count=0, restarted_count=0
 full_count=0

Compilation events (20 events):
Event: 191.543 Thread 0x000001f146e09750 nmethod 21495 0x000001f131bf6e10 code [0x000001f131bf6fc0, 0x000001f131bf7188]
Event: 191.543 Thread 0x000001f146e09750 21494       3       com.android.tools.r8.dex.c::f (34 bytes)
Event: 191.544 Thread 0x000001f146e09750 nmethod 21494 0x000001f131e46410 code [0x000001f131e465c0, 0x000001f131e46808]
Event: 191.544 Thread 0x000001f146e09750 21497       3       com.android.tools.r8.dex.j::e (8 bytes)
Event: 191.544 Thread 0x000001f146e09750 nmethod 21497 0x000001f131a01790 code [0x000001f131a01920, 0x000001f131a01a38]
Event: 191.544 Thread 0x000001f146e09750 21496       3       com.android.tools.r8.dex.p::<init> (42 bytes)
Event: 191.545 Thread 0x000001f146e09750 nmethod 21496 0x000001f131636990 code [0x000001f131636b20, 0x000001f131636c98]
Event: 191.545 Thread 0x000001f146e09750 21498       3       java.nio.HeapByteBuffer::get (19 bytes)
Event: 191.547 Thread 0x000001f146e09750 nmethod 21498 0x000001f130f76490 code [0x000001f130f76660, 0x000001f130f769a8]
Event: 191.547 Thread 0x000001f146e09750 21499       3       com.android.tools.r8.dex.j::a (9 bytes)
Event: 191.547 Thread 0x000001f146e09750 nmethod 21499 0x000001f131cdec90 code [0x000001f131cdee40, 0x000001f131cdf008]
Event: 191.547 Thread 0x000001f146e09750 21500       3       com.android.tools.r8.utils.F0::a (131 bytes)
Event: 191.548 Thread 0x000001f146492510 21501   !   4       java.util.concurrent.ConcurrentHashMap::transfer (849 bytes)
Event: 191.551 Thread 0x000001f146e09750 nmethod 21500 0x000001f132c9f710 code [0x000001f132c9fba0, 0x000001f132ca1838]
Event: 191.554 Thread 0x000001f146e09750 21502       1       com.android.tools.r8.dex.a::a (5 bytes)
Event: 191.554 Thread 0x000001f146e09750 nmethod 21502 0x000001f138bc1f10 code [0x000001f138bc20a0, 0x000001f138bc2138]
Event: 191.605 Thread 0x000001f146e09750 21504       2       com.android.tools.r8.q.a.a.d.g::a (44 bytes)
Event: 191.606 Thread 0x000001f146e09750 nmethod 21504 0x000001f131621810 code [0x000001f1316219c0, 0x000001f131621c78]
Event: 191.634 Thread 0x000001f146e09750 21505       3       com.android.tools.r8.dex.n::k (63 bytes)
Event: 191.636 Thread 0x000001f146e09750 nmethod 21505 0x000001f131c50c90 code [0x000001f131c50ea0, 0x000001f131c516c8]

GC Heap History (20 events):
Event: 159.862 GC heap after
{Heap after GC invocations=76 (full 0):
 garbage-first heap   total 340992K, used 232448K [0x0000000080000000, 0x0000000100000000)
  region size 1024K, 8 young (8192K), 8 survivors (8192K)
 Metaspace       used 122386K, capacity 123928K, committed 124156K, reserved 1159168K
  class space    used 14887K, capacity 15346K, committed 15360K, reserved 1048576K
}
Event: 162.364 GC heap before
{Heap before GC invocations=77 (full 0):
 garbage-first heap   total 340992K, used 239616K [0x0000000080000000, 0x0000000100000000)
  region size 1024K, 52 young (53248K), 8 survivors (8192K)
 Metaspace       used 122387K, capacity 123928K, committed 124156K, reserved 1159168K
  class space    used 14887K, capacity 15346K, committed 15360K, reserved 1048576K
}
Event: 162.522 GC heap after
{Heap after GC invocations=78 (full 0):
 garbage-first heap   total 340992K, used 206336K [0x0000000080000000, 0x0000000100000000)
  region size 1024K, 7 young (7168K), 7 survivors (7168K)
 Metaspace       used 122387K, capacity 123928K, committed 124156K, reserved 1159168K
  class space    used 14887K, capacity 15346K, committed 15360K, reserved 1048576K
}
Event: 162.825 GC heap before
{Heap before GC invocations=78 (full 0):
 garbage-first heap   total 340992K, used 215552K [0x0000000080000000, 0x0000000100000000)
  region size 1024K, 16 young (16384K), 7 survivors (7168K)
 Metaspace       used 122387K, capacity 123928K, committed 124156K, reserved 1159168K
  class space    used 14887K, capacity 15346K, committed 15360K, reserved 1048576K
}
Event: 162.897 GC heap after
{Heap after GC invocations=79 (full 0):
 garbage-first heap   total 340992K, used 175104K [0x0000000080000000, 0x0000000100000000)
  region size 1024K, 2 young (2048K), 2 survivors (2048K)
 Metaspace       used 122387K, capacity 123928K, committed 124156K, reserved 1159168K
  class space    used 14887K, capacity 15346K, committed 15360K, reserved 1048576K
}
Event: 163.317 GC heap before
{Heap before GC invocations=79 (full 0):
 garbage-first heap   total 340992K, used 189440K [0x0000000080000000, 0x0000000100000000)
  region size 1024K, 16 young (16384K), 2 survivors (2048K)
 Metaspace       used 122387K, capacity 123928K, committed 124156K, reserved 1159168K
  class space    used 14887K, capacity 15346K, committed 15360K, reserved 1048576K
}
Event: 163.438 GC heap after
{Heap after GC invocations=80 (full 0):
 garbage-first heap   total 340992K, used 165376K [0x0000000080000000, 0x0000000100000000)
  region size 1024K, 2 young (2048K), 2 survivors (2048K)
 Metaspace       used 122387K, capacity 123928K, committed 124156K, reserved 1159168K
  class space    used 14887K, capacity 15346K, committed 15360K, reserved 1048576K
}
Event: 167.655 GC heap before
{Heap before GC invocations=80 (full 0):
 garbage-first heap   total 340992K, used 254464K [0x0000000080000000, 0x0000000100000000)
  region size 1024K, 87 young (89088K), 2 survivors (2048K)
 Metaspace       used 122388K, capacity 123928K, committed 124156K, reserved 1159168K
  class space    used 14888K, capacity 15346K, committed 15360K, reserved 1048576K
}
Event: 167.820 GC heap after
{Heap after GC invocations=81 (full 0):
 garbage-first heap   total 340992K, used 190976K [0x0000000080000000, 0x0000000100000000)
  region size 1024K, 11 young (11264K), 11 survivors (11264K)
 Metaspace       used 122388K, capacity 123928K, committed 124156K, reserved 1159168K
  class space    used 14888K, capacity 15346K, committed 15360K, reserved 1048576K
}
Event: 168.170 GC heap before
{Heap before GC invocations=81 (full 0):
 garbage-first heap   total 340992K, used 198144K [0x0000000080000000, 0x0000000100000000)
  region size 1024K, 18 young (18432K), 11 survivors (11264K)
 Metaspace       used 122388K, capacity 123928K, committed 124156K, reserved 1159168K
  class space    used 14888K, capacity 15346K, committed 15360K, reserved 1048576K
}
Event: 168.305 GC heap after
{Heap after GC invocations=82 (full 0):
 garbage-first heap   total 340992K, used 193536K [0x0000000080000000, 0x0000000100000000)
  region size 1024K, 3 young (3072K), 3 survivors (3072K)
 Metaspace       used 122388K, capacity 123928K, committed 124156K, reserved 1159168K
  class space    used 14888K, capacity 15346K, committed 15360K, reserved 1048576K
}
Event: 170.473 GC heap before
{Heap before GC invocations=82 (full 0):
 garbage-first heap   total 340992K, used 259072K [0x0000000080000000, 0x0000000100000000)
  region size 1024K, 65 young (66560K), 3 survivors (3072K)
 Metaspace       used 122421K, capacity 123992K, committed 124156K, reserved 1159168K
  class space    used 14891K, capacity 15346K, committed 15360K, reserved 1048576K
}
Event: 170.615 GC heap after
{Heap after GC invocations=83 (full 0):
 garbage-first heap   total 409600K, used 210944K [0x0000000080000000, 0x0000000100000000)
  region size 1024K, 9 young (9216K), 9 survivors (9216K)
 Metaspace       used 122421K, capacity 123992K, committed 124156K, reserved 1159168K
  class space    used 14891K, capacity 15346K, committed 15360K, reserved 1048576K
}
Event: 171.224 GC heap before
{Heap before GC invocations=83 (full 0):
 garbage-first heap   total 409600K, used 232448K [0x0000000080000000, 0x0000000100000000)
  region size 1024K, 30 young (30720K), 9 survivors (9216K)
 Metaspace       used 122421K, capacity 123992K, committed 124156K, reserved 1159168K
  class space    used 14891K, capacity 15346K, committed 15360K, reserved 1048576K
}
Event: 171.344 GC heap after
{Heap after GC invocations=84 (full 0):
 garbage-first heap   total 409600K, used 215040K [0x0000000080000000, 0x0000000100000000)
  region size 1024K, 4 young (4096K), 4 survivors (4096K)
 Metaspace       used 122421K, capacity 123992K, committed 124156K, reserved 1159168K
  class space    used 14891K, capacity 15346K, committed 15360K, reserved 1048576K
}
Event: 173.602 GC heap before
{Heap before GC invocations=84 (full 0):
 garbage-first heap   total 409600K, used 281600K [0x0000000080000000, 0x0000000100000000)
  region size 1024K, 68 young (69632K), 4 survivors (4096K)
 Metaspace       used 122422K, capacity 123992K, committed 124156K, reserved 1159168K
  class space    used 14891K, capacity 15346K, committed 15360K, reserved 1048576K
}
Event: 173.725 GC heap after
{Heap after GC invocations=85 (full 0):
 garbage-first heap   total 409600K, used 227328K [0x0000000080000000, 0x0000000100000000)
  region size 1024K, 9 young (9216K), 9 survivors (9216K)
 Metaspace       used 122422K, capacity 123992K, committed 124156K, reserved 1159168K
  class space    used 14891K, capacity 15346K, committed 15360K, reserved 1048576K
}
Event: 176.634 GC heap before
{Heap before GC invocations=85 (full 0):
 garbage-first heap   total 409600K, used 278528K [0x0000000080000000, 0x0000000100000000)
  region size 1024K, 59 young (60416K), 9 survivors (9216K)
 Metaspace       used 122491K, capacity 124056K, committed 124156K, reserved 1159168K
  class space    used 14897K, capacity 15346K, committed 15360K, reserved 1048576K
}
Event: 176.743 GC heap after
{Heap after GC invocations=86 (full 0):
 garbage-first heap   total 409600K, used 235520K [0x0000000080000000, 0x0000000100000000)
  region size 1024K, 8 young (8192K), 8 survivors (8192K)
 Metaspace       used 122491K, capacity 124056K, committed 124156K, reserved 1159168K
  class space    used 14897K, capacity 15346K, committed 15360K, reserved 1048576K
}
Event: 191.637 GC heap before
{Heap before GC invocations=86 (full 0):
 garbage-first heap   total 409600K, used 321536K [0x0000000080000000, 0x0000000100000000)
  region size 1024K, 59 young (60416K), 8 survivors (8192K)
 Metaspace       used 124105K, capacity 125638K, committed 125948K, reserved 1159168K
  class space    used 15081K, capacity 15509K, committed 15616K, reserved 1048576K
}

Deoptimization events (20 events):
Event: 191.542 Thread 0x000001f14ae5f870 DEOPT PACKING pc=0x000001f13847ac5c sp=0x0000004a96ffd580
Event: 191.542 Thread 0x000001f14ae5f870 DEOPT UNPACKING pc=0x000001f13092e12f sp=0x0000004a96ffd568 mode 2
Event: 191.542 Thread 0x000001f14ae5f870 Uncommon trap: trap_request=0xffffffc6 fr.pc=0x000001f13849c4f8 relative=0x0000000000000898
Event: 191.542 Thread 0x000001f14ae5f870 Uncommon trap: reason=bimorphic_or_optimized_type_check action=maybe_recompile pc=0x000001f13849c4f8 method=com.android.tools.r8.q.a.a.d.g.a(Ljava/io/InputStream;)[B @ 8 c2
Event: 191.542 Thread 0x000001f14ae5f870 DEOPT PACKING pc=0x000001f13849c4f8 sp=0x0000004a96ffd620
Event: 191.542 Thread 0x000001f14ae5f870 DEOPT UNPACKING pc=0x000001f13092e12f sp=0x0000004a96ffd5f0 mode 2
Event: 191.542 Thread 0x000001f14ae5f870 Uncommon trap: trap_request=0xffffffc6 fr.pc=0x000001f13847ac5c relative=0x0000000000000ddc
Event: 191.542 Thread 0x000001f14ae5f870 Uncommon trap: reason=bimorphic_or_optimized_type_check action=maybe_recompile pc=0x000001f13847ac5c method=com.android.tools.r8.q.a.a.d.g.a(Ljava/io/InputStream;Ljava/io/OutputStream;)J @ 15 c2
Event: 191.542 Thread 0x000001f14ae5f870 DEOPT PACKING pc=0x000001f13847ac5c sp=0x0000004a96ffd580
Event: 191.542 Thread 0x000001f14ae5f870 DEOPT UNPACKING pc=0x000001f13092e12f sp=0x0000004a96ffd568 mode 2
Event: 191.542 Thread 0x000001f14ae5f870 Uncommon trap: trap_request=0xffffffc6 fr.pc=0x000001f13849c4f8 relative=0x0000000000000898
Event: 191.542 Thread 0x000001f14ae5f870 Uncommon trap: reason=bimorphic_or_optimized_type_check action=maybe_recompile pc=0x000001f13849c4f8 method=com.android.tools.r8.q.a.a.d.g.a(Ljava/io/InputStream;)[B @ 8 c2
Event: 191.542 Thread 0x000001f14ae5f870 DEOPT PACKING pc=0x000001f13849c4f8 sp=0x0000004a96ffd620
Event: 191.542 Thread 0x000001f14ae5f870 DEOPT UNPACKING pc=0x000001f13092e12f sp=0x0000004a96ffd5f0 mode 2
Event: 191.542 Thread 0x000001f14ae5f870 Uncommon trap: trap_request=0xffffffc6 fr.pc=0x000001f13847ac5c relative=0x0000000000000ddc
Event: 191.542 Thread 0x000001f14ae5f870 Uncommon trap: reason=bimorphic_or_optimized_type_check action=maybe_recompile pc=0x000001f13847ac5c method=com.android.tools.r8.q.a.a.d.g.a(Ljava/io/InputStream;Ljava/io/OutputStream;)J @ 15 c2
Event: 191.542 Thread 0x000001f14ae5f870 DEOPT PACKING pc=0x000001f13847ac5c sp=0x0000004a96ffd580
Event: 191.542 Thread 0x000001f14ae5f870 DEOPT UNPACKING pc=0x000001f13092e12f sp=0x0000004a96ffd568 mode 2
Event: 191.551 Thread 0x000001f14d3644b0 DEOPT PACKING pc=0x000001f132dcceaa sp=0x0000004a8f8fed40
Event: 191.551 Thread 0x000001f14d3644b0 DEOPT UNPACKING pc=0x000001f13092df3f sp=0x0000004a8f8fe250 mode 0

Classes unloaded (0 events):
No events

Classes redefined (0 events):
No events

Internal exceptions (20 events):
Event: 142.561 Thread 0x000001f14ae5f870 Exception <a 'sun/nio/fs/WindowsException'{0x00000000ffec1040}> (0x00000000ffec1040) 
thrown [./open/src/hotspot/share/prims/jni.cpp, line 578]
Event: 142.563 Thread 0x000001f14ae5f870 Exception <a 'sun/nio/fs/WindowsException'{0x00000000ffec7760}> (0x00000000ffec7760) 
thrown [./open/src/hotspot/share/prims/jni.cpp, line 578]
Event: 142.565 Thread 0x000001f14ae5f870 Exception <a 'sun/nio/fs/WindowsException'{0x00000000ffecddd0}> (0x00000000ffecddd0) 
thrown [./open/src/hotspot/share/prims/jni.cpp, line 578]
Event: 142.568 Thread 0x000001f14ae5f870 Exception <a 'sun/nio/fs/WindowsException'{0x00000000ffed3720}> (0x00000000ffed3720) 
thrown [./open/src/hotspot/share/prims/jni.cpp, line 578]
Event: 142.571 Thread 0x000001f14ae5f870 Exception <a 'sun/nio/fs/WindowsException'{0x00000000ffed8c88}> (0x00000000ffed8c88) 
thrown [./open/src/hotspot/share/prims/jni.cpp, line 578]
Event: 142.575 Thread 0x000001f14ae5f870 Exception <a 'sun/nio/fs/WindowsException'{0x00000000ffee9508}> (0x00000000ffee9508) 
thrown [./open/src/hotspot/share/prims/jni.cpp, line 578]
Event: 142.596 Thread 0x000001f14ae5f870 Exception <a 'sun/nio/fs/WindowsException'{0x00000000ffef4c30}> (0x00000000ffef4c30) 
thrown [./open/src/hotspot/share/prims/jni.cpp, line 578]
Event: 142.603 Thread 0x000001f14ae5f870 Exception <a 'sun/nio/fs/WindowsException'{0x00000000ffbc4068}> (0x00000000ffbc4068) 
thrown [./open/src/hotspot/share/prims/jni.cpp, line 578]
Event: 142.612 Thread 0x000001f14ae5f870 Exception <a 'sun/nio/fs/WindowsException'{0x00000000ffbc9e90}> (0x00000000ffbc9e90) 
thrown [./open/src/hotspot/share/prims/jni.cpp, line 578]
Event: 142.615 Thread 0x000001f14ae5f870 Exception <a 'sun/nio/fs/WindowsException'{0x00000000ffbd4240}> (0x00000000ffbd4240) 
thrown [./open/src/hotspot/share/prims/jni.cpp, line 578]
Event: 142.617 Thread 0x000001f14ae5f870 Exception <a 'sun/nio/fs/WindowsException'{0x00000000ffbe0e18}> (0x00000000ffbe0e18) 
thrown [./open/src/hotspot/share/prims/jni.cpp, line 578]
Event: 142.669 Thread 0x000001f14ae5f870 Exception <a 'sun/nio/fs/WindowsException'{0x00000000ffbfec08}> (0x00000000ffbfec08) 
thrown [./open/src/hotspot/share/prims/jni.cpp, line 578]
Event: 150.653 Thread 0x000001f14ac30b70 Exception <a 'sun/nio/fs/WindowsException'{0x0000000094035e18}> (0x0000000094035e18) 
thrown [./open/src/hotspot/share/prims/jni.cpp, line 578]
Event: 150.653 Thread 0x000001f14ac30b70 Exception <a 'sun/nio/fs/WindowsException'{0x00000000940369f8}> (0x00000000940369f8) 
thrown [./open/src/hotspot/share/prims/jni.cpp, line 578]
Event: 150.671 Thread 0x000001f14ac30b70 Exception <a 'java/lang/NoSuchMethodError'{0x00000000940b4460}: static Lcom/android/build/gradle/internal/tasks/D8MainDexListTask$MainDexListRunnable$Params;.<clinit>()V> (0x00000000940b4460) 
thrown [./open/src/hotspot/share/prims/jni.cpp, line 1204]
Event: 152.110 Thread 0x000001f148fea370 Exception <a 'java/lang/NoSuchMethodError'{0x0000000092bca678}: 'int java.lang.invoke.DirectMethodHandle$Holder.invokeSpecial(java.lang.Object, java.lang.Object, int)'> (0x0000000092bca678) 
thrown [./open/src/hotspot/share/interpreter/linkResolver.cpp, line 782]
Event: 177.685 Thread 0x000001f148fec520 Exception <a 'java/lang/NoSuchMethodError'{0x00000000ffb92f00}: 'java.lang.Object java.lang.invoke.DirectMethodHandle$Holder.newInvokeSpecial(java.lang.Object, java.lang.Object, java.lang.Object, java.lang.Object, java.lang.Object, java.lang.Object, java.lang.Object)'> (0x00000000ffb92f00) 
thrown [./open/src/hotspot/share/interpreter/linkResolver.cpp, line 782]
Event: 177.685 Thread 0x000001f148fec520 Exception <a 'java/lang/NoSuchMethodError'{0x00000000ffb97308}: 'java.lang.Object java.lang.invoke.Invokers$Holder.linkToTargetMethod(java.lang.Object, java.lang.Object, java.lang.Object, java.lang.Object, java.lang.Object, java.lang.Object, java.lang.Object)'> (0x00000000ffb97308) 
thrown [./open/src/hotspot/share/interpreter/linkResolver.cpp, line 782]
Event: 190.658 Thread 0x000001f14ac30b70 Exception <a 'java/lang/NoSuchMethodError'{0x000000009671e7e8}: static Lcom/android/build/gradle/internal/tasks/DexMergingParams;.<clinit>()V> (0x000000009671e7e8) 
thrown [./open/src/hotspot/share/prims/jni.cpp, line 1204]
Event: 191.520 Thread 0x000001f14ae5f870 Exception <a 'sun/nio/fs/WindowsException'{0x00000000961e08e8}> (0x00000000961e08e8) 
thrown [./open/src/hotspot/share/prims/jni.cpp, line 578]

Events (20 events):
Event: 189.911 Thread 0x000001f146e0a500 flushing nmethod 0x000001f13320f690
Event: 189.911 Thread 0x000001f146e0a500 flushing nmethod 0x000001f133210010
Event: 189.912 Thread 0x000001f146e0a500 flushing nmethod 0x000001f13322a810
Event: 189.912 Thread 0x000001f146e0a500 flushing nmethod 0x000001f13322fe90
Event: 189.912 Thread 0x000001f146e0a500 flushing nmethod 0x000001f133232b90
Event: 189.912 Thread 0x000001f146e0a500 flushing nmethod 0x000001f133235510
Event: 190.089 Executing VM operation: ICBufferFull
Event: 190.091 Executing VM operation: ICBufferFull done
Event: 190.684 Executing VM operation: HandshakeAllThreads
Event: 190.689 Executing VM operation: HandshakeAllThreads done
Event: 190.690 loading class java/nio/file/Files$2
Event: 190.690 loading class java/nio/file/Files$2 done
Event: 191.136 Executing VM operation: HandshakeAllThreads
Event: 191.136 Executing VM operation: HandshakeAllThreads done
Event: 191.136 Executing VM operation: HandshakeAllThreads
Event: 191.137 Executing VM operation: HandshakeAllThreads done
Event: 191.525 Thread 0x000001f14d3644b0 Thread added: 0x000001f14d3644b0
Event: 191.526 loading class java/nio/BufferUnderflowException
Event: 191.526 loading class java/nio/BufferUnderflowException done
Event: 191.637 Executing VM operation: G1TryInitiateConcMark


Dynamic libraries:
0x00007ff69bf10000 - 0x00007ff69bf1f000 	C:\Program Files\Java\jdk-15.0.1\bin\java.exe
0x00007ff845460000 - 0x00007ff845650000 	C:\Windows\SYSTEM32\ntdll.dll
0x00007ff845090000 - 0x00007ff845142000 	C:\Windows\System32\KERNEL32.DLL
0x00007ff842a00000 - 0x00007ff842ca5000 	C:\Windows\System32\KERNELBASE.dll
0x00007ff8423d0000 - 0x00007ff8424ca000 	C:\Windows\System32\ucrtbase.dll
0x00007ff83d3d0000 - 0x00007ff83d3e8000 	C:\Program Files\Java\jdk-15.0.1\bin\jli.dll
0x00007ff844140000 - 0x00007ff8441e3000 	C:\Windows\System32\ADVAPI32.dll
0x00007ff8452b0000 - 0x00007ff84534e000 	C:\Windows\System32\msvcrt.dll
0x00007ff843d30000 - 0x00007ff843dc7000 	C:\Windows\System32\sechost.dll
0x00007ff844dd0000 - 0x00007ff844ef0000 	C:\Windows\System32\RPCRT4.dll
0x00007ff8443f0000 - 0x00007ff844584000 	C:\Windows\System32\USER32.dll
0x00007ff8427f0000 - 0x00007ff842811000 	C:\Windows\System32\win32u.dll
0x00007ff844110000 - 0x00007ff844136000 	C:\Windows\System32\GDI32.dll
0x00007ff842570000 - 0x00007ff842706000 	C:\Windows\System32\gdi32full.dll
0x00007ff8424d0000 - 0x00007ff84256e000 	C:\Windows\System32\msvcp_win.dll
0x00007ff834130000 - 0x00007ff8343b4000 	C:\Windows\WinSxS\amd64_microsoft.windows.common-controls_6595b64144ccf1df_6.0.18362.1256_none_9e7e379be45e40e2\COMCTL32.dll
0x00007ff843dd0000 - 0x00007ff844106000 	C:\Windows\System32\combase.dll
0x00007ff842970000 - 0x00007ff8429f1000 	C:\Windows\System32\bcryptPrimitives.dll
0x00007ff840520000 - 0x00007ff84052a000 	C:\Windows\SYSTEM32\VERSION.dll
0x00007ff83b280000 - 0x00007ff83b299000 	C:\Program Files\Java\jdk-15.0.1\bin\VCRUNTIME140.dll
0x00007ff8441f0000 - 0x00007ff84421e000 	C:\Windows\System32\IMM32.DLL
0x00007ff83e9d0000 - 0x00007ff83e9dc000 	C:\Program Files\Java\jdk-15.0.1\bin\vcruntime140_1.dll
0x00007ff8360b0000 - 0x00007ff836141000 	C:\Program Files\Java\jdk-15.0.1\bin\msvcp140.dll
0x00007ff82c640000 - 0x00007ff82d19e000 	C:\Program Files\Java\jdk-15.0.1\bin\server\jvm.dll
0x00007ff8442a0000 - 0x00007ff8442a8000 	C:\Windows\System32\PSAPI.DLL
0x00007ff840300000 - 0x00007ff840309000 	C:\Windows\SYSTEM32\WSOCK32.dll
0x00007ff843ab0000 - 0x00007ff843b1f000 	C:\Windows\System32\WS2_32.dll
0x00007ff8401c0000 - 0x00007ff8401e4000 	C:\Windows\SYSTEM32\WINMM.dll
0x00007ff840190000 - 0x00007ff8401bd000 	C:\Windows\SYSTEM32\WINMMBASE.dll
0x00007ff842710000 - 0x00007ff84275a000 	C:\Windows\System32\cfgmgr32.dll
0x00007ff842340000 - 0x00007ff842351000 	C:\Windows\System32\kernel.appcore.dll
0x00007ff83e7e0000 - 0x00007ff83e7ea000 	C:\Program Files\Java\jdk-15.0.1\bin\jimage.dll
0x00007ff832ee0000 - 0x00007ff8330d4000 	C:\Windows\SYSTEM32\DBGHELP.DLL
0x00007ff832eb0000 - 0x00007ff832eda000 	C:\Windows\SYSTEM32\dbgcore.DLL
0x00007ff836bb0000 - 0x00007ff836bd5000 	C:\Program Files\Java\jdk-15.0.1\bin\java.dll
0x00007ff844590000 - 0x00007ff844c77000 	C:\Windows\System32\SHELL32.dll
0x00007ff845370000 - 0x00007ff845419000 	C:\Windows\System32\shcore.dll
0x00007ff842cb0000 - 0x00007ff843431000 	C:\Windows\System32\windows.storage.dll
0x00007ff842310000 - 0x00007ff842333000 	C:\Windows\System32\profapi.dll
0x00007ff842360000 - 0x00007ff8423aa000 	C:\Windows\System32\powrprof.dll
0x00007ff842300000 - 0x00007ff842310000 	C:\Windows\System32\UMPDC.dll
0x00007ff843b20000 - 0x00007ff843b72000 	C:\Windows\System32\shlwapi.dll
0x00007ff843440000 - 0x00007ff843457000 	C:\Windows\System32\cryptsp.dll
0x00007ff83a5a0000 - 0x00007ff83a5b9000 	C:\Program Files\Java\jdk-15.0.1\bin\net.dll
0x00007ff83a710000 - 0x00007ff83a800000 	C:\Windows\SYSTEM32\WINHTTP.dll
0x00007ff841b50000 - 0x00007ff841bb7000 	C:\Windows\system32\mswsock.dll
0x00007ff837070000 - 0x00007ff837082000 	C:\Program Files\Java\jdk-15.0.1\bin\nio.dll
0x00007ff836b90000 - 0x00007ff836ba8000 	C:\Program Files\Java\jdk-15.0.1\bin\zip.dll
0x00007ff83a570000 - 0x00007ff83a580000 	C:\Program Files\Java\jdk-15.0.1\bin\verify.dll
0x00007ff82f760000 - 0x00007ff82f787000 	C:\Users\Abdulla\.gradle\native\f6784746aeab05261644944871eae4fe03e0ef1612fff0a4a95f87b438bc6780\windows-amd64\native-platform.dll
0x00007ff836b80000 - 0x00007ff836b89000 	C:\Program Files\Java\jdk-15.0.1\bin\management.dll
0x00007ff8369b0000 - 0x00007ff8369bb000 	C:\Program Files\Java\jdk-15.0.1\bin\management_ext.dll
0x00007ff8416c0000 - 0x00007ff8416f3000 	C:\Windows\system32\rsaenh.dll
0x00007ff842760000 - 0x00007ff842786000 	C:\Windows\System32\bcrypt.dll
0x00007ff8421e0000 - 0x00007ff842205000 	C:\Windows\SYSTEM32\USERENV.dll
0x00007ff841d20000 - 0x00007ff841d2c000 	C:\Windows\SYSTEM32\CRYPTBASE.dll
0x00007ff841860000 - 0x00007ff84189a000 	C:\Windows\SYSTEM32\IPHLPAPI.DLL
0x00007ff845350000 - 0x00007ff845358000 	C:\Windows\System32\NSI.dll
0x00007ff83a9f0000 - 0x00007ff83aa06000 	C:\Windows\SYSTEM32\dhcpcsvc6.DLL
0x00007ff83ae30000 - 0x00007ff83ae4c000 	C:\Windows\SYSTEM32\dhcpcsvc.DLL
0x00007ff8418a0000 - 0x00007ff84196b000 	C:\Windows\SYSTEM32\DNSAPI.dll
0x00007ff83afe0000 - 0x00007ff83afeb000 	C:\Windows\SYSTEM32\WINNSI.DLL
0x00007ff841340000 - 0x00007ff841371000 	C:\Windows\SYSTEM32\ntmarta.dll
0x00007ff82eca0000 - 0x00007ff82ee20000 	C:\Program Files\Java\jdk-15.0.1\bin\awt.dll
0x00007ff844fc0000 - 0x00007ff845085000 	C:\Windows\System32\OLEAUT32.dll
0x00007ff8403a0000 - 0x00007ff84042f000 	C:\Windows\SYSTEM32\apphelp.dll
0x00007ff8409a0000 - 0x00007ff8409cd000 	C:\Windows\system32\DWMAPI.DLL
0x00007ff840620000 - 0x00007ff8406b9000 	C:\Windows\system32\uxtheme.dll
0x0000000066e00000 - 0x0000000066f03000 	C:\Users\Abdulla\AppData\Local\Temp\sqlite-3.25.2-c89141ff-f345-42c6-9d85-80266ca3b13b-sqlitejdbc.dll

dbghelp: loaded successfully - version: 4.0.5 - missing functions: none
symbol engine: initialized successfully - sym options: 0x614 - pdb path: .;C:\Program Files\Java\jdk-15.0.1\bin;C:\Windows\SYSTEM32;C:\Windows\WinSxS\amd64_microsoft.windows.common-controls_6595b64144ccf1df_6.0.18362.1256_none_9e7e379be45e40e2;C:\Program Files\Java\jdk-15.0.1\bin\server;C:\Users\Abdulla\.gradle\native\f6784746aeab05261644944871eae4fe03e0ef1612fff0a4a95f87b438bc6780\windows-amd64;C:\Users\Abdulla\AppData\Local\Temp

VM Arguments:
jvm_args: --add-opens=java.base/java.util=ALL-UNNAMED --add-opens=java.base/java.lang=ALL-UNNAMED --add-opens=java.base/java.lang.invoke=ALL-UNNAMED --add-opens=java.prefs/java.util.prefs=ALL-UNNAMED -Xmx2048m -Dfile.encoding=UTF-8 -Duser.country=US -Duser.language=en -Duser.variant 
java_command: org.gradle.launcher.daemon.bootstrap.GradleDaemon 6.5
java_class_path (initial): C:\Users\Abdulla\.gradle\wrapper\dists\gradle-6.5-all\2oz4ud9k3tuxjg84bbf55q0tn\gradle-6.5\lib\gradle-launcher-6.5.jar
Launcher Type: SUN_STANDARD

[Global flags]
     intx CICompilerCount                          = 2                                         {product} {ergonomic}
     uint ConcGCThreads                            = 1                                         {product} {ergonomic}
     uint G1ConcRefinementThreads                  = 2                                         {product} {ergonomic}
   size_t G1HeapRegionSize                         = 1048576                                   {product} {ergonomic}
    uintx GCDrainStackTargetSize                   = 64                                        {product} {ergonomic}
   size_t InitialHeapSize                          = 121634816                                 {product} {ergonomic}
   size_t MarkStackSize                            = 4194304                                   {product} {ergonomic}
   size_t MaxHeapSize                              = 2147483648                                {product} {command line}
   size_t MaxNewSize                               = 1287651328                                {product} {ergonomic}
   size_t MinHeapDeltaBytes                        = 1048576                                   {product} {ergonomic}
   size_t MinHeapSize                              = 8388608                                   {product} {ergonomic}
    uintx NonNMethodCodeHeapSize                   = 5826188                                {pd product} {ergonomic}
    uintx NonProfiledCodeHeapSize                  = 122916026                              {pd product} {ergonomic}
    uintx ProfiledCodeHeapSize                     = 122916026                              {pd product} {ergonomic}
    uintx ReservedCodeCacheSize                    = 251658240                              {pd product} {ergonomic}
     bool SegmentedCodeCache                       = true                                      {product} {ergonomic}
   size_t SoftMaxHeapSize                          = 2147483648                             {manageable} {ergonomic}
     bool UseCompressedClassPointers               = true                                 {lp64_product} {ergonomic}
     bool UseCompressedOops                        = true                                 {lp64_product} {ergonomic}
     bool UseG1GC                                  = true                                      {product} {ergonomic}
     bool UseLargePagesIndividualAllocation        = false                                  {pd product} {ergonomic}

Logging:
Log output configuration:
 #0: stdout all=warning uptime,level,tags
 #1: stderr all=off uptime,level,tags

Environment Variables:
JAVA_HOME=C:\Program Files\Java\jdk-15.0.1
PATH=C:\Program Files\Common Files\Oracle\Java\javapath;C:\Windows\system32;C:\Windows;C:\Windows\System32\Wbem;C:\Windows\System32\WindowsPowerShell\v1.0\;C:\Windows\System32\OpenSSH\;C:\Program Files (x86)\Microsoft SQL Server\120\DTS\Binn\;C:\Program Files (x86)\Microsoft SQL Server\Client SDK\ODBC\110\Tools\Binn\;C:\Program Files (x86)\Microsoft SQL Server\120\Tools\Binn\;C:\Program Files (x86)\Microsoft SQL Server\120\Tools\Binn\ManagementStudio\;C:\program Files\java\jdk-15.0.1\bin;C:\Users\Abdulla\AppData\Local\Microsoft\WindowsApps;
USERNAME=Abdulla
OS=Windows_NT
PROCESSOR_IDENTIFIER=AMD64 Family 21 Model 16 Stepping 1, AuthenticAMD



---------------  S Y S T E M  ---------------

OS:
 Windows 10 , 64 bit Build 18362 (10.0.18362.1110)
OS uptime: 3 days 4:37 hours

CPU: total 2 (initial active 2) (2 cores per cpu, 1 threads per core) family 21 model 16 stepping 1 microcode 0x0, cmov, cx8, fxsr, mmx, sse, sse2, sse3, ssse3, sse4.1, sse4.2, popcnt, vzeroupper, avx, aes, clmul, 3dnowpref, lzcnt, sse4a, tsc, tscinvbit, tscinv, bmi1, fma, clflush

Memory: 4k page, system-wide physical 7369M (494M free)
TotalPageFile size 7369M (AvailPageFile size 87M)
current process WorkingSet (physical memory assigned to process): 730M, peak: 738M
current process commit charge ("private bytes"): 756M, peak: 870M

vm_info: Java HotSpot(TM) 64-Bit Server VM (15.0.1+9-18) for windows-amd64 JRE (15.0.1+9-18), built on Sep 15 2020 14:43:54 by "mach5one" with unknown MS VC++:1925

END.
