#
# There is insufficient memory for the Java Runtime Environment to continue.
# Native memory allocation (mmap) failed to map 146800640 bytes for G1 virtual space
# Possible reasons:
#   The system is out of physical RAM or swap space
#   The process is running with CompressedOops enabled, and the Java Heap may be blocking the growth of the native heap
# Possible solutions:
#   Reduce memory load on the system
#   Increase physical memory or swap space
#   Check if swap backing store is full
#   Decrease Java heap size (-Xmx/-Xms)
#   Decrease number of Java threads
#   Decrease Java thread stack sizes (-Xss)
#   Set larger code cache with -XX:ReservedCodeCacheSize=
#   JVM is running with Unscaled Compressed Oops mode in which the Java heap is
#     placed in the first 4GB address space. The Java Heap base address is the
#     maximum limit for the native heap growth. Please use -XX:HeapBaseMinAddress
#     to set the Java Heap base and to place the Java Heap above 4GB virtual address.
# This output file may be truncated or incomplete.
#
#  Out of Memory Error (./open/src/hotspot/os/windows/os_windows.cpp:3472), pid=8308, tid=11664
#
# JRE version: Java(TM) SE Runtime Environment (15.0.1+9) (build 15.0.1+9-18)
# Java VM: Java HotSpot(TM) 64-Bit Server VM (15.0.1+9-18, mixed mode, sharing, tiered, compressed oops, g1 gc, windows-amd64)
# No core dump will be written. Minidumps are not enabled by default on client versions of Windows
#

---------------  S U M M A R Y ------------

Command Line: --add-opens=java.base/java.util=ALL-UNNAMED --add-opens=java.base/java.lang=ALL-UNNAMED --add-opens=java.base/java.lang.invoke=ALL-UNNAMED --add-opens=java.prefs/java.util.prefs=ALL-UNNAMED -Xmx2048m -Dfile.encoding=UTF-8 -Duser.country=US -Duser.language=en -Duser.variant org.gradle.launcher.daemon.bootstrap.GradleDaemon 6.5

Host: AMD A4-4300M APU with Radeon(tm) HD Graphics   , 2 cores, 7G,  Windows 10 , 64 bit Build 18362 (10.0.18362.1110)
Time: Thu Dec 31 21:47:39 2020 Egypt Standard Time elapsed time: 137.398638 seconds (0d 0h 2m 17s)

---------------  T H R E A D  ---------------

Current thread (0x000001417e56e670):  VMThread "VM Thread" [stack: 0x0000000370400000,0x0000000370500000] [id=11664]

Stack: [0x0000000370400000,0x0000000370500000]
[error occurred during error reporting (printing stack bounds), id 0xc0000005, EXCEPTION_ACCESS_VIOLATION (0xc0000005) at pc=0x00000141081610ad]

Native frames: (J=compiled Java code, j=interpreted, Vv=VM code, C=native code)
V  [jvm.dll+0x62ae9a]
V  [jvm.dll+0x781389]
V  [jvm.dll+0x782ae3]
V  [jvm.dll+0x7830a5]
V  [jvm.dll+0x78305b]
V  [jvm.dll+0x62a2b9]
V  [jvm.dll+0x62aa88]
C  [ntdll.dll+0xa184f]
C  [ntdll.dll+0x6a889]
C  [ntdll.dll+0xa04be]
C  0x00000141081610ad

VM_Operation (0x00000003725fc6e0): G1TryInitiateConcMark, mode: safepoint, requested by thread 0x000001411ecf6cc0


---------------  P R O C E S S  ---------------

Threads class SMR info:
_java_thread_list=0x000001411eba7ad0, length=47, elements={
0x000001417e4a1390, 0x000001417f0ff970, 0x000001417f102c00, 0x000001417f11b9b0,
0x000001417f1212a0, 0x000001417f121b60, 0x000001417f122750, 0x000001417f1288d0,
0x000001417f129970, 0x000001417fb493b0, 0x000001417fb5f110, 0x000001411e1291f0,
0x000001411e120460, 0x000001411dbec500, 0x000001411e5c2050, 0x000001411e020100,
0x000001411e188f90, 0x000001411e2d6040, 0x000001411e2dc050, 0x000001411ea396a0,
0x000001411ea3a510, 0x000001411ea3a9e0, 0x000001411ea379c0, 0x000001411ea38830,
0x000001411ea38d00, 0x0000014120c43230, 0x0000014120c488d0, 0x0000014120c42d60,
0x0000014120c44a40, 0x0000014120c44570, 0x0000014120c453e0, 0x000001411ecf7190,
0x000001411ecf6320, 0x000001411ecfcd00, 0x000001411ecf89a0, 0x000001411ecf67f0,
0x000001411f672e80, 0x000001411f6776b0, 0x000001411f672010, 0x000001411f674b60,
0x000001411f675ea0, 0x000001411f676840, 0x000001411f678050, 0x000001411f675500,
0x000001411f6789f0, 0x000001411ecf6cc0, 0x0000014120c47f30
}

Java Threads: ( => current thread )
  0x000001417e4a1390 JavaThread "main" [_thread_blocked, id=11356, stack(0x000000036fe00000,0x000000036ff00000)]
  0x000001417f0ff970 JavaThread "Reference Handler" daemon [_thread_blocked, id=1456, stack(0x0000000370500000,0x0000000370600000)]
  0x000001417f102c00 JavaThread "Finalizer" daemon [_thread_blocked, id=5332, stack(0x0000000370600000,0x0000000370700000)]
  0x000001417f11b9b0 JavaThread "Signal Dispatcher" daemon [_thread_blocked, id=832, stack(0x0000000370700000,0x0000000370800000)]
  0x000001417f1212a0 JavaThread "Attach Listener" daemon [_thread_blocked, id=4752, stack(0x0000000370800000,0x0000000370900000)]
  0x000001417f121b60 JavaThread "Service Thread" daemon [_thread_blocked, id=2928, stack(0x0000000370900000,0x0000000370a00000)]
  0x000001417f122750 JavaThread "C2 CompilerThread0" daemon [_thread_blocked, id=8272, stack(0x0000000370a00000,0x0000000370b00000)]
  0x000001417f1288d0 JavaThread "C1 CompilerThread0" daemon [_thread_blocked, id=7104, stack(0x0000000370b00000,0x0000000370c00000)]
  0x000001417f129970 JavaThread "Sweeper thread" daemon [_thread_blocked, id=9308, stack(0x0000000370c00000,0x0000000370d00000)]
  0x000001417fb493b0 JavaThread "Common-Cleaner" daemon [_thread_blocked, id=10824, stack(0x0000000370d00000,0x0000000370e00000)]
  0x000001417fb5f110 JavaThread "Notification Thread" daemon [_thread_blocked, id=9176, stack(0x0000000370e00000,0x0000000370f00000)]
  0x000001411e1291f0 JavaThread "Daemon health stats" [_thread_blocked, id=476, stack(0x0000000371100000,0x0000000371200000)]
  0x000001411e120460 JavaThread "Incoming local TCP Connector on port 63450" [_thread_in_native, id=6716, stack(0x0000000371400000,0x0000000371500000)]
  0x000001411dbec500 JavaThread "Daemon periodic checks" [_thread_blocked, id=3732, stack(0x0000000371500000,0x0000000371600000)]
  0x000001411e5c2050 JavaThread "Daemon" [_thread_blocked, id=452, stack(0x0000000371600000,0x0000000371700000)]
  0x000001411e020100 JavaThread "Handler for socket connection from /127.0.0.1:63450 to /127.0.0.1:63451" [_thread_in_native, id=776, stack(0x0000000371700000,0x0000000371800000)]
  0x000001411e188f90 JavaThread "Cancel handler" [_thread_blocked, id=2208, stack(0x0000000371800000,0x0000000371900000)]
  0x000001411e2d6040 JavaThread "Daemon worker" [_thread_blocked, id=3316, stack(0x0000000371900000,0x0000000371a00000)]
  0x000001411e2dc050 JavaThread "Asynchronous log dispatcher for DefaultDaemonConnection: socket connection from /127.0.0.1:63450 to /127.0.0.1:63451" [_thread_blocked, id=10480, stack(0x0000000371a00000,0x0000000371b00000)]
  0x000001411ea396a0 JavaThread "Thread-8" [_thread_blocked, id=3384, stack(0x0000000371c00000,0x0000000371d00000)]
  0x000001411ea3a510 JavaThread "Cache worker for journal cache (C:\Users\Abdulla\.gradle\caches\journal-1)" [_thread_blocked, id=1448, stack(0x0000000371d00000,0x0000000371e00000)]
  0x000001411ea3a9e0 JavaThread "File lock request listener" [_thread_in_native, id=11328, stack(0x0000000371e00000,0x0000000371f00000)]
  0x000001411ea379c0 JavaThread "Cache worker for file hash cache (C:\Users\Abdulla\.gradle\caches\6.5\fileHashes)" [_thread_blocked, id=2664, stack(0x0000000371f00000,0x0000000372000000)]
  0x000001411ea38830 JavaThread "Cache worker for file hash cache (E:\newProjects\ERPInventory\.gradle\6.5\fileHashes)" [_thread_blocked, id=9784, stack(0x0000000372000000,0x0000000372100000)]
  0x000001411ea38d00 JavaThread "Cache worker for checksums cache (E:\newProjects\ERPInventory\.gradle\checksums)" [_thread_blocked, id=11892, stack(0x0000000372100000,0x0000000372200000)]
  0x0000014120c43230 JavaThread "Cache worker for cache directory md-supplier (C:\Users\Abdulla\.gradle\caches\6.5\md-supplier)" [_thread_blocked, id=10052, stack(0x0000000372200000,0x0000000372300000)]
  0x0000014120c488d0 JavaThread "Cache worker for cache directory md-rule (C:\Users\Abdulla\.gradle\caches\6.5\md-rule)" [_thread_blocked, id=10308, stack(0x0000000372300000,0x0000000372400000)]
  0x0000014120c42d60 JavaThread "Cache worker for execution history cache (C:\Users\Abdulla\.gradle\caches\6.5\executionHistory)" [_thread_blocked, id=8672, stack(0x0000000372400000,0x0000000372500000)]
  0x0000014120c44a40 JavaThread "Cache worker for file content cache (C:\Users\Abdulla\.gradle\caches\6.5\fileContent)" [_thread_blocked, id=6116, stack(0x0000000372600000,0x0000000372700000)]
  0x0000014120c44570 JavaThread "Build operations" [_thread_blocked, id=6724, stack(0x0000000372700000,0x0000000372800000)]
  0x0000014120c453e0 JavaThread "Build operations Thread 2" [_thread_blocked, id=4432, stack(0x0000000372800000,0x0000000372900000)]
  0x000001411ecf7190 JavaThread "Cache worker for Build Output Cleanup Cache (E:\newProjects\ERPInventory\.gradle\buildOutputCleanup)" [_thread_blocked, id=60, stack(0x0000000378400000,0x0000000378500000)]
  0x000001411ecf6320 JavaThread "Memory manager" [_thread_blocked, id=12180, stack(0x0000000378500000,0x0000000378600000)]
  0x000001411ecfcd00 JavaThread "Cache worker for file content cache (E:\newProjects\ERPInventory\.gradle\6.5\fileContent)" [_thread_blocked, id=2964, stack(0x0000000378600000,0x0000000378700000)]
  0x000001411ecf89a0 JavaThread "Execution worker for ':'" [_thread_blocked, id=10132, stack(0x0000000378700000,0x0000000378800000)]
  0x000001411ecf67f0 JavaThread "Cache worker for execution history cache (E:\newProjects\ERPInventory\.gradle\6.5\executionHistory)" [_thread_blocked, id=1516, stack(0x0000000378800000,0x0000000378900000)]
  0x000001411f672e80 JavaThread "Java2D Disposer" daemon [_thread_blocked, id=6780, stack(0x0000000378b00000,0x0000000378c00000)]
  0x000001411f6776b0 JavaThread "pool-2-thread-1" [_thread_blocked, id=9320, stack(0x0000000378c00000,0x0000000378d00000)]
  0x000001411f672010 JavaThread "stderr" [_thread_in_native, id=12056, stack(0x0000000378d00000,0x0000000378e00000)]
  0x000001411f674b60 JavaThread "stdout" [_thread_in_native, id=7372, stack(0x0000000378e00000,0x0000000378f00000)]
  0x000001411f675ea0 JavaThread "stderr" [_thread_in_native, id=1800, stack(0x0000000378f00000,0x0000000379000000)]
  0x000001411f676840 JavaThread "stdout" [_thread_in_native, id=10312, stack(0x0000000379000000,0x0000000379100000)]
  0x000001411f678050 JavaThread "WorkerExecutor Queue Thread 3" [_thread_blocked, id=8748, stack(0x0000000379100000,0x0000000379200000)]
  0x000001411f675500 JavaThread "Cache worker for Java compile cache (C:\Users\Abdulla\.gradle\caches\6.5\javaCompile)" [_thread_blocked, id=11560, stack(0x000000036fd00000,0x000000036fe00000)]
  0x000001411f6789f0 JavaThread "Cache worker for Java compile cache (E:\newProjects\ERPInventory\.gradle\6.5\javaCompile)" [_thread_blocked, id=4152, stack(0x0000000371b00000,0x0000000371c00000)]
  0x000001411ecf6cc0 JavaThread "WorkerExecutor Queue Thread 5" [_thread_blocked, id=9744, stack(0x0000000372500000,0x0000000372600000)]
  0x0000014120c47f30 JavaThread "ForkJoinPool.commonPool-worker-3" daemon [_thread_blocked, id=5192, stack(0x0000000372900000,0x0000000372a00000)]

Other Threads:
=>0x000001417e56e670 VMThread "VM Thread" [stack: 0x0000000370400000,0x0000000370500000] [id=11664]
  0x000001417fb66610 WatcherThread [stack: 0x0000000370f00000,0x0000000371000000] [id=4808]
  0x000001417e4de500 GCTaskThread "GC Thread#0" [stack: 0x000000036ff00000,0x0000000370000000] [id=7292]
  0x000001417fc8f050 GCTaskThread "GC Thread#1" [stack: 0x0000000371000000,0x0000000371100000] [id=8712]
  0x000001417e4f0e90 ConcurrentGCThread "G1 Main Marker" [stack: 0x0000000370000000,0x0000000370100000] [id=6252]
  0x000001417e4f2a20 ConcurrentGCThread "G1 Conc#0" [stack: 0x0000000370100000,0x0000000370200000] [id=5820]
  0x000001417e54fd30 ConcurrentGCThread "G1 Refine#0" [stack: 0x0000000370200000,0x0000000370300000] [id=8400]
  0x000001411f6c4ec0 ConcurrentGCThread "G1 Refine#1" [stack: 0x000000036fc00000,0x000000036fd00000] [id=12080]
  0x000001417e550840 ConcurrentGCThread "G1 Young RemSet Sampling" [stack: 0x0000000370300000,0x0000000370400000] [id=8420]

Threads with active compile tasks:

VM state: at safepoint (normal execution)

VM Mutex/Monitor currently owned by a thread:  ([mutex/lock_event])
[0x000001417e49cd40] Threads_lock - owner thread: 0x000001417e56e670
[0x000001417e49ce60] Heap_lock - owner thread: 0x000001411ecf6cc0

Heap address: 0x0000000080000000, size: 2048 MB, Compressed Oops mode: 32-bit
CDS archive(s) mapped at: [0x0000000800000000-0x0000000800b50000-0x0000000800b50000), size 11862016, SharedBaseAddress: 0x0000000800000000, ArchiveRelocationMode: 0.
Compressed class space mapped at: 0x0000000800b50000-0x0000000840b50000, size: 1073741824
Narrow klass base: 0x0000000800000000, Narrow klass shift: 3, Narrow klass range: 0x100000000

GC Precious Log:
 CPUs: 2 total, 2 available
 Memory: 7369M
 Large Page Support: Disabled
 NUMA Support: Disabled
 Compressed Oops: Enabled (32-bit)
 Heap Region Size: 1M
 Heap Min Capacity: 8M
 Heap Initial Capacity: 116M
 Heap Max Capacity: 2G
 Pre-touch: Disabled
 Parallel Workers: 2
 Concurrent Workers: 1
 Concurrent Refinement Workers: 2
 Periodic GC: Disabled

Heap:
 garbage-first heap   total 539648K, used 217600K [0x0000000080000000, 0x0000000100000000)
  region size 1024K, 10 young (10240K), 10 survivors (10240K)
 Metaspace       used 118740K, capacity 120242K, committed 120444K, reserved 1155072K
  class space    used 14638K, capacity 15073K, committed 15228K, reserved 1048576K

Heap Regions: E=young(eden), S=young(survivor), O=old, HS=humongous(starts), HC=humongous(continues), CS=collection set, F=free, OA=open archive, CA=closed archive, TAMS=top-at-mark-start (previous, next)
|   0|0x0000000080000000, 0x0000000080100000, 0x0000000080100000|100%| O|  |TAMS 0x0000000080100000, 0x0000000080100000| Untracked 
|   1|0x0000000080100000, 0x0000000080200000, 0x0000000080200000|100%| O|  |TAMS 0x0000000080200000, 0x0000000080200000| Untracked 
|   2|0x0000000080200000, 0x0000000080300000, 0x0000000080300000|100%| O|  |TAMS 0x0000000080300000, 0x0000000080300000| Untracked 
|   3|0x0000000080300000, 0x0000000080400000, 0x0000000080400000|100%| O|  |TAMS 0x0000000080400000, 0x0000000080400000| Untracked 
|   4|0x0000000080400000, 0x0000000080500000, 0x0000000080500000|100%|HS|  |TAMS 0x0000000080500000, 0x0000000080500000| Complete 
|   5|0x0000000080500000, 0x0000000080600000, 0x0000000080600000|100%|HC|  |TAMS 0x0000000080600000, 0x0000000080600000| Complete 
|   6|0x0000000080600000, 0x0000000080700000, 0x0000000080700000|100%|HC|  |TAMS 0x0000000080700000, 0x0000000080700000| Complete 
|   7|0x0000000080700000, 0x0000000080800000, 0x0000000080800000|100%| O|  |TAMS 0x0000000080800000, 0x0000000080800000| Untracked 
|   8|0x0000000080800000, 0x0000000080900000, 0x0000000080900000|100%| O|  |TAMS 0x0000000080900000, 0x0000000080900000| Untracked 
|   9|0x0000000080900000, 0x0000000080a00000, 0x0000000080a00000|100%| O|  |TAMS 0x0000000080a00000, 0x0000000080a00000| Untracked 
|  10|0x0000000080a00000, 0x0000000080b00000, 0x0000000080b00000|100%| O|  |TAMS 0x0000000080b00000, 0x0000000080b00000| Untracked 
|  11|0x0000000080b00000, 0x0000000080c00000, 0x0000000080c00000|100%| O|  |TAMS 0x0000000080c00000, 0x0000000080c00000| Untracked 
|  12|0x0000000080c00000, 0x0000000080d00000, 0x0000000080d00000|100%| O|  |TAMS 0x0000000080c00000, 0x0000000080d00000| Untracked 
|  13|0x0000000080d00000, 0x0000000080e00000, 0x0000000080e00000|100%| O|  |TAMS 0x0000000080e00000, 0x0000000080e00000| Untracked 
|  14|0x0000000080e00000, 0x0000000080f00000, 0x0000000080f00000|100%| O|  |TAMS 0x0000000080f00000, 0x0000000080f00000| Untracked 
|  15|0x0000000080f00000, 0x0000000081000000, 0x0000000081000000|100%| O|  |TAMS 0x0000000081000000, 0x0000000081000000| Untracked 
|  16|0x0000000081000000, 0x0000000081100000, 0x0000000081100000|100%| O|  |TAMS 0x0000000081100000, 0x0000000081100000| Untracked 
|  17|0x0000000081100000, 0x0000000081200000, 0x0000000081200000|100%| O|  |TAMS 0x0000000081200000, 0x0000000081200000| Untracked 
|  18|0x0000000081200000, 0x0000000081300000, 0x0000000081300000|100%| O|  |TAMS 0x0000000081300000, 0x0000000081300000| Untracked 
|  19|0x0000000081300000, 0x0000000081400000, 0x0000000081400000|100%| O|  |TAMS 0x0000000081400000, 0x0000000081400000| Untracked 
|  20|0x0000000081400000, 0x0000000081500000, 0x0000000081500000|100%| O|  |TAMS 0x0000000081500000, 0x0000000081500000| Untracked 
|  21|0x0000000081500000, 0x0000000081600000, 0x0000000081600000|100%| O|  |TAMS 0x0000000081600000, 0x0000000081600000| Untracked 
|  22|0x0000000081600000, 0x0000000081700000, 0x0000000081700000|100%|HS|  |TAMS 0x0000000081700000, 0x0000000081700000| Complete 
|  23|0x0000000081700000, 0x0000000081800000, 0x0000000081800000|100%|HS|  |TAMS 0x0000000081800000, 0x0000000081800000| Complete 
|  24|0x0000000081800000, 0x0000000081900000, 0x0000000081900000|100%|HC|  |TAMS 0x0000000081900000, 0x0000000081900000| Complete 
|  25|0x0000000081900000, 0x0000000081a00000, 0x0000000081a00000|100%| O|  |TAMS 0x0000000081a00000, 0x0000000081a00000| Untracked 
|  26|0x0000000081a00000, 0x0000000081b00000, 0x0000000081b00000|100%| O|  |TAMS 0x0000000081b00000, 0x0000000081b00000| Untracked 
|  27|0x0000000081b00000, 0x0000000081c00000, 0x0000000081c00000|100%| O|  |TAMS 0x0000000081c00000, 0x0000000081c00000| Untracked 
|  28|0x0000000081c00000, 0x0000000081d00000, 0x0000000081d00000|100%| O|  |TAMS 0x0000000081d00000, 0x0000000081d00000| Untracked 
|  29|0x0000000081d00000, 0x0000000081e00000, 0x0000000081e00000|100%| O|  |TAMS 0x0000000081e00000, 0x0000000081e00000| Untracked 
|  30|0x0000000081e00000, 0x0000000081f00000, 0x0000000081f00000|100%| O|  |TAMS 0x0000000081f00000, 0x0000000081f00000| Untracked 
|  31|0x0000000081f00000, 0x0000000082000000, 0x0000000082000000|100%| O|  |TAMS 0x0000000082000000, 0x0000000082000000| Untracked 
|  32|0x0000000082000000, 0x0000000082100000, 0x0000000082100000|100%| O|  |TAMS 0x0000000082100000, 0x0000000082100000| Untracked 
|  33|0x0000000082100000, 0x0000000082200000, 0x0000000082200000|100%| O|  |TAMS 0x0000000082100000, 0x0000000082200000| Untracked 
|  34|0x0000000082200000, 0x0000000082300000, 0x0000000082300000|100%| O|  |TAMS 0x0000000082200000, 0x0000000082300000| Untracked 
|  35|0x0000000082300000, 0x0000000082400000, 0x0000000082400000|100%| O|  |TAMS 0x0000000082400000, 0x0000000082400000| Untracked 
|  36|0x0000000082400000, 0x0000000082500000, 0x0000000082500000|100%| O|  |TAMS 0x0000000082500000, 0x0000000082500000| Untracked 
|  37|0x0000000082500000, 0x0000000082600000, 0x0000000082600000|100%| O|  |TAMS 0x0000000082600000, 0x0000000082600000| Untracked 
|  38|0x0000000082600000, 0x0000000082700000, 0x0000000082700000|100%| O|  |TAMS 0x0000000082700000, 0x0000000082700000| Untracked 
|  39|0x0000000082700000, 0x0000000082800000, 0x0000000082800000|100%| O|  |TAMS 0x0000000082800000, 0x0000000082800000| Untracked 
|  40|0x0000000082800000, 0x0000000082900000, 0x0000000082900000|100%| O|  |TAMS 0x0000000082900000, 0x0000000082900000| Untracked 
|  41|0x0000000082900000, 0x0000000082a00000, 0x0000000082a00000|100%| O|  |TAMS 0x0000000082a00000, 0x0000000082a00000| Untracked 
|  42|0x0000000082a00000, 0x0000000082b00000, 0x0000000082b00000|100%| O|  |TAMS 0x0000000082b00000, 0x0000000082b00000| Untracked 
|  43|0x0000000082b00000, 0x0000000082c00000, 0x0000000082c00000|100%| O|  |TAMS 0x0000000082c00000, 0x0000000082c00000| Untracked 
|  44|0x0000000082c00000, 0x0000000082d00000, 0x0000000082d00000|100%| O|  |TAMS 0x0000000082d00000, 0x0000000082d00000| Untracked 
|  45|0x0000000082d00000, 0x0000000082e00000, 0x0000000082e00000|100%| O|  |TAMS 0x0000000082e00000, 0x0000000082e00000| Untracked 
|  46|0x0000000082e00000, 0x0000000082f00000, 0x0000000082f00000|100%| O|  |TAMS 0x0000000082f00000, 0x0000000082f00000| Untracked 
|  47|0x0000000082f00000, 0x0000000083000000, 0x0000000083000000|100%| O|  |TAMS 0x0000000083000000, 0x0000000083000000| Untracked 
|  48|0x0000000083000000, 0x0000000083100000, 0x0000000083100000|100%| O|  |TAMS 0x0000000083100000, 0x0000000083100000| Untracked 
|  49|0x0000000083100000, 0x0000000083200000, 0x0000000083200000|100%| O|  |TAMS 0x0000000083200000, 0x0000000083200000| Untracked 
|  50|0x0000000083200000, 0x0000000083300000, 0x0000000083300000|100%| O|  |TAMS 0x0000000083300000, 0x0000000083300000| Untracked 
|  51|0x0000000083300000, 0x0000000083400000, 0x0000000083400000|100%| O|  |TAMS 0x0000000083400000, 0x0000000083400000| Untracked 
|  52|0x0000000083400000, 0x0000000083500000, 0x0000000083500000|100%| O|  |TAMS 0x0000000083500000, 0x0000000083500000| Untracked 
|  53|0x0000000083500000, 0x0000000083600000, 0x0000000083600000|100%| O|  |TAMS 0x0000000083500000, 0x0000000083600000| Untracked 
|  54|0x0000000083600000, 0x0000000083700000, 0x0000000083700000|100%| O|  |TAMS 0x0000000083700000, 0x0000000083700000| Untracked 
|  55|0x0000000083700000, 0x0000000083800000, 0x0000000083800000|100%| O|  |TAMS 0x0000000083800000, 0x0000000083800000| Untracked 
|  56|0x0000000083800000, 0x0000000083900000, 0x0000000083900000|100%|HS|  |TAMS 0x0000000083900000, 0x0000000083900000| Complete 
|  57|0x0000000083900000, 0x0000000083a00000, 0x0000000083a00000|100%|HC|  |TAMS 0x0000000083a00000, 0x0000000083a00000| Complete 
|  58|0x0000000083a00000, 0x0000000083b00000, 0x0000000083b00000|100%| O|  |TAMS 0x0000000083b00000, 0x0000000083b00000| Untracked 
|  59|0x0000000083b00000, 0x0000000083c00000, 0x0000000083c00000|100%| O|  |TAMS 0x0000000083b00000, 0x0000000083c00000| Untracked 
|  60|0x0000000083c00000, 0x0000000083d00000, 0x0000000083d00000|100%| O|  |TAMS 0x0000000083c00000, 0x0000000083d00000| Untracked 
|  61|0x0000000083d00000, 0x0000000083e00000, 0x0000000083e00000|100%| O|  |TAMS 0x0000000083d00000, 0x0000000083e00000| Untracked 
|  62|0x0000000083e00000, 0x0000000083f00000, 0x0000000083f00000|100%| O|  |TAMS 0x0000000083f00000, 0x0000000083f00000| Untracked 
|  63|0x0000000083f00000, 0x0000000084000000, 0x0000000084000000|100%| O|  |TAMS 0x0000000084000000, 0x0000000084000000| Untracked 
|  64|0x0000000084000000, 0x0000000084100000, 0x0000000084100000|100%| O|  |TAMS 0x0000000084100000, 0x0000000084100000| Untracked 
|  65|0x0000000084100000, 0x0000000084200000, 0x0000000084200000|100%| O|  |TAMS 0x0000000084200000, 0x0000000084200000| Untracked 
|  66|0x0000000084200000, 0x0000000084300000, 0x0000000084300000|100%| O|  |TAMS 0x0000000084300000, 0x0000000084300000| Untracked 
|  67|0x0000000084300000, 0x0000000084400000, 0x0000000084400000|100%| O|  |TAMS 0x0000000084300000, 0x0000000084400000| Untracked 
|  68|0x0000000084400000, 0x0000000084500000, 0x0000000084500000|100%| O|  |TAMS 0x0000000084500000, 0x0000000084500000| Untracked 
|  69|0x0000000084500000, 0x0000000084600000, 0x0000000084600000|100%| O|  |TAMS 0x0000000084600000, 0x0000000084600000| Untracked 
|  70|0x0000000084600000, 0x0000000084700000, 0x0000000084700000|100%| O|  |TAMS 0x0000000084600000, 0x0000000084700000| Untracked 
|  71|0x0000000084700000, 0x0000000084800000, 0x0000000084800000|100%| O|  |TAMS 0x0000000084700000, 0x0000000084800000| Untracked 
|  72|0x0000000084800000, 0x0000000084900000, 0x0000000084900000|100%| O|  |TAMS 0x0000000084900000, 0x0000000084900000| Untracked 
|  73|0x0000000084900000, 0x0000000084a00000, 0x0000000084a00000|100%| O|  |TAMS 0x0000000084900000, 0x0000000084a00000| Untracked 
|  74|0x0000000084a00000, 0x0000000084b00000, 0x0000000084b00000|100%|HS|  |TAMS 0x0000000084a00000, 0x0000000084b00000| Complete 
|  75|0x0000000084b00000, 0x0000000084c00000, 0x0000000084c00000|100%|HC|  |TAMS 0x0000000084b00000, 0x0000000084c00000| Complete 
|  76|0x0000000084c00000, 0x0000000084d00000, 0x0000000084d00000|100%| O|  |TAMS 0x0000000084c00000, 0x0000000084d00000| Untracked 
|  77|0x0000000084d00000, 0x0000000084e00000, 0x0000000084e00000|100%| O|  |TAMS 0x0000000084d00000, 0x0000000084e00000| Untracked 
|  78|0x0000000084e00000, 0x0000000084f00000, 0x0000000084f00000|100%| O|  |TAMS 0x0000000084e00000, 0x0000000084f00000| Untracked 
|  79|0x0000000084f00000, 0x0000000085000000, 0x0000000085000000|100%| O|  |TAMS 0x0000000084f00000, 0x0000000085000000| Untracked 
|  80|0x0000000085000000, 0x0000000085100000, 0x0000000085100000|100%| O|  |TAMS 0x0000000085100000, 0x0000000085100000| Untracked 
|  81|0x0000000085100000, 0x0000000085200000, 0x0000000085200000|100%| O|  |TAMS 0x0000000085100000, 0x0000000085200000| Untracked 
|  82|0x0000000085200000, 0x0000000085300000, 0x0000000085300000|100%| O|  |TAMS 0x0000000085300000, 0x0000000085300000| Untracked 
|  83|0x0000000085300000, 0x0000000085400000, 0x0000000085400000|100%| O|  |TAMS 0x0000000085400000, 0x0000000085400000| Untracked 
|  84|0x0000000085400000, 0x0000000085500000, 0x0000000085500000|100%| O|  |TAMS 0x0000000085500000, 0x0000000085500000| Untracked 
|  85|0x0000000085500000, 0x0000000085600000, 0x0000000085600000|100%| O|  |TAMS 0x0000000085600000, 0x0000000085600000| Untracked 
|  86|0x0000000085600000, 0x0000000085700000, 0x0000000085700000|100%| O|  |TAMS 0x0000000085600000, 0x0000000085700000| Untracked 
|  87|0x0000000085700000, 0x0000000085800000, 0x0000000085800000|100%| O|  |TAMS 0x0000000085700000, 0x0000000085800000| Untracked 
|  88|0x0000000085800000, 0x0000000085900000, 0x0000000085900000|100%| O|  |TAMS 0x0000000085800000, 0x0000000085900000| Untracked 
|  89|0x0000000085900000, 0x0000000085a00000, 0x0000000085a00000|100%| O|  |TAMS 0x0000000085900000, 0x0000000085a00000| Untracked 
|  90|0x0000000085a00000, 0x0000000085b00000, 0x0000000085b00000|100%| O|  |TAMS 0x0000000085b00000, 0x0000000085b00000| Untracked 
|  91|0x0000000085b00000, 0x0000000085c00000, 0x0000000085c00000|100%| O|  |TAMS 0x0000000085c00000, 0x0000000085c00000| Untracked 
|  92|0x0000000085c00000, 0x0000000085d00000, 0x0000000085d00000|100%| O|  |TAMS 0x0000000085d00000, 0x0000000085d00000| Untracked 
|  93|0x0000000085d00000, 0x0000000085e00000, 0x0000000085e00000|100%| O|  |TAMS 0x0000000085e00000, 0x0000000085e00000| Untracked 
|  94|0x0000000085e00000, 0x0000000085f00000, 0x0000000085f00000|100%| O|  |TAMS 0x0000000085f00000, 0x0000000085f00000| Untracked 
|  95|0x0000000085f00000, 0x0000000086000000, 0x0000000086000000|100%| O|  |TAMS 0x0000000086000000, 0x0000000086000000| Untracked 
|  96|0x0000000086000000, 0x0000000086100000, 0x0000000086100000|100%| O|  |TAMS 0x0000000086100000, 0x0000000086100000| Untracked 
|  97|0x0000000086100000, 0x0000000086200000, 0x0000000086200000|100%| O|  |TAMS 0x0000000086200000, 0x0000000086200000| Untracked 
|  98|0x0000000086200000, 0x0000000086300000, 0x0000000086300000|100%| O|  |TAMS 0x0000000086300000, 0x0000000086300000| Untracked 
|  99|0x0000000086300000, 0x0000000086400000, 0x0000000086400000|100%| O|  |TAMS 0x0000000086400000, 0x0000000086400000| Untracked 
| 100|0x0000000086400000, 0x0000000086500000, 0x0000000086500000|100%| O|  |TAMS 0x0000000086500000, 0x0000000086500000| Untracked 
| 101|0x0000000086500000, 0x0000000086600000, 0x0000000086600000|100%| O|  |TAMS 0x0000000086600000, 0x0000000086600000| Untracked 
| 102|0x0000000086600000, 0x0000000086700000, 0x0000000086700000|100%| O|  |TAMS 0x0000000086700000, 0x0000000086700000| Untracked 
| 103|0x0000000086700000, 0x0000000086800000, 0x0000000086800000|100%| O|  |TAMS 0x0000000086800000, 0x0000000086800000| Untracked 
| 104|0x0000000086800000, 0x0000000086900000, 0x0000000086900000|100%| O|  |TAMS 0x0000000086900000, 0x0000000086900000| Untracked 
| 105|0x0000000086900000, 0x0000000086a00000, 0x0000000086a00000|100%| O|  |TAMS 0x0000000086a00000, 0x0000000086a00000| Untracked 
| 106|0x0000000086a00000, 0x0000000086b00000, 0x0000000086b00000|100%| O|  |TAMS 0x0000000086b00000, 0x0000000086b00000| Untracked 
| 107|0x0000000086b00000, 0x0000000086c00000, 0x0000000086c00000|100%| O|  |TAMS 0x0000000086c00000, 0x0000000086c00000| Untracked 
| 108|0x0000000086c00000, 0x0000000086d00000, 0x0000000086d00000|100%| O|  |TAMS 0x0000000086d00000, 0x0000000086d00000| Untracked 
| 109|0x0000000086d00000, 0x0000000086e00000, 0x0000000086e00000|100%| O|  |TAMS 0x0000000086e00000, 0x0000000086e00000| Untracked 
| 110|0x0000000086e00000, 0x0000000086e80000, 0x0000000086f00000| 50%| O|  |TAMS 0x0000000086e80000, 0x0000000086e80000| Untracked 
| 111|0x0000000086f00000, 0x0000000087000000, 0x0000000087000000|100%| O|  |TAMS 0x0000000086f00000, 0x0000000087000000| Untracked 
| 112|0x0000000087000000, 0x0000000087100000, 0x0000000087100000|100%| O|  |TAMS 0x0000000087000000, 0x0000000087100000| Untracked 
| 113|0x0000000087100000, 0x0000000087200000, 0x0000000087200000|100%| O|  |TAMS 0x0000000087200000, 0x0000000087200000| Untracked 
| 114|0x0000000087200000, 0x0000000087300000, 0x0000000087300000|100%| O|  |TAMS 0x0000000087200000, 0x0000000087300000| Untracked 
| 115|0x0000000087300000, 0x0000000087400000, 0x0000000087400000|100%| O|  |TAMS 0x0000000087300000, 0x0000000087400000| Untracked 
| 116|0x0000000087400000, 0x0000000087500000, 0x0000000087500000|100%| O|  |TAMS 0x0000000087400000, 0x0000000087500000| Untracked 
| 117|0x0000000087500000, 0x0000000087600000, 0x0000000087600000|100%| O|  |TAMS 0x0000000087500000, 0x0000000087600000| Untracked 
| 118|0x0000000087600000, 0x0000000087700000, 0x0000000087700000|100%| O|  |TAMS 0x0000000087600000, 0x0000000087700000| Untracked 
| 119|0x0000000087700000, 0x0000000087800000, 0x0000000087800000|100%| O|  |TAMS 0x0000000087700000, 0x0000000087800000| Untracked 
| 120|0x0000000087800000, 0x0000000087900000, 0x0000000087900000|100%| O|  |TAMS 0x0000000087800000, 0x0000000087900000| Untracked 
| 121|0x0000000087900000, 0x0000000087a00000, 0x0000000087a00000|100%| O|  |TAMS 0x0000000087900000, 0x0000000087a00000| Untracked 
| 122|0x0000000087a00000, 0x0000000087b00000, 0x0000000087b00000|100%| O|  |TAMS 0x0000000087a00000, 0x0000000087b00000| Untracked 
| 123|0x0000000087b00000, 0x0000000087c00000, 0x0000000087c00000|100%|HS|  |TAMS 0x0000000087b00000, 0x0000000087c00000| Complete 
| 124|0x0000000087c00000, 0x0000000087d00000, 0x0000000087d00000|100%| O|  |TAMS 0x0000000087c00000, 0x0000000087d00000| Untracked 
| 125|0x0000000087d00000, 0x0000000087e00000, 0x0000000087e00000|100%| O|  |TAMS 0x0000000087d00000, 0x0000000087e00000| Untracked 
| 126|0x0000000087e00000, 0x0000000087f00000, 0x0000000087f00000|100%| O|  |TAMS 0x0000000087e00000, 0x0000000087f00000| Untracked 
| 127|0x0000000087f00000, 0x0000000088000000, 0x0000000088000000|100%| O|  |TAMS 0x0000000087f00000, 0x0000000088000000| Untracked 
| 128|0x0000000088000000, 0x0000000088100000, 0x0000000088100000|100%| O|  |TAMS 0x0000000088000000, 0x0000000088100000| Untracked 
| 129|0x0000000088100000, 0x0000000088200000, 0x0000000088200000|100%| O|  |TAMS 0x0000000088100000, 0x0000000088200000| Untracked 
| 130|0x0000000088200000, 0x0000000088300000, 0x0000000088300000|100%| O|  |TAMS 0x0000000088200000, 0x0000000088300000| Untracked 
| 131|0x0000000088300000, 0x0000000088400000, 0x0000000088400000|100%| O|  |TAMS 0x0000000088300000, 0x0000000088400000| Untracked 
| 132|0x0000000088400000, 0x0000000088500000, 0x0000000088500000|100%| O|  |TAMS 0x0000000088400000, 0x0000000088500000| Untracked 
| 133|0x0000000088500000, 0x0000000088600000, 0x0000000088600000|100%| O|  |TAMS 0x0000000088500000, 0x0000000088600000| Untracked 
| 134|0x0000000088600000, 0x0000000088700000, 0x0000000088700000|100%| O|  |TAMS 0x0000000088600000, 0x0000000088700000| Untracked 
| 135|0x0000000088700000, 0x0000000088800000, 0x0000000088800000|100%| O|  |TAMS 0x0000000088700000, 0x0000000088800000| Untracked 
| 136|0x0000000088800000, 0x0000000088900000, 0x0000000088900000|100%| O|  |TAMS 0x0000000088800000, 0x0000000088900000| Untracked 
| 137|0x0000000088900000, 0x0000000088a00000, 0x0000000088a00000|100%| O|  |TAMS 0x0000000088900000, 0x0000000088a00000| Untracked 
| 138|0x0000000088a00000, 0x0000000088b00000, 0x0000000088b00000|100%| O|  |TAMS 0x0000000088a00000, 0x0000000088b00000| Untracked 
| 139|0x0000000088b00000, 0x0000000088c00000, 0x0000000088c00000|100%| O|  |TAMS 0x0000000088b00000, 0x0000000088c00000| Untracked 
| 140|0x0000000088c00000, 0x0000000088d00000, 0x0000000088d00000|100%| O|  |TAMS 0x0000000088c00000, 0x0000000088d00000| Untracked 
| 141|0x0000000088d00000, 0x0000000088e00000, 0x0000000088e00000|100%| O|  |TAMS 0x0000000088d00000, 0x0000000088e00000| Untracked 
| 142|0x0000000088e00000, 0x0000000088f00000, 0x0000000088f00000|100%| O|  |TAMS 0x0000000088e00000, 0x0000000088f00000| Untracked 
| 143|0x0000000088f00000, 0x0000000089000000, 0x0000000089000000|100%| O|  |TAMS 0x0000000088f00000, 0x0000000089000000| Untracked 
| 144|0x0000000089000000, 0x0000000089100000, 0x0000000089100000|100%| O|  |TAMS 0x0000000089000000, 0x0000000089100000| Untracked 
| 145|0x0000000089100000, 0x0000000089200000, 0x0000000089200000|100%| O|  |TAMS 0x0000000089100000, 0x0000000089200000| Untracked 
| 146|0x0000000089200000, 0x0000000089300000, 0x0000000089300000|100%| O|  |TAMS 0x0000000089200000, 0x0000000089300000| Untracked 
| 147|0x0000000089300000, 0x0000000089400000, 0x0000000089400000|100%| O|  |TAMS 0x0000000089300000, 0x0000000089400000| Untracked 
| 148|0x0000000089400000, 0x0000000089500000, 0x0000000089500000|100%| O|  |TAMS 0x0000000089400000, 0x0000000089500000| Untracked 
| 149|0x0000000089500000, 0x0000000089600000, 0x0000000089600000|100%| O|  |TAMS 0x0000000089500000, 0x0000000089600000| Untracked 
| 150|0x0000000089600000, 0x0000000089700000, 0x0000000089700000|100%| O|  |TAMS 0x0000000089600000, 0x0000000089700000| Untracked 
| 151|0x0000000089700000, 0x0000000089800000, 0x0000000089800000|100%| O|  |TAMS 0x0000000089700000, 0x0000000089800000| Untracked 
| 152|0x0000000089800000, 0x0000000089900000, 0x0000000089900000|100%| O|  |TAMS 0x0000000089800000, 0x0000000089900000| Untracked 
| 153|0x0000000089900000, 0x0000000089a00000, 0x0000000089a00000|100%| O|  |TAMS 0x0000000089900000, 0x0000000089a00000| Untracked 
| 154|0x0000000089a00000, 0x0000000089b00000, 0x0000000089b00000|100%| O|  |TAMS 0x0000000089a00000, 0x0000000089b00000| Untracked 
| 155|0x0000000089b00000, 0x0000000089c00000, 0x0000000089c00000|100%|HS|  |TAMS 0x0000000089b00000, 0x0000000089c00000| Complete 
| 156|0x0000000089c00000, 0x0000000089d00000, 0x0000000089d00000|100%|HC|  |TAMS 0x0000000089c00000, 0x0000000089d00000| Complete 
| 157|0x0000000089d00000, 0x0000000089e00000, 0x0000000089e00000|100%| O|  |TAMS 0x0000000089d00000, 0x0000000089e00000| Untracked 
| 158|0x0000000089e00000, 0x0000000089f00000, 0x0000000089f00000|100%| O|  |TAMS 0x0000000089e00000, 0x0000000089f00000| Untracked 
| 159|0x0000000089f00000, 0x000000008a000000, 0x000000008a000000|100%| O|  |TAMS 0x0000000089f00000, 0x000000008a000000| Untracked 
| 160|0x000000008a000000, 0x000000008a100000, 0x000000008a100000|100%| O|  |TAMS 0x000000008a000000, 0x000000008a100000| Untracked 
| 161|0x000000008a100000, 0x000000008a200000, 0x000000008a200000|100%| O|  |TAMS 0x000000008a100000, 0x000000008a200000| Untracked 
| 162|0x000000008a200000, 0x000000008a300000, 0x000000008a300000|100%| O|  |TAMS 0x000000008a200000, 0x000000008a300000| Untracked 
| 163|0x000000008a300000, 0x000000008a400000, 0x000000008a400000|100%| O|  |TAMS 0x000000008a300000, 0x000000008a400000| Untracked 
| 164|0x000000008a400000, 0x000000008a500000, 0x000000008a500000|100%| O|  |TAMS 0x000000008a400000, 0x000000008a500000| Untracked 
| 165|0x000000008a500000, 0x000000008a600000, 0x000000008a600000|100%| O|  |TAMS 0x000000008a500000, 0x000000008a600000| Untracked 
| 166|0x000000008a600000, 0x000000008a700000, 0x000000008a700000|100%| O|  |TAMS 0x000000008a600000, 0x000000008a700000| Untracked 
| 167|0x000000008a700000, 0x000000008a800000, 0x000000008a800000|100%| O|  |TAMS 0x000000008a700000, 0x000000008a800000| Untracked 
| 168|0x000000008a800000, 0x000000008a900000, 0x000000008a900000|100%| O|  |TAMS 0x000000008a800000, 0x000000008a900000| Untracked 
| 169|0x000000008a900000, 0x000000008aa00000, 0x000000008aa00000|100%| O|  |TAMS 0x000000008a900000, 0x000000008aa00000| Untracked 
| 170|0x000000008aa00000, 0x000000008ab00000, 0x000000008ab00000|100%| O|  |TAMS 0x000000008aa00000, 0x000000008ab00000| Untracked 
| 171|0x000000008ab00000, 0x000000008ac00000, 0x000000008ac00000|100%| O|  |TAMS 0x000000008ab00000, 0x000000008ac00000| Untracked 
| 172|0x000000008ac00000, 0x000000008ad00000, 0x000000008ad00000|100%| O|  |TAMS 0x000000008ac00000, 0x000000008ad00000| Untracked 
| 173|0x000000008ad00000, 0x000000008ae00000, 0x000000008ae00000|100%| O|  |TAMS 0x000000008ad00000, 0x000000008ae00000| Untracked 
| 174|0x000000008ae00000, 0x000000008af00000, 0x000000008af00000|100%| O|  |TAMS 0x000000008ae00000, 0x000000008af00000| Untracked 
| 175|0x000000008af00000, 0x000000008b000000, 0x000000008b000000|100%| O|  |TAMS 0x000000008af00000, 0x000000008b000000| Untracked 
| 176|0x000000008b000000, 0x000000008b100000, 0x000000008b100000|100%| O|  |TAMS 0x000000008b000000, 0x000000008b100000| Untracked 
| 177|0x000000008b100000, 0x000000008b200000, 0x000000008b200000|100%| O|  |TAMS 0x000000008b100000, 0x000000008b200000| Untracked 
| 178|0x000000008b200000, 0x000000008b300000, 0x000000008b300000|100%| O|  |TAMS 0x000000008b200000, 0x000000008b300000| Untracked 
| 179|0x000000008b300000, 0x000000008b400000, 0x000000008b400000|100%| O|  |TAMS 0x000000008b300000, 0x000000008b400000| Untracked 
| 180|0x000000008b400000, 0x000000008b500000, 0x000000008b500000|100%| O|  |TAMS 0x000000008b400000, 0x000000008b500000| Untracked 
| 181|0x000000008b500000, 0x000000008b600000, 0x000000008b600000|100%| O|  |TAMS 0x000000008b500000, 0x000000008b600000| Untracked 
| 182|0x000000008b600000, 0x000000008b700000, 0x000000008b700000|100%| O|  |TAMS 0x000000008b600000, 0x000000008b700000| Untracked 
| 183|0x000000008b700000, 0x000000008b800000, 0x000000008b800000|100%| O|  |TAMS 0x000000008b800000, 0x000000008b800000| Untracked 
| 184|0x000000008b800000, 0x000000008b900000, 0x000000008b900000|100%| O|  |TAMS 0x000000008b800000, 0x000000008b900000| Untracked 
| 185|0x000000008b900000, 0x000000008ba00000, 0x000000008ba00000|100%| O|  |TAMS 0x000000008b900000, 0x000000008b900000| Untracked 
| 186|0x000000008ba00000, 0x000000008bb00000, 0x000000008bb00000|100%| O|  |TAMS 0x000000008ba00000, 0x000000008ba00000| Untracked 
| 187|0x000000008bb00000, 0x000000008bc00000, 0x000000008bc00000|100%| O|  |TAMS 0x000000008bb00000, 0x000000008bb00000| Untracked 
| 188|0x000000008bc00000, 0x000000008bd00000, 0x000000008bd00000|100%| O|  |TAMS 0x000000008bc00000, 0x000000008bc00000| Untracked 
| 189|0x000000008bd00000, 0x000000008be00000, 0x000000008be00000|100%| O|  |TAMS 0x000000008bd00000, 0x000000008bd00000| Untracked 
| 190|0x000000008be00000, 0x000000008bf00000, 0x000000008bf00000|100%| O|  |TAMS 0x000000008be00000, 0x000000008be00000| Untracked 
| 191|0x000000008bf00000, 0x000000008c000000, 0x000000008c000000|100%| O|  |TAMS 0x000000008bf00000, 0x000000008bf00000| Untracked 
| 192|0x000000008c000000, 0x000000008c100000, 0x000000008c100000|100%| O|  |TAMS 0x000000008c000000, 0x000000008c000000| Untracked 
| 193|0x000000008c100000, 0x000000008c200000, 0x000000008c200000|100%| O|  |TAMS 0x000000008c100000, 0x000000008c100000| Untracked 
| 194|0x000000008c200000, 0x000000008c300000, 0x000000008c300000|100%| O|  |TAMS 0x000000008c200000, 0x000000008c200000| Untracked 
| 195|0x000000008c300000, 0x000000008c400000, 0x000000008c400000|100%| O|  |TAMS 0x000000008c300000, 0x000000008c300000| Untracked 
| 196|0x000000008c400000, 0x000000008c500000, 0x000000008c500000|100%| O|  |TAMS 0x000000008c400000, 0x000000008c400000| Untracked 
| 197|0x000000008c500000, 0x000000008c600000, 0x000000008c600000|100%| O|  |TAMS 0x000000008c500000, 0x000000008c500000| Untracked 
| 198|0x000000008c600000, 0x000000008c700000, 0x000000008c700000|100%| O|  |TAMS 0x000000008c600000, 0x000000008c600000| Untracked 
| 199|0x000000008c700000, 0x000000008c800000, 0x000000008c800000|100%| O|  |TAMS 0x000000008c700000, 0x000000008c700000| Untracked 
| 200|0x000000008c800000, 0x000000008c900000, 0x000000008c900000|100%| O|  |TAMS 0x000000008c800000, 0x000000008c800000| Untracked 
| 201|0x000000008c900000, 0x000000008c900000, 0x000000008ca00000|  0%| F|  |TAMS 0x000000008c900000, 0x000000008c900000| Untracked 
| 202|0x000000008ca00000, 0x000000008ca00000, 0x000000008cb00000|  0%| F|  |TAMS 0x000000008ca00000, 0x000000008ca00000| Untracked 
| 203|0x000000008cb00000, 0x000000008cb00000, 0x000000008cc00000|  0%| F|  |TAMS 0x000000008cb00000, 0x000000008cb00000| Untracked 
| 204|0x000000008cc00000, 0x000000008cc00000, 0x000000008cd00000|  0%| F|  |TAMS 0x000000008cc00000, 0x000000008cc00000| Untracked 
| 205|0x000000008cd00000, 0x000000008ce00000, 0x000000008ce00000|100%| O|  |TAMS 0x000000008ce00000, 0x000000008ce00000| Untracked 
| 206|0x000000008ce00000, 0x000000008ce00000, 0x000000008cf00000|  0%| F|  |TAMS 0x000000008ce00000, 0x000000008ce00000| Untracked 
| 207|0x000000008cf00000, 0x000000008cf00000, 0x000000008d000000|  0%| F|  |TAMS 0x000000008cf00000, 0x000000008cf00000| Untracked 
| 208|0x000000008d000000, 0x000000008d000000, 0x000000008d100000|  0%| F|  |TAMS 0x000000008d000000, 0x000000008d000000| Untracked 
| 209|0x000000008d100000, 0x000000008d100000, 0x000000008d200000|  0%| F|  |TAMS 0x000000008d100000, 0x000000008d100000| Untracked 
| 210|0x000000008d200000, 0x000000008d200000, 0x000000008d300000|  0%| F|  |TAMS 0x000000008d200000, 0x000000008d200000| Untracked 
| 211|0x000000008d300000, 0x000000008d300000, 0x000000008d400000|  0%| F|  |TAMS 0x000000008d300000, 0x000000008d300000| Untracked 
| 212|0x000000008d400000, 0x000000008d500000, 0x000000008d500000|100%| O|  |TAMS 0x000000008d500000, 0x000000008d500000| Untracked 
| 213|0x000000008d500000, 0x000000008d500000, 0x000000008d600000|  0%| F|  |TAMS 0x000000008d500000, 0x000000008d500000| Untracked 
| 214|0x000000008d600000, 0x000000008d600000, 0x000000008d700000|  0%| F|  |TAMS 0x000000008d600000, 0x000000008d600000| Untracked 
| 215|0x000000008d700000, 0x000000008d700000, 0x000000008d800000|  0%| F|  |TAMS 0x000000008d700000, 0x000000008d700000| Untracked 
| 216|0x000000008d800000, 0x000000008d800000, 0x000000008d900000|  0%| F|  |TAMS 0x000000008d800000, 0x000000008d800000| Untracked 
| 217|0x000000008d900000, 0x000000008d900000, 0x000000008da00000|  0%| F|  |TAMS 0x000000008d900000, 0x000000008d900000| Untracked 
| 218|0x000000008da00000, 0x000000008da00000, 0x000000008db00000|  0%| F|  |TAMS 0x000000008da00000, 0x000000008da00000| Untracked 
| 219|0x000000008db00000, 0x000000008db00000, 0x000000008dc00000|  0%| F|  |TAMS 0x000000008db00000, 0x000000008db00000| Untracked 
| 220|0x000000008dc00000, 0x000000008dc00000, 0x000000008dd00000|  0%| F|  |TAMS 0x000000008dc00000, 0x000000008dc00000| Untracked 
| 221|0x000000008dd00000, 0x000000008dd00000, 0x000000008de00000|  0%| F|  |TAMS 0x000000008dd00000, 0x000000008dd00000| Untracked 
| 222|0x000000008de00000, 0x000000008de00000, 0x000000008df00000|  0%| F|  |TAMS 0x000000008de00000, 0x000000008de00000| Untracked 
| 223|0x000000008df00000, 0x000000008df00000, 0x000000008e000000|  0%| F|  |TAMS 0x000000008df00000, 0x000000008df00000| Untracked 
| 224|0x000000008e000000, 0x000000008e000000, 0x000000008e100000|  0%| F|  |TAMS 0x000000008e000000, 0x000000008e000000| Untracked 
| 225|0x000000008e100000, 0x000000008e100000, 0x000000008e200000|  0%| F|  |TAMS 0x000000008e100000, 0x000000008e100000| Untracked 
| 226|0x000000008e200000, 0x000000008e200000, 0x000000008e300000|  0%| F|  |TAMS 0x000000008e200000, 0x000000008e200000| Untracked 
| 227|0x000000008e300000, 0x000000008e300000, 0x000000008e400000|  0%| F|  |TAMS 0x000000008e300000, 0x000000008e300000| Untracked 
| 228|0x000000008e400000, 0x000000008e400000, 0x000000008e500000|  0%| F|  |TAMS 0x000000008e400000, 0x000000008e400000| Untracked 
| 229|0x000000008e500000, 0x000000008e500000, 0x000000008e600000|  0%| F|  |TAMS 0x000000008e500000, 0x000000008e500000| Untracked 
| 230|0x000000008e600000, 0x000000008e600000, 0x000000008e700000|  0%| F|  |TAMS 0x000000008e600000, 0x000000008e600000| Untracked 
| 231|0x000000008e700000, 0x000000008e700000, 0x000000008e800000|  0%| F|  |TAMS 0x000000008e700000, 0x000000008e700000| Untracked 
| 232|0x000000008e800000, 0x000000008e800000, 0x000000008e900000|  0%| F|  |TAMS 0x000000008e800000, 0x000000008e800000| Untracked 
| 233|0x000000008e900000, 0x000000008e900000, 0x000000008ea00000|  0%| F|  |TAMS 0x000000008e900000, 0x000000008e900000| Untracked 
| 234|0x000000008ea00000, 0x000000008ea00000, 0x000000008eb00000|  0%| F|  |TAMS 0x000000008ea00000, 0x000000008ea00000| Untracked 
| 235|0x000000008eb00000, 0x000000008eb00000, 0x000000008ec00000|  0%| F|  |TAMS 0x000000008eb00000, 0x000000008eb00000| Untracked 
| 236|0x000000008ec00000, 0x000000008ec00000, 0x000000008ed00000|  0%| F|  |TAMS 0x000000008ec00000, 0x000000008ec00000| Untracked 
| 237|0x000000008ed00000, 0x000000008ed00000, 0x000000008ee00000|  0%| F|  |TAMS 0x000000008ed00000, 0x000000008ed00000| Untracked 
| 238|0x000000008ee00000, 0x000000008ee00000, 0x000000008ef00000|  0%| F|  |TAMS 0x000000008ee00000, 0x000000008ee00000| Untracked 
| 239|0x000000008ef00000, 0x000000008ef00000, 0x000000008f000000|  0%| F|  |TAMS 0x000000008ef00000, 0x000000008ef00000| Untracked 
| 240|0x000000008f000000, 0x000000008f000000, 0x000000008f100000|  0%| F|  |TAMS 0x000000008f000000, 0x000000008f000000| Untracked 
| 241|0x000000008f100000, 0x000000008f100000, 0x000000008f200000|  0%| F|  |TAMS 0x000000008f100000, 0x000000008f100000| Untracked 
| 242|0x000000008f200000, 0x000000008f200000, 0x000000008f300000|  0%| F|  |TAMS 0x000000008f200000, 0x000000008f200000| Untracked 
| 243|0x000000008f300000, 0x000000008f300000, 0x000000008f400000|  0%| F|  |TAMS 0x000000008f300000, 0x000000008f300000| Untracked 
| 244|0x000000008f400000, 0x000000008f400000, 0x000000008f500000|  0%| F|  |TAMS 0x000000008f400000, 0x000000008f400000| Untracked 
| 245|0x000000008f500000, 0x000000008f500000, 0x000000008f600000|  0%| F|  |TAMS 0x000000008f500000, 0x000000008f500000| Untracked 
| 246|0x000000008f600000, 0x000000008f600000, 0x000000008f700000|  0%| F|  |TAMS 0x000000008f600000, 0x000000008f600000| Untracked 
| 247|0x000000008f700000, 0x000000008f700000, 0x000000008f800000|  0%| F|  |TAMS 0x000000008f700000, 0x000000008f700000| Untracked 
| 248|0x000000008f800000, 0x000000008f800000, 0x000000008f900000|  0%| F|  |TAMS 0x000000008f800000, 0x000000008f800000| Untracked 
| 249|0x000000008f900000, 0x000000008f900000, 0x000000008fa00000|  0%| F|  |TAMS 0x000000008f900000, 0x000000008f900000| Untracked 
| 250|0x000000008fa00000, 0x000000008fa00000, 0x000000008fb00000|  0%| F|  |TAMS 0x000000008fa00000, 0x000000008fa00000| Untracked 
| 251|0x000000008fb00000, 0x000000008fb00000, 0x000000008fc00000|  0%| F|  |TAMS 0x000000008fb00000, 0x000000008fb00000| Untracked 
| 252|0x000000008fc00000, 0x000000008fc00000, 0x000000008fd00000|  0%| F|  |TAMS 0x000000008fc00000, 0x000000008fc00000| Untracked 
| 253|0x000000008fd00000, 0x000000008fd00000, 0x000000008fe00000|  0%| F|  |TAMS 0x000000008fd00000, 0x000000008fd00000| Untracked 
| 254|0x000000008fe00000, 0x000000008fe00000, 0x000000008ff00000|  0%| F|  |TAMS 0x000000008fe00000, 0x000000008fe00000| Untracked 
| 255|0x000000008ff00000, 0x000000008ff00000, 0x0000000090000000|  0%| F|  |TAMS 0x000000008ff00000, 0x000000008ff00000| Untracked 
| 256|0x0000000090000000, 0x0000000090000000, 0x0000000090100000|  0%| F|  |TAMS 0x0000000090000000, 0x0000000090000000| Untracked 
| 257|0x0000000090100000, 0x0000000090100000, 0x0000000090200000|  0%| F|  |TAMS 0x0000000090100000, 0x0000000090100000| Untracked 
| 258|0x0000000090200000, 0x0000000090200000, 0x0000000090300000|  0%| F|  |TAMS 0x0000000090200000, 0x0000000090200000| Untracked 
| 259|0x0000000090300000, 0x0000000090300000, 0x0000000090400000|  0%| F|  |TAMS 0x0000000090300000, 0x0000000090300000| Untracked 
| 260|0x0000000090400000, 0x0000000090400000, 0x0000000090500000|  0%| F|  |TAMS 0x0000000090400000, 0x0000000090400000| Untracked 
| 261|0x0000000090500000, 0x0000000090500000, 0x0000000090600000|  0%| F|  |TAMS 0x0000000090500000, 0x0000000090500000| Untracked 
| 262|0x0000000090600000, 0x0000000090600000, 0x0000000090700000|  0%| F|  |TAMS 0x0000000090600000, 0x0000000090600000| Untracked 
| 263|0x0000000090700000, 0x0000000090700000, 0x0000000090800000|  0%| F|  |TAMS 0x0000000090700000, 0x0000000090700000| Untracked 
| 264|0x0000000090800000, 0x0000000090800000, 0x0000000090900000|  0%| F|  |TAMS 0x0000000090800000, 0x0000000090800000| Untracked 
| 265|0x0000000090900000, 0x0000000090900000, 0x0000000090a00000|  0%| F|  |TAMS 0x0000000090900000, 0x0000000090900000| Untracked 
| 266|0x0000000090a00000, 0x0000000090a00000, 0x0000000090b00000|  0%| F|  |TAMS 0x0000000090a00000, 0x0000000090a00000| Untracked 
| 267|0x0000000090b00000, 0x0000000090b00000, 0x0000000090c00000|  0%| F|  |TAMS 0x0000000090b00000, 0x0000000090b00000| Untracked 
| 268|0x0000000090c00000, 0x0000000090c00000, 0x0000000090d00000|  0%| F|  |TAMS 0x0000000090c00000, 0x0000000090c00000| Untracked 
| 269|0x0000000090d00000, 0x0000000090d00000, 0x0000000090e00000|  0%| F|  |TAMS 0x0000000090d00000, 0x0000000090d00000| Untracked 
| 270|0x0000000090e00000, 0x0000000090e00000, 0x0000000090f00000|  0%| F|  |TAMS 0x0000000090e00000, 0x0000000090e00000| Untracked 
| 271|0x0000000090f00000, 0x0000000090f00000, 0x0000000091000000|  0%| F|  |TAMS 0x0000000090f00000, 0x0000000090f00000| Untracked 
| 272|0x0000000091000000, 0x0000000091000000, 0x0000000091100000|  0%| F|  |TAMS 0x0000000091000000, 0x0000000091000000| Untracked 
| 273|0x0000000091100000, 0x0000000091100000, 0x0000000091200000|  0%| F|  |TAMS 0x0000000091100000, 0x0000000091100000| Untracked 
| 274|0x0000000091200000, 0x0000000091200000, 0x0000000091300000|  0%| F|  |TAMS 0x0000000091200000, 0x0000000091200000| Untracked 
| 275|0x0000000091300000, 0x0000000091300000, 0x0000000091400000|  0%| F|  |TAMS 0x0000000091300000, 0x0000000091300000| Untracked 
| 276|0x0000000091400000, 0x0000000091400000, 0x0000000091500000|  0%| F|  |TAMS 0x0000000091400000, 0x0000000091400000| Untracked 
| 277|0x0000000091500000, 0x0000000091500000, 0x0000000091600000|  0%| F|  |TAMS 0x0000000091500000, 0x0000000091500000| Untracked 
| 278|0x0000000091600000, 0x0000000091600000, 0x0000000091700000|  0%| F|  |TAMS 0x0000000091600000, 0x0000000091600000| Untracked 
| 279|0x0000000091700000, 0x0000000091700000, 0x0000000091800000|  0%| F|  |TAMS 0x0000000091700000, 0x0000000091700000| Untracked 
| 280|0x0000000091800000, 0x0000000091800000, 0x0000000091900000|  0%| F|  |TAMS 0x0000000091800000, 0x0000000091800000| Untracked 
| 281|0x0000000091900000, 0x0000000091900000, 0x0000000091a00000|  0%| F|  |TAMS 0x0000000091900000, 0x0000000091900000| Untracked 
| 282|0x0000000091a00000, 0x0000000091a00000, 0x0000000091b00000|  0%| F|  |TAMS 0x0000000091a00000, 0x0000000091a00000| Untracked 
| 283|0x0000000091b00000, 0x0000000091b00000, 0x0000000091c00000|  0%| F|  |TAMS 0x0000000091b00000, 0x0000000091b00000| Untracked 
| 284|0x0000000091c00000, 0x0000000091c00000, 0x0000000091d00000|  0%| F|  |TAMS 0x0000000091c00000, 0x0000000091c00000| Untracked 
| 285|0x0000000091d00000, 0x0000000091d00000, 0x0000000091e00000|  0%| F|  |TAMS 0x0000000091d00000, 0x0000000091d00000| Untracked 
| 286|0x0000000091e00000, 0x0000000091e00000, 0x0000000091f00000|  0%| F|  |TAMS 0x0000000091e00000, 0x0000000091e00000| Untracked 
| 287|0x0000000091f00000, 0x0000000091f00000, 0x0000000092000000|  0%| F|  |TAMS 0x0000000091f00000, 0x0000000091f00000| Untracked 
| 288|0x0000000092000000, 0x0000000092000000, 0x0000000092100000|  0%| F|  |TAMS 0x0000000092000000, 0x0000000092000000| Untracked 
| 289|0x0000000092100000, 0x0000000092100000, 0x0000000092200000|  0%| F|  |TAMS 0x0000000092100000, 0x0000000092100000| Untracked 
| 290|0x0000000092200000, 0x0000000092200000, 0x0000000092300000|  0%| F|  |TAMS 0x0000000092200000, 0x0000000092200000| Untracked 
| 291|0x0000000092300000, 0x0000000092300000, 0x0000000092400000|  0%| F|  |TAMS 0x0000000092300000, 0x0000000092300000| Untracked 
| 292|0x0000000092400000, 0x0000000092400000, 0x0000000092500000|  0%| F|  |TAMS 0x0000000092400000, 0x0000000092400000| Untracked 
| 293|0x0000000092500000, 0x0000000092500000, 0x0000000092600000|  0%| F|  |TAMS 0x0000000092500000, 0x0000000092500000| Untracked 
| 294|0x0000000092600000, 0x0000000092600000, 0x0000000092700000|  0%| F|  |TAMS 0x0000000092600000, 0x0000000092600000| Untracked 
| 295|0x0000000092700000, 0x0000000092700000, 0x0000000092800000|  0%| F|  |TAMS 0x0000000092700000, 0x0000000092700000| Untracked 
| 296|0x0000000092800000, 0x0000000092800000, 0x0000000092900000|  0%| F|  |TAMS 0x0000000092800000, 0x0000000092800000| Untracked 
| 297|0x0000000092900000, 0x0000000092900000, 0x0000000092a00000|  0%| F|  |TAMS 0x0000000092900000, 0x0000000092900000| Untracked 
| 298|0x0000000092a00000, 0x0000000092a00000, 0x0000000092b00000|  0%| F|  |TAMS 0x0000000092a00000, 0x0000000092a00000| Untracked 
| 299|0x0000000092b00000, 0x0000000092b00000, 0x0000000092c00000|  0%| F|  |TAMS 0x0000000092b00000, 0x0000000092b00000| Untracked 
| 300|0x0000000092c00000, 0x0000000092c00000, 0x0000000092d00000|  0%| F|  |TAMS 0x0000000092c00000, 0x0000000092c00000| Untracked 
| 301|0x0000000092d00000, 0x0000000092d00000, 0x0000000092e00000|  0%| F|  |TAMS 0x0000000092d00000, 0x0000000092d00000| Untracked 
| 302|0x0000000092e00000, 0x0000000092e00000, 0x0000000092f00000|  0%| F|  |TAMS 0x0000000092e00000, 0x0000000092e00000| Untracked 
| 303|0x0000000092f00000, 0x0000000092f00000, 0x0000000093000000|  0%| F|  |TAMS 0x0000000092f00000, 0x0000000092f00000| Untracked 
| 304|0x0000000093000000, 0x0000000093000000, 0x0000000093100000|  0%| F|  |TAMS 0x0000000093000000, 0x0000000093000000| Untracked 
| 305|0x0000000093100000, 0x0000000093100000, 0x0000000093200000|  0%| F|  |TAMS 0x0000000093100000, 0x0000000093100000| Untracked 
| 306|0x0000000093200000, 0x0000000093200000, 0x0000000093300000|  0%| F|  |TAMS 0x0000000093200000, 0x0000000093200000| Untracked 
| 307|0x0000000093300000, 0x0000000093300000, 0x0000000093400000|  0%| F|  |TAMS 0x0000000093300000, 0x0000000093300000| Untracked 
| 308|0x0000000093400000, 0x0000000093400000, 0x0000000093500000|  0%| F|  |TAMS 0x0000000093400000, 0x0000000093400000| Untracked 
| 309|0x0000000093500000, 0x0000000093500000, 0x0000000093600000|  0%| F|  |TAMS 0x0000000093500000, 0x0000000093500000| Untracked 
| 310|0x0000000093600000, 0x0000000093700000, 0x0000000093700000|100%| S|CS|TAMS 0x0000000093600000, 0x0000000093600000| Complete 
| 311|0x0000000093700000, 0x0000000093800000, 0x0000000093800000|100%| S|CS|TAMS 0x0000000093700000, 0x0000000093700000| Complete 
| 312|0x0000000093800000, 0x0000000093900000, 0x0000000093900000|100%| S|CS|TAMS 0x0000000093800000, 0x0000000093800000| Complete 
| 313|0x0000000093900000, 0x0000000093a00000, 0x0000000093a00000|100%| S|CS|TAMS 0x0000000093900000, 0x0000000093900000| Complete 
| 314|0x0000000093a00000, 0x0000000093b00000, 0x0000000093b00000|100%| S|CS|TAMS 0x0000000093a00000, 0x0000000093a00000| Complete 
| 315|0x0000000093b00000, 0x0000000093c00000, 0x0000000093c00000|100%| S|CS|TAMS 0x0000000093b00000, 0x0000000093b00000| Complete 
| 316|0x0000000093c00000, 0x0000000093d00000, 0x0000000093d00000|100%| S|CS|TAMS 0x0000000093c00000, 0x0000000093c00000| Complete 
| 317|0x0000000093d00000, 0x0000000093e00000, 0x0000000093e00000|100%| S|CS|TAMS 0x0000000093d00000, 0x0000000093d00000| Complete 
| 318|0x0000000093e00000, 0x0000000093f00000, 0x0000000093f00000|100%| S|CS|TAMS 0x0000000093e00000, 0x0000000093e00000| Complete 
| 319|0x0000000093f00000, 0x0000000094000000, 0x0000000094000000|100%| S|CS|TAMS 0x0000000093f00000, 0x0000000093f00000| Complete 
| 320|0x0000000094000000, 0x0000000094000000, 0x0000000094100000|  0%| F|  |TAMS 0x0000000094000000, 0x0000000094000000| Untracked 
| 321|0x0000000094100000, 0x0000000094100000, 0x0000000094200000|  0%| F|  |TAMS 0x0000000094100000, 0x0000000094100000| Untracked 
| 322|0x0000000094200000, 0x0000000094200000, 0x0000000094300000|  0%| F|  |TAMS 0x0000000094200000, 0x0000000094200000| Untracked 
| 323|0x0000000094300000, 0x0000000094300000, 0x0000000094400000|  0%| F|  |TAMS 0x0000000094300000, 0x0000000094300000| Untracked 
| 324|0x0000000094400000, 0x0000000094400000, 0x0000000094500000|  0%| F|  |TAMS 0x0000000094400000, 0x0000000094400000| Untracked 
| 325|0x0000000094500000, 0x0000000094500000, 0x0000000094600000|  0%| F|  |TAMS 0x0000000094500000, 0x0000000094500000| Untracked 
| 326|0x0000000094600000, 0x0000000094600000, 0x0000000094700000|  0%| F|  |TAMS 0x0000000094600000, 0x0000000094600000| Untracked 
| 327|0x0000000094700000, 0x0000000094700000, 0x0000000094800000|  0%| F|  |TAMS 0x0000000094700000, 0x0000000094700000| Untracked 
| 328|0x0000000094800000, 0x0000000094800000, 0x0000000094900000|  0%| F|  |TAMS 0x0000000094800000, 0x0000000094800000| Untracked 
| 329|0x0000000094900000, 0x0000000094900000, 0x0000000094a00000|  0%| F|  |TAMS 0x0000000094900000, 0x0000000094900000| Untracked 
| 330|0x0000000094a00000, 0x0000000094a00000, 0x0000000094b00000|  0%| F|  |TAMS 0x0000000094a00000, 0x0000000094a00000| Untracked 
| 331|0x0000000094b00000, 0x0000000094b00000, 0x0000000094c00000|  0%| F|  |TAMS 0x0000000094b00000, 0x0000000094b00000| Untracked 
| 332|0x0000000094c00000, 0x0000000094c00000, 0x0000000094d00000|  0%| F|  |TAMS 0x0000000094c00000, 0x0000000094c00000| Untracked 
| 333|0x0000000094d00000, 0x0000000094d00000, 0x0000000094e00000|  0%| F|  |TAMS 0x0000000094d00000, 0x0000000094d00000| Untracked 
| 334|0x0000000094e00000, 0x0000000094e00000, 0x0000000094f00000|  0%| F|  |TAMS 0x0000000094e00000, 0x0000000094e00000| Untracked 
| 335|0x0000000094f00000, 0x0000000094f00000, 0x0000000095000000|  0%| F|  |TAMS 0x0000000094f00000, 0x0000000094f00000| Untracked 
| 336|0x0000000095000000, 0x0000000095000000, 0x0000000095100000|  0%| F|  |TAMS 0x0000000095000000, 0x0000000095000000| Untracked 
| 337|0x0000000095100000, 0x0000000095100000, 0x0000000095200000|  0%| F|  |TAMS 0x0000000095100000, 0x0000000095100000| Untracked 
| 338|0x0000000095200000, 0x0000000095200000, 0x0000000095300000|  0%| F|  |TAMS 0x0000000095200000, 0x0000000095200000| Untracked 
| 339|0x0000000095300000, 0x0000000095300000, 0x0000000095400000|  0%| F|  |TAMS 0x0000000095300000, 0x0000000095300000| Untracked 
| 340|0x0000000095400000, 0x0000000095400000, 0x0000000095500000|  0%| F|  |TAMS 0x0000000095400000, 0x0000000095400000| Untracked 
| 341|0x0000000095500000, 0x0000000095500000, 0x0000000095600000|  0%| F|  |TAMS 0x0000000095500000, 0x0000000095500000| Untracked 
| 342|0x0000000095600000, 0x0000000095600000, 0x0000000095700000|  0%| F|  |TAMS 0x0000000095600000, 0x0000000095600000| Untracked 
| 343|0x0000000095700000, 0x0000000095700000, 0x0000000095800000|  0%| F|  |TAMS 0x0000000095700000, 0x0000000095700000| Untracked 
| 344|0x0000000095800000, 0x0000000095800000, 0x0000000095900000|  0%| F|  |TAMS 0x0000000095800000, 0x0000000095800000| Untracked 
| 345|0x0000000095900000, 0x0000000095900000, 0x0000000095a00000|  0%| F|  |TAMS 0x0000000095900000, 0x0000000095900000| Untracked 
| 346|0x0000000095a00000, 0x0000000095a00000, 0x0000000095b00000|  0%| F|  |TAMS 0x0000000095a00000, 0x0000000095a00000| Untracked 
| 347|0x0000000095b00000, 0x0000000095b00000, 0x0000000095c00000|  0%| F|  |TAMS 0x0000000095b00000, 0x0000000095b00000| Untracked 
| 348|0x0000000095c00000, 0x0000000095c00000, 0x0000000095d00000|  0%| F|  |TAMS 0x0000000095c00000, 0x0000000095c00000| Untracked 
| 349|0x0000000095d00000, 0x0000000095d00000, 0x0000000095e00000|  0%| F|  |TAMS 0x0000000095d00000, 0x0000000095d00000| Untracked 
| 350|0x0000000095e00000, 0x0000000095e00000, 0x0000000095f00000|  0%| F|  |TAMS 0x0000000095e00000, 0x0000000095e00000| Untracked 
| 351|0x0000000095f00000, 0x0000000095f00000, 0x0000000096000000|  0%| F|  |TAMS 0x0000000095f00000, 0x0000000095f00000| Untracked 
| 352|0x0000000096000000, 0x0000000096000000, 0x0000000096100000|  0%| F|  |TAMS 0x0000000096000000, 0x0000000096000000| Untracked 
| 353|0x0000000096100000, 0x0000000096100000, 0x0000000096200000|  0%| F|  |TAMS 0x0000000096100000, 0x0000000096100000| Untracked 
| 354|0x0000000096200000, 0x0000000096200000, 0x0000000096300000|  0%| F|  |TAMS 0x0000000096200000, 0x0000000096200000| Untracked 
| 355|0x0000000096300000, 0x0000000096300000, 0x0000000096400000|  0%| F|  |TAMS 0x0000000096300000, 0x0000000096300000| Untracked 
| 356|0x0000000096400000, 0x0000000096400000, 0x0000000096500000|  0%| F|  |TAMS 0x0000000096400000, 0x0000000096400000| Untracked 
| 357|0x0000000096500000, 0x0000000096500000, 0x0000000096600000|  0%| F|  |TAMS 0x0000000096500000, 0x0000000096500000| Untracked 
| 358|0x0000000096600000, 0x0000000096600000, 0x0000000096700000|  0%| F|  |TAMS 0x0000000096600000, 0x0000000096600000| Untracked 
| 359|0x0000000096700000, 0x0000000096700000, 0x0000000096800000|  0%| F|  |TAMS 0x0000000096700000, 0x0000000096700000| Untracked 
| 360|0x0000000096800000, 0x0000000096800000, 0x0000000096900000|  0%| F|  |TAMS 0x0000000096800000, 0x0000000096800000| Untracked 
| 361|0x0000000096900000, 0x0000000096900000, 0x0000000096a00000|  0%| F|  |TAMS 0x0000000096900000, 0x0000000096900000| Untracked 
| 362|0x0000000096a00000, 0x0000000096a00000, 0x0000000096b00000|  0%| F|  |TAMS 0x0000000096a00000, 0x0000000096a00000| Untracked 
| 363|0x0000000096b00000, 0x0000000096b00000, 0x0000000096c00000|  0%| F|  |TAMS 0x0000000096b00000, 0x0000000096b00000| Untracked 
| 364|0x0000000096c00000, 0x0000000096c00000, 0x0000000096d00000|  0%| F|  |TAMS 0x0000000096c00000, 0x0000000096c00000| Untracked 
| 365|0x0000000096d00000, 0x0000000096d00000, 0x0000000096e00000|  0%| F|  |TAMS 0x0000000096d00000, 0x0000000096d00000| Untracked 
| 366|0x0000000096e00000, 0x0000000096e00000, 0x0000000096f00000|  0%| F|  |TAMS 0x0000000096e00000, 0x0000000096e00000| Untracked 
| 367|0x0000000096f00000, 0x0000000096f00000, 0x0000000097000000|  0%| F|  |TAMS 0x0000000096f00000, 0x0000000096f00000| Untracked 
| 368|0x0000000097000000, 0x0000000097000000, 0x0000000097100000|  0%| F|  |TAMS 0x0000000097000000, 0x0000000097000000| Untracked 
| 369|0x0000000097100000, 0x0000000097100000, 0x0000000097200000|  0%| F|  |TAMS 0x0000000097100000, 0x0000000097100000| Untracked 
| 370|0x0000000097200000, 0x0000000097200000, 0x0000000097300000|  0%| F|  |TAMS 0x0000000097200000, 0x0000000097200000| Untracked 
| 371|0x0000000097300000, 0x0000000097300000, 0x0000000097400000|  0%| F|  |TAMS 0x0000000097300000, 0x0000000097300000| Untracked 
| 372|0x0000000097400000, 0x0000000097400000, 0x0000000097500000|  0%| F|  |TAMS 0x0000000097400000, 0x0000000097400000| Untracked 
| 373|0x0000000097500000, 0x0000000097500000, 0x0000000097600000|  0%| F|  |TAMS 0x0000000097500000, 0x0000000097500000| Untracked 
| 374|0x0000000097600000, 0x0000000097600000, 0x0000000097700000|  0%| F|  |TAMS 0x0000000097600000, 0x0000000097600000| Untracked 
| 375|0x0000000097700000, 0x0000000097700000, 0x0000000097800000|  0%| F|  |TAMS 0x0000000097700000, 0x0000000097700000| Untracked 
| 376|0x0000000097800000, 0x0000000097800000, 0x0000000097900000|  0%| F|  |TAMS 0x0000000097800000, 0x0000000097800000| Untracked 
| 377|0x0000000097900000, 0x0000000097900000, 0x0000000097a00000|  0%| F|  |TAMS 0x0000000097900000, 0x0000000097900000| Untracked 
| 378|0x0000000097a00000, 0x0000000097a00000, 0x0000000097b00000|  0%| F|  |TAMS 0x0000000097a00000, 0x0000000097a00000| Untracked 
| 379|0x0000000097b00000, 0x0000000097b00000, 0x0000000097c00000|  0%| F|  |TAMS 0x0000000097b00000, 0x0000000097b00000| Untracked 
| 380|0x0000000097c00000, 0x0000000097c00000, 0x0000000097d00000|  0%| F|  |TAMS 0x0000000097c00000, 0x0000000097c00000| Untracked 
| 381|0x0000000097d00000, 0x0000000097d00000, 0x0000000097e00000|  0%| F|  |TAMS 0x0000000097d00000, 0x0000000097d00000| Untracked 
| 382|0x0000000097e00000, 0x0000000097e00000, 0x0000000097f00000|  0%| F|  |TAMS 0x0000000097e00000, 0x0000000097e00000| Untracked 
| 383|0x0000000097f00000, 0x0000000097f00000, 0x0000000098000000|  0%| F|  |TAMS 0x0000000097f00000, 0x0000000097f00000| Untracked 
| 384|0x0000000098000000, 0x0000000098000000, 0x0000000098100000|  0%| F|  |TAMS 0x0000000098000000, 0x0000000098000000| Untracked 
| 385|0x0000000098100000, 0x0000000098100000, 0x0000000098200000|  0%| F|  |TAMS 0x0000000098100000, 0x0000000098100000| Untracked 
| 386|0x0000000098200000, 0x0000000098200000, 0x0000000098300000|  0%| F|  |TAMS 0x0000000098200000, 0x0000000098200000| Untracked 

Card table byte_map: [0x000001417e570000,0x000001417e970000] _byte_map_base: 0x000001417e170000

Marking Bits (Prev, Next): (CMBitMap*) 0x000001417e4decc0, (CMBitMap*) 0x000001417e4dec80
 Prev Bits: [0x0000014119160000, 0x000001411b160000)
 Next Bits: [0x0000014117160000, 0x0000014119160000)

Polling page: 0x000001417c280000

Metaspace:

Usage:
  Non-class:    102.70 MB capacity,   101.66 MB ( 99%) used,   905.17 KB ( <1%) free+waste,   162.63 KB ( <1%) overhead. 
      Class:     14.72 MB capacity,    14.30 MB ( 97%) used,   373.53 KB (  2%) free+waste,    60.63 KB ( <1%) overhead. 
       Both:    117.42 MB capacity,   115.96 MB ( 99%) used,     1.25 MB (  1%) free+waste,   223.25 KB ( <1%) overhead. 

Virtual space:
  Non-class space:      104.00 MB reserved,     102.75 MB ( 99%) committed 
      Class space:        1.00 GB reserved,      14.87 MB (  1%) committed 
             Both:        1.10 GB reserved,     117.62 MB ( 10%) committed 

Chunk freelists:
   Non-Class:  47.00 KB
       Class:  31.00 KB
        Both:  78.00 KB

MaxMetaspaceSize: 17179869184.00 GB
CompressedClassSpaceSize: 1.00 GB

CodeHeap 'non-profiled nmethods': size=120064Kb used=9794Kb max_used=9911Kb free=110269Kb
 bounds [0x000001410fc20000, 0x0000014110620000, 0x0000014117160000]
CodeHeap 'profiled nmethods': size=120000Kb used=34269Kb max_used=35928Kb free=85730Kb
 bounds [0x00000141086f0000, 0x000001410aa10000, 0x000001410fc20000]
CodeHeap 'non-nmethods': size=5696Kb used=2545Kb max_used=2618Kb free=3150Kb
 bounds [0x0000014108160000, 0x0000014108400000, 0x00000141086f0000]
 total_blobs=17316 nmethods=16242 adapters=984
 compilation: enabled
              stopped_count=0, restarted_count=0
 full_count=0

Compilation events (20 events):
Event: 137.052 Thread 0x000001417f122750 20563       4       com.android.tools.r8.graph.I0$d::a (20 bytes)
Event: 137.066 Thread 0x000001417f122750 nmethod 20563 0x00000141104ae410 code [0x00000141104ae5c0, 0x00000141104aeb78]
Event: 137.070 Thread 0x000001417f122750 20564       4       com.android.tools.r8.graph.I0$d::a (126 bytes)
Event: 137.134 Thread 0x000001417f122750 nmethod 20564 0x000001410fea1a90 code [0x000001410fea1ca0, 0x000001410fea3018]
Event: 137.167 Thread 0x000001417f1288d0 20565       3       com.android.tools.r8.graph.Q0$b$$Lambda$1535/0x0000000801a0a570::test (8 bytes)
Event: 137.167 Thread 0x000001417f1288d0 nmethod 20565 0x0000014108b3d390 code [0x0000014108b3d540, 0x0000014108b3d798]
Event: 137.167 Thread 0x000001417f1288d0 20566       3       com.android.tools.r8.utils.M::a (37 bytes)
Event: 137.168 Thread 0x000001417f1288d0 nmethod 20566 0x00000141087f4390 code [0x00000141087f4580, 0x00000141087f4b78]
Event: 137.170 Thread 0x000001417f1288d0 20567       3       com.android.tools.r8.utils.I::a (172 bytes)
Event: 137.172 Thread 0x000001417f1288d0 nmethod 20567 0x0000014108d13410 code [0x0000014108d136c0, 0x0000014108d141e8]
Event: 137.184 Thread 0x000001417f1288d0 20568       3       com.android.tools.r8.graph.p::c (38 bytes)
Event: 137.185 Thread 0x000001417f1288d0 nmethod 20568 0x0000014108c36f10 code [0x0000014108c370c0, 0x0000014108c37328]
Event: 137.189 Thread 0x000001417f122750 20569       4       com.android.tools.r8.z.a.a.B::d (38 bytes)
Event: 137.193 Thread 0x000001417f122750 nmethod 20569 0x00000141104ade90 code [0x00000141104ae020, 0x00000141104ae1f8]
Event: 137.198 Thread 0x000001417f122750 20570       4       com.android.tools.r8.graph.W0::a (26 bytes)
Event: 137.200 Thread 0x000001417f122750 nmethod 20570 0x00000141104adb90 code [0x00000141104add00, 0x00000141104ade38]
Event: 137.200 Thread 0x000001417f122750 20571       4       com.android.tools.r8.graph.W0::b (26 bytes)
Event: 137.202 Thread 0x000001417f122750 nmethod 20571 0x00000141104ad890 code [0x00000141104ada00, 0x00000141104adb38]
Event: 137.207 Thread 0x000001417f122750 20572       4       com.android.tools.r8.graph.Z0$$Lambda$1119/0x00000008018e1de0::accept (16 bytes)
Event: 137.212 Thread 0x000001417f122750 nmethod 20572 0x00000141104ad290 code [0x00000141104ad440, 0x00000141104ad608]

GC Heap History (20 events):
Event: 85.992 GC heap after
{Heap after GC invocations=64 (full 0):
 garbage-first heap   total 301056K, used 231936K [0x0000000080000000, 0x0000000100000000)
  region size 1024K, 3 young (3072K), 3 survivors (3072K)
 Metaspace       used 102655K, capacity 104083K, committed 104316K, reserved 1140736K
  class space    used 12684K, capacity 13104K, committed 13180K, reserved 1048576K
}
Event: 87.386 GC heap before
{Heap before GC invocations=65 (full 0):
 garbage-first heap   total 329728K, used 206336K [0x0000000080000000, 0x0000000100000000)
  region size 1024K, 14 young (14336K), 3 survivors (3072K)
 Metaspace       used 103527K, capacity 104921K, committed 105212K, reserved 1140736K
  class space    used 12815K, capacity 13234K, committed 13308K, reserved 1048576K
}
Event: 87.415 GC heap after
{Heap after GC invocations=66 (full 0):
 garbage-first heap   total 396288K, used 197590K [0x0000000080000000, 0x0000000100000000)
  region size 1024K, 2 young (2048K), 2 survivors (2048K)
 Metaspace       used 103527K, capacity 104921K, committed 105212K, reserved 1140736K
  class space    used 12815K, capacity 13234K, committed 13308K, reserved 1048576K
}
Event: 90.153 GC heap before
{Heap before GC invocations=66 (full 0):
 garbage-first heap   total 396288K, used 214998K [0x0000000080000000, 0x0000000100000000)
  region size 1024K, 19 young (19456K), 2 survivors (2048K)
 Metaspace       used 104485K, capacity 105913K, committed 105980K, reserved 1142784K
  class space    used 12854K, capacity 13266K, committed 13308K, reserved 1048576K
}
Event: 90.326 GC heap after
{Heap after GC invocations=67 (full 0):
 garbage-first heap   total 396288K, used 178107K [0x0000000080000000, 0x0000000100000000)
  region size 1024K, 2 young (2048K), 2 survivors (2048K)
 Metaspace       used 104485K, capacity 105913K, committed 105980K, reserved 1142784K
  class space    used 12854K, capacity 13266K, committed 13308K, reserved 1048576K
}
Event: 95.327 GC heap before
{Heap before GC invocations=67 (full 0):
 garbage-first heap   total 396288K, used 223163K [0x0000000080000000, 0x0000000100000000)
  region size 1024K, 48 young (49152K), 2 survivors (2048K)
 Metaspace       used 105164K, capacity 106499K, committed 106876K, reserved 1142784K
  class space    used 12928K, capacity 13305K, committed 13436K, reserved 1048576K
}
Event: 95.374 GC heap after
{Heap after GC invocations=68 (full 0):
 garbage-first heap   total 396288K, used 183075K [0x0000000080000000, 0x0000000100000000)
  region size 1024K, 7 young (7168K), 7 survivors (7168K)
 Metaspace       used 105164K, capacity 106499K, committed 106876K, reserved 1142784K
  class space    used 12928K, capacity 13305K, committed 13436K, reserved 1048576K
}
Event: 100.999 GC heap before
{Heap before GC invocations=69 (full 0):
 garbage-first heap   total 372736K, used 185123K [0x0000000080000000, 0x0000000100000000)
  region size 1024K, 78 young (79872K), 7 survivors (7168K)
 Metaspace       used 106813K, capacity 108157K, committed 108284K, reserved 1144832K
  class space    used 13144K, capacity 13544K, committed 13564K, reserved 1048576K
}
Event: 101.051 GC heap after
{Heap after GC invocations=70 (full 0):
 garbage-first heap   total 372736K, used 110888K [0x0000000080000000, 0x0000000100000000)
  region size 1024K, 10 young (10240K), 10 survivors (10240K)
 Metaspace       used 106813K, capacity 108157K, committed 108284K, reserved 1144832K
  class space    used 13144K, capacity 13544K, committed 13564K, reserved 1048576K
}
Event: 111.047 GC heap before
{Heap before GC invocations=70 (full 0):
 garbage-first heap   total 372736K, used 222504K [0x0000000080000000, 0x0000000100000000)
  region size 1024K, 118 young (120832K), 10 survivors (10240K)
 Metaspace       used 115741K, capacity 117241K, committed 117500K, reserved 1153024K
  class space    used 14329K, capacity 14778K, committed 14844K, reserved 1048576K
}
Event: 111.113 GC heap after
{Heap after GC invocations=71 (full 0):
 garbage-first heap   total 372736K, used 116428K [0x0000000080000000, 0x0000000100000000)
  region size 1024K, 11 young (11264K), 11 survivors (11264K)
 Metaspace       used 115741K, capacity 117241K, committed 117500K, reserved 1153024K
  class space    used 14329K, capacity 14778K, committed 14844K, reserved 1048576K
}
Event: 123.478 GC heap before
{Heap before GC invocations=71 (full 0):
 garbage-first heap   total 372736K, used 253644K [0x0000000080000000, 0x0000000100000000)
  region size 1024K, 145 young (148480K), 11 survivors (11264K)
 Metaspace       used 118001K, capacity 119497K, committed 119804K, reserved 1155072K
  class space    used 14542K, capacity 14975K, committed 15100K, reserved 1048576K
}
Event: 123.497 GC heap after
{Heap after GC invocations=72 (full 0):
 garbage-first heap   total 372736K, used 109207K [0x0000000080000000, 0x0000000100000000)
  region size 1024K, 4 young (4096K), 4 survivors (4096K)
 Metaspace       used 118001K, capacity 119497K, committed 119804K, reserved 1155072K
  class space    used 14542K, capacity 14975K, committed 15100K, reserved 1048576K
}
Event: 126.862 GC heap before
{Heap before GC invocations=72 (full 0):
 garbage-first heap   total 372736K, used 273047K [0x0000000080000000, 0x0000000100000000)
  region size 1024K, 163 young (166912K), 4 survivors (4096K)
 Metaspace       used 118636K, capacity 120114K, committed 120444K, reserved 1155072K
  class space    used 14634K, capacity 15073K, committed 15228K, reserved 1048576K
}
Event: 126.895 GC heap after
{Heap after GC invocations=73 (full 0):
 garbage-first heap   total 372736K, used 149209K [0x0000000080000000, 0x0000000100000000)
  region size 1024K, 21 young (21504K), 21 survivors (21504K)
 Metaspace       used 118636K, capacity 120114K, committed 120444K, reserved 1155072K
  class space    used 14634K, capacity 15073K, committed 15228K, reserved 1048576K
}
Event: 131.964 GC heap before
{Heap before GC invocations=73 (full 0):
 garbage-first heap   total 372736K, used 267993K [0x0000000080000000, 0x0000000100000000)
  region size 1024K, 136 young (139264K), 21 survivors (21504K)
 Metaspace       used 118691K, capacity 120178K, committed 120444K, reserved 1155072K
  class space    used 14635K, capacity 15073K, committed 15228K, reserved 1048576K
}
Event: 132.184 GC heap after
{Heap after GC invocations=74 (full 0):
 garbage-first heap   total 372736K, used 178688K [0x0000000080000000, 0x0000000100000000)
  region size 1024K, 17 young (17408K), 17 survivors (17408K)
 Metaspace       used 118691K, capacity 120178K, committed 120444K, reserved 1155072K
  class space    used 14635K, capacity 15073K, committed 15228K, reserved 1048576K
}
Event: 135.533 GC heap before
{Heap before GC invocations=74 (full 0):
 garbage-first heap   total 372736K, used 278016K [0x0000000080000000, 0x0000000100000000)
  region size 1024K, 112 young (114688K), 17 survivors (17408K)
 Metaspace       used 118694K, capacity 120178K, committed 120444K, reserved 1155072K
  class space    used 14635K, capacity 15073K, committed 15228K, reserved 1048576K
}
Event: 135.764 GC heap after
{Heap after GC invocations=75 (full 0):
 garbage-first heap   total 372736K, used 205312K [0x0000000080000000, 0x0000000100000000)
  region size 1024K, 14 young (14336K), 14 survivors (14336K)
 Metaspace       used 118694K, capacity 120178K, committed 120444K, reserved 1155072K
  class space    used 14635K, capacity 15073K, committed 15228K, reserved 1048576K
}
Event: 137.243 GC heap before
{Heap before GC invocations=75 (full 0):
 garbage-first heap   total 372736K, used 248320K [0x0000000080000000, 0x0000000100000000)
  region size 1024K, 58 young (59392K), 14 survivors (14336K)
 Metaspace       used 118740K, capacity 120242K, committed 120444K, reserved 1155072K
  class space    used 14638K, capacity 15073K, committed 15228K, reserved 1048576K
}

Deoptimization events (20 events):
Event: 135.899 Thread 0x0000014120c47f30 DEOPT PACKING pc=0x000001410a621b41 sp=0x00000003729fe540
Event: 135.899 Thread 0x0000014120c47f30 DEOPT UNPACKING pc=0x00000141081adf3f sp=0x00000003729fda68 mode 0
Event: 135.904 Thread 0x0000014120c47f30 DEOPT PACKING pc=0x000001410a621a09 sp=0x00000003729fe4c0
Event: 135.904 Thread 0x0000014120c47f30 DEOPT UNPACKING pc=0x00000141081adf3f sp=0x00000003729fd9e8 mode 0
Event: 136.110 Thread 0x0000014120c47f30 DEOPT PACKING pc=0x00000141094d2061 sp=0x00000003729fe9e0
Event: 136.110 Thread 0x0000014120c47f30 DEOPT UNPACKING pc=0x00000141081adf3f sp=0x00000003729fdf18 mode 0
Event: 136.807 Thread 0x000001411ecf6cc0 Uncommon trap: trap_request=0xffffff45 fr.pc=0x000001410fcd3c88 relative=0x0000000000001228
Event: 136.807 Thread 0x000001411ecf6cc0 Uncommon trap: reason=unstable_if action=reinterpret pc=0x000001410fcd3c88 method=java.util.concurrent.ConcurrentHashMap.transfer([Ljava/util/concurrent/ConcurrentHashMap$Node;[Ljava/util/concurrent/ConcurrentHashMap$Node;)V @ 352 c2
Event: 136.807 Thread 0x000001411ecf6cc0 DEOPT PACKING pc=0x000001410fcd3c88 sp=0x00000003725fd970
Event: 136.807 Thread 0x000001411ecf6cc0 DEOPT UNPACKING pc=0x00000141081ae12f sp=0x00000003725fd8d8 mode 2
Event: 136.840 Thread 0x000001411ecf6cc0 Uncommon trap: trap_request=0xffffffc6 fr.pc=0x00000141104b38e0 relative=0x00000000000003a0
Event: 136.840 Thread 0x000001411ecf6cc0 Uncommon trap: reason=bimorphic_or_optimized_type_check action=maybe_recompile pc=0x00000141104b38e0 method=com.android.tools.r8.q.a.a.b.u0.a(Ljava/util/Collection;)Lcom/android/tools/r8/q/a/a/b/u0; @ 47 c2
Event: 136.840 Thread 0x000001411ecf6cc0 DEOPT PACKING pc=0x00000141104b38e0 sp=0x00000003725fdc30
Event: 136.840 Thread 0x000001411ecf6cc0 DEOPT UNPACKING pc=0x00000141081ae12f sp=0x00000003725fdbf8 mode 2
Event: 136.910 Thread 0x000001411ecf6cc0 DEOPT PACKING pc=0x000001410a873e93 sp=0x00000003725fd970
Event: 136.910 Thread 0x000001411ecf6cc0 DEOPT UNPACKING pc=0x00000141081adf3f sp=0x00000003725fce28 mode 0
Event: 136.914 Thread 0x000001411ecf6cc0 Uncommon trap: trap_request=0xffffff45 fr.pc=0x000001410ff47944 relative=0x0000000000006264
Event: 136.914 Thread 0x000001411ecf6cc0 Uncommon trap: reason=unstable_if action=reinterpret pc=0x000001410ff47944 method=com.android.tools.r8.graph.I0$d.c()V @ 76 c2
Event: 136.914 Thread 0x000001411ecf6cc0 DEOPT PACKING pc=0x000001410ff47944 sp=0x00000003725fd400
Event: 136.914 Thread 0x000001411ecf6cc0 DEOPT UNPACKING pc=0x00000141081ae12f sp=0x00000003725fd3d8 mode 2

Classes unloaded (0 events):
No events

Classes redefined (0 events):
No events

Internal exceptions (20 events):
Event: 122.411 Thread 0x000001411f678050 Exception <a 'sun/nio/fs/WindowsException'{0x000000008e5e2c40}> (0x000000008e5e2c40) 
thrown [./open/src/hotspot/share/prims/jni.cpp, line 578]
Event: 122.415 Thread 0x000001411f678050 Exception <a 'sun/nio/fs/WindowsException'{0x000000008e5ef378}> (0x000000008e5ef378) 
thrown [./open/src/hotspot/share/prims/jni.cpp, line 578]
Event: 122.422 Thread 0x000001411f678050 Exception <a 'sun/nio/fs/WindowsException'{0x000000008e5f5a40}> (0x000000008e5f5a40) 
thrown [./open/src/hotspot/share/prims/jni.cpp, line 578]
Event: 122.485 Thread 0x000001411f678050 Exception <a 'sun/nio/fs/WindowsException'{0x000000008e3c26f0}> (0x000000008e3c26f0) 
thrown [./open/src/hotspot/share/prims/jni.cpp, line 578]
Event: 122.522 Thread 0x000001411f678050 Exception <a 'sun/nio/fs/WindowsException'{0x000000008e3c8730}> (0x000000008e3c8730) 
thrown [./open/src/hotspot/share/prims/jni.cpp, line 578]
Event: 122.596 Thread 0x000001411f678050 Exception <a 'sun/nio/fs/WindowsException'{0x000000008e3cee60}> (0x000000008e3cee60) 
thrown [./open/src/hotspot/share/prims/jni.cpp, line 578]
Event: 122.616 Thread 0x000001411f678050 Exception <a 'sun/nio/fs/WindowsException'{0x000000008e3d54f0}> (0x000000008e3d54f0) 
thrown [./open/src/hotspot/share/prims/jni.cpp, line 578]
Event: 122.623 Thread 0x000001411f678050 Exception <a 'sun/nio/fs/WindowsException'{0x000000008e3dae40}> (0x000000008e3dae40) 
thrown [./open/src/hotspot/share/prims/jni.cpp, line 578]
Event: 122.627 Thread 0x000001411f678050 Exception <a 'sun/nio/fs/WindowsException'{0x000000008e3e03a8}> (0x000000008e3e03a8) 
thrown [./open/src/hotspot/share/prims/jni.cpp, line 578]
Event: 122.639 Thread 0x000001411f678050 Exception <a 'sun/nio/fs/WindowsException'{0x000000008e3f0d78}> (0x000000008e3f0d78) 
thrown [./open/src/hotspot/share/prims/jni.cpp, line 578]
Event: 122.645 Thread 0x000001411f678050 Exception <a 'sun/nio/fs/WindowsException'{0x000000008e3fc440}> (0x000000008e3fc440) 
thrown [./open/src/hotspot/share/prims/jni.cpp, line 578]
Event: 122.664 Thread 0x000001411f678050 Exception <a 'sun/nio/fs/WindowsException'{0x000000008df8d798}> (0x000000008df8d798) 
thrown [./open/src/hotspot/share/prims/jni.cpp, line 578]
Event: 122.668 Thread 0x000001411f678050 Exception <a 'sun/nio/fs/WindowsException'{0x000000008df935d0}> (0x000000008df935d0) 
thrown [./open/src/hotspot/share/prims/jni.cpp, line 578]
Event: 122.676 Thread 0x000001411f678050 Exception <a 'sun/nio/fs/WindowsException'{0x000000008df9d920}> (0x000000008df9d920) 
thrown [./open/src/hotspot/share/prims/jni.cpp, line 578]
Event: 122.680 Thread 0x000001411f678050 Exception <a 'sun/nio/fs/WindowsException'{0x000000008dfaa568}> (0x000000008dfaa568) 
thrown [./open/src/hotspot/share/prims/jni.cpp, line 578]
Event: 122.690 Thread 0x000001411f678050 Exception <a 'sun/nio/fs/WindowsException'{0x000000008dfc8888}> (0x000000008dfc8888) 
thrown [./open/src/hotspot/share/prims/jni.cpp, line 578]
Event: 123.741 Thread 0x000001411e2d6040 Exception <a 'sun/nio/fs/WindowsException'{0x00000000981f8c30}> (0x00000000981f8c30) 
thrown [./open/src/hotspot/share/prims/jni.cpp, line 578]
Event: 123.742 Thread 0x000001411e2d6040 Exception <a 'sun/nio/fs/WindowsException'{0x00000000981fa008}> (0x00000000981fa008) 
thrown [./open/src/hotspot/share/prims/jni.cpp, line 578]
Event: 123.810 Thread 0x000001411e2d6040 Exception <a 'java/lang/NoSuchMethodError'{0x000000009807bf58}: static Lcom/android/build/gradle/internal/tasks/D8MainDexListTask$MainDexListRunnable$Params;.<clinit>()V> (0x000000009807bf58) 
thrown [./open/src/hotspot/share/prims/jni.cpp, line 1204]
Event: 124.854 Thread 0x000001411ecf6cc0 Exception <a 'java/lang/NoSuchMethodError'{0x000000009611b6c8}: 'int java.lang.invoke.DirectMethodHandle$Holder.invokeSpecial(java.lang.Object, java.lang.Object, int)'> (0x000000009611b6c8) 
thrown [./open/src/hotspot/share/interpreter/linkResolver.cpp, line 782]

Events (20 events):
Event: 132.201 Executing VM operation: G1CollectForAllocation done
Event: 132.201 Executing VM operation: HandshakeAllThreads
Event: 132.201 Executing VM operation: HandshakeAllThreads done
Event: 133.311 Executing VM operation: HandshakeAllThreads
Event: 133.315 Executing VM operation: HandshakeAllThreads done
Event: 134.516 Executing VM operation: HandshakeAllThreads
Event: 134.563 Executing VM operation: HandshakeAllThreads done
Event: 135.533 Executing VM operation: G1CollectForAllocation
Event: 135.805 Executing VM operation: G1CollectForAllocation done
Event: 135.805 Executing VM operation: HandshakeAllThreads
Event: 135.806 Executing VM operation: HandshakeAllThreads done
Event: 136.797 loading class java/util/concurrent/ConcurrentHashMap$TreeNode
Event: 136.806 loading class java/util/concurrent/ConcurrentHashMap$TreeNode done
Event: 136.806 loading class java/util/concurrent/ConcurrentHashMap$TreeBin
Event: 136.807 loading class java/util/concurrent/ConcurrentHashMap$TreeBin done
Event: 136.843 Executing VM operation: HandshakeAllThreads
Event: 136.843 Executing VM operation: HandshakeAllThreads done
Event: 136.922 Executing VM operation: HandshakeAllThreads
Event: 136.933 Executing VM operation: HandshakeAllThreads done
Event: 137.242 Executing VM operation: G1TryInitiateConcMark


Dynamic libraries:
0x00007ff69bf10000 - 0x00007ff69bf1f000 	C:\Program Files\Java\jdk-15.0.1\bin\java.exe
0x00007ff845460000 - 0x00007ff845650000 	C:\Windows\SYSTEM32\ntdll.dll
0x00007ff845090000 - 0x00007ff845142000 	C:\Windows\System32\KERNEL32.DLL
0x00007ff842a00000 - 0x00007ff842ca5000 	C:\Windows\System32\KERNELBASE.dll
0x00007ff8423d0000 - 0x00007ff8424ca000 	C:\Windows\System32\ucrtbase.dll
0x00007ff83b280000 - 0x00007ff83b298000 	C:\Program Files\Java\jdk-15.0.1\bin\jli.dll
0x00007ff844140000 - 0x00007ff8441e3000 	C:\Windows\System32\ADVAPI32.dll
0x00007ff8452b0000 - 0x00007ff84534e000 	C:\Windows\System32\msvcrt.dll
0x00007ff843d30000 - 0x00007ff843dc7000 	C:\Windows\System32\sechost.dll
0x00007ff844dd0000 - 0x00007ff844ef0000 	C:\Windows\System32\RPCRT4.dll
0x00007ff8443f0000 - 0x00007ff844584000 	C:\Windows\System32\USER32.dll
0x00007ff8427f0000 - 0x00007ff842811000 	C:\Windows\System32\win32u.dll
0x00007ff844110000 - 0x00007ff844136000 	C:\Windows\System32\GDI32.dll
0x00007ff842570000 - 0x00007ff842706000 	C:\Windows\System32\gdi32full.dll
0x00007ff8424d0000 - 0x00007ff84256e000 	C:\Windows\System32\msvcp_win.dll
0x00007ff837180000 - 0x00007ff837199000 	C:\Program Files\Java\jdk-15.0.1\bin\VCRUNTIME140.dll
0x00007ff834130000 - 0x00007ff8343b4000 	C:\Windows\WinSxS\amd64_microsoft.windows.common-controls_6595b64144ccf1df_6.0.18362.1256_none_9e7e379be45e40e2\COMCTL32.dll
0x00007ff843dd0000 - 0x00007ff844106000 	C:\Windows\System32\combase.dll
0x00007ff842970000 - 0x00007ff8429f1000 	C:\Windows\System32\bcryptPrimitives.dll
0x00007ff840520000 - 0x00007ff84052a000 	C:\Windows\SYSTEM32\VERSION.dll
0x00007ff8441f0000 - 0x00007ff84421e000 	C:\Windows\System32\IMM32.DLL
0x00007ff840530000 - 0x00007ff84053c000 	C:\Program Files\Java\jdk-15.0.1\bin\vcruntime140_1.dll
0x00007ff8362f0000 - 0x00007ff836381000 	C:\Program Files\Java\jdk-15.0.1\bin\msvcp140.dll
0x00007ff82c640000 - 0x00007ff82d19e000 	C:\Program Files\Java\jdk-15.0.1\bin\server\jvm.dll
0x00007ff8442a0000 - 0x00007ff8442a8000 	C:\Windows\System32\PSAPI.DLL
0x00007ff840300000 - 0x00007ff840309000 	C:\Windows\SYSTEM32\WSOCK32.dll
0x00007ff843ab0000 - 0x00007ff843b1f000 	C:\Windows\System32\WS2_32.dll
0x00007ff8401c0000 - 0x00007ff8401e4000 	C:\Windows\SYSTEM32\WINMM.dll
0x00007ff840190000 - 0x00007ff8401bd000 	C:\Windows\SYSTEM32\WINMMBASE.dll
0x00007ff842710000 - 0x00007ff84275a000 	C:\Windows\System32\cfgmgr32.dll
0x00007ff842340000 - 0x00007ff842351000 	C:\Windows\System32\kernel.appcore.dll
0x00007ff83e7e0000 - 0x00007ff83e7ea000 	C:\Program Files\Java\jdk-15.0.1\bin\jimage.dll
0x00007ff832ee0000 - 0x00007ff8330d4000 	C:\Windows\SYSTEM32\DBGHELP.DLL
0x00007ff832eb0000 - 0x00007ff832eda000 	C:\Windows\SYSTEM32\dbgcore.DLL
0x00007ff8366a0000 - 0x00007ff8366c5000 	C:\Program Files\Java\jdk-15.0.1\bin\java.dll
0x00007ff844590000 - 0x00007ff844c77000 	C:\Windows\System32\SHELL32.dll
0x00007ff845370000 - 0x00007ff845419000 	C:\Windows\System32\shcore.dll
0x00007ff842cb0000 - 0x00007ff843431000 	C:\Windows\System32\windows.storage.dll
0x00007ff842310000 - 0x00007ff842333000 	C:\Windows\System32\profapi.dll
0x00007ff842360000 - 0x00007ff8423aa000 	C:\Windows\System32\powrprof.dll
0x00007ff842300000 - 0x00007ff842310000 	C:\Windows\System32\UMPDC.dll
0x00007ff843b20000 - 0x00007ff843b72000 	C:\Windows\System32\shlwapi.dll
0x00007ff843440000 - 0x00007ff843457000 	C:\Windows\System32\cryptsp.dll
0x00007ff83d3d0000 - 0x00007ff83d3e9000 	C:\Program Files\Java\jdk-15.0.1\bin\net.dll
0x00007ff83a710000 - 0x00007ff83a800000 	C:\Windows\SYSTEM32\WINHTTP.dll
0x00007ff841b50000 - 0x00007ff841bb7000 	C:\Windows\system32\mswsock.dll
0x00007ff837070000 - 0x00007ff837082000 	C:\Program Files\Java\jdk-15.0.1\bin\nio.dll
0x00007ff836b80000 - 0x00007ff836b98000 	C:\Program Files\Java\jdk-15.0.1\bin\zip.dll
0x00007ff83a5a0000 - 0x00007ff83a5b0000 	C:\Program Files\Java\jdk-15.0.1\bin\verify.dll
0x00007ff82f760000 - 0x00007ff82f787000 	C:\Users\Abdulla\.gradle\native\f6784746aeab05261644944871eae4fe03e0ef1612fff0a4a95f87b438bc6780\windows-amd64\native-platform.dll
0x00007ff83a570000 - 0x00007ff83a579000 	C:\Program Files\Java\jdk-15.0.1\bin\management.dll
0x00007ff8369b0000 - 0x00007ff8369bb000 	C:\Program Files\Java\jdk-15.0.1\bin\management_ext.dll
0x00007ff8416c0000 - 0x00007ff8416f3000 	C:\Windows\system32\rsaenh.dll
0x00007ff842760000 - 0x00007ff842786000 	C:\Windows\System32\bcrypt.dll
0x00007ff8421e0000 - 0x00007ff842205000 	C:\Windows\SYSTEM32\USERENV.dll
0x00007ff841d20000 - 0x00007ff841d2c000 	C:\Windows\SYSTEM32\CRYPTBASE.dll
0x00007ff841860000 - 0x00007ff84189a000 	C:\Windows\SYSTEM32\IPHLPAPI.DLL
0x00007ff845350000 - 0x00007ff845358000 	C:\Windows\System32\NSI.dll
0x00007ff83a9f0000 - 0x00007ff83aa06000 	C:\Windows\SYSTEM32\dhcpcsvc6.DLL
0x00007ff83ae30000 - 0x00007ff83ae4c000 	C:\Windows\SYSTEM32\dhcpcsvc.DLL
0x00007ff8418a0000 - 0x00007ff84196b000 	C:\Windows\SYSTEM32\DNSAPI.dll
0x00007ff83afe0000 - 0x00007ff83afeb000 	C:\Windows\SYSTEM32\WINNSI.DLL
0x00007ff841340000 - 0x00007ff841371000 	C:\Windows\SYSTEM32\ntmarta.dll
0x00007ff82eca0000 - 0x00007ff82ee20000 	C:\Program Files\Java\jdk-15.0.1\bin\awt.dll
0x00007ff844fc0000 - 0x00007ff845085000 	C:\Windows\System32\OLEAUT32.dll
0x00007ff8403a0000 - 0x00007ff84042f000 	C:\Windows\SYSTEM32\apphelp.dll
0x00007ff8409a0000 - 0x00007ff8409cd000 	C:\Windows\system32\DWMAPI.DLL
0x00007ff840620000 - 0x00007ff8406b9000 	C:\Windows\system32\uxtheme.dll
0x0000000066e00000 - 0x0000000066f03000 	C:\Users\Abdulla\AppData\Local\Temp\sqlite-3.25.2-b46c1b2f-bd13-461a-a20a-4fee94d9150a-sqlitejdbc.dll

dbghelp: loaded successfully - version: 4.0.5 - missing functions: none
symbol engine: initialized successfully - sym options: 0x614 - pdb path: .;C:\Program Files\Java\jdk-15.0.1\bin;C:\Windows\SYSTEM32;C:\Windows\WinSxS\amd64_microsoft.windows.common-controls_6595b64144ccf1df_6.0.18362.1256_none_9e7e379be45e40e2;C:\Program Files\Java\jdk-15.0.1\bin\server;C:\Users\Abdulla\.gradle\native\f6784746aeab05261644944871eae4fe03e0ef1612fff0a4a95f87b438bc6780\windows-amd64;C:\Users\Abdulla\AppData\Local\Temp

VM Arguments:
jvm_args: --add-opens=java.base/java.util=ALL-UNNAMED --add-opens=java.base/java.lang=ALL-UNNAMED --add-opens=java.base/java.lang.invoke=ALL-UNNAMED --add-opens=java.prefs/java.util.prefs=ALL-UNNAMED -Xmx2048m -Dfile.encoding=UTF-8 -Duser.country=US -Duser.language=en -Duser.variant 
java_command: org.gradle.launcher.daemon.bootstrap.GradleDaemon 6.5
java_class_path (initial): C:\Users\Abdulla\.gradle\wrapper\dists\gradle-6.5-all\2oz4ud9k3tuxjg84bbf55q0tn\gradle-6.5\lib\gradle-launcher-6.5.jar
Launcher Type: SUN_STANDARD

[Global flags]
     intx CICompilerCount                          = 2                                         {product} {ergonomic}
     uint ConcGCThreads                            = 1                                         {product} {ergonomic}
     uint G1ConcRefinementThreads                  = 2                                         {product} {ergonomic}
   size_t G1HeapRegionSize                         = 1048576                                   {product} {ergonomic}
    uintx GCDrainStackTargetSize                   = 64                                        {product} {ergonomic}
   size_t InitialHeapSize                          = 121634816                                 {product} {ergonomic}
   size_t MarkStackSize                            = 4194304                                   {product} {ergonomic}
   size_t MaxHeapSize                              = 2147483648                                {product} {command line}
   size_t MaxNewSize                               = 1287651328                                {product} {ergonomic}
   size_t MinHeapDeltaBytes                        = 1048576                                   {product} {ergonomic}
   size_t MinHeapSize                              = 8388608                                   {product} {ergonomic}
    uintx NonNMethodCodeHeapSize                   = 5826188                                {pd product} {ergonomic}
    uintx NonProfiledCodeHeapSize                  = 122916026                              {pd product} {ergonomic}
    uintx ProfiledCodeHeapSize                     = 122916026                              {pd product} {ergonomic}
    uintx ReservedCodeCacheSize                    = 251658240                              {pd product} {ergonomic}
     bool SegmentedCodeCache                       = true                                      {product} {ergonomic}
   size_t SoftMaxHeapSize                          = 2147483648                             {manageable} {ergonomic}
     bool UseCompressedClassPointers               = true                                 {lp64_product} {ergonomic}
     bool UseCompressedOops                        = true                                 {lp64_product} {ergonomic}
     bool UseG1GC                                  = true                                      {product} {ergonomic}
     bool UseLargePagesIndividualAllocation        = false                                  {pd product} {ergonomic}

Logging:
Log output configuration:
 #0: stdout all=warning uptime,level,tags
 #1: stderr all=off uptime,level,tags

Environment Variables:
JAVA_HOME=C:\Program Files\Java\jdk-15.0.1
PATH=C:\Program Files\Common Files\Oracle\Java\javapath;C:\Windows\system32;C:\Windows;C:\Windows\System32\Wbem;C:\Windows\System32\WindowsPowerShell\v1.0\;C:\Windows\System32\OpenSSH\;C:\Program Files (x86)\Microsoft SQL Server\120\DTS\Binn\;C:\Program Files (x86)\Microsoft SQL Server\Client SDK\ODBC\110\Tools\Binn\;C:\Program Files (x86)\Microsoft SQL Server\120\Tools\Binn\;C:\Program Files (x86)\Microsoft SQL Server\120\Tools\Binn\ManagementStudio\;C:\program Files\java\jdk-15.0.1\bin;C:\Users\Abdulla\AppData\Local\Microsoft\WindowsApps;
USERNAME=Abdulla
OS=Windows_NT
PROCESSOR_IDENTIFIER=AMD64 Family 21 Model 16 Stepping 1, AuthenticAMD



---------------  S Y S T E M  ---------------

OS:
 Windows 10 , 64 bit Build 18362 (10.0.18362.1110)
OS uptime: 3 days 8:26 hours

CPU: total 2 (initial active 2) (2 cores per cpu, 1 threads per core) family 21 model 16 stepping 1 microcode 0x0, cmov, cx8, fxsr, mmx, sse, sse2, sse3, ssse3, sse4.1, sse4.2, popcnt, vzeroupper, avx, aes, clmul, 3dnowpref, lzcnt, sse4a, tsc, tscinvbit, tscinv, bmi1, fma, clflush

Memory: 4k page, system-wide physical 7369M (702M free)
TotalPageFile size 7369M (AvailPageFile size 147M)
current process WorkingSet (physical memory assigned to process): 655M, peak: 706M
current process commit charge ("private bytes"): 706M, peak: 846M

vm_info: Java HotSpot(TM) 64-Bit Server VM (15.0.1+9-18) for windows-amd64 JRE (15.0.1+9-18), built on Sep 15 2020 14:43:54 by "mach5one" with unknown MS VC++:1925

END.
