#
# There is insufficient memory for the Java Runtime Environment to continue.
# Native memory allocation (malloc) failed to allocate 1766208 bytes for Chunk::new
# Possible reasons:
#   The system is out of physical RAM or swap space
#   The process is running with CompressedOops enabled, and the Java Heap may be blocking the growth of the native heap
# Possible solutions:
#   Reduce memory load on the system
#   Increase physical memory or swap space
#   Check if swap backing store is full
#   Decrease Java heap size (-Xmx/-Xms)
#   Decrease number of Java threads
#   Decrease Java thread stack sizes (-Xss)
#   Set larger code cache with -XX:ReservedCodeCacheSize=
#   JVM is running with Unscaled Compressed Oops mode in which the Java heap is
#     placed in the first 4GB address space. The Java Heap base address is the
#     maximum limit for the native heap growth. Please use -XX:HeapBaseMinAddress
#     to set the Java Heap base and to place the Java Heap above 4GB virtual address.
# This output file may be truncated or incomplete.
#
#  Out of Memory Error (./open/src/hotspot/share/memory/arena.cpp:195), pid=3728, tid=2120
#
# JRE version: Java(TM) SE Runtime Environment (15.0.1+9) (build 15.0.1+9-18)
# Java VM: Java HotSpot(TM) 64-Bit Server VM (15.0.1+9-18, mixed mode, sharing, tiered, compressed oops, g1 gc, windows-amd64)
# No core dump will be written. Minidumps are not enabled by default on client versions of Windows
#

---------------  S U M M A R Y ------------

Command Line: --add-opens=java.base/java.util=ALL-UNNAMED --add-opens=java.base/java.lang=ALL-UNNAMED --add-opens=java.base/java.lang.invoke=ALL-UNNAMED --add-opens=java.prefs/java.util.prefs=ALL-UNNAMED -Xmx2048m -Dfile.encoding=UTF-8 -Duser.country=US -Duser.language=en -Duser.variant org.gradle.launcher.daemon.bootstrap.GradleDaemon 6.5

Host: AMD A4-4300M APU with Radeon(tm) HD Graphics   , 2 cores, 7G,  Windows 10 , 64 bit Build 18362 (10.0.18362.1110)
Time: Fri Dec  4 22:26:24 2020 Egypt Standard Time elapsed time: 38.466446 seconds (0d 0h 0m 38s)

---------------  T H R E A D  ---------------

Current thread (0x000001b1ffc5af10):  JavaThread "C2 CompilerThread0" daemon [_thread_in_native, id=2120, stack(0x0000006048c00000,0x0000006048d00000)]


Current CompileTask:
C2:  38466 6065 %     4       org.gradle.internal.instantiation.generator.AbstractClassGenerator::inspectType @ 250 (560 bytes)

Stack: [0x0000006048c00000,0x0000006048d00000]
Native frames: (J=compiled Java code, j=interpreted, Vv=VM code, C=native code)
V  [jvm.dll+0x62ae9a]
V  [jvm.dll+0x781389]
V  [jvm.dll+0x782ae3]
V  [jvm.dll+0x783143]
V  [jvm.dll+0x216265]
V  [jvm.dll+0x97efa]
V  [jvm.dll+0x985dc]
V  [jvm.dll+0x32e525]
V  [jvm.dll+0x2f78aa]
V  [jvm.dll+0x2f6c6a]
V  [jvm.dll+0x1ea645]
V  [jvm.dll+0x1e98ae]
V  [jvm.dll+0x1784c7]
V  [jvm.dll+0x1f9165]
V  [jvm.dll+0x1f720c]
V  [jvm.dll+0x74485d]
V  [jvm.dll+0x73d65a]
V  [jvm.dll+0x629c56]
C  [ucrtbase.dll+0x210b2]
C  [KERNEL32.DLL+0x17c24]
C  [ntdll.dll+0x6d4d1]


---------------  P R O C E S S  ---------------

Threads class SMR info:
_java_thread_list=0x000001b1998db400, length=127, elements={
0x000001b1f6e82030, 0x000001b1ffc3e280, 0x000001b1ffc41070, 0x000001b1ffc55e80,
0x000001b1ffc59860, 0x000001b1ffc5a220, 0x000001b1ffc5af10, 0x000001b195808120,
0x000001b195808730, 0x000001b1958c3bb0, 0x000001b1958d0e20, 0x000001b196775980,
0x000001b1962b5540, 0x000001b195d2a430, 0x000001b196a750f0, 0x000001b19648eca0,
0x000001b19731eff0, 0x000001b1963e48f0, 0x000001b195a61f80, 0x000001b195d9dda0,
0x000001b195da08f0, 0x000001b195d9ec10, 0x000001b195d9f0e0, 0x000001b195d9ff50,
0x000001b195d9e740, 0x000001b195d9f5b0, 0x000001b197aca6c0, 0x000001b197acb530,
0x000001b197ac8510, 0x000001b197acb060, 0x000001b197acba00, 0x000001b197ac71d0,
0x000001b197ac8040, 0x000001b197ac9850, 0x000001b197acc3a0, 0x000001b197ac9380,
0x000001b197acea20, 0x000001b197ac76a0, 0x000001b197ac89e0, 0x000001b197ac8eb0,
0x000001b197ac9d20, 0x000001b197accd40, 0x000001b197acab90, 0x000001b197acd210,
0x000001b1976d3bd0, 0x000001b1976ce060, 0x000001b1976d3230, 0x000001b1976cd1f0,
0x000001b1976d2890, 0x000001b1976cf870, 0x000001b1976cdb90, 0x000001b1976d2d60,
0x000001b1976d3700, 0x000001b1976ceed0, 0x000001b1976d1550, 0x000001b1976cf3a0,
0x000001b1976d1a20, 0x000001b1976cd6c0, 0x000001b1976d1080, 0x000001b1976d40a0,
0x000001b1976d0210, 0x000001b1976d4570, 0x000001b1976cfd40, 0x000001b1976ce530,
0x000001b1976d06e0, 0x000001b1976d0bb0, 0x000001b1976cea00, 0x000001b1976d1ef0,
0x000001b1976d23c0, 0x000001b1976ccd20, 0x000001b198249ad0, 0x000001b19824eca0,
0x000001b19824ae10, 0x000001b19824de30, 0x000001b19824b2e0, 0x000001b19824d960,
0x000001b198248790, 0x000001b19824e7d0, 0x000001b19824cfc0, 0x000001b198247df0,
0x000001b19824bc80, 0x000001b19824f170, 0x000001b19824c620, 0x000001b1982482c0,
0x000001b198249fa0, 0x000001b198248c60, 0x000001b19824b7b0, 0x000001b198247920,
0x000001b198249130, 0x000001b198249600, 0x000001b19824a470, 0x000001b19824a940,
0x000001b19824c150, 0x000001b19824caf0, 0x000001b19824d490, 0x000001b19824e300,
0x000001b197821660, 0x000001b197825020, 0x000001b197826360, 0x000001b1978207f0,
0x000001b197823ce0, 0x000001b197820cc0, 0x000001b197823810, 0x000001b1978229a0,
0x000001b197824680, 0x000001b1978259c0, 0x000001b1978241b0, 0x000001b1978276a0,
0x000001b1978271d0, 0x000001b197824b50, 0x000001b197826d00, 0x000001b197820320,
0x000001b197821190, 0x000001b1978224d0, 0x000001b197826830, 0x000001b1978254f0,
0x000001b197822e70, 0x000001b197827b70, 0x000001b197822000, 0x000001b197825e90,
0x000001b197823340, 0x000001b197821b30, 0x000001b197569060, 0x000001b197569a00,
0x000001b19756c080, 0x000001b19756c550, 0x000001b19756bbb0
}

Java Threads: ( => current thread )
  0x000001b1f6e82030 JavaThread "main" [_thread_blocked, id=9280, stack(0x0000006048000000,0x0000006048100000)]
  0x000001b1ffc3e280 JavaThread "Reference Handler" daemon [_thread_blocked, id=10520, stack(0x0000006048700000,0x0000006048800000)]
  0x000001b1ffc41070 JavaThread "Finalizer" daemon [_thread_blocked, id=7764, stack(0x0000006048800000,0x0000006048900000)]
  0x000001b1ffc55e80 JavaThread "Signal Dispatcher" daemon [_thread_blocked, id=6364, stack(0x0000006048900000,0x0000006048a00000)]
  0x000001b1ffc59860 JavaThread "Attach Listener" daemon [_thread_blocked, id=6048, stack(0x0000006048a00000,0x0000006048b00000)]
  0x000001b1ffc5a220 JavaThread "Service Thread" daemon [_thread_blocked, id=1664, stack(0x0000006048b00000,0x0000006048c00000)]
=>0x000001b1ffc5af10 JavaThread "C2 CompilerThread0" daemon [_thread_in_native, id=2120, stack(0x0000006048c00000,0x0000006048d00000)]
  0x000001b195808120 JavaThread "C1 CompilerThread0" daemon [_thread_blocked, id=2436, stack(0x0000006048d00000,0x0000006048e00000)]
  0x000001b195808730 JavaThread "Sweeper thread" daemon [_thread_blocked, id=13140, stack(0x0000006048e00000,0x0000006048f00000)]
  0x000001b1958c3bb0 JavaThread "Common-Cleaner" daemon [_thread_blocked, id=12368, stack(0x0000006048f00000,0x0000006049000000)]
  0x000001b1958d0e20 JavaThread "Notification Thread" daemon [_thread_blocked, id=9236, stack(0x0000006049000000,0x0000006049100000)]
  0x000001b196775980 JavaThread "Daemon health stats" [_thread_blocked, id=9560, stack(0x0000006049300000,0x0000006049400000)]
  0x000001b1962b5540 JavaThread "Incoming local TCP Connector on port 52315" [_thread_in_native, id=10628, stack(0x0000006049600000,0x0000006049700000)]
  0x000001b195d2a430 JavaThread "Daemon periodic checks" [_thread_blocked, id=6328, stack(0x0000006049700000,0x0000006049800000)]
  0x000001b196a750f0 JavaThread "Daemon" [_thread_blocked, id=4768, stack(0x0000006049800000,0x0000006049900000)]
  0x000001b19648eca0 JavaThread "Handler for socket connection from /127.0.0.1:52315 to /127.0.0.1:52316" [_thread_in_native, id=12404, stack(0x0000006049900000,0x0000006049a00000)]
  0x000001b19731eff0 JavaThread "Cancel handler" [_thread_blocked, id=12536, stack(0x0000006049a00000,0x0000006049b00000)]
  0x000001b1963e48f0 JavaThread "Daemon worker" [_thread_in_Java, id=12168, stack(0x0000006049b00000,0x0000006049c00000)]
  0x000001b195a61f80 JavaThread "Asynchronous log dispatcher for DefaultDaemonConnection: socket connection from /127.0.0.1:52315 to /127.0.0.1:52316" [_thread_blocked, id=8020, stack(0x0000006049c00000,0x0000006049d00000)]
  0x000001b195d9dda0 JavaThread "Stdin handler" [_thread_blocked, id=11596, stack(0x0000006049d00000,0x0000006049e00000)]
  0x000001b195da08f0 JavaThread "Thread-8" [_thread_blocked, id=4248, stack(0x0000006049e00000,0x0000006049f00000)]
  0x000001b195d9ec10 JavaThread "Cache worker for journal cache (C:\Users\Abdulla\.gradle\caches\journal-1)" [_thread_blocked, id=6920, stack(0x0000006049f00000,0x000000604a000000)]
  0x000001b195d9f0e0 JavaThread "File lock request listener" [_thread_in_native, id=4948, stack(0x000000604a000000,0x000000604a100000)]
  0x000001b195d9ff50 JavaThread "Cache worker for file hash cache (C:\Users\Abdulla\.gradle\caches\6.5\fileHashes)" [_thread_blocked, id=5176, stack(0x000000604a100000,0x000000604a200000)]
  0x000001b195d9e740 JavaThread "Cache worker for file hash cache (C:\Users\Abdulla\AndroidStudioProjects\ERPInventory\.gradle\6.5\fileHashes)" [_thread_blocked, id=5924, stack(0x000000604a200000,0x000000604a300000)]
  0x000001b195d9f5b0 JavaThread "Cache worker for checksums cache (C:\Users\Abdulla\AndroidStudioProjects\ERPInventory\.gradle\checksums)" [_thread_blocked, id=7216, stack(0x000000604a300000,0x000000604a400000)]
  0x000001b197aca6c0 JavaThread "Cache worker for cache directory md-supplier (C:\Users\Abdulla\.gradle\caches\6.5\md-supplier)" [_thread_blocked, id=8476, stack(0x000000604a400000,0x000000604a500000)]
  0x000001b197acb530 JavaThread "Cache worker for cache directory md-rule (C:\Users\Abdulla\.gradle\caches\6.5\md-rule)" [_thread_blocked, id=1212, stack(0x000000604a500000,0x000000604a600000)]
  0x000001b197ac8510 JavaThread "Cache worker for execution history cache (C:\Users\Abdulla\.gradle\caches\6.5\executionHistory)" [_thread_blocked, id=12176, stack(0x000000604a600000,0x000000604a700000)]
  0x000001b197acb060 JavaThread "jar transforms" [_thread_blocked, id=10084, stack(0x000000604a700000,0x000000604a800000)]
  0x000001b197acba00 JavaThread "Cache worker for file content cache (C:\Users\Abdulla\.gradle\caches\6.5\fileContent)" [_thread_blocked, id=4644, stack(0x000000604a800000,0x000000604a900000)]
  0x000001b197ac71d0 JavaThread "Build operations" [_thread_blocked, id=12720, stack(0x000000604aa00000,0x000000604ab00000)]
  0x000001b197ac8040 JavaThread "Build operations Thread 2" [_thread_blocked, id=12128, stack(0x000000604ab00000,0x000000604ac00000)]
  0x000001b197ac9850 JavaThread "jar transforms Thread 2" [_thread_blocked, id=8312, stack(0x000000604ac00000,0x000000604ad00000)]
  0x000001b197acc3a0 JavaThread "jar transforms Thread 3" [_thread_blocked, id=4784, stack(0x000000604ad00000,0x000000604ae00000)]
  0x000001b197ac9380 JavaThread "jar transforms Thread 4" [_thread_blocked, id=6164, stack(0x000000604ae00000,0x000000604af00000)]
  0x000001b197acea20 JavaThread "jar transforms Thread 5" [_thread_blocked, id=8016, stack(0x000000604af00000,0x000000604b000000)]
  0x000001b197ac76a0 JavaThread "jar transforms Thread 6" [_thread_blocked, id=11184, stack(0x000000604b000000,0x000000604b100000)]
  0x000001b197ac89e0 JavaThread "jar transforms Thread 7" [_thread_blocked, id=12704, stack(0x000000604b100000,0x000000604b200000)]
  0x000001b197ac8eb0 JavaThread "jar transforms Thread 8" [_thread_blocked, id=2672, stack(0x000000604b200000,0x000000604b300000)]
  0x000001b197ac9d20 JavaThread "jar transforms Thread 9" [_thread_blocked, id=796, stack(0x000000604b300000,0x000000604b400000)]
  0x000001b197accd40 JavaThread "jar transforms Thread 10" [_thread_blocked, id=10168, stack(0x000000604b400000,0x000000604b500000)]
  0x000001b197acab90 JavaThread "jar transforms Thread 11" [_thread_blocked, id=12284, stack(0x000000604b500000,0x000000604b600000)]
  0x000001b197acd210 JavaThread "jar transforms Thread 12" [_thread_blocked, id=4288, stack(0x000000604b600000,0x000000604b700000)]
  0x000001b1976d3bd0 JavaThread "jar transforms Thread 13" [_thread_blocked, id=5416, stack(0x000000604b700000,0x000000604b800000)]
  0x000001b1976ce060 JavaThread "jar transforms Thread 14" [_thread_blocked, id=1416, stack(0x000000604b800000,0x000000604b900000)]
  0x000001b1976d3230 JavaThread "jar transforms Thread 15" [_thread_blocked, id=13200, stack(0x000000604b900000,0x000000604ba00000)]
  0x000001b1976cd1f0 JavaThread "jar transforms Thread 16" [_thread_blocked, id=11728, stack(0x000000604ba00000,0x000000604bb00000)]
  0x000001b1976d2890 JavaThread "jar transforms Thread 17" [_thread_blocked, id=13088, stack(0x000000604bb00000,0x000000604bc00000)]
  0x000001b1976cf870 JavaThread "jar transforms Thread 18" [_thread_blocked, id=13128, stack(0x000000604bc00000,0x000000604bd00000)]
  0x000001b1976cdb90 JavaThread "jar transforms Thread 19" [_thread_blocked, id=10300, stack(0x000000604bd00000,0x000000604be00000)]
  0x000001b1976d2d60 JavaThread "jar transforms Thread 20" [_thread_blocked, id=6748, stack(0x000000604be00000,0x000000604bf00000)]
  0x000001b1976d3700 JavaThread "jar transforms Thread 21" [_thread_blocked, id=4380, stack(0x000000604bf00000,0x000000604c000000)]
  0x000001b1976ceed0 JavaThread "jar transforms Thread 22" [_thread_blocked, id=4388, stack(0x000000604c000000,0x000000604c100000)]
  0x000001b1976d1550 JavaThread "jar transforms Thread 23" [_thread_blocked, id=6700, stack(0x000000604c100000,0x000000604c200000)]
  0x000001b1976cf3a0 JavaThread "jar transforms Thread 24" [_thread_blocked, id=11072, stack(0x000000604c200000,0x000000604c300000)]
  0x000001b1976d1a20 JavaThread "jar transforms Thread 25" [_thread_blocked, id=6600, stack(0x000000604c300000,0x000000604c400000)]
  0x000001b1976cd6c0 JavaThread "jar transforms Thread 26" [_thread_blocked, id=732, stack(0x000000604c400000,0x000000604c500000)]
  0x000001b1976d1080 JavaThread "jar transforms Thread 27" [_thread_blocked, id=2384, stack(0x000000604c500000,0x000000604c600000)]
  0x000001b1976d40a0 JavaThread "jar transforms Thread 28" [_thread_blocked, id=9684, stack(0x000000604c600000,0x000000604c700000)]
  0x000001b1976d0210 JavaThread "jar transforms Thread 29" [_thread_blocked, id=8120, stack(0x000000604c700000,0x000000604c800000)]
  0x000001b1976d4570 JavaThread "jar transforms Thread 30" [_thread_blocked, id=6236, stack(0x000000604c800000,0x000000604c900000)]
  0x000001b1976cfd40 JavaThread "jar transforms Thread 31" [_thread_blocked, id=8948, stack(0x000000604c900000,0x000000604ca00000)]
  0x000001b1976ce530 JavaThread "jar transforms Thread 32" [_thread_blocked, id=8300, stack(0x000000604ca00000,0x000000604cb00000)]
  0x000001b1976d06e0 JavaThread "jar transforms Thread 33" [_thread_blocked, id=1352, stack(0x000000604cb00000,0x000000604cc00000)]
  0x000001b1976d0bb0 JavaThread "jar transforms Thread 34" [_thread_blocked, id=4712, stack(0x000000604cc00000,0x000000604cd00000)]
  0x000001b1976cea00 JavaThread "jar transforms Thread 35" [_thread_blocked, id=4220, stack(0x000000604cd00000,0x000000604ce00000)]
  0x000001b1976d1ef0 JavaThread "jar transforms Thread 36" [_thread_blocked, id=7140, stack(0x000000604ce00000,0x000000604cf00000)]
  0x000001b1976d23c0 JavaThread "jar transforms Thread 37" [_thread_blocked, id=8660, stack(0x000000604cf00000,0x000000604d000000)]
  0x000001b1976ccd20 JavaThread "jar transforms Thread 38" [_thread_blocked, id=6524, stack(0x000000604d000000,0x000000604d100000)]
  0x000001b198249ad0 JavaThread "jar transforms Thread 39" [_thread_blocked, id=1528, stack(0x000000604d100000,0x000000604d200000)]
  0x000001b19824eca0 JavaThread "jar transforms Thread 40" [_thread_blocked, id=9040, stack(0x000000604d200000,0x000000604d300000)]
  0x000001b19824ae10 JavaThread "jar transforms Thread 41" [_thread_blocked, id=10636, stack(0x000000604d300000,0x000000604d400000)]
  0x000001b19824de30 JavaThread "jar transforms Thread 42" [_thread_blocked, id=4452, stack(0x000000604d400000,0x000000604d500000)]
  0x000001b19824b2e0 JavaThread "jar transforms Thread 43" [_thread_blocked, id=12096, stack(0x000000604d500000,0x000000604d600000)]
  0x000001b19824d960 JavaThread "jar transforms Thread 44" [_thread_blocked, id=11700, stack(0x000000604d600000,0x000000604d700000)]
  0x000001b198248790 JavaThread "jar transforms Thread 45" [_thread_blocked, id=10388, stack(0x000000604d700000,0x000000604d800000)]
  0x000001b19824e7d0 JavaThread "jar transforms Thread 46" [_thread_blocked, id=180, stack(0x000000604d800000,0x000000604d900000)]
  0x000001b19824cfc0 JavaThread "jar transforms Thread 47" [_thread_blocked, id=12232, stack(0x000000604d900000,0x000000604da00000)]
  0x000001b198247df0 JavaThread "jar transforms Thread 48" [_thread_blocked, id=2452, stack(0x000000604da00000,0x000000604db00000)]
  0x000001b19824bc80 JavaThread "jar transforms Thread 49" [_thread_blocked, id=4780, stack(0x000000604db00000,0x000000604dc00000)]
  0x000001b19824f170 JavaThread "jar transforms Thread 50" [_thread_blocked, id=12608, stack(0x000000604dc00000,0x000000604dd00000)]
  0x000001b19824c620 JavaThread "jar transforms Thread 51" [_thread_blocked, id=6916, stack(0x000000604dd00000,0x000000604de00000)]
  0x000001b1982482c0 JavaThread "jar transforms Thread 52" [_thread_blocked, id=10236, stack(0x000000604de00000,0x000000604df00000)]
  0x000001b198249fa0 JavaThread "jar transforms Thread 53" [_thread_blocked, id=4772, stack(0x000000604df00000,0x000000604e000000)]
  0x000001b198248c60 JavaThread "jar transforms Thread 54" [_thread_blocked, id=6176, stack(0x000000604e000000,0x000000604e100000)]
  0x000001b19824b7b0 JavaThread "jar transforms Thread 55" [_thread_blocked, id=9476, stack(0x000000604e100000,0x000000604e200000)]
  0x000001b198247920 JavaThread "jar transforms Thread 56" [_thread_blocked, id=4980, stack(0x000000604e200000,0x000000604e300000)]
  0x000001b198249130 JavaThread "jar transforms Thread 57" [_thread_blocked, id=7236, stack(0x000000604e300000,0x000000604e400000)]
  0x000001b198249600 JavaThread "jar transforms Thread 58" [_thread_blocked, id=9352, stack(0x000000604e400000,0x000000604e500000)]
  0x000001b19824a470 JavaThread "jar transforms Thread 59" [_thread_blocked, id=5948, stack(0x000000604e500000,0x000000604e600000)]
  0x000001b19824a940 JavaThread "jar transforms Thread 60" [_thread_blocked, id=12684, stack(0x000000604e600000,0x000000604e700000)]
  0x000001b19824c150 JavaThread "jar transforms Thread 61" [_thread_blocked, id=12376, stack(0x000000604e700000,0x000000604e800000)]
  0x000001b19824caf0 JavaThread "jar transforms Thread 62" [_thread_blocked, id=9620, stack(0x000000604e800000,0x000000604e900000)]
  0x000001b19824d490 JavaThread "jar transforms Thread 63" [_thread_blocked, id=7072, stack(0x000000604e900000,0x000000604ea00000)]
  0x000001b19824e300 JavaThread "jar transforms Thread 64" [_thread_blocked, id=13220, stack(0x000000604ea00000,0x000000604eb00000)]
  0x000001b197821660 JavaThread "jar transforms Thread 65" [_thread_blocked, id=9080, stack(0x000000604eb00000,0x000000604ec00000)]
  0x000001b197825020 JavaThread "jar transforms Thread 66" [_thread_blocked, id=6824, stack(0x000000604ec00000,0x000000604ed00000)]
  0x000001b197826360 JavaThread "jar transforms Thread 67" [_thread_blocked, id=10672, stack(0x000000604ed00000,0x000000604ee00000)]
  0x000001b1978207f0 JavaThread "jar transforms Thread 68" [_thread_blocked, id=10972, stack(0x000000604ee00000,0x000000604ef00000)]
  0x000001b197823ce0 JavaThread "jar transforms Thread 69" [_thread_blocked, id=9552, stack(0x000000604ef00000,0x000000604f000000)]
  0x000001b197820cc0 JavaThread "jar transforms Thread 70" [_thread_blocked, id=9392, stack(0x000000604f000000,0x000000604f100000)]
  0x000001b197823810 JavaThread "jar transforms Thread 71" [_thread_blocked, id=9400, stack(0x000000604f100000,0x000000604f200000)]
  0x000001b1978229a0 JavaThread "jar transforms Thread 72" [_thread_blocked, id=11172, stack(0x000000604f200000,0x000000604f300000)]
  0x000001b197824680 JavaThread "jar transforms Thread 73" [_thread_blocked, id=12448, stack(0x000000604f300000,0x000000604f400000)]
  0x000001b1978259c0 JavaThread "jar transforms Thread 74" [_thread_blocked, id=7940, stack(0x000000604f400000,0x000000604f500000)]
  0x000001b1978241b0 JavaThread "jar transforms Thread 75" [_thread_blocked, id=8644, stack(0x000000604f500000,0x000000604f600000)]
  0x000001b1978276a0 JavaThread "jar transforms Thread 76" [_thread_blocked, id=12740, stack(0x000000604f600000,0x000000604f700000)]
  0x000001b1978271d0 JavaThread "jar transforms Thread 77" [_thread_blocked, id=4272, stack(0x000000604f700000,0x000000604f800000)]
  0x000001b197824b50 JavaThread "jar transforms Thread 78" [_thread_blocked, id=3540, stack(0x000000604f800000,0x000000604f900000)]
  0x000001b197826d00 JavaThread "jar transforms Thread 79" [_thread_blocked, id=2052, stack(0x000000604f900000,0x000000604fa00000)]
  0x000001b197820320 JavaThread "jar transforms Thread 80" [_thread_blocked, id=6720, stack(0x000000604fa00000,0x000000604fb00000)]
  0x000001b197821190 JavaThread "jar transforms Thread 81" [_thread_blocked, id=9700, stack(0x000000604fb00000,0x000000604fc00000)]
  0x000001b1978224d0 JavaThread "jar transforms Thread 82" [_thread_blocked, id=4776, stack(0x000000604fc00000,0x000000604fd00000)]
  0x000001b197826830 JavaThread "jar transforms Thread 83" [_thread_blocked, id=996, stack(0x000000604fd00000,0x000000604fe00000)]
  0x000001b1978254f0 JavaThread "jar transforms Thread 84" [_thread_blocked, id=4276, stack(0x000000604fe00000,0x000000604ff00000)]
  0x000001b197822e70 JavaThread "jar transforms Thread 85" [_thread_blocked, id=10176, stack(0x000000604ff00000,0x0000006050000000)]
  0x000001b197827b70 JavaThread "jar transforms Thread 86" [_thread_blocked, id=12192, stack(0x0000006050000000,0x0000006050100000)]
  0x000001b197822000 JavaThread "jar transforms Thread 87" [_thread_blocked, id=11552, stack(0x0000006050100000,0x0000006050200000)]
  0x000001b197825e90 JavaThread "jar transforms Thread 88" [_thread_blocked, id=4200, stack(0x0000006050200000,0x0000006050300000)]
  0x000001b197823340 JavaThread "jar transforms Thread 89" [_thread_blocked, id=504, stack(0x0000006050300000,0x0000006050400000)]
  0x000001b197821b30 JavaThread "jar transforms Thread 90" [_thread_blocked, id=9012, stack(0x0000006050400000,0x0000006050500000)]
  0x000001b197569060 JavaThread "jar transforms Thread 91" [_thread_blocked, id=6488, stack(0x0000006050500000,0x0000006050600000)]
  0x000001b197569a00 JavaThread "jar transforms Thread 92" [_thread_blocked, id=13044, stack(0x0000006050600000,0x0000006050700000)]
  0x000001b19756c080 JavaThread "Cache worker for Build Output Cleanup Cache (C:\Users\Abdulla\AndroidStudioProjects\ERPInventory\.gradle\buildOutputCleanup)" [_thread_blocked, id=6112, stack(0x0000006050700000,0x0000006050800000)]
  0x000001b19756c550 JavaThread "Memory manager" [_thread_blocked, id=8656, stack(0x0000006050800000,0x0000006050900000)]
  0x000001b19756bbb0 JavaThread "Cache worker for file content cache (C:\Users\Abdulla\AndroidStudioProjects\ERPInventory\.gradle\6.5\fileContent)" [_thread_blocked, id=5728, stack(0x0000006050900000,0x0000006050a00000)]

Other Threads:
  0x000001b1ffc3ac90 VMThread "VM Thread" [stack: 0x0000006048600000,0x0000006048700000] [id=9180]
  0x000001b1958da7b0 WatcherThread [stack: 0x0000006049100000,0x0000006049200000] [id=9336]
  0x000001b1f6ebefe0 GCTaskThread "GC Thread#0" [stack: 0x0000006048100000,0x0000006048200000] [id=6072]
  0x000001b1959ed6e0 GCTaskThread "GC Thread#1" [stack: 0x0000006049200000,0x0000006049300000] [id=8980]
  0x000001b1f6ed01c0 ConcurrentGCThread "G1 Main Marker" [stack: 0x0000006048200000,0x0000006048300000] [id=7240]
  0x000001b1f6ed2ce0 ConcurrentGCThread "G1 Conc#0" [stack: 0x0000006048300000,0x0000006048400000] [id=4240]
  0x000001b1f6f2f0b0 ConcurrentGCThread "G1 Refine#0" [stack: 0x0000006048400000,0x0000006048500000] [id=10752]
  0x000001b1963c5150 ConcurrentGCThread "G1 Refine#1" [stack: 0x000000604a900000,0x000000604aa00000] [id=12940]
  0x000001b1f6f2fbc0 ConcurrentGCThread "G1 Young RemSet Sampling" [stack: 0x0000006048500000,0x0000006048600000] [id=5476]

Threads with active compile tasks:
C2 CompilerThread0    38551 6065 %     4       org.gradle.internal.instantiation.generator.AbstractClassGenerator::inspectType @ 250 (560 bytes)
C1 CompilerThread0    38551 6117       2       java.lang.reflect.ProxyGenerator::collectCompatibleTypes (93 bytes)

VM state: not at safepoint (normal execution)

VM Mutex/Monitor currently owned by a thread: None

Heap address: 0x0000000080000000, size: 2048 MB, Compressed Oops mode: 32-bit
CDS archive(s) mapped at: [0x0000000800000000-0x0000000800b50000-0x0000000800b50000), size 11862016, SharedBaseAddress: 0x0000000800000000, ArchiveRelocationMode: 0.
Compressed class space mapped at: 0x0000000800b50000-0x0000000840b50000, size: 1073741824
Narrow klass base: 0x0000000800000000, Narrow klass shift: 3, Narrow klass range: 0x100000000

GC Precious Log:
 CPUs: 2 total, 2 available
 Memory: 7369M
 Large Page Support: Disabled
 NUMA Support: Disabled
 Compressed Oops: Enabled (32-bit)
 Heap Region Size: 1M
 Heap Min Capacity: 8M
 Heap Initial Capacity: 116M
 Heap Max Capacity: 2G
 Pre-touch: Disabled
 Parallel Workers: 2
 Concurrent Workers: 1
 Concurrent Refinement Workers: 2
 Periodic GC: Disabled

Heap:
 garbage-first heap   total 86016K, used 62124K [0x0000000080000000, 0x0000000100000000)
  region size 1024K, 17 young (17408K), 3 survivors (3072K)
 Metaspace       used 59255K, capacity 60196K, committed 60416K, reserved 1101824K
  class space    used 7826K, capacity 8122K, committed 8192K, reserved 1048576K

Heap Regions: E=young(eden), S=young(survivor), O=old, HS=humongous(starts), HC=humongous(continues), CS=collection set, F=free, OA=open archive, CA=closed archive, TAMS=top-at-mark-start (previous, next)
|   0|0x0000000080000000, 0x0000000080100000, 0x0000000080100000|100%| O|  |TAMS 0x0000000080100000, 0x0000000080000000| Untracked 
|   1|0x0000000080100000, 0x0000000080200000, 0x0000000080200000|100%| O|  |TAMS 0x0000000080200000, 0x0000000080100000| Untracked 
|   2|0x0000000080200000, 0x0000000080300000, 0x0000000080300000|100%| O|  |TAMS 0x0000000080300000, 0x0000000080200000| Untracked 
|   3|0x0000000080300000, 0x0000000080400000, 0x0000000080400000|100%| O|  |TAMS 0x0000000080400000, 0x0000000080300000| Untracked 
|   4|0x0000000080400000, 0x0000000080500000, 0x0000000080500000|100%|HS|  |TAMS 0x0000000080500000, 0x0000000080400000| Complete 
|   5|0x0000000080500000, 0x0000000080600000, 0x0000000080600000|100%|HC|  |TAMS 0x0000000080600000, 0x0000000080500000| Complete 
|   6|0x0000000080600000, 0x0000000080700000, 0x0000000080700000|100%|HC|  |TAMS 0x0000000080700000, 0x0000000080600000| Complete 
|   7|0x0000000080700000, 0x0000000080800000, 0x0000000080800000|100%| O|  |TAMS 0x0000000080800000, 0x0000000080700000| Untracked 
|   8|0x0000000080800000, 0x0000000080900000, 0x0000000080900000|100%| O|  |TAMS 0x0000000080900000, 0x0000000080800000| Untracked 
|   9|0x0000000080900000, 0x0000000080a00000, 0x0000000080a00000|100%| O|  |TAMS 0x0000000080a00000, 0x0000000080900000| Untracked 
|  10|0x0000000080a00000, 0x0000000080b00000, 0x0000000080b00000|100%| O|  |TAMS 0x0000000080b00000, 0x0000000080a00000| Untracked 
|  11|0x0000000080b00000, 0x0000000080c00000, 0x0000000080c00000|100%| O|  |TAMS 0x0000000080c00000, 0x0000000080b00000| Untracked 
|  12|0x0000000080c00000, 0x0000000080d00000, 0x0000000080d00000|100%| O|  |TAMS 0x0000000080d00000, 0x0000000080c00000| Untracked 
|  13|0x0000000080d00000, 0x0000000080e00000, 0x0000000080e00000|100%| O|  |TAMS 0x0000000080e00000, 0x0000000080d00000| Untracked 
|  14|0x0000000080e00000, 0x0000000080f00000, 0x0000000080f00000|100%| O|  |TAMS 0x0000000080f00000, 0x0000000080e00000| Untracked 
|  15|0x0000000080f00000, 0x0000000081000000, 0x0000000081000000|100%| O|  |TAMS 0x0000000081000000, 0x0000000080f00000| Untracked 
|  16|0x0000000081000000, 0x0000000081057600, 0x0000000081100000| 34%| O|  |TAMS 0x0000000081057600, 0x0000000081000000| Untracked 
|  17|0x0000000081100000, 0x0000000081200000, 0x0000000081200000|100%| O|  |TAMS 0x0000000081200000, 0x0000000081100000| Untracked 
|  18|0x0000000081200000, 0x0000000081300000, 0x0000000081300000|100%| O|  |TAMS 0x0000000081300000, 0x0000000081200000| Untracked 
|  19|0x0000000081300000, 0x0000000081400000, 0x0000000081400000|100%| O|  |TAMS 0x0000000081400000, 0x0000000081300000| Untracked 
|  20|0x0000000081400000, 0x0000000081500000, 0x0000000081500000|100%| O|  |TAMS 0x0000000081500000, 0x0000000081400000| Untracked 
|  21|0x0000000081500000, 0x0000000081600000, 0x0000000081600000|100%| O|  |TAMS 0x0000000081600000, 0x0000000081500000| Untracked 
|  22|0x0000000081600000, 0x0000000081700000, 0x0000000081700000|100%| O|  |TAMS 0x0000000081700000, 0x0000000081600000| Untracked 
|  23|0x0000000081700000, 0x0000000081800000, 0x0000000081800000|100%|HS|  |TAMS 0x0000000081800000, 0x0000000081700000| Complete 
|  24|0x0000000081800000, 0x0000000081900000, 0x0000000081900000|100%|HS|  |TAMS 0x0000000081900000, 0x0000000081800000| Complete 
|  25|0x0000000081900000, 0x0000000081a00000, 0x0000000081a00000|100%|HC|  |TAMS 0x0000000081a00000, 0x0000000081900000| Complete 
|  26|0x0000000081a00000, 0x0000000081b00000, 0x0000000081b00000|100%| O|  |TAMS 0x0000000081b00000, 0x0000000081a00000| Untracked 
|  27|0x0000000081b00000, 0x0000000081c00000, 0x0000000081c00000|100%| O|  |TAMS 0x0000000081c00000, 0x0000000081b00000| Untracked 
|  28|0x0000000081c00000, 0x0000000081d00000, 0x0000000081d00000|100%| O|  |TAMS 0x0000000081d00000, 0x0000000081c00000| Untracked 
|  29|0x0000000081d00000, 0x0000000081e00000, 0x0000000081e00000|100%| O|  |TAMS 0x0000000081e00000, 0x0000000081d00000| Untracked 
|  30|0x0000000081e00000, 0x0000000081f00000, 0x0000000081f00000|100%| O|  |TAMS 0x0000000081f00000, 0x0000000081e00000| Untracked 
|  31|0x0000000081f00000, 0x0000000082000000, 0x0000000082000000|100%| O|  |TAMS 0x0000000082000000, 0x0000000081f00000| Untracked 
|  32|0x0000000082000000, 0x0000000082100000, 0x0000000082100000|100%| O|  |TAMS 0x0000000082100000, 0x0000000082000000| Untracked 
|  33|0x0000000082100000, 0x0000000082200000, 0x0000000082200000|100%| O|  |TAMS 0x0000000082200000, 0x0000000082100000| Untracked 
|  34|0x0000000082200000, 0x0000000082300000, 0x0000000082300000|100%| O|  |TAMS 0x0000000082300000, 0x0000000082200000| Untracked 
|  35|0x0000000082300000, 0x0000000082400000, 0x0000000082400000|100%| O|  |TAMS 0x0000000082400000, 0x0000000082300000| Untracked 
|  36|0x0000000082400000, 0x0000000082500000, 0x0000000082500000|100%| O|  |TAMS 0x0000000082500000, 0x0000000082400000| Untracked 
|  37|0x0000000082500000, 0x0000000082600000, 0x0000000082600000|100%| O|  |TAMS 0x0000000082600000, 0x0000000082500000| Untracked 
|  38|0x0000000082600000, 0x0000000082700000, 0x0000000082700000|100%| O|  |TAMS 0x0000000082700000, 0x0000000082600000| Untracked 
|  39|0x0000000082700000, 0x0000000082800000, 0x0000000082800000|100%| O|  |TAMS 0x0000000082800000, 0x0000000082700000| Untracked 
|  40|0x0000000082800000, 0x0000000082900000, 0x0000000082900000|100%| O|  |TAMS 0x0000000082900000, 0x0000000082800000| Untracked 
|  41|0x0000000082900000, 0x0000000082a00000, 0x0000000082a00000|100%| O|  |TAMS 0x0000000082a00000, 0x0000000082900000| Untracked 
|  42|0x0000000082a00000, 0x0000000082b00000, 0x0000000082b00000|100%| O|  |TAMS 0x0000000082b00000, 0x0000000082a00000| Untracked 
|  43|0x0000000082b00000, 0x0000000082c00000, 0x0000000082c00000|100%| O|  |TAMS 0x0000000082c00000, 0x0000000082b00000| Untracked 
|  44|0x0000000082c00000, 0x0000000082d00000, 0x0000000082d00000|100%| O|  |TAMS 0x0000000082d00000, 0x0000000082c00000| Untracked 
|  45|0x0000000082d00000, 0x0000000082deea00, 0x0000000082e00000| 93%| O|  |TAMS 0x0000000082deea00, 0x0000000082d00000| Untracked 
|  46|0x0000000082e00000, 0x0000000082e00000, 0x0000000082f00000|  0%| F|  |TAMS 0x0000000082e00000, 0x0000000082e00000| Untracked 
|  47|0x0000000082f00000, 0x0000000082f00000, 0x0000000083000000|  0%| F|  |TAMS 0x0000000082f00000, 0x0000000082f00000| Untracked 
|  48|0x0000000083000000, 0x0000000083000000, 0x0000000083100000|  0%| F|  |TAMS 0x0000000083000000, 0x0000000083000000| Untracked 
|  49|0x0000000083100000, 0x0000000083100000, 0x0000000083200000|  0%| F|  |TAMS 0x0000000083100000, 0x0000000083100000| Untracked 
|  50|0x0000000083200000, 0x0000000083200000, 0x0000000083300000|  0%| F|  |TAMS 0x0000000083200000, 0x0000000083200000| Untracked 
|  51|0x0000000083300000, 0x0000000083300000, 0x0000000083400000|  0%| F|  |TAMS 0x0000000083300000, 0x0000000083300000| Untracked 
|  52|0x0000000083400000, 0x0000000083400000, 0x0000000083500000|  0%| F|  |TAMS 0x0000000083400000, 0x0000000083400000| Untracked 
|  53|0x0000000083500000, 0x0000000083500000, 0x0000000083600000|  0%| F|  |TAMS 0x0000000083500000, 0x0000000083500000| Untracked 
|  54|0x0000000083600000, 0x0000000083600000, 0x0000000083700000|  0%| F|  |TAMS 0x0000000083600000, 0x0000000083600000| Untracked 
|  55|0x0000000083700000, 0x0000000083700000, 0x0000000083800000|  0%| F|  |TAMS 0x0000000083700000, 0x0000000083700000| Untracked 
|  56|0x0000000083800000, 0x0000000083865148, 0x0000000083900000| 39%| S|CS|TAMS 0x0000000083800000, 0x0000000083800000| Complete 
|  57|0x0000000083900000, 0x0000000083a00000, 0x0000000083a00000|100%| S|CS|TAMS 0x0000000083900000, 0x0000000083900000| Complete 
|  58|0x0000000083a00000, 0x0000000083b00000, 0x0000000083b00000|100%| S|CS|TAMS 0x0000000083a00000, 0x0000000083a00000| Complete 
|  59|0x0000000083b00000, 0x0000000083b00000, 0x0000000083c00000|  0%| F|  |TAMS 0x0000000083b00000, 0x0000000083b00000| Untracked 
|  60|0x0000000083c00000, 0x0000000083c00000, 0x0000000083d00000|  0%| F|  |TAMS 0x0000000083c00000, 0x0000000083c00000| Untracked 
|  61|0x0000000083d00000, 0x0000000083d00000, 0x0000000083e00000|  0%| F|  |TAMS 0x0000000083d00000, 0x0000000083d00000| Untracked 
|  62|0x0000000083e00000, 0x0000000083e00000, 0x0000000083f00000|  0%| F|  |TAMS 0x0000000083e00000, 0x0000000083e00000| Untracked 
|  63|0x0000000083f00000, 0x0000000083f00000, 0x0000000084000000|  0%| F|  |TAMS 0x0000000083f00000, 0x0000000083f00000| Untracked 
|  64|0x0000000084000000, 0x0000000084000000, 0x0000000084100000|  0%| F|  |TAMS 0x0000000084000000, 0x0000000084000000| Untracked 
|  65|0x0000000084100000, 0x0000000084100000, 0x0000000084200000|  0%| F|  |TAMS 0x0000000084100000, 0x0000000084100000| Untracked 
|  66|0x0000000084200000, 0x0000000084200000, 0x0000000084300000|  0%| F|  |TAMS 0x0000000084200000, 0x0000000084200000| Untracked 
|  67|0x0000000084300000, 0x0000000084300000, 0x0000000084400000|  0%| F|  |TAMS 0x0000000084300000, 0x0000000084300000| Untracked 
|  68|0x0000000084400000, 0x0000000084400000, 0x0000000084500000|  0%| F|  |TAMS 0x0000000084400000, 0x0000000084400000| Untracked 
|  69|0x0000000084500000, 0x0000000084500000, 0x0000000084600000|  0%| F|  |TAMS 0x0000000084500000, 0x0000000084500000| Untracked 
|  70|0x0000000084600000, 0x000000008465ad00, 0x0000000084700000| 35%| E|  |TAMS 0x0000000084600000, 0x0000000084600000| Complete 
|  71|0x0000000084700000, 0x0000000084800000, 0x0000000084800000|100%| E|CS|TAMS 0x0000000084700000, 0x0000000084700000| Complete 
|  72|0x0000000084800000, 0x0000000084900000, 0x0000000084900000|100%| E|CS|TAMS 0x0000000084800000, 0x0000000084800000| Complete 
|  73|0x0000000084900000, 0x0000000084a00000, 0x0000000084a00000|100%| E|CS|TAMS 0x0000000084900000, 0x0000000084900000| Complete 
|  74|0x0000000084a00000, 0x0000000084b00000, 0x0000000084b00000|100%| E|CS|TAMS 0x0000000084a00000, 0x0000000084a00000| Complete 
|  75|0x0000000084b00000, 0x0000000084c00000, 0x0000000084c00000|100%| E|CS|TAMS 0x0000000084b00000, 0x0000000084b00000| Complete 
|  76|0x0000000084c00000, 0x0000000084d00000, 0x0000000084d00000|100%| E|CS|TAMS 0x0000000084c00000, 0x0000000084c00000| Complete 
|  77|0x0000000084d00000, 0x0000000084e00000, 0x0000000084e00000|100%| E|CS|TAMS 0x0000000084d00000, 0x0000000084d00000| Complete 
|  78|0x0000000084e00000, 0x0000000084f00000, 0x0000000084f00000|100%| E|CS|TAMS 0x0000000084e00000, 0x0000000084e00000| Complete 
|  79|0x0000000084f00000, 0x0000000085000000, 0x0000000085000000|100%| E|CS|TAMS 0x0000000084f00000, 0x0000000084f00000| Complete 
|  80|0x0000000085000000, 0x0000000085100000, 0x0000000085100000|100%| E|CS|TAMS 0x0000000085000000, 0x0000000085000000| Complete 
|  91|0x0000000085b00000, 0x0000000085c00000, 0x0000000085c00000|100%| E|CS|TAMS 0x0000000085b00000, 0x0000000085b00000| Complete 
|  92|0x0000000085c00000, 0x0000000085d00000, 0x0000000085d00000|100%| E|CS|TAMS 0x0000000085c00000, 0x0000000085c00000| Complete 
|  93|0x0000000085d00000, 0x0000000085e00000, 0x0000000085e00000|100%| E|CS|TAMS 0x0000000085d00000, 0x0000000085d00000| Complete 

Card table byte_map: [0x000001b1ff0b0000,0x000001b1ff4b0000] _byte_map_base: 0x000001b1fecb0000

Marking Bits (Prev, Next): (CMBitMap*) 0x000001b1f6ebf760, (CMBitMap*) 0x000001b1f6ebf7a0
 Prev Bits: [0x000001b18f000000, 0x000001b191000000)
 Next Bits: [0x000001b191000000, 0x000001b193000000)

Polling page: 0x000001b1f4b90000

Metaspace:

Usage:
  Non-class:     50.85 MB capacity,    50.23 MB ( 99%) used,   550.98 KB (  1%) free+waste,    82.69 KB ( <1%) overhead. 
      Class:      7.93 MB capacity,     7.64 MB ( 96%) used,   260.58 KB (  3%) free+waste,    33.38 KB ( <1%) overhead. 
       Both:     58.79 MB capacity,    57.88 MB ( 98%) used,   811.55 KB (  1%) free+waste,   116.06 KB ( <1%) overhead. 

Virtual space:
  Non-class space:       52.00 MB reserved,      51.00 MB ( 98%) committed 
      Class space:        1.00 GB reserved,       8.00 MB ( <1%) committed 
             Both:        1.05 GB reserved,      59.00 MB (  5%) committed 

Chunk freelists:
   Non-Class:  22.00 KB
       Class:  6.00 KB
        Both:  28.00 KB

MaxMetaspaceSize: 17179869184.00 GB
CompressedClassSpaceSize: 1.00 GB

CodeHeap 'non-profiled nmethods': size=120064Kb used=2616Kb max_used=3209Kb free=117447Kb
 bounds [0x000001b187ac0000, 0x000001b187df0000, 0x000001b18f000000]
CodeHeap 'profiled nmethods': size=120000Kb used=10330Kb max_used=12498Kb free=109670Kb
 bounds [0x000001b180590000, 0x000001b1811d0000, 0x000001b187ac0000]
CodeHeap 'non-nmethods': size=5696Kb used=2361Kb max_used=2392Kb free=3334Kb
 bounds [0x000001b180000000, 0x000001b180270000, 0x000001b180590000]
 total_blobs=6050 nmethods=5202 adapters=760
 compilation: enabled
              stopped_count=0, restarted_count=0
 full_count=0

Compilation events (20 events):
Event: 38.011 Thread 0x000001b195808120 6095       3       sun.net.www.protocol.jar.JarURLConnection::getUseCaches (8 bytes)
Event: 38.012 Thread 0x000001b195808120 nmethod 6095 0x000001b1809b1010 code [0x000001b1809b11c0, 0x000001b1809b1388]
Event: 38.035 Thread 0x000001b195808120 6096       3       java.util.StringTokenizer::scanToken (179 bytes)
Event: 38.038 Thread 0x000001b195808120 nmethod 6096 0x000001b180731f10 code [0x000001b180732280, 0x000001b180733938]
Event: 38.185 Thread 0x000001b195808120 6099       2       java.lang.StackTraceElement::<init> (10 bytes)
Event: 38.185 Thread 0x000001b195808120 nmethod 6099 0x000001b1805cf110 code [0x000001b1805cf2a0, 0x000001b1805cf398]
Event: 38.187 Thread 0x000001b195808120 6100       2       java.lang.ModuleLayer::boot (4 bytes)
Event: 38.187 Thread 0x000001b195808120 nmethod 6100 0x000001b1807f9390 code [0x000001b1807f9520, 0x000001b1807f9618]
Event: 38.187 Thread 0x000001b195808120 6101  s!   2       java.lang.StackTraceElement::computeFormat (71 bytes)
Event: 38.188 Thread 0x000001b195808120 nmethod 6101 0x000001b180ae8c10 code [0x000001b180ae8de0, 0x000001b180ae91b8]
Event: 38.316 Thread 0x000001b195808120 6103       2       java.lang.reflect.ProxyGenerator::computeUniqueCatchList (163 bytes)
Event: 38.317 Thread 0x000001b195808120 nmethod 6103 0x000001b1805df310 code [0x000001b1805df580, 0x000001b1805dfed8]
Event: 38.318 Thread 0x000001b195808120 6104       2       java.lang.reflect.ProxyGenerator$ProxyMethod::codeUnwrapReturnValue (172 bytes)
Event: 38.319 Thread 0x000001b195808120 nmethod 6104 0x000001b1805af390 code [0x000001b1805af600, 0x000001b1805afb38]
Event: 38.320 Thread 0x000001b195808120 6105       2       java.lang.Class::getConstructor (31 bytes)
Event: 38.321 Thread 0x000001b195808120 nmethod 6105 0x000001b180e27590 code [0x000001b180e27780, 0x000001b180e27af8]
Event: 38.360 Thread 0x000001b195808120 6106       2       java.lang.reflect.Proxy$ProxyBuilder::addElementType (19 bytes)
Event: 38.361 Thread 0x000001b195808120 nmethod 6106 0x000001b180a30190 code [0x000001b180a30360, 0x000001b180a30568]
Event: 38.361 Thread 0x000001b195808120 6107       2       java.lang.reflect.Proxy$ProxyBuilder::getElementType (19 bytes)
Event: 38.361 Thread 0x000001b195808120 nmethod 6107 0x000001b180a0a910 code [0x000001b180a0aac0, 0x000001b180a0ac78]

GC Heap History (20 events):
Event: 21.556 GC heap before
{Heap before GC invocations=9 (full 0):
 garbage-first heap   total 78848K, used 58011K [0x0000000080000000, 0x0000000100000000)
  region size 1024K, 35 young (35840K), 2 survivors (2048K)
 Metaspace       used 35085K, capacity 35766K, committed 35840K, reserved 1081344K
  class space    used 4643K, capacity 4850K, committed 4864K, reserved 1048576K
}
Event: 21.572 GC heap after
{Heap after GC invocations=10 (full 0):
 garbage-first heap   total 78848K, used 26514K [0x0000000080000000, 0x0000000100000000)
  region size 1024K, 5 young (5120K), 5 survivors (5120K)
 Metaspace       used 35085K, capacity 35766K, committed 35840K, reserved 1081344K
  class space    used 4643K, capacity 4850K, committed 4864K, reserved 1048576K
}
Event: 21.689 GC heap before
{Heap before GC invocations=10 (full 0):
 garbage-first heap   total 78848K, used 30610K [0x0000000080000000, 0x0000000100000000)
  region size 1024K, 10 young (10240K), 5 survivors (5120K)
 Metaspace       used 35137K, capacity 35766K, committed 35840K, reserved 1081344K
  class space    used 4648K, capacity 4850K, committed 4864K, reserved 1048576K
}
Event: 21.705 GC heap after
{Heap after GC invocations=11 (full 0):
 garbage-first heap   total 78848K, used 26967K [0x0000000080000000, 0x0000000100000000)
  region size 1024K, 3 young (3072K), 3 survivors (3072K)
 Metaspace       used 35137K, capacity 35766K, committed 35840K, reserved 1081344K
  class space    used 4648K, capacity 4850K, committed 4864K, reserved 1048576K
}
Event: 24.452 GC heap before
{Heap before GC invocations=12 (full 0):
 garbage-first heap   total 78848K, used 61783K [0x0000000080000000, 0x0000000100000000)
  region size 1024K, 35 young (35840K), 3 survivors (3072K)
 Metaspace       used 38404K, capacity 39258K, committed 39424K, reserved 1083392K
  class space    used 5104K, capacity 5333K, committed 5376K, reserved 1048576K
}
Event: 24.472 GC heap after
{Heap after GC invocations=13 (full 0):
 garbage-first heap   total 78848K, used 36180K [0x0000000080000000, 0x0000000100000000)
  region size 1024K, 5 young (5120K), 5 survivors (5120K)
 Metaspace       used 38404K, capacity 39258K, committed 39424K, reserved 1083392K
  class space    used 5104K, capacity 5333K, committed 5376K, reserved 1048576K
}
Event: 26.745 GC heap before
{Heap before GC invocations=13 (full 0):
 garbage-first heap   total 78848K, used 61780K [0x0000000080000000, 0x0000000100000000)
  region size 1024K, 30 young (30720K), 5 survivors (5120K)
 Metaspace       used 43790K, capacity 44644K, committed 44928K, reserved 1087488K
  class space    used 5703K, capacity 5951K, committed 6016K, reserved 1048576K
}
Event: 26.763 GC heap after
{Heap after GC invocations=14 (full 0):
 garbage-first heap   total 78848K, used 38304K [0x0000000080000000, 0x0000000100000000)
  region size 1024K, 2 young (2048K), 2 survivors (2048K)
 Metaspace       used 43790K, capacity 44644K, committed 44928K, reserved 1087488K
  class space    used 5703K, capacity 5951K, committed 6016K, reserved 1048576K
}
Event: 29.475 GC heap before
{Heap before GC invocations=14 (full 0):
 garbage-first heap   total 78848K, used 60832K [0x0000000080000000, 0x0000000100000000)
  region size 1024K, 25 young (25600K), 2 survivors (2048K)
 Metaspace       used 46292K, capacity 47162K, committed 47232K, reserved 1089536K
  class space    used 5991K, capacity 6251K, committed 6272K, reserved 1048576K
}
Event: 29.491 GC heap after
{Heap after GC invocations=15 (full 0):
 garbage-first heap   total 78848K, used 40898K [0x0000000080000000, 0x0000000100000000)
  region size 1024K, 4 young (4096K), 4 survivors (4096K)
 Metaspace       used 46292K, capacity 47162K, committed 47232K, reserved 1089536K
  class space    used 5991K, capacity 6251K, committed 6272K, reserved 1048576K
}
Event: 30.623 GC heap before
{Heap before GC invocations=16 (full 0):
 garbage-first heap   total 78848K, used 54210K [0x0000000080000000, 0x0000000100000000)
  region size 1024K, 19 young (19456K), 4 survivors (4096K)
 Metaspace       used 47907K, capacity 48768K, committed 49024K, reserved 1091584K
  class space    used 6188K, capacity 6444K, committed 6528K, reserved 1048576K
}
Event: 30.639 GC heap after
{Heap after GC invocations=17 (full 0):
 garbage-first heap   total 78848K, used 42462K [0x0000000080000000, 0x0000000100000000)
  region size 1024K, 2 young (2048K), 2 survivors (2048K)
 Metaspace       used 47907K, capacity 48768K, committed 49024K, reserved 1091584K
  class space    used 6188K, capacity 6444K, committed 6528K, reserved 1048576K
}
Event: 33.327 GC heap before
{Heap before GC invocations=18 (full 0):
 garbage-first heap   total 78848K, used 63966K [0x0000000080000000, 0x0000000100000000)
  region size 1024K, 22 young (22528K), 2 survivors (2048K)
 Metaspace       used 50925K, capacity 51777K, committed 51840K, reserved 1093632K
  class space    used 6515K, capacity 6780K, committed 6784K, reserved 1048576K
}
Event: 33.342 GC heap after
{Heap after GC invocations=19 (full 0):
 garbage-first heap   total 78848K, used 44149K [0x0000000080000000, 0x0000000100000000)
  region size 1024K, 3 young (3072K), 3 survivors (3072K)
 Metaspace       used 50925K, capacity 51777K, committed 51840K, reserved 1093632K
  class space    used 6515K, capacity 6780K, committed 6784K, reserved 1048576K
}
Event: 34.545 GC heap before
{Heap before GC invocations=19 (full 0):
 garbage-first heap   total 78848K, used 63605K [0x0000000080000000, 0x0000000100000000)
  region size 1024K, 22 young (22528K), 3 survivors (3072K)
 Metaspace       used 52530K, capacity 53464K, committed 53632K, reserved 1095680K
  class space    used 6711K, capacity 6980K, committed 7040K, reserved 1048576K
}
Event: 34.564 GC heap after
{Heap after GC invocations=20 (full 0):
 garbage-first heap   total 78848K, used 46467K [0x0000000080000000, 0x0000000100000000)
  region size 1024K, 3 young (3072K), 3 survivors (3072K)
 Metaspace       used 52530K, capacity 53464K, committed 53632K, reserved 1095680K
  class space    used 6711K, capacity 6980K, committed 7040K, reserved 1048576K
}
Event: 35.886 GC heap before
{Heap before GC invocations=21 (full 0):
 garbage-first heap   total 81920K, used 62851K [0x0000000080000000, 0x0000000100000000)
  region size 1024K, 20 young (20480K), 3 survivors (3072K)
 Metaspace       used 55374K, capacity 56330K, committed 56448K, reserved 1097728K
  class space    used 7236K, capacity 7528K, committed 7552K, reserved 1048576K
}
Event: 35.899 GC heap after
{Heap after GC invocations=22 (full 0):
 garbage-first heap   total 81920K, used 47820K [0x0000000080000000, 0x0000000100000000)
  region size 1024K, 2 young (2048K), 2 survivors (2048K)
 Metaspace       used 55374K, capacity 56330K, committed 56448K, reserved 1097728K
  class space    used 7236K, capacity 7528K, committed 7552K, reserved 1048576K
}
Event: 37.445 GC heap before
{Heap before GC invocations=22 (full 0):
 garbage-first heap   total 81920K, used 67276K [0x0000000080000000, 0x0000000100000000)
  region size 1024K, 21 young (21504K), 2 survivors (2048K)
 Metaspace       used 57456K, capacity 58412K, committed 58624K, reserved 1099776K
  class space    used 7513K, capacity 7828K, committed 7936K, reserved 1048576K
}
Event: 37.458 GC heap after
{Heap after GC invocations=23 (full 0):
 garbage-first heap   total 81920K, used 48812K [0x0000000080000000, 0x0000000100000000)
  region size 1024K, 3 young (3072K), 3 survivors (3072K)
 Metaspace       used 57456K, capacity 58412K, committed 58624K, reserved 1099776K
  class space    used 7513K, capacity 7828K, committed 7936K, reserved 1048576K
}

Deoptimization events (20 events):
Event: 37.008 Thread 0x000001b1963e48f0 DEOPT PACKING pc=0x000001b187c70cd4 sp=0x0000006049bf89b0
Event: 37.008 Thread 0x000001b1963e48f0 DEOPT UNPACKING pc=0x000001b18004e12f sp=0x0000006049bf8978 mode 2
Event: 37.008 Thread 0x000001b1963e48f0 Uncommon trap: trap_request=0xffffff45 fr.pc=0x000001b187c7b284 relative=0x00000000000015a4
Event: 37.008 Thread 0x000001b1963e48f0 Uncommon trap: reason=unstable_if action=reinterpret pc=0x000001b187c7b284 method=java.io.WinNTFileSystem.normalize(Ljava/lang/String;II)Ljava/lang/String; @ 100 c2
Event: 37.008 Thread 0x000001b1963e48f0 DEOPT PACKING pc=0x000001b187c7b284 sp=0x0000006049bf88e0
Event: 37.008 Thread 0x000001b1963e48f0 DEOPT UNPACKING pc=0x000001b18004e12f sp=0x0000006049bf88d8 mode 2
Event: 37.435 Thread 0x000001b1963e48f0 Uncommon trap: trap_request=0xffffff45 fr.pc=0x000001b187b09560 relative=0x00000000000006a0
Event: 37.435 Thread 0x000001b1963e48f0 Uncommon trap: reason=unstable_if action=reinterpret pc=0x000001b187b09560 method=java.util.jar.JarFile.isMultiRelease()Z @ 4 c2
Event: 37.435 Thread 0x000001b1963e48f0 DEOPT PACKING pc=0x000001b187b09560 sp=0x0000006049bf8e60
Event: 37.435 Thread 0x000001b1963e48f0 DEOPT UNPACKING pc=0x000001b18004e12f sp=0x0000006049bf8d38 mode 2
Event: 37.869 Thread 0x000001b1963e48f0 DEOPT PACKING pc=0x000001b180615920 sp=0x0000006049bfa9b0
Event: 37.869 Thread 0x000001b1963e48f0 DEOPT UNPACKING pc=0x000001b18004df3f sp=0x0000006049bf9eb8 mode 0
Event: 37.995 Thread 0x000001b1963e48f0 Uncommon trap: trap_request=0xffffff45 fr.pc=0x000001b187b38cb8 relative=0x0000000000000cf8
Event: 37.995 Thread 0x000001b1963e48f0 Uncommon trap: reason=unstable_if action=reinterpret pc=0x000001b187b38cb8 method=java.util.jar.JarFile.getEntry(Ljava/lang/String;)Ljava/util/zip/ZipEntry; @ 15 c2
Event: 37.995 Thread 0x000001b1963e48f0 DEOPT PACKING pc=0x000001b187b38cb8 sp=0x0000006049bf9870
Event: 37.995 Thread 0x000001b1963e48f0 DEOPT UNPACKING pc=0x000001b18004e12f sp=0x0000006049bf9858 mode 2
Event: 38.034 Thread 0x000001b1963e48f0 Uncommon trap: trap_request=0xffffff45 fr.pc=0x000001b187b69150 relative=0x00000000000002b0
Event: 38.034 Thread 0x000001b1963e48f0 Uncommon trap: reason=unstable_if action=reinterpret pc=0x000001b187b69150 method=java.util.StringTokenizer.scanToken(I)I @ 42 c2
Event: 38.034 Thread 0x000001b1963e48f0 DEOPT PACKING pc=0x000001b187b69150 sp=0x0000006049bf9c90
Event: 38.034 Thread 0x000001b1963e48f0 DEOPT UNPACKING pc=0x000001b18004e12f sp=0x0000006049bf9c20 mode 2

Classes unloaded (0 events):
No events

Classes redefined (0 events):
No events

Internal exceptions (20 events):
Event: 33.680 Thread 0x000001b1963e48f0 Exception <a 'java/lang/ClassNotFoundException'{0x000000008459af98}: com/android/build/gradle/internal/dsl/ApplicationBuildFeaturesImplCustomizer> (0x000000008459af98) 
thrown [./open/src/hotspot/share/classfile/systemDictionary.cpp, line 295]
Event: 33.712 Thread 0x000001b1963e48f0 Exception <a 'java/lang/ClassNotFoundException'{0x00000000845aad88}: com/android/build/gradle/internal/dsl/ApplicationBuildFeaturesImpl_DecoratedCustomizer> (0x00000000845aad88) 
thrown [./open/src/hotspot/share/classfile/systemDictionary.cpp, line 295]
Event: 33.744 Thread 0x000001b1963e48f0 Exception <a 'java/lang/ClassNotFoundException'{0x0000000084475448}: groovy/lang/GString$1BeanInfo> (0x0000000084475448) 
thrown [./open/src/hotspot/share/classfile/systemDictionary.cpp, line 295]
Event: 33.745 Thread 0x000001b1963e48f0 Exception <a 'java/lang/ClassNotFoundException'{0x0000000084483bb0}: groovy/lang/GStringBeanInfo> (0x0000000084483bb0) 
thrown [./open/src/hotspot/share/classfile/systemDictionary.cpp, line 295]
Event: 33.747 Thread 0x000001b1963e48f0 Exception <a 'java/lang/ClassNotFoundException'{0x0000000084492038}: groovy/lang/GStringCustomizer> (0x0000000084492038) 
thrown [./open/src/hotspot/share/classfile/systemDictionary.cpp, line 295]
Event: 33.772 Thread 0x000001b1963e48f0 Exception <a 'java/lang/ClassNotFoundException'{0x00000000844aa0a0}: groovy/lang/GString$1Customizer> (0x00000000844aa0a0) 
thrown [./open/src/hotspot/share/classfile/systemDictionary.cpp, line 295]
Event: 33.813 Thread 0x000001b1963e48f0 Exception <a 'java/lang/ClassNotFoundException'{0x0000000084329218}: org/codehaus/groovy/runtime/GStringImplBeanInfo> (0x0000000084329218) 
thrown [./open/src/hotspot/share/classfile/systemDictionary.cpp, line 295]
Event: 33.815 Thread 0x000001b1963e48f0 Exception <a 'java/lang/ClassNotFoundException'{0x0000000084336f08}: org/codehaus/groovy/runtime/GStringImplCustomizer> (0x0000000084336f08) 
thrown [./open/src/hotspot/share/classfile/systemDictionary.cpp, line 295]
Event: 33.979 Thread 0x000001b1963e48f0 Exception <a 'java/lang/NoSuchMethodError'{0x00000000842659a8}: 'java.lang.Object java.lang.invoke.DirectMethodHandle$Holder.newInvokeSpecial(java.lang.Object, java.lang.Object, int, java.lang.Object)'> (0x00000000842659a8) 
thrown [./open/src/hotspot/share/interpreter/linkResolver.cpp, line 782]
Event: 35.191 Thread 0x000001b1963e48f0 Exception <a 'java/lang/NoSuchMethodError'{0x000000008497f040}: static Ljava/lang/Object;.<clinit>()V> (0x000000008497f040) 
thrown [./open/src/hotspot/share/prims/jni.cpp, line 1204]
Event: 35.741 Thread 0x000001b1963e48f0 Implicit null exception at 0x000001b187d58754 to 0x000001b187d588fc
Event: 36.299 Thread 0x000001b1963e48f0 Exception <a 'java/lang/ClassNotFoundException'{0x0000000084812080}: com/android/build/gradle/internal/api/ApkVariantOutputImpl_DecoratedBeanInfo> (0x0000000084812080) 
thrown [./open/src/hotspot/share/classfile/systemDictionary.cpp, line 295]
Event: 36.300 Thread 0x000001b1963e48f0 Exception <a 'java/lang/ClassNotFoundException'{0x000000008481af40}: com/android/build/gradle/internal/api/ApkVariantOutputImplBeanInfo> (0x000000008481af40) 
thrown [./open/src/hotspot/share/classfile/systemDictionary.cpp, line 295]
Event: 36.301 Thread 0x000001b1963e48f0 Exception <a 'java/lang/ClassNotFoundException'{0x0000000084823e10}: com/android/build/gradle/internal/api/BaseVariantOutputImplBeanInfo> (0x0000000084823e10) 
thrown [./open/src/hotspot/share/classfile/systemDictionary.cpp, line 295]
Event: 36.301 Thread 0x000001b1963e48f0 Exception <a 'java/lang/ClassNotFoundException'{0x000000008482ccb8}: com/android/build/gradle/internal/api/BaseVariantOutputImplCustomizer> (0x000000008482ccb8) 
thrown [./open/src/hotspot/share/classfile/systemDictionary.cpp, line 295]
Event: 36.654 Thread 0x000001b1963e48f0 Exception <a 'java/lang/ClassNotFoundException'{0x0000000084848250}: com/android/build/gradle/internal/api/ApkVariantOutputImplCustomizer> (0x0000000084848250) 
thrown [./open/src/hotspot/share/classfile/systemDictionary.cpp, line 295]
Event: 36.656 Thread 0x000001b1963e48f0 Exception <a 'java/lang/ClassNotFoundException'{0x000000008485e810}: com/android/build/gradle/internal/api/ApkVariantOutputImpl_DecoratedCustomizer> (0x000000008485e810) 
thrown [./open/src/hotspot/share/classfile/systemDictionary.cpp, line 295]
Event: 37.735 Thread 0x000001b1963e48f0 Exception <a 'java/lang/NoSuchMethodError'{0x0000000085dd4390}: 'java.lang.Object java.lang.invoke.DirectMethodHandle$Holder.newInvokeSpecial(java.lang.Object, int, int, java.lang.Object)'> (0x0000000085dd4390) 
thrown [./open/src/hotspot/share/interpreter/linkResolver.cpp, line 782]
Event: 37.810 Thread 0x000001b1963e48f0 Exception <a 'sun/nio/fs/WindowsException'{0x0000000085b5acd0}> (0x0000000085b5acd0) 
thrown [./open/src/hotspot/share/prims/jni.cpp, line 578]
Event: 38.159 Thread 0x000001b1963e48f0 Exception <a 'java/lang/NullPointerException'{0x0000000084cbacd8}> (0x0000000084cbacd8) 
thrown [./open/src/hotspot/share/interpreter/linkResolver.cpp, line 1457]

Events (20 events):
Event: 38.193 loading class javax/xml/datatype/DatatypeConstants$Field done
Event: 38.208 loading class java/awt/image/RenderedImage
Event: 38.225 loading class java/awt/image/RenderedImage done
Event: 38.228 loading class java/awt/image/BufferedImage
Event: 38.232 loading class java/awt/image/WritableRenderedImage
Event: 38.233 loading class java/awt/image/WritableRenderedImage done
Event: 38.234 loading class java/awt/image/BufferedImage done
Event: 38.235 loading class java/awt/Graphics2D
Event: 38.246 loading class java/awt/Graphics2D done
Event: 38.249 loading class java/awt/datatransfer/Transferable
Event: 38.250 loading class java/awt/datatransfer/Transferable done
Event: 38.254 loading class javax/xml/transform/Result
Event: 38.254 loading class javax/xml/transform/Result done
Event: 38.256 loading class javax/xml/datatype/XMLGregorianCalendar
Event: 38.256 loading class javax/xml/datatype/XMLGregorianCalendar done
Event: 38.266 loading class javax/xml/namespace/NamespaceContext
Event: 38.266 loading class javax/xml/namespace/NamespaceContext done
Event: 38.267 loading class javax/xml/datatype/Duration
Event: 38.267 loading class javax/xml/datatype/Duration done
Event: 38.450 loading class java/lang/Short$ShortCache


Dynamic libraries:
0x00007ff7e3680000 - 0x00007ff7e368f000 	C:\Program Files\Java\jdk-15.0.1\bin\java.exe
0x00007ffb2b7a0000 - 0x00007ffb2b990000 	C:\Windows\SYSTEM32\ntdll.dll
0x00007ffb2b1c0000 - 0x00007ffb2b272000 	C:\Windows\System32\KERNEL32.DLL
0x00007ffb28860000 - 0x00007ffb28b05000 	C:\Windows\System32\KERNELBASE.dll
0x00007ffb28cb0000 - 0x00007ffb28daa000 	C:\Windows\System32\ucrtbase.dll
0x00007ffb1fc60000 - 0x00007ffb1fc79000 	C:\Program Files\Java\jdk-15.0.1\bin\VCRUNTIME140.dll
0x00007ffb1e890000 - 0x00007ffb1e8a8000 	C:\Program Files\Java\jdk-15.0.1\bin\jli.dll
0x00007ffb2a3d0000 - 0x00007ffb2a473000 	C:\Windows\System32\ADVAPI32.dll
0x00007ffb2aeb0000 - 0x00007ffb2af4e000 	C:\Windows\System32\msvcrt.dll
0x00007ffb2ae00000 - 0x00007ffb2ae97000 	C:\Windows\System32\sechost.dll
0x00007ffb2a780000 - 0x00007ffb2a8a0000 	C:\Windows\System32\RPCRT4.dll
0x00007ffb2a5e0000 - 0x00007ffb2a774000 	C:\Windows\System32\USER32.dll
0x00007ffb29820000 - 0x00007ffb29841000 	C:\Windows\System32\win32u.dll
0x00007ffb2a270000 - 0x00007ffb2a296000 	C:\Windows\System32\GDI32.dll
0x00007ffb28b10000 - 0x00007ffb28ca6000 	C:\Windows\System32\gdi32full.dll
0x00007ffb28740000 - 0x00007ffb287de000 	C:\Windows\System32\msvcp_win.dll
0x00007ffb1a2c0000 - 0x00007ffb1a544000 	C:\Windows\WinSxS\amd64_microsoft.windows.common-controls_6595b64144ccf1df_6.0.18362.1198_none_9e820b57e45ad92f\COMCTL32.dll
0x00007ffb2a910000 - 0x00007ffb2ac45000 	C:\Windows\System32\combase.dll
0x00007ffb28ec0000 - 0x00007ffb28f40000 	C:\Windows\System32\bcryptPrimitives.dll
0x00007ffb26ff0000 - 0x00007ffb26ffa000 	C:\Windows\SYSTEM32\VERSION.dll
0x00007ffb2a240000 - 0x00007ffb2a26e000 	C:\Windows\System32\IMM32.DLL
0x00007ffb27190000 - 0x00007ffb2719c000 	C:\Program Files\Java\jdk-15.0.1\bin\vcruntime140_1.dll
0x00007ffb12080000 - 0x00007ffb12111000 	C:\Program Files\Java\jdk-15.0.1\bin\msvcp140.dll
0x00007ffb05690000 - 0x00007ffb061ee000 	C:\Program Files\Java\jdk-15.0.1\bin\server\jvm.dll
0x00007ffb2b280000 - 0x00007ffb2b288000 	C:\Windows\System32\PSAPI.DLL
0x00007ffb27230000 - 0x00007ffb27239000 	C:\Windows\SYSTEM32\WSOCK32.dll
0x00007ffb2a8a0000 - 0x00007ffb2a90f000 	C:\Windows\System32\WS2_32.dll
0x00007ffb25fc0000 - 0x00007ffb25fe4000 	C:\Windows\SYSTEM32\WINMM.dll
0x00007ffb25f90000 - 0x00007ffb25fbd000 	C:\Windows\SYSTEM32\WINMMBASE.dll
0x00007ffb287e0000 - 0x00007ffb2882a000 	C:\Windows\System32\cfgmgr32.dll
0x00007ffb28700000 - 0x00007ffb28711000 	C:\Windows\System32\kernel.appcore.dll
0x00007ffb26770000 - 0x00007ffb2677a000 	C:\Program Files\Java\jdk-15.0.1\bin\jimage.dll
0x00007ffb174e0000 - 0x00007ffb176d4000 	C:\Windows\SYSTEM32\DBGHELP.DLL
0x00007ffb174b0000 - 0x00007ffb174da000 	C:\Windows\SYSTEM32\dbgcore.DLL
0x00007ffb1e600000 - 0x00007ffb1e625000 	C:\Program Files\Java\jdk-15.0.1\bin\java.dll
0x00007ffb29aa0000 - 0x00007ffb2a187000 	C:\Windows\System32\SHELL32.dll
0x00007ffb2afd0000 - 0x00007ffb2b079000 	C:\Windows\System32\shcore.dll
0x00007ffb29090000 - 0x00007ffb29811000 	C:\Windows\System32\windows.storage.dll
0x00007ffb286b0000 - 0x00007ffb286d3000 	C:\Windows\System32\profapi.dll
0x00007ffb28660000 - 0x00007ffb286aa000 	C:\Windows\System32\powrprof.dll
0x00007ffb28650000 - 0x00007ffb28660000 	C:\Windows\System32\UMPDC.dll
0x00007ffb298c0000 - 0x00007ffb29912000 	C:\Windows\System32\shlwapi.dll
0x00007ffb28720000 - 0x00007ffb28737000 	C:\Windows\System32\cryptsp.dll
0x00007ffb1fc80000 - 0x00007ffb1fc99000 	C:\Program Files\Java\jdk-15.0.1\bin\net.dll
0x00007ffb20610000 - 0x00007ffb20700000 	C:\Windows\SYSTEM32\WINHTTP.dll
0x00007ffb27ea0000 - 0x00007ffb27f07000 	C:\Windows\system32\mswsock.dll
0x00007ffb1dd80000 - 0x00007ffb1dd92000 	C:\Program Files\Java\jdk-15.0.1\bin\nio.dll
0x00007ffb1dc60000 - 0x00007ffb1dc78000 	C:\Program Files\Java\jdk-15.0.1\bin\zip.dll
0x00007ffb24d60000 - 0x00007ffb24d70000 	C:\Program Files\Java\jdk-15.0.1\bin\verify.dll
0x00007ffb1d270000 - 0x00007ffb1d297000 	C:\Users\Abdulla\.gradle\native\f6784746aeab05261644944871eae4fe03e0ef1612fff0a4a95f87b438bc6780\windows-amd64\native-platform.dll
0x00007ffb24bf0000 - 0x00007ffb24bf9000 	C:\Program Files\Java\jdk-15.0.1\bin\management.dll
0x00007ffb20f40000 - 0x00007ffb20f4b000 	C:\Program Files\Java\jdk-15.0.1\bin\management_ext.dll
0x00007ffb27a10000 - 0x00007ffb27a43000 	C:\Windows\system32\rsaenh.dll
0x00007ffb28830000 - 0x00007ffb28856000 	C:\Windows\System32\bcrypt.dll
0x00007ffb28530000 - 0x00007ffb28555000 	C:\Windows\SYSTEM32\USERENV.dll
0x00007ffb28070000 - 0x00007ffb2807c000 	C:\Windows\SYSTEM32\CRYPTBASE.dll
0x00007ffb27bb0000 - 0x00007ffb27bea000 	C:\Windows\SYSTEM32\IPHLPAPI.DLL
0x00007ffb29a10000 - 0x00007ffb29a18000 	C:\Windows\System32\NSI.dll
0x00007ffb208d0000 - 0x00007ffb208e6000 	C:\Windows\SYSTEM32\dhcpcsvc6.DLL
0x00007ffb20af0000 - 0x00007ffb20b0c000 	C:\Windows\SYSTEM32\dhcpcsvc.DLL
0x00007ffb27bf0000 - 0x00007ffb27cbb000 	C:\Windows\SYSTEM32\DNSAPI.dll
0x00007ffb20b80000 - 0x00007ffb20b8b000 	C:\Windows\SYSTEM32\WINNSI.DLL

dbghelp: loaded successfully - version: 4.0.5 - missing functions: none
symbol engine: initialized successfully - sym options: 0x614 - pdb path: .;C:\Program Files\Java\jdk-15.0.1\bin;C:\Windows\SYSTEM32;C:\Windows\WinSxS\amd64_microsoft.windows.common-controls_6595b64144ccf1df_6.0.18362.1198_none_9e820b57e45ad92f;C:\Program Files\Java\jdk-15.0.1\bin\server;C:\Users\Abdulla\.gradle\native\f6784746aeab05261644944871eae4fe03e0ef1612fff0a4a95f87b438bc6780\windows-amd64

VM Arguments:
jvm_args: --add-opens=java.base/java.util=ALL-UNNAMED --add-opens=java.base/java.lang=ALL-UNNAMED --add-opens=java.base/java.lang.invoke=ALL-UNNAMED --add-opens=java.prefs/java.util.prefs=ALL-UNNAMED -Xmx2048m -Dfile.encoding=UTF-8 -Duser.country=US -Duser.language=en -Duser.variant 
java_command: org.gradle.launcher.daemon.bootstrap.GradleDaemon 6.5
java_class_path (initial): C:\Users\Abdulla\.gradle\wrapper\dists\gradle-6.5-all\2oz4ud9k3tuxjg84bbf55q0tn\gradle-6.5\lib\gradle-launcher-6.5.jar
Launcher Type: SUN_STANDARD

[Global flags]
     intx CICompilerCount                          = 2                                         {product} {ergonomic}
     uint ConcGCThreads                            = 1                                         {product} {ergonomic}
     uint G1ConcRefinementThreads                  = 2                                         {product} {ergonomic}
   size_t G1HeapRegionSize                         = 1048576                                   {product} {ergonomic}
    uintx GCDrainStackTargetSize                   = 64                                        {product} {ergonomic}
   size_t InitialHeapSize                          = 121634816                                 {product} {ergonomic}
   size_t MarkStackSize                            = 4194304                                   {product} {ergonomic}
   size_t MaxHeapSize                              = 2147483648                                {product} {command line}
   size_t MaxNewSize                               = 1287651328                                {product} {ergonomic}
   size_t MinHeapDeltaBytes                        = 1048576                                   {product} {ergonomic}
   size_t MinHeapSize                              = 8388608                                   {product} {ergonomic}
    uintx NonNMethodCodeHeapSize                   = 5826188                                {pd product} {ergonomic}
    uintx NonProfiledCodeHeapSize                  = 122916026                              {pd product} {ergonomic}
    uintx ProfiledCodeHeapSize                     = 122916026                              {pd product} {ergonomic}
    uintx ReservedCodeCacheSize                    = 251658240                              {pd product} {ergonomic}
     bool SegmentedCodeCache                       = true                                      {product} {ergonomic}
   size_t SoftMaxHeapSize                          = 2147483648                             {manageable} {ergonomic}
     bool UseCompressedClassPointers               = true                                 {lp64_product} {ergonomic}
     bool UseCompressedOops                        = true                                 {lp64_product} {ergonomic}
     bool UseG1GC                                  = true                                      {product} {ergonomic}
     bool UseLargePagesIndividualAllocation        = false                                  {pd product} {ergonomic}

Logging:
Log output configuration:
 #0: stdout all=warning uptime,level,tags
 #1: stderr all=off uptime,level,tags

Environment Variables:
JAVA_HOME=C:\Program Files\Java\jdk-15.0.1
PATH=C:\Program Files\Common Files\Oracle\Java\javapath;C:\Windows\system32;C:\Windows;C:\Windows\System32\Wbem;C:\Windows\System32\WindowsPowerShell\v1.0\;C:\Windows\System32\OpenSSH\;C:\Program Files (x86)\Microsoft SQL Server\120\DTS\Binn\;C:\Program Files (x86)\Microsoft SQL Server\Client SDK\ODBC\110\Tools\Binn\;C:\Program Files (x86)\Microsoft SQL Server\120\Tools\Binn\;C:\Program Files (x86)\Microsoft SQL Server\120\Tools\Binn\ManagementStudio\;C:\program Files\java\jdk-15.0.1\bin;C:\Users\Abdulla\AppData\Local\Microsoft\WindowsApps;
USERNAME=Abdulla
OS=Windows_NT
PROCESSOR_IDENTIFIER=AMD64 Family 21 Model 16 Stepping 1, AuthenticAMD



---------------  S Y S T E M  ---------------

OS:
 Windows 10 , 64 bit Build 18362 (10.0.18362.1110)
OS uptime: 2 days 7:24 hours

CPU: total 2 (initial active 2) (2 cores per cpu, 1 threads per core) family 21 model 16 stepping 1 microcode 0x0, cmov, cx8, fxsr, mmx, sse, sse2, sse3, ssse3, sse4.1, sse4.2, popcnt, vzeroupper, avx, aes, clmul, 3dnowpref, lzcnt, sse4a, tsc, tscinvbit, tscinv, bmi1, fma, clflush

Memory: 4k page, system-wide physical 7369M (512M free)
TotalPageFile size 7369M (AvailPageFile size 6M)
current process WorkingSet (physical memory assigned to process): 260M, peak: 260M
current process commit charge ("private bytes"): 297M, peak: 299M

vm_info: Java HotSpot(TM) 64-Bit Server VM (15.0.1+9-18) for windows-amd64 JRE (15.0.1+9-18), built on Sep 15 2020 14:43:54 by "mach5one" with unknown MS VC++:1925

END.
