#
# There is insufficient memory for the Java Runtime Environment to continue.
# Native memory allocation (mmap) failed to map 67108864 bytes for G1 virtual space
# Possible reasons:
#   The system is out of physical RAM or swap space
#   The process is running with CompressedOops enabled, and the Java Heap may be blocking the growth of the native heap
# Possible solutions:
#   Reduce memory load on the system
#   Increase physical memory or swap space
#   Check if swap backing store is full
#   Decrease Java heap size (-Xmx/-Xms)
#   Decrease number of Java threads
#   Decrease Java thread stack sizes (-Xss)
#   Set larger code cache with -XX:ReservedCodeCacheSize=
#   JVM is running with Unscaled Compressed Oops mode in which the Java heap is
#     placed in the first 4GB address space. The Java Heap base address is the
#     maximum limit for the native heap growth. Please use -XX:HeapBaseMinAddress
#     to set the Java Heap base and to place the Java Heap above 4GB virtual address.
# This output file may be truncated or incomplete.
#
#  Out of Memory Error (./open/src/hotspot/os/windows/os_windows.cpp:3472), pid=7724, tid=6624
#
# JRE version: Java(TM) SE Runtime Environment (15.0.1+9) (build 15.0.1+9-18)
# Java VM: Java HotSpot(TM) 64-Bit Server VM (15.0.1+9-18, mixed mode, sharing, tiered, compressed oops, g1 gc, windows-amd64)
# No core dump will be written. Minidumps are not enabled by default on client versions of Windows
#

---------------  S U M M A R Y ------------

Command Line: --add-opens=java.base/java.util=ALL-UNNAMED --add-opens=java.base/java.lang=ALL-UNNAMED --add-opens=java.base/java.lang.invoke=ALL-UNNAMED --add-opens=java.prefs/java.util.prefs=ALL-UNNAMED -Xmx2048m -Dfile.encoding=UTF-8 -Duser.country=US -Duser.language=en -Duser.variant org.gradle.launcher.daemon.bootstrap.GradleDaemon 6.5

Host: AMD A4-4300M APU with Radeon(tm) HD Graphics   , 2 cores, 7G,  Windows 10 , 64 bit Build 18362 (10.0.18362.1110)
Time: Thu Dec 24 07:03:58 2020 Egypt Standard Time elapsed time: 185.691764 seconds (0d 0h 3m 5s)

---------------  T H R E A D  ---------------

Current thread (0x00000231af18e890):  VMThread "VM Thread" [stack: 0x000000da71d00000,0x000000da71e00000] [id=6624]

Stack: [0x000000da71d00000,0x000000da71e00000]
[error occurred during error reporting (printing stack bounds), id 0xc0000005, EXCEPTION_ACCESS_VIOLATION (0xc0000005) at pc=0x00000231b8af10ad]

Native frames: (J=compiled Java code, j=interpreted, Vv=VM code, C=native code)
V  [jvm.dll+0x62ae9a]
V  [jvm.dll+0x781389]
V  [jvm.dll+0x782ae3]
V  [jvm.dll+0x7830a5]
V  [jvm.dll+0x78305b]
V  [jvm.dll+0x62a2b9]
V  [jvm.dll+0x62aa88]
C  [ntdll.dll+0xa184f]
C  [ntdll.dll+0x6a889]
C  [ntdll.dll+0xa04be]
C  0x00000231b8af10ad

VM_Operation (0x000000da732f6280): G1CollectForAllocation, mode: safepoint, requested by thread 0x00000231d10cfef0


---------------  P R O C E S S  ---------------

Threads class SMR info:
_java_thread_list=0x00000231d3a18340, length=46, elements={
0x00000231af0c2510, 0x00000231cee82460, 0x00000231cee86f60, 0x00000231cee9d2d0,
0x00000231ceea0cb0, 0x00000231ceea1670, 0x00000231ceea2360, 0x00000231cf848120,
0x00000231cef0d840, 0x00000231cf8a0280, 0x00000231cf909590, 0x00000231cfcf6300,
0x00000231cfc899c0, 0x00000231d08b52c0, 0x00000231d0a56340, 0x00000231cfc8a850,
0x00000231d10cf620, 0x00000231d10cfef0, 0x00000231d05f10f0, 0x00000231d04e88c0,
0x00000231d04e7f20, 0x00000231d04e8d90, 0x00000231d04e83f0, 0x00000231d1262020,
0x00000231d1262e90, 0x00000231d1266380, 0x00000231d1261680, 0x00000231d1265510,
0x00000231d1260340, 0x00000231d12624f0, 0x00000231d12641d0, 0x00000231d0654bb0,
0x00000231d06546e0, 0x00000231d0655550, 0x00000231d0655ef0, 0x00000231d0659d80,
0x00000231d2d44f00, 0x00000231d2d436f0, 0x00000231d2d3eec0, 0x00000231d2d406d0,
0x00000231d2d41540, 0x00000231d2d40200, 0x00000231d2d44560, 0x00000231d2d41a10,
0x00000231d2d41070, 0x00000231d2d45d70
}

Java Threads: ( => current thread )
  0x00000231af0c2510 JavaThread "main" [_thread_blocked, id=8924, stack(0x000000da71700000,0x000000da71800000)]
  0x00000231cee82460 JavaThread "Reference Handler" daemon [_thread_blocked, id=6572, stack(0x000000da71e00000,0x000000da71f00000)]
  0x00000231cee86f60 JavaThread "Finalizer" daemon [_thread_blocked, id=11252, stack(0x000000da71f00000,0x000000da72000000)]
  0x00000231cee9d2d0 JavaThread "Signal Dispatcher" daemon [_thread_blocked, id=576, stack(0x000000da72000000,0x000000da72100000)]
  0x00000231ceea0cb0 JavaThread "Attach Listener" daemon [_thread_blocked, id=13716, stack(0x000000da72100000,0x000000da72200000)]
  0x00000231ceea1670 JavaThread "Service Thread" daemon [_thread_blocked, id=752, stack(0x000000da72200000,0x000000da72300000)]
  0x00000231ceea2360 JavaThread "C2 CompilerThread0" daemon [_thread_blocked, id=9444, stack(0x000000da72300000,0x000000da72400000)]
  0x00000231cf848120 JavaThread "C1 CompilerThread0" daemon [_thread_blocked, id=12220, stack(0x000000da72400000,0x000000da72500000)]
  0x00000231cef0d840 JavaThread "Sweeper thread" daemon [_thread_blocked, id=12884, stack(0x000000da72500000,0x000000da72600000)]
  0x00000231cf8a0280 JavaThread "Common-Cleaner" daemon [_thread_blocked, id=9144, stack(0x000000da72600000,0x000000da72700000)]
  0x00000231cf909590 JavaThread "Notification Thread" daemon [_thread_blocked, id=13988, stack(0x000000da72700000,0x000000da72800000)]
  0x00000231cfcf6300 JavaThread "Daemon health stats" [_thread_blocked, id=12536, stack(0x000000da72a00000,0x000000da72b00000)]
  0x00000231cfc899c0 JavaThread "Incoming local TCP Connector on port 59142" [_thread_in_native, id=7364, stack(0x000000da72d00000,0x000000da72e00000)]
  0x00000231d08b52c0 JavaThread "Daemon periodic checks" [_thread_blocked, id=10500, stack(0x000000da72e00000,0x000000da72f00000)]
  0x00000231d0a56340 JavaThread "Daemon" [_thread_blocked, id=9436, stack(0x000000da72f00000,0x000000da73000000)]
  0x00000231cfc8a850 JavaThread "Handler for socket connection from /127.0.0.1:59142 to /127.0.0.1:59143" [_thread_in_native, id=11876, stack(0x000000da73000000,0x000000da73100000)]
  0x00000231d10cf620 JavaThread "Cancel handler" [_thread_blocked, id=13888, stack(0x000000da73100000,0x000000da73200000)]
  0x00000231d10cfef0 JavaThread "Daemon worker" [_thread_blocked, id=8964, stack(0x000000da73200000,0x000000da73300000)]
  0x00000231d05f10f0 JavaThread "Asynchronous log dispatcher for DefaultDaemonConnection: socket connection from /127.0.0.1:59142 to /127.0.0.1:59143" [_thread_blocked, id=3916, stack(0x000000da73300000,0x000000da73400000)]
  0x00000231d04e88c0 JavaThread "Thread-8" [_thread_blocked, id=10468, stack(0x000000da73500000,0x000000da73600000)]
  0x00000231d04e7f20 JavaThread "Cache worker for journal cache (C:\Users\Abdulla\.gradle\caches\journal-1)" [_thread_blocked, id=6616, stack(0x000000da73600000,0x000000da73700000)]
  0x00000231d04e8d90 JavaThread "File lock request listener" [_thread_in_native, id=4220, stack(0x000000da73700000,0x000000da73800000)]
  0x00000231d04e83f0 JavaThread "Cache worker for file hash cache (C:\Users\Abdulla\.gradle\caches\6.5\fileHashes)" [_thread_blocked, id=4204, stack(0x000000da73800000,0x000000da73900000)]
  0x00000231d1262020 JavaThread "Cache worker for file hash cache (C:\Users\Abdulla\AndroidStudioProjects\ERPInventory\.gradle\6.5\fileHashes)" [_thread_blocked, id=7208, stack(0x000000da73900000,0x000000da73a00000)]
  0x00000231d1262e90 JavaThread "Cache worker for checksums cache (C:\Users\Abdulla\AndroidStudioProjects\ERPInventory\.gradle\checksums)" [_thread_blocked, id=13660, stack(0x000000da73a00000,0x000000da73b00000)]
  0x00000231d1266380 JavaThread "Cache worker for cache directory md-supplier (C:\Users\Abdulla\.gradle\caches\6.5\md-supplier)" [_thread_blocked, id=13996, stack(0x000000da73b00000,0x000000da73c00000)]
  0x00000231d1261680 JavaThread "Cache worker for cache directory md-rule (C:\Users\Abdulla\.gradle\caches\6.5\md-rule)" [_thread_blocked, id=3568, stack(0x000000da73c00000,0x000000da73d00000)]
  0x00000231d1265510 JavaThread "Cache worker for execution history cache (C:\Users\Abdulla\.gradle\caches\6.5\executionHistory)" [_thread_blocked, id=12836, stack(0x000000da73d00000,0x000000da73e00000)]
  0x00000231d1260340 JavaThread "Cache worker for file content cache (C:\Users\Abdulla\.gradle\caches\6.5\fileContent)" [_thread_blocked, id=1668, stack(0x000000da73f00000,0x000000da74000000)]
  0x00000231d12624f0 JavaThread "Build operations" [_thread_blocked, id=8148, stack(0x000000da74100000,0x000000da74200000)]
  0x00000231d12641d0 JavaThread "Build operations Thread 2" [_thread_blocked, id=9892, stack(0x000000da74200000,0x000000da74300000)]
  0x00000231d0654bb0 JavaThread "Cache worker for Build Output Cleanup Cache (C:\Users\Abdulla\AndroidStudioProjects\ERPInventory\.gradle\buildOutputCleanup)" [_thread_blocked, id=4156, stack(0x000000da79d00000,0x000000da79e00000)]
  0x00000231d06546e0 JavaThread "Memory manager" [_thread_blocked, id=2640, stack(0x000000da71400000,0x000000da71500000)]
  0x00000231d0655550 JavaThread "Cache worker for file content cache (C:\Users\Abdulla\AndroidStudioProjects\ERPInventory\.gradle\6.5\fileContent)" [_thread_blocked, id=5676, stack(0x000000da71500000,0x000000da71600000)]
  0x00000231d0655ef0 JavaThread "Execution worker for ':'" [_thread_blocked, id=4748, stack(0x000000da73400000,0x000000da73500000)]
  0x00000231d0659d80 JavaThread "Cache worker for execution history cache (C:\Users\Abdulla\AndroidStudioProjects\ERPInventory\.gradle\6.5\executionHistory)" [_thread_blocked, id=14036, stack(0x000000da79e00000,0x000000da79f00000)]
  0x00000231d2d44f00 JavaThread "WorkerExecutor Queue Thread 2" [_thread_blocked, id=6904, stack(0x000000da73e00000,0x000000da73f00000)]
  0x00000231d2d436f0 JavaThread "WorkerExecutor Queue Thread 3" [_thread_blocked, id=12796, stack(0x000000da74400000,0x000000da74500000)]
  0x00000231d2d3eec0 JavaThread "Java2D Disposer" daemon [_thread_blocked, id=4920, stack(0x000000da74500000,0x000000da74600000)]
  0x00000231d2d406d0 JavaThread "pool-2-thread-1" [_thread_blocked, id=5792, stack(0x000000da71600000,0x000000da71700000)]
  0x00000231d2d41540 JavaThread "stderr" [_thread_in_native, id=3796, stack(0x000000da74600000,0x000000da74700000)]
  0x00000231d2d40200 JavaThread "stderr" [_thread_in_native, id=8792, stack(0x000000da74700000,0x000000da74800000)]
  0x00000231d2d44560 JavaThread "stdout" [_thread_in_native, id=10336, stack(0x000000da74800000,0x000000da74900000)]
  0x00000231d2d41a10 JavaThread "stdout" [_thread_in_native, id=10824, stack(0x000000da74900000,0x000000da74a00000)]
  0x00000231d2d41070 JavaThread "Cache worker for Java compile cache (C:\Users\Abdulla\.gradle\caches\6.5\javaCompile)" [_thread_blocked, id=6264, stack(0x000000da72c00000,0x000000da72d00000)]
  0x00000231d2d45d70 JavaThread "Cache worker for Java compile cache (C:\Users\Abdulla\AndroidStudioProjects\ERPInventory\.gradle\6.5\javaCompile)" [_thread_blocked, id=12028, stack(0x000000da74a00000,0x000000da74b00000)]

Other Threads:
=>0x00000231af18e890 VMThread "VM Thread" [stack: 0x000000da71d00000,0x000000da71e00000] [id=6624]
  0x00000231cf909a60 WatcherThread [stack: 0x000000da72800000,0x000000da72900000] [id=12272]
  0x00000231af0ff2c0 GCTaskThread "GC Thread#0" [stack: 0x000000da71800000,0x000000da71900000] [id=7980]
  0x00000231cfac6380 GCTaskThread "GC Thread#1" [stack: 0x000000da72900000,0x000000da72a00000] [id=12520]
  0x00000231af1104a0 ConcurrentGCThread "G1 Main Marker" [stack: 0x000000da71900000,0x000000da71a00000] [id=10724]
  0x00000231af112030 ConcurrentGCThread "G1 Conc#0" [stack: 0x000000da71a00000,0x000000da71b00000] [id=1412]
  0x00000231af16e350 ConcurrentGCThread "G1 Refine#0" [stack: 0x000000da71b00000,0x000000da71c00000] [id=7996]
  0x00000231d23c21c0 ConcurrentGCThread "G1 Refine#1" [stack: 0x000000da74000000,0x000000da74100000] [id=10196]
  0x00000231af16fe70 ConcurrentGCThread "G1 Young RemSet Sampling" [stack: 0x000000da71c00000,0x000000da71d00000] [id=2028]

Threads with active compile tasks:
C2 CompilerThread0   185890 14128   !   4       java.lang.Class::getEnumConstantsShared (71 bytes)

VM state: at safepoint (normal execution)

VM Mutex/Monitor currently owned by a thread:  ([mutex/lock_event])
[0x00000231af0bee80] Threads_lock - owner thread: 0x00000231af18e890
[0x00000231af0be220] Heap_lock - owner thread: 0x00000231d10cfef0

Heap address: 0x0000000080000000, size: 2048 MB, Compressed Oops mode: 32-bit
CDS archive(s) mapped at: [0x0000000800000000-0x0000000800b50000-0x0000000800b50000), size 11862016, SharedBaseAddress: 0x0000000800000000, ArchiveRelocationMode: 0.
Compressed class space mapped at: 0x0000000800b50000-0x0000000840b50000, size: 1073741824
Narrow klass base: 0x0000000800000000, Narrow klass shift: 3, Narrow klass range: 0x100000000

GC Precious Log:
 CPUs: 2 total, 2 available
 Memory: 7369M
 Large Page Support: Disabled
 NUMA Support: Disabled
 Compressed Oops: Enabled (32-bit)
 Heap Region Size: 1M
 Heap Min Capacity: 8M
 Heap Initial Capacity: 116M
 Heap Max Capacity: 2G
 Pre-touch: Disabled
 Parallel Workers: 2
 Concurrent Workers: 1
 Concurrent Refinement Workers: 2
 Periodic GC: Disabled

Heap:
 garbage-first heap   total 392192K, used 192429K [0x0000000080000000, 0x0000000100000000)
  region size 1024K, 2 young (2048K), 2 survivors (2048K)
 Metaspace       used 102337K, capacity 103831K, committed 104064K, reserved 1140736K
  class space    used 12750K, capacity 13181K, committed 13184K, reserved 1048576K

Heap Regions: E=young(eden), S=young(survivor), O=old, HS=humongous(starts), HC=humongous(continues), CS=collection set, F=free, OA=open archive, CA=closed archive, TAMS=top-at-mark-start (previous, next)
|   0|0x0000000080000000, 0x0000000080100000, 0x0000000080100000|100%| O|  |TAMS 0x0000000080100000, 0x0000000080000000| Untracked 
|   1|0x0000000080100000, 0x0000000080200000, 0x0000000080200000|100%| O|  |TAMS 0x0000000080200000, 0x0000000080100000| Untracked 
|   2|0x0000000080200000, 0x0000000080300000, 0x0000000080300000|100%| O|  |TAMS 0x0000000080300000, 0x0000000080200000| Untracked 
|   3|0x0000000080300000, 0x0000000080400000, 0x0000000080400000|100%| O|  |TAMS 0x0000000080400000, 0x0000000080300000| Untracked 
|   4|0x0000000080400000, 0x0000000080500000, 0x0000000080500000|100%|HS|  |TAMS 0x0000000080500000, 0x0000000080400000| Complete 
|   5|0x0000000080500000, 0x0000000080600000, 0x0000000080600000|100%|HC|  |TAMS 0x0000000080600000, 0x0000000080500000| Complete 
|   6|0x0000000080600000, 0x0000000080700000, 0x0000000080700000|100%|HC|  |TAMS 0x0000000080700000, 0x0000000080600000| Complete 
|   7|0x0000000080700000, 0x0000000080800000, 0x0000000080800000|100%| O|  |TAMS 0x0000000080800000, 0x0000000080700000| Untracked 
|   8|0x0000000080800000, 0x0000000080900000, 0x0000000080900000|100%| O|  |TAMS 0x0000000080900000, 0x0000000080800000| Untracked 
|   9|0x0000000080900000, 0x0000000080a00000, 0x0000000080a00000|100%| O|  |TAMS 0x0000000080a00000, 0x0000000080900000| Untracked 
|  10|0x0000000080a00000, 0x0000000080b00000, 0x0000000080b00000|100%| O|  |TAMS 0x0000000080b00000, 0x0000000080a00000| Untracked 
|  11|0x0000000080b00000, 0x0000000080c00000, 0x0000000080c00000|100%| O|  |TAMS 0x0000000080c00000, 0x0000000080b00000| Untracked 
|  12|0x0000000080c00000, 0x0000000080d00000, 0x0000000080d00000|100%| O|  |TAMS 0x0000000080d00000, 0x0000000080c00000| Untracked 
|  13|0x0000000080d00000, 0x0000000080e00000, 0x0000000080e00000|100%| O|  |TAMS 0x0000000080e00000, 0x0000000080d00000| Untracked 
|  14|0x0000000080e00000, 0x0000000080f00000, 0x0000000080f00000|100%| O|  |TAMS 0x0000000080f00000, 0x0000000080e00000| Untracked 
|  15|0x0000000080f00000, 0x0000000081000000, 0x0000000081000000|100%| O|  |TAMS 0x0000000081000000, 0x0000000080f00000| Untracked 
|  16|0x0000000081000000, 0x0000000081100000, 0x0000000081100000|100%| O|  |TAMS 0x0000000081100000, 0x0000000081000000| Untracked 
|  17|0x0000000081100000, 0x0000000081200000, 0x0000000081200000|100%| O|  |TAMS 0x0000000081200000, 0x0000000081100000| Untracked 
|  18|0x0000000081200000, 0x0000000081300000, 0x0000000081300000|100%| O|  |TAMS 0x0000000081300000, 0x0000000081200000| Untracked 
|  19|0x0000000081300000, 0x0000000081400000, 0x0000000081400000|100%| O|  |TAMS 0x0000000081400000, 0x0000000081300000| Untracked 
|  20|0x0000000081400000, 0x0000000081500000, 0x0000000081500000|100%| O|  |TAMS 0x0000000081500000, 0x0000000081400000| Untracked 
|  21|0x0000000081500000, 0x0000000081600000, 0x0000000081600000|100%| O|  |TAMS 0x0000000081600000, 0x0000000081500000| Untracked 
|  22|0x0000000081600000, 0x0000000081700000, 0x0000000081700000|100%| O|  |TAMS 0x0000000081700000, 0x0000000081600000| Untracked 
|  23|0x0000000081700000, 0x0000000081800000, 0x0000000081800000|100%|HS|  |TAMS 0x0000000081800000, 0x0000000081700000| Complete 
|  24|0x0000000081800000, 0x0000000081900000, 0x0000000081900000|100%|HS|  |TAMS 0x0000000081900000, 0x0000000081800000| Complete 
|  25|0x0000000081900000, 0x0000000081a00000, 0x0000000081a00000|100%|HC|  |TAMS 0x0000000081a00000, 0x0000000081900000| Complete 
|  26|0x0000000081a00000, 0x0000000081b00000, 0x0000000081b00000|100%| O|  |TAMS 0x0000000081b00000, 0x0000000081a00000| Untracked 
|  27|0x0000000081b00000, 0x0000000081c00000, 0x0000000081c00000|100%| O|  |TAMS 0x0000000081c00000, 0x0000000081b00000| Untracked 
|  28|0x0000000081c00000, 0x0000000081d00000, 0x0000000081d00000|100%| O|  |TAMS 0x0000000081d00000, 0x0000000081c00000| Untracked 
|  29|0x0000000081d00000, 0x0000000081e00000, 0x0000000081e00000|100%| O|  |TAMS 0x0000000081e00000, 0x0000000081d00000| Untracked 
|  30|0x0000000081e00000, 0x0000000081f00000, 0x0000000081f00000|100%| O|  |TAMS 0x0000000081f00000, 0x0000000081e00000| Untracked 
|  31|0x0000000081f00000, 0x0000000082000000, 0x0000000082000000|100%| O|  |TAMS 0x0000000082000000, 0x0000000081f00000| Untracked 
|  32|0x0000000082000000, 0x0000000082100000, 0x0000000082100000|100%| O|  |TAMS 0x0000000082100000, 0x0000000082000000| Untracked 
|  33|0x0000000082100000, 0x0000000082200000, 0x0000000082200000|100%| O|  |TAMS 0x0000000082200000, 0x0000000082100000| Untracked 
|  34|0x0000000082200000, 0x0000000082300000, 0x0000000082300000|100%| O|  |TAMS 0x0000000082300000, 0x0000000082200000| Untracked 
|  35|0x0000000082300000, 0x0000000082400000, 0x0000000082400000|100%| O|  |TAMS 0x0000000082400000, 0x0000000082300000| Untracked 
|  36|0x0000000082400000, 0x0000000082500000, 0x0000000082500000|100%| O|  |TAMS 0x0000000082500000, 0x0000000082400000| Untracked 
|  37|0x0000000082500000, 0x0000000082600000, 0x0000000082600000|100%| O|  |TAMS 0x0000000082600000, 0x0000000082500000| Untracked 
|  38|0x0000000082600000, 0x0000000082700000, 0x0000000082700000|100%| O|  |TAMS 0x0000000082700000, 0x0000000082600000| Untracked 
|  39|0x0000000082700000, 0x0000000082800000, 0x0000000082800000|100%| O|  |TAMS 0x0000000082800000, 0x0000000082700000| Untracked 
|  40|0x0000000082800000, 0x0000000082900000, 0x0000000082900000|100%| O|  |TAMS 0x0000000082900000, 0x0000000082800000| Untracked 
|  41|0x0000000082900000, 0x0000000082a00000, 0x0000000082a00000|100%| O|  |TAMS 0x0000000082a00000, 0x0000000082900000| Untracked 
|  42|0x0000000082a00000, 0x0000000082b00000, 0x0000000082b00000|100%| O|  |TAMS 0x0000000082b00000, 0x0000000082a00000| Untracked 
|  43|0x0000000082b00000, 0x0000000082c00000, 0x0000000082c00000|100%| O|  |TAMS 0x0000000082c00000, 0x0000000082b00000| Untracked 
|  44|0x0000000082c00000, 0x0000000082d00000, 0x0000000082d00000|100%| O|  |TAMS 0x0000000082d00000, 0x0000000082c00000| Untracked 
|  45|0x0000000082d00000, 0x0000000082e00000, 0x0000000082e00000|100%| O|  |TAMS 0x0000000082e00000, 0x0000000082d00000| Untracked 
|  46|0x0000000082e00000, 0x0000000082f00000, 0x0000000082f00000|100%| O|  |TAMS 0x0000000082f00000, 0x0000000082e00000| Untracked 
|  47|0x0000000082f00000, 0x0000000083000000, 0x0000000083000000|100%| O|  |TAMS 0x0000000083000000, 0x0000000082f00000| Untracked 
|  48|0x0000000083000000, 0x0000000083100000, 0x0000000083100000|100%| O|  |TAMS 0x0000000083100000, 0x0000000083000000| Untracked 
|  49|0x0000000083100000, 0x0000000083200000, 0x0000000083200000|100%| O|  |TAMS 0x0000000083200000, 0x0000000083100000| Untracked 
|  50|0x0000000083200000, 0x0000000083300000, 0x0000000083300000|100%| O|  |TAMS 0x0000000083300000, 0x0000000083200000| Untracked 
|  51|0x0000000083300000, 0x0000000083400000, 0x0000000083400000|100%| O|  |TAMS 0x0000000083400000, 0x0000000083300000| Untracked 
|  52|0x0000000083400000, 0x0000000083500000, 0x0000000083500000|100%| O|  |TAMS 0x0000000083500000, 0x0000000083400000| Untracked 
|  53|0x0000000083500000, 0x0000000083600000, 0x0000000083600000|100%| O|  |TAMS 0x0000000083600000, 0x0000000083500000| Untracked 
|  54|0x0000000083600000, 0x0000000083700000, 0x0000000083700000|100%| O|  |TAMS 0x0000000083700000, 0x0000000083600000| Untracked 
|  55|0x0000000083700000, 0x0000000083800000, 0x0000000083800000|100%| O|  |TAMS 0x0000000083800000, 0x0000000083700000| Untracked 
|  56|0x0000000083800000, 0x0000000083900000, 0x0000000083900000|100%| O|  |TAMS 0x0000000083900000, 0x0000000083800000| Untracked 
|  57|0x0000000083900000, 0x0000000083a00000, 0x0000000083a00000|100%|HS|  |TAMS 0x0000000083a00000, 0x0000000083900000| Complete 
|  58|0x0000000083a00000, 0x0000000083b00000, 0x0000000083b00000|100%|HC|  |TAMS 0x0000000083b00000, 0x0000000083a00000| Complete 
|  59|0x0000000083b00000, 0x0000000083c00000, 0x0000000083c00000|100%| O|  |TAMS 0x0000000083c00000, 0x0000000083b00000| Untracked 
|  60|0x0000000083c00000, 0x0000000083d00000, 0x0000000083d00000|100%| O|  |TAMS 0x0000000083d00000, 0x0000000083c00000| Untracked 
|  61|0x0000000083d00000, 0x0000000083e00000, 0x0000000083e00000|100%| O|  |TAMS 0x0000000083e00000, 0x0000000083d00000| Untracked 
|  62|0x0000000083e00000, 0x0000000083f00000, 0x0000000083f00000|100%| O|  |TAMS 0x0000000083f00000, 0x0000000083e00000| Untracked 
|  63|0x0000000083f00000, 0x0000000084000000, 0x0000000084000000|100%| O|  |TAMS 0x0000000084000000, 0x0000000083f00000| Untracked 
|  64|0x0000000084000000, 0x0000000084100000, 0x0000000084100000|100%| O|  |TAMS 0x0000000084100000, 0x0000000084000000| Untracked 
|  65|0x0000000084100000, 0x0000000084200000, 0x0000000084200000|100%| O|  |TAMS 0x0000000084200000, 0x0000000084100000| Untracked 
|  66|0x0000000084200000, 0x0000000084300000, 0x0000000084300000|100%| O|  |TAMS 0x0000000084300000, 0x0000000084200000| Untracked 
|  67|0x0000000084300000, 0x0000000084400000, 0x0000000084400000|100%| O|  |TAMS 0x0000000084400000, 0x0000000084300000| Untracked 
|  68|0x0000000084400000, 0x0000000084500000, 0x0000000084500000|100%| O|  |TAMS 0x0000000084500000, 0x0000000084400000| Untracked 
|  69|0x0000000084500000, 0x0000000084600000, 0x0000000084600000|100%| O|  |TAMS 0x0000000084600000, 0x0000000084500000| Untracked 
|  70|0x0000000084600000, 0x0000000084700000, 0x0000000084700000|100%| O|  |TAMS 0x0000000084700000, 0x0000000084600000| Untracked 
|  71|0x0000000084700000, 0x0000000084800000, 0x0000000084800000|100%| O|  |TAMS 0x0000000084800000, 0x0000000084700000| Untracked 
|  72|0x0000000084800000, 0x0000000084900000, 0x0000000084900000|100%| O|  |TAMS 0x0000000084900000, 0x0000000084800000| Untracked 
|  73|0x0000000084900000, 0x0000000084a00000, 0x0000000084a00000|100%| O|  |TAMS 0x0000000084a00000, 0x0000000084900000| Untracked 
|  74|0x0000000084a00000, 0x0000000084b00000, 0x0000000084b00000|100%| O|  |TAMS 0x0000000084b00000, 0x0000000084a00000| Untracked 
|  75|0x0000000084b00000, 0x0000000084c00000, 0x0000000084c00000|100%| O|  |TAMS 0x0000000084c00000, 0x0000000084b00000| Untracked 
|  76|0x0000000084c00000, 0x0000000084d00000, 0x0000000084d00000|100%| O|  |TAMS 0x0000000084d00000, 0x0000000084c00000| Untracked 
|  77|0x0000000084d00000, 0x0000000084e00000, 0x0000000084e00000|100%| O|  |TAMS 0x0000000084e00000, 0x0000000084d00000| Untracked 
|  78|0x0000000084e00000, 0x0000000084f00000, 0x0000000084f00000|100%| O|  |TAMS 0x0000000084f00000, 0x0000000084e00000| Untracked 
|  79|0x0000000084f00000, 0x0000000085000000, 0x0000000085000000|100%| O|  |TAMS 0x0000000085000000, 0x0000000084f00000| Untracked 
|  80|0x0000000085000000, 0x0000000085100000, 0x0000000085100000|100%| O|  |TAMS 0x0000000085100000, 0x0000000085000000| Untracked 
|  81|0x0000000085100000, 0x0000000085200000, 0x0000000085200000|100%| O|  |TAMS 0x0000000085200000, 0x0000000085100000| Untracked 
|  82|0x0000000085200000, 0x0000000085300000, 0x0000000085300000|100%| O|  |TAMS 0x0000000085300000, 0x0000000085200000| Untracked 
|  83|0x0000000085300000, 0x0000000085400000, 0x0000000085400000|100%| O|  |TAMS 0x0000000085400000, 0x0000000085300000| Untracked 
|  84|0x0000000085400000, 0x0000000085500000, 0x0000000085500000|100%| O|  |TAMS 0x0000000085400000, 0x0000000085400000| Untracked 
|  85|0x0000000085500000, 0x0000000085600000, 0x0000000085600000|100%| O|  |TAMS 0x0000000085500000, 0x0000000085500000| Untracked 
|  86|0x0000000085600000, 0x0000000085600000, 0x0000000085700000|  0%| F|  |TAMS 0x0000000085600000, 0x0000000085600000| Untracked 
|  87|0x0000000085700000, 0x0000000085700000, 0x0000000085800000|  0%| F|  |TAMS 0x0000000085700000, 0x0000000085700000| Untracked 
|  88|0x0000000085800000, 0x0000000085800000, 0x0000000085900000|  0%| F|  |TAMS 0x0000000085800000, 0x0000000085800000| Untracked 
|  89|0x0000000085900000, 0x0000000085900000, 0x0000000085a00000|  0%| F|  |TAMS 0x0000000085900000, 0x0000000085900000| Untracked 
|  90|0x0000000085a00000, 0x0000000085a00000, 0x0000000085b00000|  0%| F|  |TAMS 0x0000000085a00000, 0x0000000085a00000| Untracked 
|  91|0x0000000085b00000, 0x0000000085b00000, 0x0000000085c00000|  0%| F|  |TAMS 0x0000000085b00000, 0x0000000085b00000| Untracked 
|  92|0x0000000085c00000, 0x0000000085c00000, 0x0000000085d00000|  0%| F|  |TAMS 0x0000000085c00000, 0x0000000085c00000| Untracked 
|  93|0x0000000085d00000, 0x0000000085d00000, 0x0000000085e00000|  0%| F|  |TAMS 0x0000000085d00000, 0x0000000085d00000| Untracked 
|  94|0x0000000085e00000, 0x0000000085f00000, 0x0000000085f00000|100%| O|  |TAMS 0x0000000085f00000, 0x0000000085e00000| Untracked 
|  95|0x0000000085f00000, 0x0000000086000000, 0x0000000086000000|100%| O|  |TAMS 0x0000000086000000, 0x0000000085f00000| Untracked 
|  96|0x0000000086000000, 0x0000000086100000, 0x0000000086100000|100%| O|  |TAMS 0x0000000086100000, 0x0000000086000000| Untracked 
|  97|0x0000000086100000, 0x0000000086100000, 0x0000000086200000|  0%| F|  |TAMS 0x0000000086100000, 0x0000000086100000| Untracked 
|  98|0x0000000086200000, 0x0000000086200000, 0x0000000086300000|  0%| F|  |TAMS 0x0000000086200000, 0x0000000086200000| Untracked 
|  99|0x0000000086300000, 0x0000000086300000, 0x0000000086400000|  0%| F|  |TAMS 0x0000000086300000, 0x0000000086300000| Untracked 
| 100|0x0000000086400000, 0x0000000086400000, 0x0000000086500000|  0%| F|  |TAMS 0x0000000086400000, 0x0000000086400000| Untracked 
| 101|0x0000000086500000, 0x0000000086500000, 0x0000000086600000|  0%| F|  |TAMS 0x0000000086500000, 0x0000000086500000| Untracked 
| 102|0x0000000086600000, 0x0000000086600000, 0x0000000086700000|  0%| F|  |TAMS 0x0000000086600000, 0x0000000086600000| Untracked 
| 103|0x0000000086700000, 0x0000000086800000, 0x0000000086800000|100%| O|  |TAMS 0x0000000086800000, 0x0000000086700000| Untracked 
| 104|0x0000000086800000, 0x0000000086900000, 0x0000000086900000|100%| O|  |TAMS 0x0000000086900000, 0x0000000086800000| Untracked 
| 105|0x0000000086900000, 0x0000000086900000, 0x0000000086a00000|  0%| F|  |TAMS 0x0000000086900000, 0x0000000086900000| Untracked 
| 106|0x0000000086a00000, 0x0000000086a00000, 0x0000000086b00000|  0%| F|  |TAMS 0x0000000086a00000, 0x0000000086a00000| Untracked 
| 107|0x0000000086b00000, 0x0000000086b00000, 0x0000000086c00000|  0%| F|  |TAMS 0x0000000086b00000, 0x0000000086b00000| Untracked 
| 108|0x0000000086c00000, 0x0000000086c00000, 0x0000000086d00000|  0%| F|  |TAMS 0x0000000086c00000, 0x0000000086c00000| Untracked 
| 109|0x0000000086d00000, 0x0000000086e00000, 0x0000000086e00000|100%| O|  |TAMS 0x0000000086e00000, 0x0000000086d00000| Untracked 
| 110|0x0000000086e00000, 0x0000000086e00000, 0x0000000086f00000|  0%| F|  |TAMS 0x0000000086e00000, 0x0000000086e00000| Untracked 
| 111|0x0000000086f00000, 0x0000000086f00000, 0x0000000087000000|  0%| F|  |TAMS 0x0000000086f00000, 0x0000000086f00000| Untracked 
| 112|0x0000000087000000, 0x0000000087000000, 0x0000000087100000|  0%| F|  |TAMS 0x0000000087000000, 0x0000000087000000| Untracked 
| 113|0x0000000087100000, 0x0000000087100000, 0x0000000087200000|  0%| F|  |TAMS 0x0000000087100000, 0x0000000087100000| Untracked 
| 114|0x0000000087200000, 0x0000000087200000, 0x0000000087300000|  0%| F|  |TAMS 0x0000000087200000, 0x0000000087200000| Untracked 
| 115|0x0000000087300000, 0x0000000087400000, 0x0000000087400000|100%| O|  |TAMS 0x0000000087400000, 0x0000000087300000| Untracked 
| 116|0x0000000087400000, 0x0000000087400000, 0x0000000087500000|  0%| F|  |TAMS 0x0000000087400000, 0x0000000087400000| Untracked 
| 117|0x0000000087500000, 0x0000000087500000, 0x0000000087600000|  0%| F|  |TAMS 0x0000000087500000, 0x0000000087500000| Untracked 
| 118|0x0000000087600000, 0x0000000087600000, 0x0000000087700000|  0%| F|  |TAMS 0x0000000087600000, 0x0000000087600000| Untracked 
| 119|0x0000000087700000, 0x0000000087700000, 0x0000000087800000|  0%| F|  |TAMS 0x0000000087700000, 0x0000000087700000| Untracked 
| 120|0x0000000087800000, 0x0000000087800000, 0x0000000087900000|  0%| F|  |TAMS 0x0000000087800000, 0x0000000087800000| Untracked 
| 121|0x0000000087900000, 0x0000000087900000, 0x0000000087a00000|  0%| F|  |TAMS 0x0000000087900000, 0x0000000087900000| Untracked 
| 122|0x0000000087a00000, 0x0000000087a00000, 0x0000000087b00000|  0%| F|  |TAMS 0x0000000087a00000, 0x0000000087a00000| Untracked 
| 123|0x0000000087b00000, 0x0000000087c00000, 0x0000000087c00000|100%| O|  |TAMS 0x0000000087c00000, 0x0000000087b00000| Untracked 
| 124|0x0000000087c00000, 0x0000000087c00000, 0x0000000087d00000|  0%| F|  |TAMS 0x0000000087c00000, 0x0000000087c00000| Untracked 
| 125|0x0000000087d00000, 0x0000000087d00000, 0x0000000087e00000|  0%| F|  |TAMS 0x0000000087d00000, 0x0000000087d00000| Untracked 
| 126|0x0000000087e00000, 0x0000000087e00000, 0x0000000087f00000|  0%| F|  |TAMS 0x0000000087e00000, 0x0000000087e00000| Untracked 
| 127|0x0000000087f00000, 0x0000000088000000, 0x0000000088000000|100%| O|  |TAMS 0x0000000088000000, 0x0000000087f00000| Untracked 
| 128|0x0000000088000000, 0x0000000088100000, 0x0000000088100000|100%| O|  |TAMS 0x0000000088100000, 0x0000000088000000| Untracked 
| 129|0x0000000088100000, 0x0000000088100000, 0x0000000088200000|  0%| F|  |TAMS 0x0000000088100000, 0x0000000088100000| Untracked 
| 130|0x0000000088200000, 0x0000000088300000, 0x0000000088300000|100%| O|  |TAMS 0x0000000088300000, 0x0000000088200000| Untracked 
| 131|0x0000000088300000, 0x0000000088400000, 0x0000000088400000|100%| O|  |TAMS 0x0000000088400000, 0x0000000088300000| Untracked 
| 132|0x0000000088400000, 0x0000000088500000, 0x0000000088500000|100%| O|  |TAMS 0x0000000088500000, 0x0000000088400000| Untracked 
| 133|0x0000000088500000, 0x0000000088600000, 0x0000000088600000|100%| O|  |TAMS 0x0000000088600000, 0x0000000088500000| Untracked 
| 134|0x0000000088600000, 0x0000000088700000, 0x0000000088700000|100%| O|  |TAMS 0x0000000088700000, 0x0000000088600000| Untracked 
| 135|0x0000000088700000, 0x0000000088800000, 0x0000000088800000|100%| O|  |TAMS 0x0000000088800000, 0x0000000088700000| Untracked 
| 136|0x0000000088800000, 0x0000000088900000, 0x0000000088900000|100%| O|  |TAMS 0x0000000088900000, 0x0000000088800000| Untracked 
| 137|0x0000000088900000, 0x0000000088a00000, 0x0000000088a00000|100%| O|  |TAMS 0x0000000088a00000, 0x0000000088900000| Untracked 
| 138|0x0000000088a00000, 0x0000000088b00000, 0x0000000088b00000|100%| O|  |TAMS 0x0000000088b00000, 0x0000000088a00000| Untracked 
| 139|0x0000000088b00000, 0x0000000088c00000, 0x0000000088c00000|100%| O|  |TAMS 0x0000000088c00000, 0x0000000088b00000| Untracked 
| 140|0x0000000088c00000, 0x0000000088d00000, 0x0000000088d00000|100%| O|  |TAMS 0x0000000088d00000, 0x0000000088c00000| Untracked 
| 141|0x0000000088d00000, 0x0000000088e00000, 0x0000000088e00000|100%| O|  |TAMS 0x0000000088e00000, 0x0000000088d00000| Untracked 
| 142|0x0000000088e00000, 0x0000000088f00000, 0x0000000088f00000|100%| O|  |TAMS 0x0000000088f00000, 0x0000000088e00000| Untracked 
| 143|0x0000000088f00000, 0x0000000089000000, 0x0000000089000000|100%| O|  |TAMS 0x0000000089000000, 0x0000000088f00000| Untracked 
| 144|0x0000000089000000, 0x0000000089100000, 0x0000000089100000|100%| O|  |TAMS 0x0000000089100000, 0x0000000089000000| Untracked 
| 145|0x0000000089100000, 0x0000000089200000, 0x0000000089200000|100%| O|  |TAMS 0x0000000089200000, 0x0000000089100000| Untracked 
| 146|0x0000000089200000, 0x0000000089300000, 0x0000000089300000|100%| O|  |TAMS 0x0000000089300000, 0x0000000089200000| Untracked 
| 147|0x0000000089300000, 0x0000000089400000, 0x0000000089400000|100%| O|  |TAMS 0x0000000089400000, 0x0000000089300000| Untracked 
| 148|0x0000000089400000, 0x0000000089500000, 0x0000000089500000|100%| O|  |TAMS 0x0000000089500000, 0x0000000089400000| Untracked 
| 149|0x0000000089500000, 0x0000000089600000, 0x0000000089600000|100%| O|  |TAMS 0x0000000089600000, 0x0000000089500000| Untracked 
| 150|0x0000000089600000, 0x0000000089700000, 0x0000000089700000|100%| O|  |TAMS 0x0000000089700000, 0x0000000089600000| Untracked 
| 151|0x0000000089700000, 0x0000000089800000, 0x0000000089800000|100%| O|  |TAMS 0x0000000089800000, 0x0000000089700000| Untracked 
| 152|0x0000000089800000, 0x0000000089900000, 0x0000000089900000|100%| O|  |TAMS 0x0000000089900000, 0x0000000089800000| Untracked 
| 153|0x0000000089900000, 0x0000000089a00000, 0x0000000089a00000|100%| O|  |TAMS 0x0000000089a00000, 0x0000000089900000| Untracked 
| 154|0x0000000089a00000, 0x0000000089b00000, 0x0000000089b00000|100%| O|  |TAMS 0x0000000089b00000, 0x0000000089a00000| Untracked 
| 155|0x0000000089b00000, 0x0000000089c00000, 0x0000000089c00000|100%| O|  |TAMS 0x0000000089c00000, 0x0000000089b00000| Untracked 
| 156|0x0000000089c00000, 0x0000000089d00000, 0x0000000089d00000|100%| O|  |TAMS 0x0000000089d00000, 0x0000000089c00000| Untracked 
| 157|0x0000000089d00000, 0x0000000089e00000, 0x0000000089e00000|100%| O|  |TAMS 0x0000000089e00000, 0x0000000089d00000| Untracked 
| 158|0x0000000089e00000, 0x0000000089f00000, 0x0000000089f00000|100%| O|  |TAMS 0x0000000089f00000, 0x0000000089e00000| Untracked 
| 159|0x0000000089f00000, 0x000000008a000000, 0x000000008a000000|100%| O|  |TAMS 0x000000008a000000, 0x0000000089f00000| Untracked 
| 160|0x000000008a000000, 0x000000008a100000, 0x000000008a100000|100%| O|  |TAMS 0x000000008a100000, 0x000000008a000000| Untracked 
| 161|0x000000008a100000, 0x000000008a200000, 0x000000008a200000|100%| O|  |TAMS 0x000000008a200000, 0x000000008a100000| Untracked 
| 162|0x000000008a200000, 0x000000008a300000, 0x000000008a300000|100%| O|  |TAMS 0x000000008a300000, 0x000000008a200000| Untracked 
| 163|0x000000008a300000, 0x000000008a400000, 0x000000008a400000|100%| O|  |TAMS 0x000000008a400000, 0x000000008a300000| Untracked 
| 164|0x000000008a400000, 0x000000008a500000, 0x000000008a500000|100%| O|  |TAMS 0x000000008a500000, 0x000000008a400000| Untracked 
| 165|0x000000008a500000, 0x000000008a600000, 0x000000008a600000|100%| O|  |TAMS 0x000000008a600000, 0x000000008a500000| Untracked 
| 166|0x000000008a600000, 0x000000008a700000, 0x000000008a700000|100%| O|  |TAMS 0x000000008a700000, 0x000000008a600000| Untracked 
| 167|0x000000008a700000, 0x000000008a800000, 0x000000008a800000|100%| O|  |TAMS 0x000000008a800000, 0x000000008a700000| Untracked 
| 168|0x000000008a800000, 0x000000008a900000, 0x000000008a900000|100%| O|  |TAMS 0x000000008a900000, 0x000000008a800000| Untracked 
| 169|0x000000008a900000, 0x000000008aa00000, 0x000000008aa00000|100%| O|  |TAMS 0x000000008aa00000, 0x000000008a900000| Untracked 
| 170|0x000000008aa00000, 0x000000008ab00000, 0x000000008ab00000|100%| O|  |TAMS 0x000000008ab00000, 0x000000008aa00000| Untracked 
| 171|0x000000008ab00000, 0x000000008ac00000, 0x000000008ac00000|100%| O|  |TAMS 0x000000008ac00000, 0x000000008ab00000| Untracked 
| 172|0x000000008ac00000, 0x000000008ad00000, 0x000000008ad00000|100%| O|  |TAMS 0x000000008ad00000, 0x000000008ac00000| Untracked 
| 173|0x000000008ad00000, 0x000000008ae00000, 0x000000008ae00000|100%| O|  |TAMS 0x000000008ae00000, 0x000000008ad00000| Untracked 
| 174|0x000000008ae00000, 0x000000008af00000, 0x000000008af00000|100%| O|  |TAMS 0x000000008af00000, 0x000000008ae00000| Untracked 
| 175|0x000000008af00000, 0x000000008b000000, 0x000000008b000000|100%| O|  |TAMS 0x000000008b000000, 0x000000008af00000| Untracked 
| 176|0x000000008b000000, 0x000000008b100000, 0x000000008b100000|100%| O|  |TAMS 0x000000008b100000, 0x000000008b000000| Untracked 
| 177|0x000000008b100000, 0x000000008b200000, 0x000000008b200000|100%| O|  |TAMS 0x000000008b200000, 0x000000008b100000| Untracked 
| 178|0x000000008b200000, 0x000000008b300000, 0x000000008b300000|100%| O|  |TAMS 0x000000008b300000, 0x000000008b200000| Untracked 
| 179|0x000000008b300000, 0x000000008b400000, 0x000000008b400000|100%| O|  |TAMS 0x000000008b400000, 0x000000008b300000| Untracked 
| 180|0x000000008b400000, 0x000000008b500000, 0x000000008b500000|100%| O|  |TAMS 0x000000008b500000, 0x000000008b400000| Untracked 
| 181|0x000000008b500000, 0x000000008b600000, 0x000000008b600000|100%| O|  |TAMS 0x000000008b600000, 0x000000008b500000| Untracked 
| 182|0x000000008b600000, 0x000000008b700000, 0x000000008b700000|100%| O|  |TAMS 0x000000008b700000, 0x000000008b600000| Untracked 
| 183|0x000000008b700000, 0x000000008b800000, 0x000000008b800000|100%| O|  |TAMS 0x000000008b800000, 0x000000008b700000| Untracked 
| 184|0x000000008b800000, 0x000000008b900000, 0x000000008b900000|100%| O|  |TAMS 0x000000008b900000, 0x000000008b800000| Untracked 
| 185|0x000000008b900000, 0x000000008ba00000, 0x000000008ba00000|100%| O|  |TAMS 0x000000008ba00000, 0x000000008b900000| Untracked 
| 186|0x000000008ba00000, 0x000000008bb00000, 0x000000008bb00000|100%| O|  |TAMS 0x000000008bb00000, 0x000000008ba00000| Untracked 
| 187|0x000000008bb00000, 0x000000008bc00000, 0x000000008bc00000|100%| O|  |TAMS 0x000000008bc00000, 0x000000008bb00000| Untracked 
| 188|0x000000008bc00000, 0x000000008bd00000, 0x000000008bd00000|100%| O|  |TAMS 0x000000008bd00000, 0x000000008bc00000| Untracked 
| 189|0x000000008bd00000, 0x000000008be00000, 0x000000008be00000|100%| O|  |TAMS 0x000000008be00000, 0x000000008bd00000| Untracked 
| 190|0x000000008be00000, 0x000000008bf00000, 0x000000008bf00000|100%| O|  |TAMS 0x000000008bf00000, 0x000000008be00000| Untracked 
| 191|0x000000008bf00000, 0x000000008c000000, 0x000000008c000000|100%| O|  |TAMS 0x000000008bf00000, 0x000000008bf00000| Untracked 
| 192|0x000000008c000000, 0x000000008c100000, 0x000000008c100000|100%| O|  |TAMS 0x000000008c000000, 0x000000008c000000| Untracked 
| 193|0x000000008c100000, 0x000000008c200000, 0x000000008c200000|100%| O|  |TAMS 0x000000008c100000, 0x000000008c100000| Untracked 
| 194|0x000000008c200000, 0x000000008c300000, 0x000000008c300000|100%| O|  |TAMS 0x000000008c200000, 0x000000008c200000| Untracked 
| 195|0x000000008c300000, 0x000000008c400000, 0x000000008c400000|100%| O|  |TAMS 0x000000008c300000, 0x000000008c300000| Untracked 
| 196|0x000000008c400000, 0x000000008c500000, 0x000000008c500000|100%| O|  |TAMS 0x000000008c400000, 0x000000008c400000| Untracked 
| 197|0x000000008c500000, 0x000000008c600000, 0x000000008c600000|100%| O|  |TAMS 0x000000008c500000, 0x000000008c500000| Untracked 
| 198|0x000000008c600000, 0x000000008c700000, 0x000000008c700000|100%| O|  |TAMS 0x000000008c600000, 0x000000008c600000| Untracked 
| 199|0x000000008c700000, 0x000000008c800000, 0x000000008c800000|100%| O|  |TAMS 0x000000008c700000, 0x000000008c700000| Untracked 
| 200|0x000000008c800000, 0x000000008c900000, 0x000000008c900000|100%| O|  |TAMS 0x000000008c800000, 0x000000008c800000| Untracked 
| 201|0x000000008c900000, 0x000000008ca00000, 0x000000008ca00000|100%| O|  |TAMS 0x000000008c900000, 0x000000008c900000| Untracked 
| 202|0x000000008ca00000, 0x000000008cb00000, 0x000000008cb00000|100%| O|  |TAMS 0x000000008ca00000, 0x000000008ca00000| Untracked 
| 203|0x000000008cb00000, 0x000000008cc00000, 0x000000008cc00000|100%| O|  |TAMS 0x000000008cb00000, 0x000000008cb00000| Untracked 
| 204|0x000000008cc00000, 0x000000008cd00000, 0x000000008cd00000|100%| O|  |TAMS 0x000000008cc00000, 0x000000008cc00000| Untracked 
| 205|0x000000008cd00000, 0x000000008ce00000, 0x000000008ce00000|100%| O|  |TAMS 0x000000008cd00000, 0x000000008cd00000| Untracked 
| 206|0x000000008ce00000, 0x000000008cf00000, 0x000000008cf00000|100%| O|  |TAMS 0x000000008ce00000, 0x000000008ce00000| Untracked 
| 207|0x000000008cf00000, 0x000000008d000000, 0x000000008d000000|100%| O|  |TAMS 0x000000008cf00000, 0x000000008cf00000| Untracked 
| 208|0x000000008d000000, 0x000000008d100000, 0x000000008d100000|100%| O|  |TAMS 0x000000008d000000, 0x000000008d000000| Untracked 
| 209|0x000000008d100000, 0x000000008d200000, 0x000000008d200000|100%| O|  |TAMS 0x000000008d100000, 0x000000008d100000| Untracked 
| 210|0x000000008d200000, 0x000000008d300000, 0x000000008d300000|100%| O|  |TAMS 0x000000008d200000, 0x000000008d200000| Untracked 
| 211|0x000000008d300000, 0x000000008d400000, 0x000000008d400000|100%| O|  |TAMS 0x000000008d300000, 0x000000008d300000| Untracked 
| 212|0x000000008d400000, 0x000000008d500000, 0x000000008d500000|100%| O|  |TAMS 0x000000008d400000, 0x000000008d400000| Untracked 
| 213|0x000000008d500000, 0x000000008d600000, 0x000000008d600000|100%| O|  |TAMS 0x000000008d500000, 0x000000008d500000| Untracked 
| 214|0x000000008d600000, 0x000000008d700000, 0x000000008d700000|100%| O|  |TAMS 0x000000008d600000, 0x000000008d600000| Untracked 
| 215|0x000000008d700000, 0x000000008d800000, 0x000000008d800000|100%| O|  |TAMS 0x000000008d700000, 0x000000008d700000| Untracked 
| 216|0x000000008d800000, 0x000000008d900000, 0x000000008d900000|100%| O|  |TAMS 0x000000008d800000, 0x000000008d800000| Untracked 
| 217|0x000000008d900000, 0x000000008da00000, 0x000000008da00000|100%| O|  |TAMS 0x000000008d900000, 0x000000008d900000| Untracked 
| 218|0x000000008da00000, 0x000000008db00000, 0x000000008db00000|100%| O|  |TAMS 0x000000008da00000, 0x000000008da00000| Untracked 
| 219|0x000000008db00000, 0x000000008dc00000, 0x000000008dc00000|100%| O|  |TAMS 0x000000008db00000, 0x000000008db00000| Untracked 
| 220|0x000000008dc00000, 0x000000008dc00000, 0x000000008dd00000|  0%| F|  |TAMS 0x000000008dc00000, 0x000000008dc00000| Untracked 
| 221|0x000000008dd00000, 0x000000008dd00000, 0x000000008de00000|  0%| F|  |TAMS 0x000000008dd00000, 0x000000008dd00000| Untracked 
| 222|0x000000008de00000, 0x000000008de00000, 0x000000008df00000|  0%| F|  |TAMS 0x000000008de00000, 0x000000008de00000| Untracked 
| 223|0x000000008df00000, 0x000000008df00000, 0x000000008e000000|  0%| F|  |TAMS 0x000000008df00000, 0x000000008df00000| Untracked 
| 224|0x000000008e000000, 0x000000008e000000, 0x000000008e100000|  0%| F|  |TAMS 0x000000008e000000, 0x000000008e000000| Untracked 
| 225|0x000000008e100000, 0x000000008e100000, 0x000000008e200000|  0%| F|  |TAMS 0x000000008e100000, 0x000000008e100000| Untracked 
| 226|0x000000008e200000, 0x000000008e200000, 0x000000008e300000|  0%| F|  |TAMS 0x000000008e200000, 0x000000008e200000| Untracked 
| 227|0x000000008e300000, 0x000000008e300000, 0x000000008e400000|  0%| F|  |TAMS 0x000000008e300000, 0x000000008e300000| Untracked 
| 228|0x000000008e400000, 0x000000008e400000, 0x000000008e500000|  0%| F|  |TAMS 0x000000008e400000, 0x000000008e400000| Untracked 
| 229|0x000000008e500000, 0x000000008e500000, 0x000000008e600000|  0%| F|  |TAMS 0x000000008e500000, 0x000000008e500000| Untracked 
| 230|0x000000008e600000, 0x000000008e600000, 0x000000008e700000|  0%| F|  |TAMS 0x000000008e600000, 0x000000008e600000| Untracked 
| 231|0x000000008e700000, 0x000000008e700000, 0x000000008e800000|  0%| F|  |TAMS 0x000000008e700000, 0x000000008e700000| Untracked 
| 232|0x000000008e800000, 0x000000008e800000, 0x000000008e900000|  0%| F|  |TAMS 0x000000008e800000, 0x000000008e800000| Untracked 
| 233|0x000000008e900000, 0x000000008e900000, 0x000000008ea00000|  0%| F|  |TAMS 0x000000008e900000, 0x000000008e900000| Untracked 
| 234|0x000000008ea00000, 0x000000008ea00000, 0x000000008eb00000|  0%| F|  |TAMS 0x000000008ea00000, 0x000000008ea00000| Untracked 
| 235|0x000000008eb00000, 0x000000008eb00000, 0x000000008ec00000|  0%| F|  |TAMS 0x000000008eb00000, 0x000000008eb00000| Untracked 
| 236|0x000000008ec00000, 0x000000008ec00000, 0x000000008ed00000|  0%| F|  |TAMS 0x000000008ec00000, 0x000000008ec00000| Untracked 
| 237|0x000000008ed00000, 0x000000008ed00000, 0x000000008ee00000|  0%| F|  |TAMS 0x000000008ed00000, 0x000000008ed00000| Untracked 
| 238|0x000000008ee00000, 0x000000008ee00000, 0x000000008ef00000|  0%| F|  |TAMS 0x000000008ee00000, 0x000000008ee00000| Untracked 
| 239|0x000000008ef00000, 0x000000008ef00000, 0x000000008f000000|  0%| F|  |TAMS 0x000000008ef00000, 0x000000008ef00000| Untracked 
| 240|0x000000008f000000, 0x000000008f000000, 0x000000008f100000|  0%| F|  |TAMS 0x000000008f000000, 0x000000008f000000| Untracked 
| 241|0x000000008f100000, 0x000000008f100000, 0x000000008f200000|  0%| F|  |TAMS 0x000000008f100000, 0x000000008f100000| Untracked 
| 242|0x000000008f200000, 0x000000008f200000, 0x000000008f300000|  0%| F|  |TAMS 0x000000008f200000, 0x000000008f200000| Untracked 
| 243|0x000000008f300000, 0x000000008f300000, 0x000000008f400000|  0%| F|  |TAMS 0x000000008f300000, 0x000000008f300000| Untracked 
| 244|0x000000008f400000, 0x000000008f400000, 0x000000008f500000|  0%| F|  |TAMS 0x000000008f400000, 0x000000008f400000| Untracked 
| 245|0x000000008f500000, 0x000000008f500000, 0x000000008f600000|  0%| F|  |TAMS 0x000000008f500000, 0x000000008f500000| Untracked 
| 246|0x000000008f600000, 0x000000008f600000, 0x000000008f700000|  0%| F|  |TAMS 0x000000008f600000, 0x000000008f600000| Untracked 
| 247|0x000000008f700000, 0x000000008f700000, 0x000000008f800000|  0%| F|  |TAMS 0x000000008f700000, 0x000000008f700000| Untracked 
| 248|0x000000008f800000, 0x000000008f800000, 0x000000008f900000|  0%| F|  |TAMS 0x000000008f800000, 0x000000008f800000| Untracked 
| 249|0x000000008f900000, 0x000000008f900000, 0x000000008fa00000|  0%| F|  |TAMS 0x000000008f900000, 0x000000008f900000| Untracked 
| 250|0x000000008fa00000, 0x000000008fa00000, 0x000000008fb00000|  0%| F|  |TAMS 0x000000008fa00000, 0x000000008fa00000| Untracked 
| 251|0x000000008fb00000, 0x000000008fb00000, 0x000000008fc00000|  0%| F|  |TAMS 0x000000008fb00000, 0x000000008fb00000| Untracked 
| 252|0x000000008fc00000, 0x000000008fc00000, 0x000000008fd00000|  0%| F|  |TAMS 0x000000008fc00000, 0x000000008fc00000| Untracked 
| 253|0x000000008fd00000, 0x000000008fd00000, 0x000000008fe00000|  0%| F|  |TAMS 0x000000008fd00000, 0x000000008fd00000| Untracked 
| 254|0x000000008fe00000, 0x000000008fe00000, 0x000000008ff00000|  0%| F|  |TAMS 0x000000008fe00000, 0x000000008fe00000| Untracked 
| 255|0x000000008ff00000, 0x000000008ff00000, 0x0000000090000000|  0%| F|  |TAMS 0x000000008ff00000, 0x000000008ff00000| Untracked 
| 256|0x0000000090000000, 0x0000000090000000, 0x0000000090100000|  0%| F|  |TAMS 0x0000000090000000, 0x0000000090000000| Untracked 
| 257|0x0000000090100000, 0x0000000090100000, 0x0000000090200000|  0%| F|  |TAMS 0x0000000090100000, 0x0000000090100000| Untracked 
| 258|0x0000000090200000, 0x0000000090200000, 0x0000000090300000|  0%| F|  |TAMS 0x0000000090200000, 0x0000000090200000| Untracked 
| 259|0x0000000090300000, 0x0000000090300000, 0x0000000090400000|  0%| F|  |TAMS 0x0000000090300000, 0x0000000090300000| Untracked 
| 260|0x0000000090400000, 0x0000000090400000, 0x0000000090500000|  0%| F|  |TAMS 0x0000000090400000, 0x0000000090400000| Untracked 
| 261|0x0000000090500000, 0x0000000090500000, 0x0000000090600000|  0%| F|  |TAMS 0x0000000090500000, 0x0000000090500000| Untracked 
| 262|0x0000000090600000, 0x0000000090600000, 0x0000000090700000|  0%| F|  |TAMS 0x0000000090600000, 0x0000000090600000| Untracked 
| 263|0x0000000090700000, 0x0000000090700000, 0x0000000090800000|  0%| F|  |TAMS 0x0000000090700000, 0x0000000090700000| Untracked 
| 264|0x0000000090800000, 0x0000000090800000, 0x0000000090900000|  0%| F|  |TAMS 0x0000000090800000, 0x0000000090800000| Untracked 
| 265|0x0000000090900000, 0x0000000090900000, 0x0000000090a00000|  0%| F|  |TAMS 0x0000000090900000, 0x0000000090900000| Untracked 
| 266|0x0000000090a00000, 0x0000000090a00000, 0x0000000090b00000|  0%| F|  |TAMS 0x0000000090a00000, 0x0000000090a00000| Untracked 
| 267|0x0000000090b00000, 0x0000000090b00000, 0x0000000090c00000|  0%| F|  |TAMS 0x0000000090b00000, 0x0000000090b00000| Untracked 
| 268|0x0000000090c00000, 0x0000000090c00000, 0x0000000090d00000|  0%| F|  |TAMS 0x0000000090c00000, 0x0000000090c00000| Untracked 
| 269|0x0000000090d00000, 0x0000000090d00000, 0x0000000090e00000|  0%| F|  |TAMS 0x0000000090d00000, 0x0000000090d00000| Untracked 
| 270|0x0000000090e00000, 0x0000000090e00000, 0x0000000090f00000|  0%| F|  |TAMS 0x0000000090e00000, 0x0000000090e00000| Untracked 
| 271|0x0000000090f00000, 0x0000000090f00000, 0x0000000091000000|  0%| F|  |TAMS 0x0000000090f00000, 0x0000000090f00000| Untracked 
| 272|0x0000000091000000, 0x0000000091000000, 0x0000000091100000|  0%| F|  |TAMS 0x0000000091000000, 0x0000000091000000| Untracked 
| 273|0x0000000091100000, 0x0000000091100000, 0x0000000091200000|  0%| F|  |TAMS 0x0000000091100000, 0x0000000091100000| Untracked 
| 274|0x0000000091200000, 0x0000000091200000, 0x0000000091300000|  0%| F|  |TAMS 0x0000000091200000, 0x0000000091200000| Untracked 
| 275|0x0000000091300000, 0x0000000091300000, 0x0000000091400000|  0%| F|  |TAMS 0x0000000091300000, 0x0000000091300000| Untracked 
| 276|0x0000000091400000, 0x0000000091400000, 0x0000000091500000|  0%| F|  |TAMS 0x0000000091400000, 0x0000000091400000| Untracked 
| 277|0x0000000091500000, 0x0000000091500000, 0x0000000091600000|  0%| F|  |TAMS 0x0000000091500000, 0x0000000091500000| Untracked 
| 278|0x0000000091600000, 0x0000000091600000, 0x0000000091700000|  0%| F|  |TAMS 0x0000000091600000, 0x0000000091600000| Untracked 
| 279|0x0000000091700000, 0x0000000091700000, 0x0000000091800000|  0%| F|  |TAMS 0x0000000091700000, 0x0000000091700000| Untracked 
| 280|0x0000000091800000, 0x0000000091800000, 0x0000000091900000|  0%| F|  |TAMS 0x0000000091800000, 0x0000000091800000| Untracked 
| 281|0x0000000091900000, 0x0000000091900000, 0x0000000091a00000|  0%| F|  |TAMS 0x0000000091900000, 0x0000000091900000| Untracked 
| 282|0x0000000091a00000, 0x0000000091a00000, 0x0000000091b00000|  0%| F|  |TAMS 0x0000000091a00000, 0x0000000091a00000| Untracked 
| 283|0x0000000091b00000, 0x0000000091b00000, 0x0000000091c00000|  0%| F|  |TAMS 0x0000000091b00000, 0x0000000091b00000| Untracked 
| 284|0x0000000091c00000, 0x0000000091c00000, 0x0000000091d00000|  0%| F|  |TAMS 0x0000000091c00000, 0x0000000091c00000| Untracked 
| 285|0x0000000091d00000, 0x0000000091d00000, 0x0000000091e00000|  0%| F|  |TAMS 0x0000000091d00000, 0x0000000091d00000| Untracked 
| 286|0x0000000091e00000, 0x0000000091e00000, 0x0000000091f00000|  0%| F|  |TAMS 0x0000000091e00000, 0x0000000091e00000| Untracked 
| 287|0x0000000091f00000, 0x0000000091f00000, 0x0000000092000000|  0%| F|  |TAMS 0x0000000091f00000, 0x0000000091f00000| Untracked 
| 288|0x0000000092000000, 0x0000000092000000, 0x0000000092100000|  0%| F|  |TAMS 0x0000000092000000, 0x0000000092000000| Untracked 
| 289|0x0000000092100000, 0x0000000092100000, 0x0000000092200000|  0%| F|  |TAMS 0x0000000092100000, 0x0000000092100000| Untracked 
| 290|0x0000000092200000, 0x0000000092200000, 0x0000000092300000|  0%| F|  |TAMS 0x0000000092200000, 0x0000000092200000| Untracked 
| 291|0x0000000092300000, 0x0000000092300000, 0x0000000092400000|  0%| F|  |TAMS 0x0000000092300000, 0x0000000092300000| Untracked 
| 292|0x0000000092400000, 0x0000000092400000, 0x0000000092500000|  0%| F|  |TAMS 0x0000000092400000, 0x0000000092400000| Untracked 
| 293|0x0000000092500000, 0x0000000092500000, 0x0000000092600000|  0%| F|  |TAMS 0x0000000092500000, 0x0000000092500000| Untracked 
| 294|0x0000000092600000, 0x0000000092600000, 0x0000000092700000|  0%| F|  |TAMS 0x0000000092600000, 0x0000000092600000| Untracked 
| 295|0x0000000092700000, 0x0000000092700000, 0x0000000092800000|  0%| F|  |TAMS 0x0000000092700000, 0x0000000092700000| Untracked 
| 296|0x0000000092800000, 0x0000000092800000, 0x0000000092900000|  0%| F|  |TAMS 0x0000000092800000, 0x0000000092800000| Untracked 
| 297|0x0000000092900000, 0x0000000092900000, 0x0000000092a00000|  0%| F|  |TAMS 0x0000000092900000, 0x0000000092900000| Untracked 
| 298|0x0000000092a00000, 0x0000000092a00000, 0x0000000092b00000|  0%| F|  |TAMS 0x0000000092a00000, 0x0000000092a00000| Untracked 
| 299|0x0000000092b00000, 0x0000000092b00000, 0x0000000092c00000|  0%| F|  |TAMS 0x0000000092b00000, 0x0000000092b00000| Untracked 
| 300|0x0000000092c00000, 0x0000000092c00000, 0x0000000092d00000|  0%| F|  |TAMS 0x0000000092c00000, 0x0000000092c00000| Untracked 
| 301|0x0000000092d00000, 0x0000000092d00000, 0x0000000092e00000|  0%| F|  |TAMS 0x0000000092d00000, 0x0000000092d00000| Untracked 
| 302|0x0000000092e00000, 0x0000000092e00000, 0x0000000092f00000|  0%| F|  |TAMS 0x0000000092e00000, 0x0000000092e00000| Untracked 
| 303|0x0000000092f00000, 0x0000000092f00000, 0x0000000093000000|  0%| F|  |TAMS 0x0000000092f00000, 0x0000000092f00000| Untracked 
| 304|0x0000000093000000, 0x0000000093000000, 0x0000000093100000|  0%| F|  |TAMS 0x0000000093000000, 0x0000000093000000| Untracked 
| 305|0x0000000093100000, 0x0000000093100000, 0x0000000093200000|  0%| F|  |TAMS 0x0000000093100000, 0x0000000093100000| Untracked 
| 306|0x0000000093200000, 0x0000000093200000, 0x0000000093300000|  0%| F|  |TAMS 0x0000000093200000, 0x0000000093200000| Untracked 
| 307|0x0000000093300000, 0x0000000093300000, 0x0000000093400000|  0%| F|  |TAMS 0x0000000093300000, 0x0000000093300000| Untracked 
| 308|0x0000000093400000, 0x0000000093400000, 0x0000000093500000|  0%| F|  |TAMS 0x0000000093400000, 0x0000000093400000| Untracked 
| 309|0x0000000093500000, 0x0000000093500000, 0x0000000093600000|  0%| F|  |TAMS 0x0000000093500000, 0x0000000093500000| Untracked 
| 310|0x0000000093600000, 0x0000000093600000, 0x0000000093700000|  0%| F|  |TAMS 0x0000000093600000, 0x0000000093600000| Untracked 
| 311|0x0000000093700000, 0x00000000937eb5a0, 0x0000000093800000| 91%| S|CS|TAMS 0x0000000093700000, 0x0000000093700000| Complete 
| 312|0x0000000093800000, 0x0000000093900000, 0x0000000093900000|100%| S|CS|TAMS 0x0000000093800000, 0x0000000093800000| Complete 
| 313|0x0000000093900000, 0x0000000093900000, 0x0000000093a00000|  0%| F|  |TAMS 0x0000000093900000, 0x0000000093900000| Untracked 
| 314|0x0000000093a00000, 0x0000000093a00000, 0x0000000093b00000|  0%| F|  |TAMS 0x0000000093a00000, 0x0000000093a00000| Untracked 
| 315|0x0000000093b00000, 0x0000000093b00000, 0x0000000093c00000|  0%| F|  |TAMS 0x0000000093b00000, 0x0000000093b00000| Untracked 
| 316|0x0000000093c00000, 0x0000000093c00000, 0x0000000093d00000|  0%| F|  |TAMS 0x0000000093c00000, 0x0000000093c00000| Untracked 
| 317|0x0000000093d00000, 0x0000000093d00000, 0x0000000093e00000|  0%| F|  |TAMS 0x0000000093d00000, 0x0000000093d00000| Untracked 
| 318|0x0000000093e00000, 0x0000000093e00000, 0x0000000093f00000|  0%| F|  |TAMS 0x0000000093e00000, 0x0000000093e00000| Untracked 

Card table byte_map: [0x00000231c82f0000,0x00000231c86f0000] _byte_map_base: 0x00000231c7ef0000

Marking Bits (Prev, Next): (CMBitMap*) 0x00000231af0ffa80, (CMBitMap*) 0x00000231af0ffa40
 Prev Bits: [0x00000231caaf0000, 0x00000231ccaf0000)
 Next Bits: [0x00000231c8af0000, 0x00000231caaf0000)

Polling page: 0x00000231aee90000

Metaspace:

Usage:
  Non-class:     88.53 MB capacity,    87.49 MB ( 99%) used,   923.60 KB (  1%) free+waste,   140.00 KB ( <1%) overhead. 
      Class:     12.87 MB capacity,    12.45 MB ( 97%) used,   377.24 KB (  3%) free+waste,    52.81 KB ( <1%) overhead. 
       Both:    101.40 MB capacity,    99.94 MB ( 99%) used,     1.27 MB (  1%) free+waste,   192.81 KB ( <1%) overhead. 

Virtual space:
  Non-class space:       90.00 MB reserved,      88.75 MB ( 99%) committed 
      Class space:        1.00 GB reserved,      12.88 MB (  1%) committed 
             Both:        1.09 GB reserved,     101.63 MB (  9%) committed 

Chunk freelists:
   Non-Class:  38.00 KB
       Class:  3.00 KB
        Both:  41.00 KB

MaxMetaspaceSize: 17179869184.00 GB
CompressedClassSpaceSize: 1.00 GB

CodeHeap 'non-profiled nmethods': size=120064Kb used=7557Kb max_used=7557Kb free=112506Kb
 bounds [0x00000231c05b0000, 0x00000231c0d20000, 0x00000231c7af0000]
CodeHeap 'profiled nmethods': size=120000Kb used=24026Kb max_used=24026Kb free=95973Kb
 bounds [0x00000231b9080000, 0x00000231ba800000, 0x00000231c05b0000]
CodeHeap 'non-nmethods': size=5696Kb used=2500Kb max_used=2545Kb free=3195Kb
 bounds [0x00000231b8af0000, 0x00000231b8d80000, 0x00000231b9080000]
 total_blobs=12755 nmethods=11724 adapters=944
 compilation: enabled
              stopped_count=0, restarted_count=0
 full_count=0

Compilation events (20 events):
Event: 185.582 Thread 0x00000231cf848120 nmethod 14120 0x00000231c0d10e90 code [0x00000231c0d11020, 0x00000231c0d110d8]
Event: 185.585 Thread 0x00000231cf848120 14124       3       com.sun.tools.javac.code.Types$MethodFilter::accepts (9 bytes)
Event: 185.585 Thread 0x00000231cf848120 nmethod 14124 0x00000231ba7f2290 code [0x00000231ba7f2440, 0x00000231ba7f2668]
Event: 185.585 Thread 0x00000231cf848120 14125       3       com.sun.tools.javac.code.Types$MethodFilter::accepts (98 bytes)
Event: 185.586 Thread 0x00000231cf848120 nmethod 14125 0x00000231ba7f2710 code [0x00000231ba7f2980, 0x00000231ba7f3668]
Event: 185.588 Thread 0x00000231cf848120 14126       3       com.sun.tools.javac.util.JCDiagnostic$Fragment::<init> (11 bytes)
Event: 185.589 Thread 0x00000231cf848120 nmethod 14126 0x00000231ba7f3a10 code [0x00000231ba7f3bc0, 0x00000231ba7f3ef8]
Event: 185.590 Thread 0x00000231cf848120 14127       3       com.sun.tools.javac.util.Warner::clear (20 bytes)
Event: 185.590 Thread 0x00000231cf848120 nmethod 14127 0x00000231ba7f4010 code [0x00000231ba7f41c0, 0x00000231ba7f4478]
Event: 185.591 Thread 0x00000231ceea2360 14128   !   4       java.lang.Class::getEnumConstantsShared (71 bytes)
Event: 185.593 Thread 0x00000231cf848120 14131       1       java.util.stream.Node::getChildCount (2 bytes)
Event: 185.593 Thread 0x00000231cf848120 nmethod 14131 0x00000231c0d11190 code [0x00000231c0d11320, 0x00000231c0d113d8]
Event: 185.595 Thread 0x00000231cf848120 14132       1       com.sun.tools.javac.code.Type$JCPrimitiveType$2::constValue (5 bytes)
Event: 185.596 Thread 0x00000231cf848120 nmethod 14132 0x00000231c0d11490 code [0x00000231c0d11620, 0x00000231c0d116d8]
Event: 185.596 Thread 0x00000231cf848120 14133       3       com.sun.tools.javac.code.Symbol::externalType (81 bytes)
Event: 185.599 Thread 0x00000231cf848120 nmethod 14133 0x00000231ba7f4590 code [0x00000231ba7f48c0, 0x00000231ba7f62c8]
Event: 185.599 Thread 0x00000231cf848120 14134       3       com.sun.tools.javac.jvm.Gen::visitIdent (302 bytes)
Event: 185.602 Thread 0x00000231cf848120 nmethod 14134 0x00000231ba7f6a10 code [0x00000231ba7f6e20, 0x00000231ba7f91b8]
Event: 185.602 Thread 0x00000231cf848120 14135       3       com.sun.tools.javac.jvm.Code::emit2 (78 bytes)
Event: 185.603 Thread 0x00000231cf848120 nmethod 14135 0x00000231ba7f9b10 code [0x00000231ba7f9cc0, 0x00000231ba7f9f58]

GC Heap History (20 events):
Event: 171.770 GC heap after
{Heap after GC invocations=67 (full 0):
 garbage-first heap   total 181248K, used 113152K [0x0000000080000000, 0x0000000100000000)
  region size 1024K, 3 young (3072K), 3 survivors (3072K)
 Metaspace       used 96911K, capacity 98255K, committed 98560K, reserved 1134592K
  class space    used 12075K, capacity 12438K, committed 12544K, reserved 1048576K
}
Event: 172.108 GC heap before
{Heap before GC invocations=67 (full 0):
 garbage-first heap   total 181248K, used 132608K [0x0000000080000000, 0x0000000100000000)
  region size 1024K, 22 young (22528K), 3 survivors (3072K)
 Metaspace       used 96911K, capacity 98255K, committed 98560K, reserved 1134592K
  class space    used 12075K, capacity 12438K, committed 12544K, reserved 1048576K
}
Event: 172.215 GC heap after
{Heap after GC invocations=68 (full 0):
 garbage-first heap   total 181248K, used 128512K [0x0000000080000000, 0x0000000100000000)
  region size 1024K, 3 young (3072K), 3 survivors (3072K)
 Metaspace       used 96911K, capacity 98255K, committed 98560K, reserved 1134592K
  class space    used 12075K, capacity 12438K, committed 12544K, reserved 1048576K
}
Event: 173.535 GC heap before
{Heap before GC invocations=69 (full 0):
 garbage-first heap   total 222208K, used 138752K [0x0000000080000000, 0x0000000100000000)
  region size 1024K, 13 young (13312K), 3 survivors (3072K)
 Metaspace       used 97983K, capacity 99285K, committed 99456K, reserved 1136640K
  class space    used 12221K, capacity 12567K, committed 12672K, reserved 1048576K
}
Event: 173.561 GC heap after
{Heap after GC invocations=70 (full 0):
 garbage-first heap   total 222208K, used 132608K [0x0000000080000000, 0x0000000100000000)
  region size 1024K, 2 young (2048K), 2 survivors (2048K)
 Metaspace       used 97983K, capacity 99285K, committed 99456K, reserved 1136640K
  class space    used 12221K, capacity 12567K, committed 12672K, reserved 1048576K
}
Event: 174.998 GC heap before
{Heap before GC invocations=70 (full 0):
 garbage-first heap   total 222208K, used 145920K [0x0000000080000000, 0x0000000100000000)
  region size 1024K, 17 young (17408K), 2 survivors (2048K)
 Metaspace       used 100137K, capacity 101447K, committed 101504K, reserved 1138688K
  class space    used 12532K, capacity 12922K, committed 12928K, reserved 1048576K
}
Event: 175.015 GC heap after
{Heap after GC invocations=71 (full 0):
 garbage-first heap   total 222208K, used 133863K [0x0000000080000000, 0x0000000100000000)
  region size 1024K, 4 young (4096K), 4 survivors (4096K)
 Metaspace       used 100137K, capacity 101447K, committed 101504K, reserved 1138688K
  class space    used 12532K, capacity 12922K, committed 12928K, reserved 1048576K
}
Event: 180.182 GC heap before
{Heap before GC invocations=72 (full 0):
 garbage-first heap   total 230400K, used 159463K [0x0000000080000000, 0x0000000100000000)
  region size 1024K, 29 young (29696K), 4 survivors (4096K)
 Metaspace       used 100958K, capacity 102349K, committed 102656K, reserved 1138688K
  class space    used 12593K, capacity 12987K, committed 13056K, reserved 1048576K
}
Event: 180.224 GC heap after
{Heap after GC invocations=73 (full 0):
 garbage-first heap   total 230400K, used 145077K [0x0000000080000000, 0x0000000100000000)
  region size 1024K, 4 young (4096K), 4 survivors (4096K)
 Metaspace       used 100958K, capacity 102349K, committed 102656K, reserved 1138688K
  class space    used 12593K, capacity 12987K, committed 13056K, reserved 1048576K
}
Event: 180.786 GC heap before
{Heap before GC invocations=73 (full 0):
 garbage-first heap   total 230400K, used 168629K [0x0000000080000000, 0x0000000100000000)
  region size 1024K, 28 young (28672K), 4 survivors (4096K)
 Metaspace       used 100958K, capacity 102349K, committed 102656K, reserved 1138688K
  class space    used 12593K, capacity 12987K, committed 13056K, reserved 1048576K
}
Event: 180.849 GC heap after
{Heap after GC invocations=74 (full 0):
 garbage-first heap   total 230400K, used 166400K [0x0000000080000000, 0x0000000100000000)
  region size 1024K, 4 young (4096K), 4 survivors (4096K)
 Metaspace       used 100958K, capacity 102349K, committed 102656K, reserved 1138688K
  class space    used 12593K, capacity 12987K, committed 13056K, reserved 1048576K
}
Event: 181.685 GC heap before
{Heap before GC invocations=74 (full 0):
 garbage-first heap   total 281600K, used 180736K [0x0000000080000000, 0x0000000100000000)
  region size 1024K, 18 young (18432K), 4 survivors (4096K)
 Metaspace       used 100958K, capacity 102349K, committed 102656K, reserved 1138688K
  class space    used 12593K, capacity 12987K, committed 13056K, reserved 1048576K
}
Event: 181.748 GC heap after
{Heap after GC invocations=75 (full 0):
 garbage-first heap   total 281600K, used 180224K [0x0000000080000000, 0x0000000100000000)
  region size 1024K, 3 young (3072K), 3 survivors (3072K)
 Metaspace       used 100958K, capacity 102349K, committed 102656K, reserved 1138688K
  class space    used 12593K, capacity 12987K, committed 13056K, reserved 1048576K
}
Event: 182.850 GC heap before
{Heap before GC invocations=76 (full 0):
 garbage-first heap   total 281600K, used 204800K [0x0000000080000000, 0x0000000100000000)
  region size 1024K, 28 young (28672K), 3 survivors (3072K)
 Metaspace       used 101057K, capacity 102477K, committed 102656K, reserved 1138688K
  class space    used 12593K, capacity 12987K, committed 13056K, reserved 1048576K
}
Event: 182.922 GC heap after
{Heap after GC invocations=77 (full 0):
 garbage-first heap   total 281600K, used 199680K [0x0000000080000000, 0x0000000100000000)
  region size 1024K, 4 young (4096K), 4 survivors (4096K)
 Metaspace       used 101057K, capacity 102477K, committed 102656K, reserved 1138688K
  class space    used 12593K, capacity 12987K, committed 13056K, reserved 1048576K
}
Event: 183.028 GC heap before
{Heap before GC invocations=77 (full 0):
 garbage-first heap   total 281600K, used 216064K [0x0000000080000000, 0x0000000100000000)
  region size 1024K, 20 young (20480K), 4 survivors (4096K)
 Metaspace       used 101057K, capacity 102477K, committed 102656K, reserved 1138688K
  class space    used 12593K, capacity 12987K, committed 13056K, reserved 1048576K
}
Event: 183.080 GC heap after
{Heap after GC invocations=78 (full 0):
 garbage-first heap   total 281600K, used 216064K [0x0000000080000000, 0x0000000100000000)
  region size 1024K, 3 young (3072K), 3 survivors (3072K)
 Metaspace       used 101057K, capacity 102477K, committed 102656K, reserved 1138688K
  class space    used 12593K, capacity 12987K, committed 13056K, reserved 1048576K
}
Event: 183.162 GC heap before
{Heap before GC invocations=78 (full 0):
 garbage-first heap   total 281600K, used 226304K [0x0000000080000000, 0x0000000100000000)
  region size 1024K, 13 young (13312K), 3 survivors (3072K)
 Metaspace       used 101057K, capacity 102477K, committed 102656K, reserved 1138688K
  class space    used 12593K, capacity 12987K, committed 13056K, reserved 1048576K
}
Event: 183.235 GC heap after
{Heap after GC invocations=79 (full 0):
 garbage-first heap   total 281600K, used 226816K [0x0000000080000000, 0x0000000100000000)
  region size 1024K, 2 young (2048K), 2 survivors (2048K)
 Metaspace       used 101057K, capacity 102477K, committed 102656K, reserved 1138688K
  class space    used 12593K, capacity 12987K, committed 13056K, reserved 1048576K
}
Event: 185.649 GC heap before
{Heap before GC invocations=80 (full 0):
 garbage-first heap   total 326656K, used 201216K [0x0000000080000000, 0x0000000100000000)
  region size 1024K, 13 young (13312K), 2 survivors (2048K)
 Metaspace       used 102337K, capacity 103831K, committed 104064K, reserved 1140736K
  class space    used 12750K, capacity 13181K, committed 13184K, reserved 1048576K
}

Deoptimization events (20 events):
Event: 185.463 Thread 0x00000231d10cfef0 Uncommon trap: trap_request=0xffffff45 fr.pc=0x00000231c0bb33b8 relative=0x0000000000000378
Event: 185.463 Thread 0x00000231d10cfef0 Uncommon trap: reason=unstable_if action=reinterpret pc=0x00000231c0bb33b8 method=com.sun.tools.javac.util.IntHashTable.lookup(Ljava/lang/Object;I)I @ 67 c2
Event: 185.463 Thread 0x00000231d10cfef0 DEOPT PACKING pc=0x00000231c0bb33b8 sp=0x000000da732f67b0
Event: 185.463 Thread 0x00000231d10cfef0 DEOPT UNPACKING pc=0x00000231b8b3e12f sp=0x000000da732f6670 mode 2
Event: 185.463 Thread 0x00000231d10cfef0 Uncommon trap: trap_request=0xffffff45 fr.pc=0x00000231c0bae6f8 relative=0x0000000000000238
Event: 185.463 Thread 0x00000231d10cfef0 Uncommon trap: reason=unstable_if action=reinterpret pc=0x00000231c0bae6f8 method=com.sun.tools.javac.util.IntHashTable.putAtIndex(Ljava/lang/Object;II)I @ 18 c2
Event: 185.463 Thread 0x00000231d10cfef0 DEOPT PACKING pc=0x00000231c0bae6f8 sp=0x000000da732f6740
Event: 185.463 Thread 0x00000231d10cfef0 DEOPT UNPACKING pc=0x00000231b8b3e12f sp=0x000000da732f66f8 mode 2
Event: 185.503 Thread 0x00000231d10cfef0 Uncommon trap: trap_request=0xffffffc6 fr.pc=0x00000231c0c52838 relative=0x0000000000000bf8
Event: 185.503 Thread 0x00000231d10cfef0 Uncommon trap: reason=bimorphic_or_optimized_type_check action=maybe_recompile pc=0x00000231c0c52838 method=com.sun.tools.javac.code.Types$15.visitClassType(Lcom/sun/tools/javac/code/Type$ClassType;Ljava/lang/Void;)Lcom/sun/tools/javac/code/Type; @ 19 c2
Event: 185.503 Thread 0x00000231d10cfef0 DEOPT PACKING pc=0x00000231c0c52838 sp=0x000000da732edbd0
Event: 185.503 Thread 0x00000231d10cfef0 DEOPT UNPACKING pc=0x00000231b8b3e12f sp=0x000000da732edb90 mode 2
Event: 185.586 Thread 0x00000231d10cfef0 Uncommon trap: trap_request=0xffffffde fr.pc=0x00000231c0d0cacc relative=0x000000000000074c
Event: 185.586 Thread 0x00000231d10cfef0 Uncommon trap: reason=class_check action=maybe_recompile pc=0x00000231c0d0cacc method=com.sun.tools.javac.comp.Check.checkType(Lcom/sun/tools/javac/util/JCDiagnostic$DiagnosticPosition;Lcom/sun/tools/javac/code/Type;Lcom/sun/tools/javac/code/Type;Lcom/sun
Event: 185.586 Thread 0x00000231d10cfef0 DEOPT PACKING pc=0x00000231c0d0cacc sp=0x000000da732f6240
Event: 185.586 Thread 0x00000231d10cfef0 DEOPT UNPACKING pc=0x00000231b8b3e12f sp=0x000000da732f6188 mode 2
Event: 185.587 Thread 0x00000231d10cfef0 Uncommon trap: trap_request=0xffffffde fr.pc=0x00000231c0d0cacc relative=0x000000000000074c
Event: 185.587 Thread 0x00000231d10cfef0 Uncommon trap: reason=class_check action=maybe_recompile pc=0x00000231c0d0cacc method=com.sun.tools.javac.comp.Check.checkType(Lcom/sun/tools/javac/util/JCDiagnostic$DiagnosticPosition;Lcom/sun/tools/javac/code/Type;Lcom/sun/tools/javac/code/Type;Lcom/sun
Event: 185.587 Thread 0x00000231d10cfef0 DEOPT PACKING pc=0x00000231c0d0cacc sp=0x000000da732f6240
Event: 185.587 Thread 0x00000231d10cfef0 DEOPT UNPACKING pc=0x00000231b8b3e12f sp=0x000000da732f6188 mode 2

Classes unloaded (0 events):
No events

Classes redefined (0 events):
No events

Internal exceptions (20 events):
Event: 184.971 Thread 0x00000231d10cfef0 Exception <a 'sun/nio/fs/WindowsException'{0x0000000093bc5c70}> (0x0000000093bc5c70) 
thrown [./open/src/hotspot/share/prims/jni.cpp, line 578]
Event: 184.971 Thread 0x00000231d10cfef0 Exception <a 'sun/nio/fs/WindowsException'{0x0000000093bc6070}> (0x0000000093bc6070) 
thrown [./open/src/hotspot/share/prims/jni.cpp, line 578]
Event: 184.972 Thread 0x00000231d10cfef0 Exception <a 'sun/nio/fs/WindowsException'{0x0000000093bc8d58}> (0x0000000093bc8d58) 
thrown [./open/src/hotspot/share/prims/jni.cpp, line 578]
Event: 184.972 Thread 0x00000231d10cfef0 Exception <a 'sun/nio/fs/WindowsException'{0x0000000093bc9108}> (0x0000000093bc9108) 
thrown [./open/src/hotspot/share/prims/jni.cpp, line 578]
Event: 184.972 Thread 0x00000231d10cfef0 Exception <a 'sun/nio/fs/WindowsException'{0x0000000093bcbdd8}> (0x0000000093bcbdd8) 
thrown [./open/src/hotspot/share/prims/jni.cpp, line 578]
Event: 184.972 Thread 0x00000231d10cfef0 Exception <a 'sun/nio/fs/WindowsException'{0x0000000093bcc160}> (0x0000000093bcc160) 
thrown [./open/src/hotspot/share/prims/jni.cpp, line 578]
Event: 184.973 Thread 0x00000231d10cfef0 Exception <a 'sun/nio/fs/WindowsException'{0x0000000093bcee20}> (0x0000000093bcee20) 
thrown [./open/src/hotspot/share/prims/jni.cpp, line 578]
Event: 185.080 Thread 0x00000231d10cfef0 Exception <a 'sun/nio/fs/WindowsException'{0x0000000093bef9a8}> (0x0000000093bef9a8) 
thrown [./open/src/hotspot/share/prims/jni.cpp, line 578]
Event: 185.128 Thread 0x00000231d10cfef0 Exception <a 'sun/nio/fs/WindowsException'{0x0000000093a06968}> (0x0000000093a06968) 
thrown [./open/src/hotspot/share/prims/jni.cpp, line 578]
Event: 185.166 Thread 0x00000231d10cfef0 Exception <a 'sun/nio/fs/WindowsException'{0x0000000093a460b0}> (0x0000000093a460b0) 
thrown [./open/src/hotspot/share/prims/jni.cpp, line 578]
Event: 185.166 Thread 0x00000231d10cfef0 Exception <a 'sun/nio/fs/WindowsException'{0x0000000093a47880}> (0x0000000093a47880) 
thrown [./open/src/hotspot/share/prims/jni.cpp, line 578]
Event: 185.167 Thread 0x00000231d10cfef0 Exception <a 'sun/nio/fs/WindowsException'{0x0000000093a48e30}> (0x0000000093a48e30) 
thrown [./open/src/hotspot/share/prims/jni.cpp, line 578]
Event: 185.167 Thread 0x00000231d10cfef0 Exception <a 'sun/nio/fs/WindowsException'{0x0000000093a4a5e0}> (0x0000000093a4a5e0) 
thrown [./open/src/hotspot/share/prims/jni.cpp, line 578]
Event: 185.167 Thread 0x00000231d10cfef0 Exception <a 'sun/nio/fs/WindowsException'{0x0000000093a4aa00}> (0x0000000093a4aa00) 
thrown [./open/src/hotspot/share/prims/jni.cpp, line 578]
Event: 185.168 Thread 0x00000231d10cfef0 Exception <a 'sun/nio/fs/WindowsException'{0x0000000093a4d708}> (0x0000000093a4d708) 
thrown [./open/src/hotspot/share/prims/jni.cpp, line 578]
Event: 185.268 Thread 0x00000231d10cfef0 Exception <a 'sun/nio/fs/WindowsException'{0x0000000093a93c08}> (0x0000000093a93c08) 
thrown [./open/src/hotspot/share/prims/jni.cpp, line 578]
Event: 185.335 Thread 0x00000231d10cfef0 Exception <a 'sun/nio/fs/WindowsException'{0x0000000093aa8998}> (0x0000000093aa8998) 
thrown [./open/src/hotspot/share/prims/jni.cpp, line 578]
Event: 185.468 Thread 0x00000231d10cfef0 Exception <a 'sun/nio/fs/WindowsException'{0x000000009390c170}> (0x000000009390c170) 
thrown [./open/src/hotspot/share/prims/jni.cpp, line 578]
Event: 185.472 Thread 0x00000231d10cfef0 Exception <a 'sun/nio/fs/WindowsException'{0x0000000093911290}> (0x0000000093911290) 
thrown [./open/src/hotspot/share/prims/jni.cpp, line 578]
Event: 185.487 Thread 0x00000231d10cfef0 Exception <a 'sun/nio/fs/WindowsException'{0x000000009391e188}> (0x000000009391e188) 
thrown [./open/src/hotspot/share/prims/jni.cpp, line 578]

Events (20 events):
Event: 184.546 Thread 0x00000231cef0d840 flushing nmethod 0x00000231b95f1d90
Event: 184.546 Thread 0x00000231cef0d840 flushing nmethod 0x00000231b95f3890
Event: 184.553 Thread 0x00000231cef0d840 flushing nmethod 0x00000231b9a43d90
Event: 184.554 Thread 0x00000231cef0d840 flushing nmethod 0x00000231b9b2b590
Event: 184.561 Executing VM operation: HandshakeAllThreads
Event: 184.561 Executing VM operation: HandshakeAllThreads done
Event: 184.567 Thread 0x00000231cef0d840 flushing nmethod 0x00000231ba6a0490
Event: 184.567 Thread 0x00000231cef0d840 flushing nmethod 0x00000231ba6a4a10
Event: 184.567 Thread 0x00000231cef0d840 flushing nmethod 0x00000231ba6aaa10
Event: 184.570 loading class java/util/stream/Nodes$FixedNodeBuilder
Event: 184.581 loading class java/util/stream/Nodes$ArrayNode
Event: 184.589 loading class java/util/stream/Nodes$ArrayNode done
Event: 184.589 loading class java/util/stream/Nodes$FixedNodeBuilder done
Event: 184.959 loading class java/util/function/ToIntBiFunction
Event: 184.967 loading class java/util/function/ToIntBiFunction done
Event: 185.078 loading class java/util/regex/Pattern$Pos
Event: 185.079 loading class java/util/regex/Pattern$Pos done
Event: 185.140 Executing VM operation: ICBufferFull
Event: 185.141 Executing VM operation: ICBufferFull done
Event: 185.649 Executing VM operation: G1CollectForAllocation


Dynamic libraries:
0x00007ff7c4120000 - 0x00007ff7c412f000 	C:\Program Files\Java\jdk-15.0.1\bin\java.exe
0x00007ff8d9bc0000 - 0x00007ff8d9db0000 	C:\Windows\SYSTEM32\ntdll.dll
0x00007ff8d7c70000 - 0x00007ff8d7d22000 	C:\Windows\System32\KERNEL32.DLL
0x00007ff8d7830000 - 0x00007ff8d7ad5000 	C:\Windows\System32\KERNELBASE.dll
0x00007ff8d7ae0000 - 0x00007ff8d7bda000 	C:\Windows\System32\ucrtbase.dll
0x00007ff8bd410000 - 0x00007ff8bd428000 	C:\Program Files\Java\jdk-15.0.1\bin\jli.dll
0x00007ff8d82c0000 - 0x00007ff8d8363000 	C:\Windows\System32\ADVAPI32.dll
0x00007ff8bd3f0000 - 0x00007ff8bd409000 	C:\Program Files\Java\jdk-15.0.1\bin\VCRUNTIME140.dll
0x00007ff8d86c0000 - 0x00007ff8d875e000 	C:\Windows\System32\msvcrt.dll
0x00007ff8d9ae0000 - 0x00007ff8d9b77000 	C:\Windows\System32\sechost.dll
0x00007ff8d8af0000 - 0x00007ff8d8c10000 	C:\Windows\System32\RPCRT4.dll
0x00007ff8d94a0000 - 0x00007ff8d9634000 	C:\Windows\System32\USER32.dll
0x00007ff8d7800000 - 0x00007ff8d7821000 	C:\Windows\System32\win32u.dll
0x00007ff8d8760000 - 0x00007ff8d8786000 	C:\Windows\System32\GDI32.dll
0x00007ff8d7460000 - 0x00007ff8d75f6000 	C:\Windows\System32\gdi32full.dll
0x00007ff8d72f0000 - 0x00007ff8d738e000 	C:\Windows\System32\msvcp_win.dll
0x00007ff8cb950000 - 0x00007ff8cbbd4000 	C:\Windows\WinSxS\amd64_microsoft.windows.common-controls_6595b64144ccf1df_6.0.18362.1256_none_9e7e379be45e40e2\COMCTL32.dll
0x00007ff8d7f80000 - 0x00007ff8d82b6000 	C:\Windows\System32\combase.dll
0x00007ff8d7be0000 - 0x00007ff8d7c61000 	C:\Windows\System32\bcryptPrimitives.dll
0x00007ff8cd770000 - 0x00007ff8cd77a000 	C:\Windows\SYSTEM32\VERSION.dll
0x00007ff8d9ab0000 - 0x00007ff8d9ade000 	C:\Windows\System32\IMM32.DLL
0x00007ff8c06f0000 - 0x00007ff8c06fc000 	C:\Program Files\Java\jdk-15.0.1\bin\vcruntime140_1.dll
0x00007ff8ac6c0000 - 0x00007ff8ac751000 	C:\Program Files\Java\jdk-15.0.1\bin\msvcp140.dll
0x00007ff89fea0000 - 0x00007ff8a09fe000 	C:\Program Files\Java\jdk-15.0.1\bin\server\jvm.dll
0x00007ff8d8790000 - 0x00007ff8d8798000 	C:\Windows\System32\PSAPI.DLL
0x00007ff8c2480000 - 0x00007ff8c2489000 	C:\Windows\SYSTEM32\WSOCK32.dll
0x00007ff8d8650000 - 0x00007ff8d86bf000 	C:\Windows\System32\WS2_32.dll
0x00007ff8cf5d0000 - 0x00007ff8cf5f4000 	C:\Windows\SYSTEM32\WINMM.dll
0x00007ff8cf5a0000 - 0x00007ff8cf5cd000 	C:\Windows\SYSTEM32\WINMMBASE.dll
0x00007ff8d73f0000 - 0x00007ff8d743a000 	C:\Windows\System32\cfgmgr32.dll
0x00007ff8d6a70000 - 0x00007ff8d6a81000 	C:\Windows\System32\kernel.appcore.dll
0x00007ff8bff50000 - 0x00007ff8bff5a000 	C:\Program Files\Java\jdk-15.0.1\bin\jimage.dll
0x00007ff8d0f40000 - 0x00007ff8d1134000 	C:\Windows\SYSTEM32\DBGHELP.DLL
0x00007ff8d0f10000 - 0x00007ff8d0f3a000 	C:\Windows\SYSTEM32\dbgcore.DLL
0x00007ff8ba7a0000 - 0x00007ff8ba7c5000 	C:\Program Files\Java\jdk-15.0.1\bin\java.dll
0x00007ff8d8c10000 - 0x00007ff8d92f7000 	C:\Windows\System32\SHELL32.dll
0x00007ff8d85a0000 - 0x00007ff8d8649000 	C:\Windows\System32\shcore.dll
0x00007ff8d6b60000 - 0x00007ff8d72e1000 	C:\Windows\System32\windows.storage.dll
0x00007ff8d6b00000 - 0x00007ff8d6b23000 	C:\Windows\System32\profapi.dll
0x00007ff8d6a90000 - 0x00007ff8d6ada000 	C:\Windows\System32\powrprof.dll
0x00007ff8d6a60000 - 0x00007ff8d6a70000 	C:\Windows\System32\UMPDC.dll
0x00007ff8d8a20000 - 0x00007ff8d8a72000 	C:\Windows\System32\shlwapi.dll
0x00007ff8d7440000 - 0x00007ff8d7457000 	C:\Windows\System32\cryptsp.dll
0x00007ff8bd310000 - 0x00007ff8bd329000 	C:\Program Files\Java\jdk-15.0.1\bin\net.dll
0x00007ff8d2080000 - 0x00007ff8d2170000 	C:\Windows\SYSTEM32\WINHTTP.dll
0x00007ff8d6250000 - 0x00007ff8d62b7000 	C:\Windows\system32\mswsock.dll
0x00007ff8ba430000 - 0x00007ff8ba442000 	C:\Program Files\Java\jdk-15.0.1\bin\nio.dll
0x00007ff8ba410000 - 0x00007ff8ba428000 	C:\Program Files\Java\jdk-15.0.1\bin\zip.dll
0x00007ff8bfbc0000 - 0x00007ff8bfbd0000 	C:\Program Files\Java\jdk-15.0.1\bin\verify.dll
0x00007ff8c2180000 - 0x00007ff8c21a7000 	C:\Users\Abdulla\.gradle\native\f6784746aeab05261644944871eae4fe03e0ef1612fff0a4a95f87b438bc6780\windows-amd64\native-platform.dll
0x00007ff8bfb20000 - 0x00007ff8bfb29000 	C:\Program Files\Java\jdk-15.0.1\bin\management.dll
0x00007ff8bf9a0000 - 0x00007ff8bf9ab000 	C:\Program Files\Java\jdk-15.0.1\bin\management_ext.dll
0x00007ff8d5dc0000 - 0x00007ff8d5df3000 	C:\Windows\system32\rsaenh.dll
0x00007ff8d6b30000 - 0x00007ff8d6b56000 	C:\Windows\System32\bcrypt.dll
0x00007ff8d6940000 - 0x00007ff8d6965000 	C:\Windows\SYSTEM32\USERENV.dll
0x00007ff8d6420000 - 0x00007ff8d642c000 	C:\Windows\SYSTEM32\CRYPTBASE.dll
0x00007ff8d5f60000 - 0x00007ff8d5f9a000 	C:\Windows\SYSTEM32\IPHLPAPI.DLL
0x00007ff8d8a80000 - 0x00007ff8d8a88000 	C:\Windows\System32\NSI.dll
0x00007ff8d1960000 - 0x00007ff8d1976000 	C:\Windows\SYSTEM32\dhcpcsvc6.DLL
0x00007ff8d19a0000 - 0x00007ff8d19bc000 	C:\Windows\SYSTEM32\dhcpcsvc.DLL
0x00007ff8d5ff0000 - 0x00007ff8d60bb000 	C:\Windows\SYSTEM32\DNSAPI.dll
0x00007ff8d1b70000 - 0x00007ff8d1b7b000 	C:\Windows\SYSTEM32\WINNSI.DLL
0x00007ff8b66d0000 - 0x00007ff8b6850000 	C:\Program Files\Java\jdk-15.0.1\bin\awt.dll
0x00007ff8d8950000 - 0x00007ff8d8a15000 	C:\Windows\System32\OLEAUT32.dll
0x00007ff8d4cf0000 - 0x00007ff8d4d7f000 	C:\Windows\SYSTEM32\apphelp.dll
0x00007ff8d52b0000 - 0x00007ff8d52dd000 	C:\Windows\system32\DWMAPI.DLL
0x00007ff8d51e0000 - 0x00007ff8d5279000 	C:\Windows\system32\uxtheme.dll
0x0000000066e00000 - 0x0000000066f03000 	C:\Users\Abdulla\AppData\Local\Temp\sqlite-3.25.2-b2cf3106-f1c9-4c6c-a33e-7a2a76dcc07d-sqlitejdbc.dll

dbghelp: loaded successfully - version: 4.0.5 - missing functions: none
symbol engine: initialized successfully - sym options: 0x614 - pdb path: .;C:\Program Files\Java\jdk-15.0.1\bin;C:\Windows\SYSTEM32;C:\Windows\WinSxS\amd64_microsoft.windows.common-controls_6595b64144ccf1df_6.0.18362.1256_none_9e7e379be45e40e2;C:\Program Files\Java\jdk-15.0.1\bin\server;C:\Users\Abdulla\.gradle\native\f6784746aeab05261644944871eae4fe03e0ef1612fff0a4a95f87b438bc6780\windows-amd64;C:\Users\Abdulla\AppData\Local\Temp

VM Arguments:
jvm_args: --add-opens=java.base/java.util=ALL-UNNAMED --add-opens=java.base/java.lang=ALL-UNNAMED --add-opens=java.base/java.lang.invoke=ALL-UNNAMED --add-opens=java.prefs/java.util.prefs=ALL-UNNAMED -Xmx2048m -Dfile.encoding=UTF-8 -Duser.country=US -Duser.language=en -Duser.variant 
java_command: org.gradle.launcher.daemon.bootstrap.GradleDaemon 6.5
java_class_path (initial): C:\Users\Abdulla\.gradle\wrapper\dists\gradle-6.5-all\2oz4ud9k3tuxjg84bbf55q0tn\gradle-6.5\lib\gradle-launcher-6.5.jar
Launcher Type: SUN_STANDARD

[Global flags]
     intx CICompilerCount                          = 2                                         {product} {ergonomic}
     uint ConcGCThreads                            = 1                                         {product} {ergonomic}
     uint G1ConcRefinementThreads                  = 2                                         {product} {ergonomic}
   size_t G1HeapRegionSize                         = 1048576                                   {product} {ergonomic}
    uintx GCDrainStackTargetSize                   = 64                                        {product} {ergonomic}
   size_t InitialHeapSize                          = 121634816                                 {product} {ergonomic}
   size_t MarkStackSize                            = 4194304                                   {product} {ergonomic}
   size_t MaxHeapSize                              = 2147483648                                {product} {command line}
   size_t MaxNewSize                               = 1287651328                                {product} {ergonomic}
   size_t MinHeapDeltaBytes                        = 1048576                                   {product} {ergonomic}
   size_t MinHeapSize                              = 8388608                                   {product} {ergonomic}
    uintx NonNMethodCodeHeapSize                   = 5826188                                {pd product} {ergonomic}
    uintx NonProfiledCodeHeapSize                  = 122916026                              {pd product} {ergonomic}
    uintx ProfiledCodeHeapSize                     = 122916026                              {pd product} {ergonomic}
    uintx ReservedCodeCacheSize                    = 251658240                              {pd product} {ergonomic}
     bool SegmentedCodeCache                       = true                                      {product} {ergonomic}
   size_t SoftMaxHeapSize                          = 2147483648                             {manageable} {ergonomic}
     bool UseCompressedClassPointers               = true                                 {lp64_product} {ergonomic}
     bool UseCompressedOops                        = true                                 {lp64_product} {ergonomic}
     bool UseG1GC                                  = true                                      {product} {ergonomic}
     bool UseLargePagesIndividualAllocation        = false                                  {pd product} {ergonomic}

Logging:
Log output configuration:
 #0: stdout all=warning uptime,level,tags
 #1: stderr all=off uptime,level,tags

Environment Variables:
JAVA_HOME=C:\Program Files\Java\jdk-15.0.1
PATH=C:\Program Files\Common Files\Oracle\Java\javapath;C:\Windows\system32;C:\Windows;C:\Windows\System32\Wbem;C:\Windows\System32\WindowsPowerShell\v1.0\;C:\Windows\System32\OpenSSH\;C:\Program Files (x86)\Microsoft SQL Server\120\DTS\Binn\;C:\Program Files (x86)\Microsoft SQL Server\Client SDK\ODBC\110\Tools\Binn\;C:\Program Files (x86)\Microsoft SQL Server\120\Tools\Binn\;C:\Program Files (x86)\Microsoft SQL Server\120\Tools\Binn\ManagementStudio\;C:\program Files\java\jdk-15.0.1\bin;C:\Users\Abdulla\AppData\Local\Microsoft\WindowsApps;
USERNAME=Abdulla
OS=Windows_NT
PROCESSOR_IDENTIFIER=AMD64 Family 21 Model 16 Stepping 1, AuthenticAMD



---------------  S Y S T E M  ---------------

OS:
 Windows 10 , 64 bit Build 18362 (10.0.18362.1110)
OS uptime: 10 days 5:50 hours

CPU: total 2 (initial active 2) (2 cores per cpu, 1 threads per core) family 21 model 16 stepping 1 microcode 0x0, cmov, cx8, fxsr, mmx, sse, sse2, sse3, ssse3, sse4.1, sse4.2, popcnt, vzeroupper, avx, aes, clmul, 3dnowpref, lzcnt, sse4a, tsc, tscinvbit, tscinv, bmi1, fma, clflush

Memory: 4k page, system-wide physical 7369M (530M free)
TotalPageFile size 7369M (AvailPageFile size 64M)
current process WorkingSet (physical memory assigned to process): 535M, peak: 535M
current process commit charge ("private bytes"): 616M, peak: 680M

vm_info: Java HotSpot(TM) 64-Bit Server VM (15.0.1+9-18) for windows-amd64 JRE (15.0.1+9-18), built on Sep 15 2020 14:43:54 by "mach5one" with unknown MS VC++:1925

END.
