#
# There is insufficient memory for the Java Runtime Environment to continue.
# Native memory allocation (mmap) failed to map 261095424 bytes for G1 virtual space
# Possible reasons:
#   The system is out of physical RAM or swap space
#   The process is running with CompressedOops enabled, and the Java Heap may be blocking the growth of the native heap
# Possible solutions:
#   Reduce memory load on the system
#   Increase physical memory or swap space
#   Check if swap backing store is full
#   Decrease Java heap size (-Xmx/-Xms)
#   Decrease number of Java threads
#   Decrease Java thread stack sizes (-Xss)
#   Set larger code cache with -XX:ReservedCodeCacheSize=
#   JVM is running with Unscaled Compressed Oops mode in which the Java heap is
#     placed in the first 4GB address space. The Java Heap base address is the
#     maximum limit for the native heap growth. Please use -XX:HeapBaseMinAddress
#     to set the Java Heap base and to place the Java Heap above 4GB virtual address.
# This output file may be truncated or incomplete.
#
#  Out of Memory Error (./open/src/hotspot/os/windows/os_windows.cpp:3472), pid=5080, tid=7340
#
# JRE version: Java(TM) SE Runtime Environment (15.0.1+9) (build 15.0.1+9-18)
# Java VM: Java HotSpot(TM) 64-Bit Server VM (15.0.1+9-18, mixed mode, sharing, tiered, compressed oops, g1 gc, windows-amd64)
# No core dump will be written. Minidumps are not enabled by default on client versions of Windows
#

---------------  S U M M A R Y ------------

Command Line: --add-opens=java.base/java.util=ALL-UNNAMED --add-opens=java.base/java.lang=ALL-UNNAMED --add-opens=java.base/java.lang.invoke=ALL-UNNAMED --add-opens=java.prefs/java.util.prefs=ALL-UNNAMED -Xmx2048m -Dfile.encoding=UTF-8 -Duser.country=US -Duser.language=en -Duser.variant org.gradle.launcher.daemon.bootstrap.GradleDaemon 6.5

Host: AMD A4-4300M APU with Radeon(tm) HD Graphics   , 2 cores, 7G,  Windows 10 , 64 bit Build 18362 (10.0.18362.1110)
Time: Thu Dec 31 17:54:07 2020 Egypt Standard Time elapsed time: 126.196252 seconds (0d 0h 2m 6s)

---------------  T H R E A D  ---------------

Current thread (0x0000013b59f8e600):  VMThread "VM Thread" [stack: 0x00000011a2700000,0x00000011a2800000] [id=7340]

Stack: [0x00000011a2700000,0x00000011a2800000]
[error occurred during error reporting (printing stack bounds), id 0xc0000005, EXCEPTION_ACCESS_VIOLATION (0xc0000005) at pc=0x0000013b43bf10ad]

Native frames: (J=compiled Java code, j=interpreted, Vv=VM code, C=native code)
V  [jvm.dll+0x62ae9a]
V  [jvm.dll+0x781389]
V  [jvm.dll+0x782ae3]
V  [jvm.dll+0x7830a5]
V  [jvm.dll+0x78305b]
V  [jvm.dll+0x62a2b9]
V  [jvm.dll+0x62aa88]
C  [ntdll.dll+0xa184f]
C  [ntdll.dll+0x6a889]
C  [ntdll.dll+0xa04be]
C  0x0000013b43bf10ad

VM_Operation (0x00000011a3efd300): G1CollectForAllocation, mode: safepoint, requested by thread 0x0000013b5f136880


---------------  P R O C E S S  ---------------

Threads class SMR info:
_java_thread_list=0x0000013b617bba40, length=46, elements={
0x0000013b3a1e2510, 0x0000013b59f931b0, 0x0000013b59f97cb0, 0x0000013b59fb0230,
0x0000013b59fb3c10, 0x0000013b59fb45d0, 0x0000013b59fb52c0, 0x0000013b59fc1ae0,
0x0000013b59fd30c0, 0x0000013b5a9f1670, 0x0000013b5a9fe510, 0x0000013b5bdebcd0,
0x0000013b5b1d07a0, 0x0000013b5b678520, 0x0000013b5be46ec0, 0x0000013b5a9b8400,
0x0000013b5c4ee030, 0x0000013b5b1befb0, 0x0000013b5ad8e3c0, 0x0000013b5c2b0bd0,
0x0000013b5c2b1570, 0x0000013b5c2af890, 0x0000013b5c2b0230, 0x0000013b5c2b1f10,
0x0000013b5c2b2d80, 0x0000013b5b4b2250, 0x0000013b5b4b7420, 0x0000013b5b4b6f50,
0x0000013b5b4b8c30, 0x0000013b5b4b3590, 0x0000013b5b4b2720, 0x0000013b5eee4580,
0x0000013b5eee3240, 0x0000013b5eee1560, 0x0000013b5eee3710, 0x0000013b5eee23d0,
0x0000013b5f138560, 0x0000013b5f13abe0, 0x0000013b5f1393d0, 0x0000013b5f13a710,
0x0000013b5f135a10, 0x0000013b5f135070, 0x0000013b5f13bf20, 0x0000013b5f136880,
0x0000013b5ca397f0, 0x0000013b5ca3a190
}

Java Threads: ( => current thread )
  0x0000013b3a1e2510 JavaThread "main" [_thread_blocked, id=9740, stack(0x00000011a2100000,0x00000011a2200000)]
  0x0000013b59f931b0 JavaThread "Reference Handler" daemon [_thread_blocked, id=10832, stack(0x00000011a2800000,0x00000011a2900000)]
  0x0000013b59f97cb0 JavaThread "Finalizer" daemon [_thread_blocked, id=6104, stack(0x00000011a2900000,0x00000011a2a00000)]
  0x0000013b59fb0230 JavaThread "Signal Dispatcher" daemon [_thread_blocked, id=2748, stack(0x00000011a2a00000,0x00000011a2b00000)]
  0x0000013b59fb3c10 JavaThread "Attach Listener" daemon [_thread_blocked, id=3504, stack(0x00000011a2b00000,0x00000011a2c00000)]
  0x0000013b59fb45d0 JavaThread "Service Thread" daemon [_thread_blocked, id=11012, stack(0x00000011a2c00000,0x00000011a2d00000)]
  0x0000013b59fb52c0 JavaThread "C2 CompilerThread0" daemon [_thread_blocked, id=7652, stack(0x00000011a2d00000,0x00000011a2e00000)]
  0x0000013b59fc1ae0 JavaThread "C1 CompilerThread0" daemon [_thread_blocked, id=452, stack(0x00000011a2e00000,0x00000011a2f00000)]
  0x0000013b59fd30c0 JavaThread "Sweeper thread" daemon [_thread_blocked, id=1560, stack(0x00000011a2f00000,0x00000011a3000000)]
  0x0000013b5a9f1670 JavaThread "Common-Cleaner" daemon [_thread_blocked, id=6208, stack(0x00000011a3000000,0x00000011a3100000)]
  0x0000013b5a9fe510 JavaThread "Notification Thread" daemon [_thread_blocked, id=8688, stack(0x00000011a3100000,0x00000011a3200000)]
  0x0000013b5bdebcd0 JavaThread "Daemon health stats" [_thread_blocked, id=5292, stack(0x00000011a3400000,0x00000011a3500000)]
  0x0000013b5b1d07a0 JavaThread "Incoming local TCP Connector on port 62716" [_thread_in_native, id=10480, stack(0x00000011a3700000,0x00000011a3800000)]
  0x0000013b5b678520 JavaThread "Daemon periodic checks" [_thread_blocked, id=10276, stack(0x00000011a3800000,0x00000011a3900000)]
  0x0000013b5be46ec0 JavaThread "Daemon" [_thread_blocked, id=10640, stack(0x00000011a3900000,0x00000011a3a00000)]
  0x0000013b5a9b8400 JavaThread "Handler for socket connection from /127.0.0.1:62716 to /127.0.0.1:62717" [_thread_in_native, id=10916, stack(0x00000011a3a00000,0x00000011a3b00000)]
  0x0000013b5c4ee030 JavaThread "Cancel handler" [_thread_blocked, id=2548, stack(0x00000011a3b00000,0x00000011a3c00000)]
  0x0000013b5b1befb0 JavaThread "Daemon worker" [_thread_blocked, id=7616, stack(0x00000011a3c00000,0x00000011a3d00000)]
  0x0000013b5ad8e3c0 JavaThread "Asynchronous log dispatcher for DefaultDaemonConnection: socket connection from /127.0.0.1:62716 to /127.0.0.1:62717" [_thread_blocked, id=7680, stack(0x00000011a3d00000,0x00000011a3e00000)]
  0x0000013b5c2b0bd0 JavaThread "Thread-8" [_thread_blocked, id=1812, stack(0x00000011a3f00000,0x00000011a4000000)]
  0x0000013b5c2b1570 JavaThread "Cache worker for journal cache (C:\Users\Abdulla\.gradle\caches\journal-1)" [_thread_blocked, id=9136, stack(0x00000011a4000000,0x00000011a4100000)]
  0x0000013b5c2af890 JavaThread "File lock request listener" [_thread_in_native, id=8184, stack(0x00000011a4100000,0x00000011a4200000)]
  0x0000013b5c2b0230 JavaThread "Cache worker for file hash cache (C:\Users\Abdulla\.gradle\caches\6.5\fileHashes)" [_thread_blocked, id=9672, stack(0x00000011a4200000,0x00000011a4300000)]
  0x0000013b5c2b1f10 JavaThread "Cache worker for file hash cache (E:\newProjects\ERPInventory\.gradle\6.5\fileHashes)" [_thread_blocked, id=9132, stack(0x00000011a4300000,0x00000011a4400000)]
  0x0000013b5c2b2d80 JavaThread "Cache worker for checksums cache (E:\newProjects\ERPInventory\.gradle\checksums)" [_thread_blocked, id=828, stack(0x00000011a4400000,0x00000011a4500000)]
  0x0000013b5b4b2250 JavaThread "Cache worker for cache directory md-supplier (C:\Users\Abdulla\.gradle\caches\6.5\md-supplier)" [_thread_blocked, id=7032, stack(0x00000011a4500000,0x00000011a4600000)]
  0x0000013b5b4b7420 JavaThread "Cache worker for cache directory md-rule (C:\Users\Abdulla\.gradle\caches\6.5\md-rule)" [_thread_blocked, id=8312, stack(0x00000011a4600000,0x00000011a4700000)]
  0x0000013b5b4b6f50 JavaThread "Cache worker for execution history cache (C:\Users\Abdulla\.gradle\caches\6.5\executionHistory)" [_thread_blocked, id=6540, stack(0x00000011a4700000,0x00000011a4800000)]
  0x0000013b5b4b8c30 JavaThread "Cache worker for file content cache (C:\Users\Abdulla\.gradle\caches\6.5\fileContent)" [_thread_blocked, id=2388, stack(0x00000011a4900000,0x00000011a4a00000)]
  0x0000013b5b4b3590 JavaThread "Build operations" [_thread_blocked, id=10088, stack(0x00000011a4b00000,0x00000011a4c00000)]
  0x0000013b5b4b2720 JavaThread "Build operations Thread 2" [_thread_blocked, id=9220, stack(0x00000011a4c00000,0x00000011a4d00000)]
  0x0000013b5eee4580 JavaThread "Cache worker for Build Output Cleanup Cache (E:\newProjects\ERPInventory\.gradle\buildOutputCleanup)" [_thread_blocked, id=952, stack(0x00000011aa800000,0x00000011aa900000)]
  0x0000013b5eee3240 JavaThread "Memory manager" [_thread_blocked, id=6960, stack(0x00000011aa900000,0x00000011aaa00000)]
  0x0000013b5eee1560 JavaThread "Cache worker for file content cache (E:\newProjects\ERPInventory\.gradle\6.5\fileContent)" [_thread_blocked, id=4724, stack(0x00000011aaa00000,0x00000011aab00000)]
  0x0000013b5eee3710 JavaThread "Execution worker for ':'" [_thread_blocked, id=10568, stack(0x00000011aab00000,0x00000011aac00000)]
  0x0000013b5eee23d0 JavaThread "Cache worker for execution history cache (E:\newProjects\ERPInventory\.gradle\6.5\executionHistory)" [_thread_blocked, id=10508, stack(0x00000011aac00000,0x00000011aad00000)]
  0x0000013b5f138560 JavaThread "WorkerExecutor Queue Thread 2" [_thread_blocked, id=2536, stack(0x00000011aae00000,0x00000011aaf00000)]
  0x0000013b5f13abe0 JavaThread "Java2D Disposer" daemon [_thread_blocked, id=11208, stack(0x00000011aaf00000,0x00000011ab000000)]
  0x0000013b5f1393d0 JavaThread "pool-2-thread-1" [_thread_blocked, id=8448, stack(0x00000011a1f00000,0x00000011a2000000)]
  0x0000013b5f13a710 JavaThread "stderr" [_thread_in_native, id=6676, stack(0x00000011a2000000,0x00000011a2100000)]
  0x0000013b5f135a10 JavaThread "stdout" [_thread_in_native, id=8396, stack(0x00000011ab000000,0x00000011ab100000)]
  0x0000013b5f135070 JavaThread "stderr" [_thread_in_native, id=9344, stack(0x00000011ab100000,0x00000011ab200000)]
  0x0000013b5f13bf20 JavaThread "stdout" [_thread_in_native, id=7348, stack(0x00000011ab200000,0x00000011ab300000)]
  0x0000013b5f136880 JavaThread "WorkerExecutor Queue Thread 3" [_thread_blocked, id=5480, stack(0x00000011a3e00000,0x00000011a3f00000)]
  0x0000013b5ca397f0 JavaThread "Cache worker for Java compile cache (C:\Users\Abdulla\.gradle\caches\6.5\javaCompile)" [_thread_blocked, id=484, stack(0x00000011a1e00000,0x00000011a1f00000)]
  0x0000013b5ca3a190 JavaThread "Cache worker for Java compile cache (E:\newProjects\ERPInventory\.gradle\6.5\javaCompile)" [_thread_blocked, id=9964, stack(0x00000011a4800000,0x00000011a4900000)]

Other Threads:
=>0x0000013b59f8e600 VMThread "VM Thread" [stack: 0x00000011a2700000,0x00000011a2800000] [id=7340]
  0x0000013b5aa00a00 WatcherThread [stack: 0x00000011a3200000,0x00000011a3300000] [id=10156]
  0x0000013b3a21f3c0 GCTaskThread "GC Thread#0" [stack: 0x00000011a2200000,0x00000011a2300000] [id=10808]
  0x0000013b5aa96700 GCTaskThread "GC Thread#1" [stack: 0x00000011a3300000,0x00000011a3400000] [id=8412]
  0x0000013b3a231d50 ConcurrentGCThread "G1 Main Marker" [stack: 0x00000011a2300000,0x00000011a2400000] [id=10024]
  0x0000013b3a233860 ConcurrentGCThread "G1 Conc#0" [stack: 0x00000011a2400000,0x00000011a2500000] [id=9584]
  0x0000013b3a290a30 ConcurrentGCThread "G1 Refine#0" [stack: 0x00000011a2500000,0x00000011a2600000] [id=11260]
  0x0000013b5bf46ea0 ConcurrentGCThread "G1 Refine#1" [stack: 0x00000011a4a00000,0x00000011a4b00000] [id=8916]
  0x0000013b3a291540 ConcurrentGCThread "G1 Young RemSet Sampling" [stack: 0x00000011a2600000,0x00000011a2700000] [id=8620]

Threads with active compile tasks:
C2 CompilerThread0   126492 17208       4       com.android.tools.build.apkzlib.zip.ZipField::<init> (74 bytes)

VM state: at safepoint (normal execution)

VM Mutex/Monitor currently owned by a thread:  ([mutex/lock_event])
[0x0000013b3a1de7c0] Threads_lock - owner thread: 0x0000013b59f8e600
[0x0000013b3a1de4f0] Heap_lock - owner thread: 0x0000013b5f136880

Heap address: 0x0000000080000000, size: 2048 MB, Compressed Oops mode: 32-bit
CDS archive(s) mapped at: [0x0000000800000000-0x0000000800b50000-0x0000000800b50000), size 11862016, SharedBaseAddress: 0x0000000800000000, ArchiveRelocationMode: 0.
Compressed class space mapped at: 0x0000000800b50000-0x0000000840b50000, size: 1073741824
Narrow klass base: 0x0000000800000000, Narrow klass shift: 3, Narrow klass range: 0x100000000

GC Precious Log:
 CPUs: 2 total, 2 available
 Memory: 7369M
 Large Page Support: Disabled
 NUMA Support: Disabled
 Compressed Oops: Enabled (32-bit)
 Heap Region Size: 1M
 Heap Min Capacity: 8M
 Heap Initial Capacity: 116M
 Heap Max Capacity: 2G
 Pre-touch: Disabled
 Parallel Workers: 2
 Concurrent Workers: 1
 Concurrent Refinement Workers: 2
 Periodic GC: Disabled

Heap:
 garbage-first heap   total 608256K, used 137716K [0x0000000080000000, 0x0000000100000000)
  region size 1024K, 8 young (8192K), 8 survivors (8192K)
 Metaspace       used 107645K, capacity 109015K, committed 109184K, reserved 1144832K
  class space    used 13221K, capacity 13601K, committed 13696K, reserved 1048576K

Heap Regions: E=young(eden), S=young(survivor), O=old, HS=humongous(starts), HC=humongous(continues), CS=collection set, F=free, OA=open archive, CA=closed archive, TAMS=top-at-mark-start (previous, next)
|   0|0x0000000080000000, 0x0000000080100000, 0x0000000080100000|100%| O|  |TAMS 0x0000000080100000, 0x0000000080000000| Untracked 
|   1|0x0000000080100000, 0x0000000080200000, 0x0000000080200000|100%| O|  |TAMS 0x0000000080200000, 0x0000000080100000| Untracked 
|   2|0x0000000080200000, 0x0000000080300000, 0x0000000080300000|100%| O|  |TAMS 0x0000000080300000, 0x0000000080200000| Untracked 
|   3|0x0000000080300000, 0x0000000080400000, 0x0000000080400000|100%| O|  |TAMS 0x0000000080400000, 0x0000000080300000| Untracked 
|   4|0x0000000080400000, 0x0000000080500000, 0x0000000080500000|100%|HS|  |TAMS 0x0000000080500000, 0x0000000080400000| Complete 
|   5|0x0000000080500000, 0x0000000080600000, 0x0000000080600000|100%|HC|  |TAMS 0x0000000080600000, 0x0000000080500000| Complete 
|   6|0x0000000080600000, 0x0000000080700000, 0x0000000080700000|100%|HC|  |TAMS 0x0000000080700000, 0x0000000080600000| Complete 
|   7|0x0000000080700000, 0x0000000080800000, 0x0000000080800000|100%| O|  |TAMS 0x0000000080800000, 0x0000000080700000| Untracked 
|   8|0x0000000080800000, 0x0000000080900000, 0x0000000080900000|100%| O|  |TAMS 0x0000000080900000, 0x0000000080800000| Untracked 
|   9|0x0000000080900000, 0x0000000080a00000, 0x0000000080a00000|100%| O|  |TAMS 0x0000000080a00000, 0x0000000080900000| Untracked 
|  10|0x0000000080a00000, 0x0000000080b00000, 0x0000000080b00000|100%| O|  |TAMS 0x0000000080b00000, 0x0000000080a00000| Untracked 
|  11|0x0000000080b00000, 0x0000000080c00000, 0x0000000080c00000|100%| O|  |TAMS 0x0000000080c00000, 0x0000000080b00000| Untracked 
|  12|0x0000000080c00000, 0x0000000080d00000, 0x0000000080d00000|100%| O|  |TAMS 0x0000000080d00000, 0x0000000080c00000| Untracked 
|  13|0x0000000080d00000, 0x0000000080e00000, 0x0000000080e00000|100%| O|  |TAMS 0x0000000080e00000, 0x0000000080d00000| Untracked 
|  14|0x0000000080e00000, 0x0000000080f00000, 0x0000000080f00000|100%| O|  |TAMS 0x0000000080f00000, 0x0000000080e00000| Untracked 
|  15|0x0000000080f00000, 0x0000000081000000, 0x0000000081000000|100%|HS|  |TAMS 0x0000000080f00000, 0x0000000080f00000| Complete 
|  16|0x0000000081000000, 0x0000000081100000, 0x0000000081100000|100%| O|  |TAMS 0x0000000081100000, 0x0000000081000000| Untracked 
|  17|0x0000000081100000, 0x0000000081200000, 0x0000000081200000|100%| O|  |TAMS 0x0000000081200000, 0x0000000081100000| Untracked 
|  18|0x0000000081200000, 0x0000000081300000, 0x0000000081300000|100%| O|  |TAMS 0x0000000081300000, 0x0000000081200000| Untracked 
|  19|0x0000000081300000, 0x0000000081400000, 0x0000000081400000|100%|HS|  |TAMS 0x0000000081300000, 0x0000000081300000| Complete 
|  20|0x0000000081400000, 0x0000000081500000, 0x0000000081500000|100%| O|  |TAMS 0x0000000081500000, 0x0000000081400000| Untracked 
|  21|0x0000000081500000, 0x0000000081600000, 0x0000000081600000|100%| O|  |TAMS 0x0000000081600000, 0x0000000081500000| Untracked 
|  22|0x0000000081600000, 0x0000000081700000, 0x0000000081700000|100%| O|  |TAMS 0x0000000081700000, 0x0000000081600000| Untracked 
|  23|0x0000000081700000, 0x0000000081800000, 0x0000000081800000|100%|HS|  |TAMS 0x0000000081800000, 0x0000000081700000| Complete 
|  24|0x0000000081800000, 0x0000000081900000, 0x0000000081900000|100%|HS|  |TAMS 0x0000000081900000, 0x0000000081800000| Complete 
|  25|0x0000000081900000, 0x0000000081a00000, 0x0000000081a00000|100%|HC|  |TAMS 0x0000000081a00000, 0x0000000081900000| Complete 
|  26|0x0000000081a00000, 0x0000000081b00000, 0x0000000081b00000|100%| O|  |TAMS 0x0000000081b00000, 0x0000000081a00000| Untracked 
|  27|0x0000000081b00000, 0x0000000081c00000, 0x0000000081c00000|100%| O|  |TAMS 0x0000000081c00000, 0x0000000081b00000| Untracked 
|  28|0x0000000081c00000, 0x0000000081d00000, 0x0000000081d00000|100%| O|  |TAMS 0x0000000081d00000, 0x0000000081c00000| Untracked 
|  29|0x0000000081d00000, 0x0000000081e00000, 0x0000000081e00000|100%| O|  |TAMS 0x0000000081e00000, 0x0000000081d00000| Untracked 
|  30|0x0000000081e00000, 0x0000000081f00000, 0x0000000081f00000|100%| O|  |TAMS 0x0000000081f00000, 0x0000000081e00000| Untracked 
|  31|0x0000000081f00000, 0x0000000082000000, 0x0000000082000000|100%|HS|  |TAMS 0x0000000081f00000, 0x0000000081f00000| Complete 
|  32|0x0000000082000000, 0x0000000082100000, 0x0000000082100000|100%| O|  |TAMS 0x0000000082100000, 0x0000000082000000| Untracked 
|  33|0x0000000082100000, 0x0000000082200000, 0x0000000082200000|100%| O|  |TAMS 0x0000000082200000, 0x0000000082100000| Untracked 
|  34|0x0000000082200000, 0x0000000082300000, 0x0000000082300000|100%| O|  |TAMS 0x0000000082300000, 0x0000000082200000| Untracked 
|  35|0x0000000082300000, 0x0000000082400000, 0x0000000082400000|100%| O|  |TAMS 0x0000000082400000, 0x0000000082300000| Untracked 
|  36|0x0000000082400000, 0x0000000082500000, 0x0000000082500000|100%| O|  |TAMS 0x0000000082500000, 0x0000000082400000| Untracked 
|  37|0x0000000082500000, 0x0000000082600000, 0x0000000082600000|100%| O|  |TAMS 0x0000000082600000, 0x0000000082500000| Untracked 
|  38|0x0000000082600000, 0x0000000082700000, 0x0000000082700000|100%| O|  |TAMS 0x0000000082700000, 0x0000000082600000| Untracked 
|  39|0x0000000082700000, 0x0000000082800000, 0x0000000082800000|100%| O|  |TAMS 0x0000000082700000, 0x0000000082700000| Untracked 
|  40|0x0000000082800000, 0x0000000082900000, 0x0000000082900000|100%| O|  |TAMS 0x0000000082900000, 0x0000000082800000| Untracked 
|  41|0x0000000082900000, 0x0000000082a00000, 0x0000000082a00000|100%| O|  |TAMS 0x0000000082a00000, 0x0000000082900000| Untracked 
|  42|0x0000000082a00000, 0x0000000082b00000, 0x0000000082b00000|100%| O|  |TAMS 0x0000000082b00000, 0x0000000082a00000| Untracked 
|  43|0x0000000082b00000, 0x0000000082c00000, 0x0000000082c00000|100%| O|  |TAMS 0x0000000082c00000, 0x0000000082b00000| Untracked 
|  44|0x0000000082c00000, 0x0000000082d00000, 0x0000000082d00000|100%| O|  |TAMS 0x0000000082d00000, 0x0000000082c00000| Untracked 
|  45|0x0000000082d00000, 0x0000000082e00000, 0x0000000082e00000|100%| O|  |TAMS 0x0000000082e00000, 0x0000000082d00000| Untracked 
|  46|0x0000000082e00000, 0x0000000082f00000, 0x0000000082f00000|100%| O|  |TAMS 0x0000000082f00000, 0x0000000082e00000| Untracked 
|  47|0x0000000082f00000, 0x0000000083000000, 0x0000000083000000|100%| O|  |TAMS 0x0000000083000000, 0x0000000082f00000| Untracked 
|  48|0x0000000083000000, 0x0000000083100000, 0x0000000083100000|100%| O|  |TAMS 0x0000000083100000, 0x0000000083000000| Untracked 
|  49|0x0000000083100000, 0x0000000083200000, 0x0000000083200000|100%| O|  |TAMS 0x0000000083200000, 0x0000000083100000| Untracked 
|  50|0x0000000083200000, 0x0000000083300000, 0x0000000083300000|100%| O|  |TAMS 0x0000000083300000, 0x0000000083200000| Untracked 
|  51|0x0000000083300000, 0x0000000083400000, 0x0000000083400000|100%| O|  |TAMS 0x0000000083400000, 0x0000000083300000| Untracked 
|  52|0x0000000083400000, 0x0000000083500000, 0x0000000083500000|100%| O|  |TAMS 0x0000000083500000, 0x0000000083400000| Untracked 
|  53|0x0000000083500000, 0x0000000083600000, 0x0000000083600000|100%| O|  |TAMS 0x0000000083600000, 0x0000000083500000| Untracked 
|  54|0x0000000083600000, 0x0000000083700000, 0x0000000083700000|100%| O|  |TAMS 0x0000000083700000, 0x0000000083600000| Untracked 
|  55|0x0000000083700000, 0x0000000083800000, 0x0000000083800000|100%| O|  |TAMS 0x0000000083800000, 0x0000000083700000| Untracked 
|  56|0x0000000083800000, 0x0000000083900000, 0x0000000083900000|100%| O|  |TAMS 0x0000000083900000, 0x0000000083800000| Untracked 
|  57|0x0000000083900000, 0x0000000083a00000, 0x0000000083a00000|100%| O|  |TAMS 0x0000000083900000, 0x0000000083900000| Untracked 
|  58|0x0000000083a00000, 0x0000000083b00000, 0x0000000083b00000|100%| O|  |TAMS 0x0000000083b00000, 0x0000000083a00000| Complete 
|  59|0x0000000083b00000, 0x0000000083c00000, 0x0000000083c00000|100%| O|  |TAMS 0x0000000083c00000, 0x0000000083b00000| Complete 
|  60|0x0000000083c00000, 0x0000000083d00000, 0x0000000083d00000|100%| O|  |TAMS 0x0000000083c00000, 0x0000000083c00000| Untracked 
|  61|0x0000000083d00000, 0x0000000083e00000, 0x0000000083e00000|100%| O|  |TAMS 0x0000000083e00000, 0x0000000083d00000| Complete 
|  62|0x0000000083e00000, 0x0000000083f00000, 0x0000000083f00000|100%| O|  |TAMS 0x0000000083f00000, 0x0000000083e00000| Complete 
|  63|0x0000000083f00000, 0x0000000084000000, 0x0000000084000000|100%|HS|  |TAMS 0x0000000084000000, 0x0000000083f00000| Complete 
|  64|0x0000000084000000, 0x0000000084100000, 0x0000000084100000|100%|HC|  |TAMS 0x0000000084100000, 0x0000000084000000| Complete 
|  65|0x0000000084100000, 0x0000000084200000, 0x0000000084200000|100%| O|  |TAMS 0x0000000084200000, 0x0000000084100000| Complete 
|  66|0x0000000084200000, 0x0000000084300000, 0x0000000084300000|100%| O|  |TAMS 0x0000000084300000, 0x0000000084200000| Untracked 
|  67|0x0000000084300000, 0x0000000084400000, 0x0000000084400000|100%| O|  |TAMS 0x0000000084400000, 0x0000000084300000| Untracked 
|  68|0x0000000084400000, 0x0000000084500000, 0x0000000084500000|100%| O|  |TAMS 0x0000000084400000, 0x0000000084400000| Untracked 
|  69|0x0000000084500000, 0x0000000084600000, 0x0000000084600000|100%| O|  |TAMS 0x0000000084600000, 0x0000000084500000| Complete 
|  70|0x0000000084600000, 0x0000000084700000, 0x0000000084700000|100%| O|  |TAMS 0x0000000084600000, 0x0000000084600000| Untracked 
|  71|0x0000000084700000, 0x0000000084800000, 0x0000000084800000|100%| O|  |TAMS 0x0000000084700000, 0x0000000084700000| Untracked 
|  72|0x0000000084800000, 0x0000000084900000, 0x0000000084900000|100%| O|  |TAMS 0x0000000084900000, 0x0000000084800000| Complete 
|  73|0x0000000084900000, 0x0000000084a00000, 0x0000000084a00000|100%|HS|  |TAMS 0x0000000084900000, 0x0000000084900000| Complete 
|  74|0x0000000084a00000, 0x0000000084b00000, 0x0000000084b00000|100%|HC|  |TAMS 0x0000000084a00000, 0x0000000084a00000| Complete 
|  75|0x0000000084b00000, 0x0000000084c00000, 0x0000000084c00000|100%|HC|  |TAMS 0x0000000084b00000, 0x0000000084b00000| Complete 
|  76|0x0000000084c00000, 0x0000000084d00000, 0x0000000084d00000|100%|HC|  |TAMS 0x0000000084c00000, 0x0000000084c00000| Complete 
|  77|0x0000000084d00000, 0x0000000084e00000, 0x0000000084e00000|100%|HC|  |TAMS 0x0000000084d00000, 0x0000000084d00000| Complete 
|  78|0x0000000084e00000, 0x0000000084f00000, 0x0000000084f00000|100%|HC|  |TAMS 0x0000000084e00000, 0x0000000084e00000| Complete 
|  79|0x0000000084f00000, 0x0000000084f7d200, 0x0000000085000000| 48%| O|  |TAMS 0x0000000084f00000, 0x0000000084f00000| Untracked 
|  80|0x0000000085000000, 0x0000000085100000, 0x0000000085100000|100%| O|  |TAMS 0x0000000085100000, 0x0000000085000000| Untracked 
|  81|0x0000000085100000, 0x0000000085100000, 0x0000000085200000|  0%| F|  |TAMS 0x0000000085100000, 0x0000000085100000| Untracked 
|  82|0x0000000085200000, 0x0000000085300000, 0x0000000085300000|100%| O|  |TAMS 0x0000000085300000, 0x0000000085200000| Complete 
|  83|0x0000000085300000, 0x0000000085400000, 0x0000000085400000|100%| O|  |TAMS 0x0000000085400000, 0x0000000085300000| Complete 
|  84|0x0000000085400000, 0x0000000085500000, 0x0000000085500000|100%| O|  |TAMS 0x0000000085500000, 0x0000000085400000| Untracked 
|  85|0x0000000085500000, 0x0000000085600000, 0x0000000085600000|100%| O|  |TAMS 0x0000000085600000, 0x0000000085500000| Complete 
|  86|0x0000000085600000, 0x0000000085700000, 0x0000000085700000|100%| O|  |TAMS 0x0000000085700000, 0x0000000085600000| Complete 
|  87|0x0000000085700000, 0x0000000085800000, 0x0000000085800000|100%|HS|  |TAMS 0x0000000085700000, 0x0000000085700000| Complete 
|  88|0x0000000085800000, 0x0000000085900000, 0x0000000085900000|100%|HC|  |TAMS 0x0000000085800000, 0x0000000085800000| Complete 
|  89|0x0000000085900000, 0x0000000085a00000, 0x0000000085a00000|100%|HC|  |TAMS 0x0000000085900000, 0x0000000085900000| Complete 
|  90|0x0000000085a00000, 0x0000000085a00000, 0x0000000085b00000|  0%| F|  |TAMS 0x0000000085a00000, 0x0000000085a00000| Untracked 
|  91|0x0000000085b00000, 0x0000000085b00000, 0x0000000085c00000|  0%| F|  |TAMS 0x0000000085b00000, 0x0000000085b00000| Untracked 
|  92|0x0000000085c00000, 0x0000000085d00000, 0x0000000085d00000|100%| O|  |TAMS 0x0000000085d00000, 0x0000000085c00000| Complete 
|  93|0x0000000085d00000, 0x0000000085d00000, 0x0000000085e00000|  0%| F|  |TAMS 0x0000000085d00000, 0x0000000085d00000| Untracked 
|  94|0x0000000085e00000, 0x0000000085f00000, 0x0000000085f00000|100%| O|  |TAMS 0x0000000085f00000, 0x0000000085e00000| Complete 
|  95|0x0000000085f00000, 0x0000000086000000, 0x0000000086000000|100%| O|  |TAMS 0x0000000086000000, 0x0000000085f00000| Complete 
|  96|0x0000000086000000, 0x0000000086100000, 0x0000000086100000|100%| O|  |TAMS 0x0000000086100000, 0x0000000086000000| Complete 
|  97|0x0000000086100000, 0x0000000086200000, 0x0000000086200000|100%| O|  |TAMS 0x0000000086200000, 0x0000000086100000| Untracked 
|  98|0x0000000086200000, 0x0000000086300000, 0x0000000086300000|100%| O|  |TAMS 0x0000000086300000, 0x0000000086200000| Untracked 
|  99|0x0000000086300000, 0x0000000086400000, 0x0000000086400000|100%| O|  |TAMS 0x0000000086400000, 0x0000000086300000| Untracked 
| 100|0x0000000086400000, 0x0000000086500000, 0x0000000086500000|100%| O|  |TAMS 0x0000000086500000, 0x0000000086400000| Untracked 
| 101|0x0000000086500000, 0x0000000086600000, 0x0000000086600000|100%| O|  |TAMS 0x0000000086600000, 0x0000000086500000| Complete 
| 102|0x0000000086600000, 0x0000000086600000, 0x0000000086700000|  0%| F|  |TAMS 0x0000000086600000, 0x0000000086600000| Untracked 
| 103|0x0000000086700000, 0x0000000086700000, 0x0000000086800000|  0%| F|  |TAMS 0x0000000086700000, 0x0000000086700000| Untracked 
| 104|0x0000000086800000, 0x0000000086900000, 0x0000000086900000|100%| O|  |TAMS 0x0000000086900000, 0x0000000086800000| Untracked 
| 105|0x0000000086900000, 0x0000000086900000, 0x0000000086a00000|  0%| F|  |TAMS 0x0000000086900000, 0x0000000086900000| Untracked 
| 106|0x0000000086a00000, 0x0000000086b00000, 0x0000000086b00000|100%| O|  |TAMS 0x0000000086b00000, 0x0000000086a00000| Complete 
| 107|0x0000000086b00000, 0x0000000086c00000, 0x0000000086c00000|100%| O|  |TAMS 0x0000000086c00000, 0x0000000086b00000| Untracked 
| 108|0x0000000086c00000, 0x0000000086c00000, 0x0000000086d00000|  0%| F|  |TAMS 0x0000000086c00000, 0x0000000086c00000| Untracked 
| 109|0x0000000086d00000, 0x0000000086e00000, 0x0000000086e00000|100%| O|  |TAMS 0x0000000086e00000, 0x0000000086d00000| Complete 
| 110|0x0000000086e00000, 0x0000000086f00000, 0x0000000086f00000|100%| O|  |TAMS 0x0000000086f00000, 0x0000000086e00000| Complete 
| 111|0x0000000086f00000, 0x0000000087000000, 0x0000000087000000|100%| O|  |TAMS 0x0000000087000000, 0x0000000086f00000| Untracked 
| 112|0x0000000087000000, 0x0000000087000000, 0x0000000087100000|  0%| F|  |TAMS 0x0000000087000000, 0x0000000087000000| Untracked 
| 113|0x0000000087100000, 0x0000000087200000, 0x0000000087200000|100%| O|  |TAMS 0x0000000087200000, 0x0000000087100000| Complete 
| 114|0x0000000087200000, 0x0000000087300000, 0x0000000087300000|100%| O|  |TAMS 0x0000000087300000, 0x0000000087200000| Complete 
| 115|0x0000000087300000, 0x0000000087400000, 0x0000000087400000|100%| O|  |TAMS 0x0000000087400000, 0x0000000087300000| Complete 
| 116|0x0000000087400000, 0x0000000087500000, 0x0000000087500000|100%| O|  |TAMS 0x0000000087500000, 0x0000000087400000| Complete 
| 117|0x0000000087500000, 0x0000000087600000, 0x0000000087600000|100%| O|  |TAMS 0x0000000087600000, 0x0000000087500000| Complete 
| 118|0x0000000087600000, 0x0000000087700000, 0x0000000087700000|100%| O|  |TAMS 0x0000000087700000, 0x0000000087600000| Complete 
| 119|0x0000000087700000, 0x0000000087800000, 0x0000000087800000|100%| O|  |TAMS 0x0000000087800000, 0x0000000087700000| Complete 
| 120|0x0000000087800000, 0x0000000087900000, 0x0000000087900000|100%| O|  |TAMS 0x0000000087900000, 0x0000000087800000| Complete 
| 121|0x0000000087900000, 0x0000000087a00000, 0x0000000087a00000|100%| O|  |TAMS 0x0000000087980000, 0x0000000087900000| Untracked 
| 122|0x0000000087a00000, 0x0000000087b00000, 0x0000000087b00000|100%|HS|  |TAMS 0x0000000087a00000, 0x0000000087a00000| Complete 
| 123|0x0000000087b00000, 0x0000000087c00000, 0x0000000087c00000|100%|HC|  |TAMS 0x0000000087b00000, 0x0000000087b00000| Complete 
| 124|0x0000000087c00000, 0x0000000087d00000, 0x0000000087d00000|100%|HC|  |TAMS 0x0000000087c00000, 0x0000000087c00000| Complete 
| 125|0x0000000087d00000, 0x0000000087d00000, 0x0000000087e00000|  0%| F|  |TAMS 0x0000000087d00000, 0x0000000087d00000| Untracked 
| 126|0x0000000087e00000, 0x0000000087e00000, 0x0000000087f00000|  0%| F|  |TAMS 0x0000000087e00000, 0x0000000087e00000| Untracked 
| 127|0x0000000087f00000, 0x0000000087f00000, 0x0000000088000000|  0%| F|  |TAMS 0x0000000087f00000, 0x0000000087f00000| Untracked 
| 128|0x0000000088000000, 0x0000000088000000, 0x0000000088100000|  0%| F|  |TAMS 0x0000000088000000, 0x0000000088000000| Untracked 
| 129|0x0000000088100000, 0x0000000088100000, 0x0000000088200000|  0%| F|  |TAMS 0x0000000088100000, 0x0000000088100000| Untracked 
| 130|0x0000000088200000, 0x0000000088200000, 0x0000000088300000|  0%| F|  |TAMS 0x0000000088200000, 0x0000000088200000| Untracked 
| 131|0x0000000088300000, 0x0000000088300000, 0x0000000088400000|  0%| F|  |TAMS 0x0000000088300000, 0x0000000088300000| Untracked 
| 132|0x0000000088400000, 0x0000000088400000, 0x0000000088500000|  0%| F|  |TAMS 0x0000000088400000, 0x0000000088400000| Untracked 
| 133|0x0000000088500000, 0x0000000088600000, 0x0000000088600000|100%| O|  |TAMS 0x0000000088600000, 0x0000000088500000| Complete 
| 134|0x0000000088600000, 0x0000000088700000, 0x0000000088700000|100%| O|  |TAMS 0x0000000088700000, 0x0000000088600000| Complete 
| 135|0x0000000088700000, 0x0000000088800000, 0x0000000088800000|100%| O|  |TAMS 0x0000000088800000, 0x0000000088700000| Complete 
| 136|0x0000000088800000, 0x0000000088900000, 0x0000000088900000|100%| O|  |TAMS 0x0000000088900000, 0x0000000088800000| Complete 
| 137|0x0000000088900000, 0x0000000088a00000, 0x0000000088a00000|100%| O|  |TAMS 0x0000000088a00000, 0x0000000088900000| Complete 
| 138|0x0000000088a00000, 0x0000000088a00000, 0x0000000088b00000|  0%| F|  |TAMS 0x0000000088a00000, 0x0000000088a00000| Untracked 
| 139|0x0000000088b00000, 0x0000000088b00000, 0x0000000088c00000|  0%| F|  |TAMS 0x0000000088b00000, 0x0000000088b00000| Untracked 
| 140|0x0000000088c00000, 0x0000000088c00000, 0x0000000088d00000|  0%| F|  |TAMS 0x0000000088c00000, 0x0000000088c00000| Untracked 
| 141|0x0000000088d00000, 0x0000000088d00000, 0x0000000088e00000|  0%| F|  |TAMS 0x0000000088d00000, 0x0000000088d00000| Untracked 
| 142|0x0000000088e00000, 0x0000000088e00000, 0x0000000088f00000|  0%| F|  |TAMS 0x0000000088e00000, 0x0000000088e00000| Untracked 
| 143|0x0000000088f00000, 0x0000000088f00000, 0x0000000089000000|  0%| F|  |TAMS 0x0000000088f00000, 0x0000000088f00000| Untracked 
| 144|0x0000000089000000, 0x0000000089000000, 0x0000000089100000|  0%| F|  |TAMS 0x0000000089000000, 0x0000000089000000| Untracked 
| 145|0x0000000089100000, 0x0000000089100000, 0x0000000089200000|  0%| F|  |TAMS 0x0000000089100000, 0x0000000089100000| Untracked 
| 146|0x0000000089200000, 0x0000000089200000, 0x0000000089300000|  0%| F|  |TAMS 0x0000000089200000, 0x0000000089200000| Untracked 
| 147|0x0000000089300000, 0x0000000089300000, 0x0000000089400000|  0%| F|  |TAMS 0x0000000089300000, 0x0000000089300000| Untracked 
| 148|0x0000000089400000, 0x0000000089400000, 0x0000000089500000|  0%| F|  |TAMS 0x0000000089400000, 0x0000000089400000| Untracked 
| 149|0x0000000089500000, 0x0000000089500000, 0x0000000089600000|  0%| F|  |TAMS 0x0000000089500000, 0x0000000089500000| Untracked 
| 150|0x0000000089600000, 0x0000000089600000, 0x0000000089700000|  0%| F|  |TAMS 0x0000000089600000, 0x0000000089600000| Untracked 
| 151|0x0000000089700000, 0x0000000089700000, 0x0000000089800000|  0%| F|  |TAMS 0x0000000089700000, 0x0000000089700000| Untracked 
| 152|0x0000000089800000, 0x0000000089800000, 0x0000000089900000|  0%| F|  |TAMS 0x0000000089800000, 0x0000000089800000| Untracked 
| 153|0x0000000089900000, 0x0000000089900000, 0x0000000089a00000|  0%| F|  |TAMS 0x0000000089900000, 0x0000000089900000| Untracked 
| 154|0x0000000089a00000, 0x0000000089a00000, 0x0000000089b00000|  0%| F|  |TAMS 0x0000000089a00000, 0x0000000089a00000| Untracked 
| 155|0x0000000089b00000, 0x0000000089b00000, 0x0000000089c00000|  0%| F|  |TAMS 0x0000000089b00000, 0x0000000089b00000| Untracked 
| 156|0x0000000089c00000, 0x0000000089c00000, 0x0000000089d00000|  0%| F|  |TAMS 0x0000000089c00000, 0x0000000089c00000| Untracked 
| 157|0x0000000089d00000, 0x0000000089d00000, 0x0000000089e00000|  0%| F|  |TAMS 0x0000000089d00000, 0x0000000089d00000| Untracked 
| 158|0x0000000089e00000, 0x0000000089e00000, 0x0000000089f00000|  0%| F|  |TAMS 0x0000000089e00000, 0x0000000089e00000| Untracked 
| 159|0x0000000089f00000, 0x0000000089f00000, 0x000000008a000000|  0%| F|  |TAMS 0x0000000089f00000, 0x0000000089f00000| Untracked 
| 160|0x000000008a000000, 0x000000008a000000, 0x000000008a100000|  0%| F|  |TAMS 0x000000008a000000, 0x000000008a000000| Untracked 
| 161|0x000000008a100000, 0x000000008a100000, 0x000000008a200000|  0%| F|  |TAMS 0x000000008a100000, 0x000000008a100000| Untracked 
| 162|0x000000008a200000, 0x000000008a200000, 0x000000008a300000|  0%| F|  |TAMS 0x000000008a200000, 0x000000008a200000| Untracked 
| 163|0x000000008a300000, 0x000000008a300000, 0x000000008a400000|  0%| F|  |TAMS 0x000000008a300000, 0x000000008a300000| Untracked 
| 164|0x000000008a400000, 0x000000008a400000, 0x000000008a500000|  0%| F|  |TAMS 0x000000008a400000, 0x000000008a400000| Untracked 
| 165|0x000000008a500000, 0x000000008a500000, 0x000000008a600000|  0%| F|  |TAMS 0x000000008a500000, 0x000000008a500000| Untracked 
| 166|0x000000008a600000, 0x000000008a600000, 0x000000008a700000|  0%| F|  |TAMS 0x000000008a600000, 0x000000008a600000| Untracked 
| 167|0x000000008a700000, 0x000000008a700000, 0x000000008a800000|  0%| F|  |TAMS 0x000000008a700000, 0x000000008a700000| Untracked 
| 168|0x000000008a800000, 0x000000008a800000, 0x000000008a900000|  0%| F|  |TAMS 0x000000008a800000, 0x000000008a800000| Untracked 
| 169|0x000000008a900000, 0x000000008a900000, 0x000000008aa00000|  0%| F|  |TAMS 0x000000008a900000, 0x000000008a900000| Untracked 
| 170|0x000000008aa00000, 0x000000008ab00000, 0x000000008ab00000|100%| O|  |TAMS 0x000000008ab00000, 0x000000008aa00000| Complete 
| 171|0x000000008ab00000, 0x000000008ab00000, 0x000000008ac00000|  0%| F|  |TAMS 0x000000008ab00000, 0x000000008ab00000| Untracked 
| 172|0x000000008ac00000, 0x000000008ac00000, 0x000000008ad00000|  0%| F|  |TAMS 0x000000008ac00000, 0x000000008ac00000| Untracked 
| 173|0x000000008ad00000, 0x000000008ae00000, 0x000000008ae00000|100%| O|  |TAMS 0x000000008ae00000, 0x000000008ad00000| Complete 
| 174|0x000000008ae00000, 0x000000008ae00000, 0x000000008af00000|  0%| F|  |TAMS 0x000000008ae00000, 0x000000008ae00000| Untracked 
| 175|0x000000008af00000, 0x000000008af00000, 0x000000008b000000|  0%| F|  |TAMS 0x000000008af00000, 0x000000008af00000| Untracked 
| 176|0x000000008b000000, 0x000000008b000000, 0x000000008b100000|  0%| F|  |TAMS 0x000000008b000000, 0x000000008b000000| Untracked 
| 177|0x000000008b100000, 0x000000008b100000, 0x000000008b200000|  0%| F|  |TAMS 0x000000008b100000, 0x000000008b100000| Untracked 
| 178|0x000000008b200000, 0x000000008b200000, 0x000000008b300000|  0%| F|  |TAMS 0x000000008b200000, 0x000000008b200000| Untracked 
| 179|0x000000008b300000, 0x000000008b300000, 0x000000008b400000|  0%| F|  |TAMS 0x000000008b300000, 0x000000008b300000| Untracked 
| 180|0x000000008b400000, 0x000000008b500000, 0x000000008b500000|100%| O|  |TAMS 0x000000008b500000, 0x000000008b400000| Complete 
| 181|0x000000008b500000, 0x000000008b500000, 0x000000008b600000|  0%| F|  |TAMS 0x000000008b500000, 0x000000008b500000| Untracked 
| 182|0x000000008b600000, 0x000000008b700000, 0x000000008b700000|100%| O|  |TAMS 0x000000008b700000, 0x000000008b600000| Complete 
| 183|0x000000008b700000, 0x000000008b700000, 0x000000008b800000|  0%| F|  |TAMS 0x000000008b700000, 0x000000008b700000| Untracked 
| 184|0x000000008b800000, 0x000000008b800000, 0x000000008b900000|  0%| F|  |TAMS 0x000000008b800000, 0x000000008b800000| Untracked 
| 185|0x000000008b900000, 0x000000008b900000, 0x000000008ba00000|  0%| F|  |TAMS 0x000000008b900000, 0x000000008b900000| Untracked 
| 186|0x000000008ba00000, 0x000000008ba00000, 0x000000008bb00000|  0%| F|  |TAMS 0x000000008ba00000, 0x000000008ba00000| Untracked 
| 187|0x000000008bb00000, 0x000000008bb00000, 0x000000008bc00000|  0%| F|  |TAMS 0x000000008bb00000, 0x000000008bb00000| Untracked 
| 188|0x000000008bc00000, 0x000000008bc00000, 0x000000008bd00000|  0%| F|  |TAMS 0x000000008bc00000, 0x000000008bc00000| Untracked 
| 189|0x000000008bd00000, 0x000000008bd00000, 0x000000008be00000|  0%| F|  |TAMS 0x000000008bd00000, 0x000000008bd00000| Untracked 
| 190|0x000000008be00000, 0x000000008be00000, 0x000000008bf00000|  0%| F|  |TAMS 0x000000008be00000, 0x000000008be00000| Untracked 
| 191|0x000000008bf00000, 0x000000008bf00000, 0x000000008c000000|  0%| F|  |TAMS 0x000000008bf00000, 0x000000008bf00000| Untracked 
| 192|0x000000008c000000, 0x000000008c000000, 0x000000008c100000|  0%| F|  |TAMS 0x000000008c000000, 0x000000008c000000| Untracked 
| 193|0x000000008c100000, 0x000000008c100000, 0x000000008c200000|  0%| F|  |TAMS 0x000000008c100000, 0x000000008c100000| Untracked 
| 194|0x000000008c200000, 0x000000008c200000, 0x000000008c300000|  0%| F|  |TAMS 0x000000008c200000, 0x000000008c200000| Untracked 
| 195|0x000000008c300000, 0x000000008c300000, 0x000000008c400000|  0%| F|  |TAMS 0x000000008c300000, 0x000000008c300000| Untracked 
| 196|0x000000008c400000, 0x000000008c400000, 0x000000008c500000|  0%| F|  |TAMS 0x000000008c400000, 0x000000008c400000| Untracked 
| 197|0x000000008c500000, 0x000000008c500000, 0x000000008c600000|  0%| F|  |TAMS 0x000000008c500000, 0x000000008c500000| Untracked 
| 198|0x000000008c600000, 0x000000008c600000, 0x000000008c700000|  0%| F|  |TAMS 0x000000008c600000, 0x000000008c600000| Untracked 
| 199|0x000000008c700000, 0x000000008c800000, 0x000000008c800000|100%| O|  |TAMS 0x000000008c800000, 0x000000008c700000| Complete 
| 200|0x000000008c800000, 0x000000008c900000, 0x000000008c900000|100%| O|  |TAMS 0x000000008c900000, 0x000000008c800000| Complete 
| 201|0x000000008c900000, 0x000000008c900000, 0x000000008ca00000|  0%| F|  |TAMS 0x000000008c900000, 0x000000008c900000| Untracked 
| 202|0x000000008ca00000, 0x000000008ca00000, 0x000000008cb00000|  0%| F|  |TAMS 0x000000008ca00000, 0x000000008ca00000| Untracked 
| 203|0x000000008cb00000, 0x000000008cb00000, 0x000000008cc00000|  0%| F|  |TAMS 0x000000008cb00000, 0x000000008cb00000| Untracked 
| 204|0x000000008cc00000, 0x000000008cc00000, 0x000000008cd00000|  0%| F|  |TAMS 0x000000008cc00000, 0x000000008cc00000| Untracked 
| 205|0x000000008cd00000, 0x000000008cd00000, 0x000000008ce00000|  0%| F|  |TAMS 0x000000008cd00000, 0x000000008cd00000| Untracked 
| 206|0x000000008ce00000, 0x000000008ce00000, 0x000000008cf00000|  0%| F|  |TAMS 0x000000008ce00000, 0x000000008ce00000| Untracked 
| 207|0x000000008cf00000, 0x000000008cf00000, 0x000000008d000000|  0%| F|  |TAMS 0x000000008cf00000, 0x000000008cf00000| Untracked 
| 208|0x000000008d000000, 0x000000008d000000, 0x000000008d100000|  0%| F|  |TAMS 0x000000008d000000, 0x000000008d000000| Untracked 
| 209|0x000000008d100000, 0x000000008d100000, 0x000000008d200000|  0%| F|  |TAMS 0x000000008d100000, 0x000000008d100000| Untracked 
| 210|0x000000008d200000, 0x000000008d200000, 0x000000008d300000|  0%| F|  |TAMS 0x000000008d200000, 0x000000008d200000| Untracked 
| 211|0x000000008d300000, 0x000000008d300000, 0x000000008d400000|  0%| F|  |TAMS 0x000000008d300000, 0x000000008d300000| Untracked 
| 212|0x000000008d400000, 0x000000008d400000, 0x000000008d500000|  0%| F|  |TAMS 0x000000008d400000, 0x000000008d400000| Untracked 
| 213|0x000000008d500000, 0x000000008d500000, 0x000000008d600000|  0%| F|  |TAMS 0x000000008d500000, 0x000000008d500000| Untracked 
| 214|0x000000008d600000, 0x000000008d600000, 0x000000008d700000|  0%| F|  |TAMS 0x000000008d600000, 0x000000008d600000| Untracked 
| 215|0x000000008d700000, 0x000000008d700000, 0x000000008d800000|  0%| F|  |TAMS 0x000000008d700000, 0x000000008d700000| Untracked 
| 216|0x000000008d800000, 0x000000008d800000, 0x000000008d900000|  0%| F|  |TAMS 0x000000008d800000, 0x000000008d800000| Untracked 
| 217|0x000000008d900000, 0x000000008d900000, 0x000000008da00000|  0%| F|  |TAMS 0x000000008d900000, 0x000000008d900000| Untracked 
| 218|0x000000008da00000, 0x000000008da00000, 0x000000008db00000|  0%| F|  |TAMS 0x000000008da00000, 0x000000008da00000| Untracked 
| 219|0x000000008db00000, 0x000000008db00000, 0x000000008dc00000|  0%| F|  |TAMS 0x000000008db00000, 0x000000008db00000| Untracked 
| 220|0x000000008dc00000, 0x000000008dc00000, 0x000000008dd00000|  0%| F|  |TAMS 0x000000008dc00000, 0x000000008dc00000| Untracked 
| 221|0x000000008dd00000, 0x000000008dd00000, 0x000000008de00000|  0%| F|  |TAMS 0x000000008dd00000, 0x000000008dd00000| Untracked 
| 222|0x000000008de00000, 0x000000008de00000, 0x000000008df00000|  0%| F|  |TAMS 0x000000008de00000, 0x000000008de00000| Untracked 
| 223|0x000000008df00000, 0x000000008df00000, 0x000000008e000000|  0%| F|  |TAMS 0x000000008df00000, 0x000000008df00000| Untracked 
| 224|0x000000008e000000, 0x000000008e000000, 0x000000008e100000|  0%| F|  |TAMS 0x000000008e000000, 0x000000008e000000| Untracked 
| 225|0x000000008e100000, 0x000000008e100000, 0x000000008e200000|  0%| F|  |TAMS 0x000000008e100000, 0x000000008e100000| Untracked 
| 226|0x000000008e200000, 0x000000008e200000, 0x000000008e300000|  0%| F|  |TAMS 0x000000008e200000, 0x000000008e200000| Untracked 
| 227|0x000000008e300000, 0x000000008e300000, 0x000000008e400000|  0%| F|  |TAMS 0x000000008e300000, 0x000000008e300000| Untracked 
| 228|0x000000008e400000, 0x000000008e400000, 0x000000008e500000|  0%| F|  |TAMS 0x000000008e400000, 0x000000008e400000| Untracked 
| 229|0x000000008e500000, 0x000000008e500000, 0x000000008e600000|  0%| F|  |TAMS 0x000000008e500000, 0x000000008e500000| Untracked 
| 230|0x000000008e600000, 0x000000008e600000, 0x000000008e700000|  0%| F|  |TAMS 0x000000008e600000, 0x000000008e600000| Untracked 
| 231|0x000000008e700000, 0x000000008e700000, 0x000000008e800000|  0%| F|  |TAMS 0x000000008e700000, 0x000000008e700000| Untracked 
| 232|0x000000008e800000, 0x000000008e800000, 0x000000008e900000|  0%| F|  |TAMS 0x000000008e800000, 0x000000008e800000| Untracked 
| 233|0x000000008e900000, 0x000000008e900000, 0x000000008ea00000|  0%| F|  |TAMS 0x000000008e900000, 0x000000008e900000| Untracked 
| 234|0x000000008ea00000, 0x000000008ea00000, 0x000000008eb00000|  0%| F|  |TAMS 0x000000008ea00000, 0x000000008ea00000| Untracked 
| 235|0x000000008eb00000, 0x000000008eb00000, 0x000000008ec00000|  0%| F|  |TAMS 0x000000008eb00000, 0x000000008eb00000| Untracked 
| 236|0x000000008ec00000, 0x000000008ec00000, 0x000000008ed00000|  0%| F|  |TAMS 0x000000008ec00000, 0x000000008ec00000| Untracked 
| 237|0x000000008ed00000, 0x000000008ed00000, 0x000000008ee00000|  0%| F|  |TAMS 0x000000008ed00000, 0x000000008ed00000| Untracked 
| 238|0x000000008ee00000, 0x000000008ee00000, 0x000000008ef00000|  0%| F|  |TAMS 0x000000008ee00000, 0x000000008ee00000| Untracked 
| 239|0x000000008ef00000, 0x000000008ef00000, 0x000000008f000000|  0%| F|  |TAMS 0x000000008ef00000, 0x000000008ef00000| Untracked 
| 240|0x000000008f000000, 0x000000008f000000, 0x000000008f100000|  0%| F|  |TAMS 0x000000008f000000, 0x000000008f000000| Untracked 
| 241|0x000000008f100000, 0x000000008f100000, 0x000000008f200000|  0%| F|  |TAMS 0x000000008f100000, 0x000000008f100000| Untracked 
| 242|0x000000008f200000, 0x000000008f200000, 0x000000008f300000|  0%| F|  |TAMS 0x000000008f200000, 0x000000008f200000| Untracked 
| 243|0x000000008f300000, 0x000000008f300000, 0x000000008f400000|  0%| F|  |TAMS 0x000000008f300000, 0x000000008f300000| Untracked 
| 244|0x000000008f400000, 0x000000008f400000, 0x000000008f500000|  0%| F|  |TAMS 0x000000008f400000, 0x000000008f400000| Untracked 
| 245|0x000000008f500000, 0x000000008f500000, 0x000000008f600000|  0%| F|  |TAMS 0x000000008f500000, 0x000000008f500000| Untracked 
| 246|0x000000008f600000, 0x000000008f600000, 0x000000008f700000|  0%| F|  |TAMS 0x000000008f600000, 0x000000008f600000| Untracked 
| 247|0x000000008f700000, 0x000000008f700000, 0x000000008f800000|  0%| F|  |TAMS 0x000000008f700000, 0x000000008f700000| Untracked 
| 248|0x000000008f800000, 0x000000008f800000, 0x000000008f900000|  0%| F|  |TAMS 0x000000008f800000, 0x000000008f800000| Untracked 
| 249|0x000000008f900000, 0x000000008f900000, 0x000000008fa00000|  0%| F|  |TAMS 0x000000008f900000, 0x000000008f900000| Untracked 
| 250|0x000000008fa00000, 0x000000008fa00000, 0x000000008fb00000|  0%| F|  |TAMS 0x000000008fa00000, 0x000000008fa00000| Untracked 
| 251|0x000000008fb00000, 0x000000008fb00000, 0x000000008fc00000|  0%| F|  |TAMS 0x000000008fb00000, 0x000000008fb00000| Untracked 
| 252|0x000000008fc00000, 0x000000008fc00000, 0x000000008fd00000|  0%| F|  |TAMS 0x000000008fc00000, 0x000000008fc00000| Untracked 
| 253|0x000000008fd00000, 0x000000008fd00000, 0x000000008fe00000|  0%| F|  |TAMS 0x000000008fd00000, 0x000000008fd00000| Untracked 
| 254|0x000000008fe00000, 0x000000008fe00000, 0x000000008ff00000|  0%| F|  |TAMS 0x000000008fe00000, 0x000000008fe00000| Untracked 
| 255|0x000000008ff00000, 0x000000008ff00000, 0x0000000090000000|  0%| F|  |TAMS 0x000000008ff00000, 0x000000008ff00000| Untracked 
| 256|0x0000000090000000, 0x0000000090000000, 0x0000000090100000|  0%| F|  |TAMS 0x0000000090000000, 0x0000000090000000| Untracked 
| 257|0x0000000090100000, 0x0000000090100000, 0x0000000090200000|  0%| F|  |TAMS 0x0000000090100000, 0x0000000090100000| Untracked 
| 258|0x0000000090200000, 0x0000000090200000, 0x0000000090300000|  0%| F|  |TAMS 0x0000000090200000, 0x0000000090200000| Untracked 
| 259|0x0000000090300000, 0x0000000090300000, 0x0000000090400000|  0%| F|  |TAMS 0x0000000090300000, 0x0000000090300000| Untracked 
| 260|0x0000000090400000, 0x0000000090400000, 0x0000000090500000|  0%| F|  |TAMS 0x0000000090400000, 0x0000000090400000| Untracked 
| 261|0x0000000090500000, 0x0000000090500000, 0x0000000090600000|  0%| F|  |TAMS 0x0000000090500000, 0x0000000090500000| Untracked 
| 262|0x0000000090600000, 0x0000000090600000, 0x0000000090700000|  0%| F|  |TAMS 0x0000000090600000, 0x0000000090600000| Untracked 
| 263|0x0000000090700000, 0x0000000090700000, 0x0000000090800000|  0%| F|  |TAMS 0x0000000090700000, 0x0000000090700000| Untracked 
| 264|0x0000000090800000, 0x0000000090800000, 0x0000000090900000|  0%| F|  |TAMS 0x0000000090800000, 0x0000000090800000| Untracked 
| 265|0x0000000090900000, 0x0000000090900000, 0x0000000090a00000|  0%| F|  |TAMS 0x0000000090900000, 0x0000000090900000| Untracked 
| 266|0x0000000090a00000, 0x0000000090a00000, 0x0000000090b00000|  0%| F|  |TAMS 0x0000000090a00000, 0x0000000090a00000| Untracked 
| 267|0x0000000090b00000, 0x0000000090b00000, 0x0000000090c00000|  0%| F|  |TAMS 0x0000000090b00000, 0x0000000090b00000| Untracked 
| 268|0x0000000090c00000, 0x0000000090c00000, 0x0000000090d00000|  0%| F|  |TAMS 0x0000000090c00000, 0x0000000090c00000| Untracked 
| 269|0x0000000090d00000, 0x0000000090d00000, 0x0000000090e00000|  0%| F|  |TAMS 0x0000000090d00000, 0x0000000090d00000| Untracked 
| 270|0x0000000090e00000, 0x0000000090e00000, 0x0000000090f00000|  0%| F|  |TAMS 0x0000000090e00000, 0x0000000090e00000| Untracked 
| 271|0x0000000090f00000, 0x0000000090f00000, 0x0000000091000000|  0%| F|  |TAMS 0x0000000090f00000, 0x0000000090f00000| Untracked 
| 272|0x0000000091000000, 0x0000000091000000, 0x0000000091100000|  0%| F|  |TAMS 0x0000000091000000, 0x0000000091000000| Untracked 
| 273|0x0000000091100000, 0x0000000091100000, 0x0000000091200000|  0%| F|  |TAMS 0x0000000091100000, 0x0000000091100000| Untracked 
| 274|0x0000000091200000, 0x0000000091300000, 0x0000000091300000|100%| S|CS|TAMS 0x0000000091200000, 0x0000000091200000| Complete 
| 275|0x0000000091300000, 0x0000000091400000, 0x0000000091400000|100%| S|CS|TAMS 0x0000000091300000, 0x0000000091300000| Complete 
| 276|0x0000000091400000, 0x0000000091500000, 0x0000000091500000|100%| S|CS|TAMS 0x0000000091400000, 0x0000000091400000| Complete 
| 277|0x0000000091500000, 0x0000000091600000, 0x0000000091600000|100%| S|CS|TAMS 0x0000000091500000, 0x0000000091500000| Complete 
| 278|0x0000000091600000, 0x0000000091700000, 0x0000000091700000|100%| S|CS|TAMS 0x0000000091600000, 0x0000000091600000| Complete 
| 279|0x0000000091700000, 0x0000000091800000, 0x0000000091800000|100%| S|CS|TAMS 0x0000000091700000, 0x0000000091700000| Complete 
| 280|0x0000000091800000, 0x0000000091900000, 0x0000000091900000|100%| S|CS|TAMS 0x0000000091800000, 0x0000000091800000| Complete 
| 281|0x0000000091900000, 0x0000000091a00000, 0x0000000091a00000|100%| S|CS|TAMS 0x0000000091900000, 0x0000000091900000| Complete 
| 282|0x0000000091a00000, 0x0000000091a00000, 0x0000000091b00000|  0%| F|  |TAMS 0x0000000091a00000, 0x0000000091a00000| Untracked 
| 283|0x0000000091b00000, 0x0000000091b00000, 0x0000000091c00000|  0%| F|  |TAMS 0x0000000091b00000, 0x0000000091b00000| Untracked 
| 284|0x0000000091c00000, 0x0000000091c00000, 0x0000000091d00000|  0%| F|  |TAMS 0x0000000091c00000, 0x0000000091c00000| Untracked 
| 285|0x0000000091d00000, 0x0000000091d00000, 0x0000000091e00000|  0%| F|  |TAMS 0x0000000091d00000, 0x0000000091d00000| Untracked 
| 286|0x0000000091e00000, 0x0000000091e00000, 0x0000000091f00000|  0%| F|  |TAMS 0x0000000091e00000, 0x0000000091e00000| Untracked 
| 287|0x0000000091f00000, 0x0000000091f00000, 0x0000000092000000|  0%| F|  |TAMS 0x0000000091f00000, 0x0000000091f00000| Untracked 
| 288|0x0000000092000000, 0x0000000092000000, 0x0000000092100000|  0%| F|  |TAMS 0x0000000092000000, 0x0000000092000000| Untracked 
| 289|0x0000000092100000, 0x0000000092100000, 0x0000000092200000|  0%| F|  |TAMS 0x0000000092100000, 0x0000000092100000| Untracked 
| 290|0x0000000092200000, 0x0000000092200000, 0x0000000092300000|  0%| F|  |TAMS 0x0000000092200000, 0x0000000092200000| Untracked 
| 291|0x0000000092300000, 0x0000000092300000, 0x0000000092400000|  0%| F|  |TAMS 0x0000000092300000, 0x0000000092300000| Untracked 
| 292|0x0000000092400000, 0x0000000092400000, 0x0000000092500000|  0%| F|  |TAMS 0x0000000092400000, 0x0000000092400000| Untracked 
| 293|0x0000000092500000, 0x0000000092500000, 0x0000000092600000|  0%| F|  |TAMS 0x0000000092500000, 0x0000000092500000| Untracked 
| 294|0x0000000092600000, 0x0000000092600000, 0x0000000092700000|  0%| F|  |TAMS 0x0000000092600000, 0x0000000092600000| Untracked 
| 295|0x0000000092700000, 0x0000000092700000, 0x0000000092800000|  0%| F|  |TAMS 0x0000000092700000, 0x0000000092700000| Untracked 
| 296|0x0000000092800000, 0x0000000092800000, 0x0000000092900000|  0%| F|  |TAMS 0x0000000092800000, 0x0000000092800000| Untracked 
| 297|0x0000000092900000, 0x0000000092900000, 0x0000000092a00000|  0%| F|  |TAMS 0x0000000092900000, 0x0000000092900000| Untracked 
| 298|0x0000000092a00000, 0x0000000092a00000, 0x0000000092b00000|  0%| F|  |TAMS 0x0000000092a00000, 0x0000000092a00000| Untracked 
| 299|0x0000000092b00000, 0x0000000092b00000, 0x0000000092c00000|  0%| F|  |TAMS 0x0000000092b00000, 0x0000000092b00000| Untracked 
| 300|0x0000000092c00000, 0x0000000092c00000, 0x0000000092d00000|  0%| F|  |TAMS 0x0000000092c00000, 0x0000000092c00000| Untracked 
| 301|0x0000000092d00000, 0x0000000092d00000, 0x0000000092e00000|  0%| F|  |TAMS 0x0000000092d00000, 0x0000000092d00000| Untracked 
| 302|0x0000000092e00000, 0x0000000092e00000, 0x0000000092f00000|  0%| F|  |TAMS 0x0000000092e00000, 0x0000000092e00000| Untracked 
| 303|0x0000000092f00000, 0x0000000092f00000, 0x0000000093000000|  0%| F|  |TAMS 0x0000000092f00000, 0x0000000092f00000| Untracked 
| 304|0x0000000093000000, 0x0000000093000000, 0x0000000093100000|  0%| F|  |TAMS 0x0000000093000000, 0x0000000093000000| Untracked 
| 305|0x0000000093100000, 0x0000000093100000, 0x0000000093200000|  0%| F|  |TAMS 0x0000000093100000, 0x0000000093100000| Untracked 
| 306|0x0000000093200000, 0x0000000093200000, 0x0000000093300000|  0%| F|  |TAMS 0x0000000093200000, 0x0000000093200000| Untracked 
| 307|0x0000000093300000, 0x0000000093300000, 0x0000000093400000|  0%| F|  |TAMS 0x0000000093300000, 0x0000000093300000| Untracked 
| 308|0x0000000093400000, 0x0000000093400000, 0x0000000093500000|  0%| F|  |TAMS 0x0000000093400000, 0x0000000093400000| Untracked 
| 309|0x0000000093500000, 0x0000000093500000, 0x0000000093600000|  0%| F|  |TAMS 0x0000000093500000, 0x0000000093500000| Untracked 
| 310|0x0000000093600000, 0x0000000093600000, 0x0000000093700000|  0%| F|  |TAMS 0x0000000093600000, 0x0000000093600000| Untracked 
| 311|0x0000000093700000, 0x0000000093700000, 0x0000000093800000|  0%| F|  |TAMS 0x0000000093700000, 0x0000000093700000| Untracked 
| 312|0x0000000093800000, 0x0000000093800000, 0x0000000093900000|  0%| F|  |TAMS 0x0000000093800000, 0x0000000093800000| Untracked 
| 313|0x0000000093900000, 0x0000000093900000, 0x0000000093a00000|  0%| F|  |TAMS 0x0000000093900000, 0x0000000093900000| Untracked 
| 314|0x0000000093a00000, 0x0000000093a00000, 0x0000000093b00000|  0%| F|  |TAMS 0x0000000093a00000, 0x0000000093a00000| Untracked 
| 315|0x0000000093b00000, 0x0000000093b00000, 0x0000000093c00000|  0%| F|  |TAMS 0x0000000093b00000, 0x0000000093b00000| Untracked 
| 316|0x0000000093c00000, 0x0000000093c00000, 0x0000000093d00000|  0%| F|  |TAMS 0x0000000093c00000, 0x0000000093c00000| Untracked 
| 317|0x0000000093d00000, 0x0000000093d00000, 0x0000000093e00000|  0%| F|  |TAMS 0x0000000093d00000, 0x0000000093d00000| Untracked 
| 318|0x0000000093e00000, 0x0000000093e00000, 0x0000000093f00000|  0%| F|  |TAMS 0x0000000093e00000, 0x0000000093e00000| Untracked 
| 319|0x0000000093f00000, 0x0000000093f00000, 0x0000000094000000|  0%| F|  |TAMS 0x0000000093f00000, 0x0000000093f00000| Untracked 
| 320|0x0000000094000000, 0x0000000094000000, 0x0000000094100000|  0%| F|  |TAMS 0x0000000094000000, 0x0000000094000000| Untracked 
| 321|0x0000000094100000, 0x0000000094100000, 0x0000000094200000|  0%| F|  |TAMS 0x0000000094100000, 0x0000000094100000| Untracked 
| 322|0x0000000094200000, 0x0000000094200000, 0x0000000094300000|  0%| F|  |TAMS 0x0000000094200000, 0x0000000094200000| Untracked 
| 323|0x0000000094300000, 0x0000000094300000, 0x0000000094400000|  0%| F|  |TAMS 0x0000000094300000, 0x0000000094300000| Untracked 
| 324|0x0000000094400000, 0x0000000094400000, 0x0000000094500000|  0%| F|  |TAMS 0x0000000094400000, 0x0000000094400000| Untracked 
| 325|0x0000000094500000, 0x0000000094500000, 0x0000000094600000|  0%| F|  |TAMS 0x0000000094500000, 0x0000000094500000| Untracked 
| 326|0x0000000094600000, 0x0000000094600000, 0x0000000094700000|  0%| F|  |TAMS 0x0000000094600000, 0x0000000094600000| Untracked 
| 327|0x0000000094700000, 0x0000000094700000, 0x0000000094800000|  0%| F|  |TAMS 0x0000000094700000, 0x0000000094700000| Untracked 
| 328|0x0000000094800000, 0x0000000094800000, 0x0000000094900000|  0%| F|  |TAMS 0x0000000094800000, 0x0000000094800000| Untracked 
| 329|0x0000000094900000, 0x0000000094900000, 0x0000000094a00000|  0%| F|  |TAMS 0x0000000094900000, 0x0000000094900000| Untracked 
| 330|0x0000000094a00000, 0x0000000094a00000, 0x0000000094b00000|  0%| F|  |TAMS 0x0000000094a00000, 0x0000000094a00000| Untracked 
| 331|0x0000000094b00000, 0x0000000094b00000, 0x0000000094c00000|  0%| F|  |TAMS 0x0000000094b00000, 0x0000000094b00000| Untracked 
| 332|0x0000000094c00000, 0x0000000094c00000, 0x0000000094d00000|  0%| F|  |TAMS 0x0000000094c00000, 0x0000000094c00000| Untracked 
| 333|0x0000000094d00000, 0x0000000094d00000, 0x0000000094e00000|  0%| F|  |TAMS 0x0000000094d00000, 0x0000000094d00000| Untracked 
| 334|0x0000000094e00000, 0x0000000094e00000, 0x0000000094f00000|  0%| F|  |TAMS 0x0000000094e00000, 0x0000000094e00000| Untracked 
| 335|0x0000000094f00000, 0x0000000094f00000, 0x0000000095000000|  0%| F|  |TAMS 0x0000000094f00000, 0x0000000094f00000| Untracked 
| 336|0x0000000095000000, 0x0000000095000000, 0x0000000095100000|  0%| F|  |TAMS 0x0000000095000000, 0x0000000095000000| Untracked 
| 337|0x0000000095100000, 0x0000000095100000, 0x0000000095200000|  0%| F|  |TAMS 0x0000000095100000, 0x0000000095100000| Untracked 
| 338|0x0000000095200000, 0x0000000095200000, 0x0000000095300000|  0%| F|  |TAMS 0x0000000095200000, 0x0000000095200000| Untracked 
| 339|0x0000000095300000, 0x0000000095300000, 0x0000000095400000|  0%| F|  |TAMS 0x0000000095300000, 0x0000000095300000| Untracked 
| 340|0x0000000095400000, 0x0000000095400000, 0x0000000095500000|  0%| F|  |TAMS 0x0000000095400000, 0x0000000095400000| Untracked 
| 341|0x0000000095500000, 0x0000000095500000, 0x0000000095600000|  0%| F|  |TAMS 0x0000000095500000, 0x0000000095500000| Untracked 
| 342|0x0000000095600000, 0x0000000095600000, 0x0000000095700000|  0%| F|  |TAMS 0x0000000095600000, 0x0000000095600000| Untracked 
| 343|0x0000000095700000, 0x0000000095700000, 0x0000000095800000|  0%| F|  |TAMS 0x0000000095700000, 0x0000000095700000| Untracked 
| 344|0x0000000095800000, 0x0000000095800000, 0x0000000095900000|  0%| F|  |TAMS 0x0000000095800000, 0x0000000095800000| Untracked 

Card table byte_map: [0x0000013b533f0000,0x0000013b537f0000] _byte_map_base: 0x0000013b52ff0000

Marking Bits (Prev, Next): (CMBitMap*) 0x0000013b3a21fb80, (CMBitMap*) 0x0000013b3a21fb40
 Prev Bits: [0x0000013b55bf0000, 0x0000013b57bf0000)
 Next Bits: [0x0000013b53bf0000, 0x0000013b55bf0000)

Polling page: 0x0000013b39fe0000

Metaspace:

Usage:
  Non-class:     93.18 MB capacity,    92.21 MB ( 99%) used,   840.91 KB ( <1%) free+waste,   149.38 KB ( <1%) overhead. 
      Class:     13.28 MB capacity,    12.91 MB ( 97%) used,   323.42 KB (  2%) free+waste,    55.81 KB ( <1%) overhead. 
       Both:    106.46 MB capacity,   105.12 MB ( 99%) used,     1.14 MB (  1%) free+waste,   205.19 KB ( <1%) overhead. 

Virtual space:
  Non-class space:       94.00 MB reserved,      93.25 MB (>99%) committed 
      Class space:        1.00 GB reserved,      13.38 MB (  1%) committed 
             Both:        1.09 GB reserved,     106.63 MB ( 10%) committed 

Chunk freelists:
   Non-Class:  10.00 KB
       Class:  31.00 KB
        Both:  41.00 KB

MaxMetaspaceSize: 17179869184.00 GB
CompressedClassSpaceSize: 1.00 GB

CodeHeap 'non-profiled nmethods': size=120064Kb used=8078Kb max_used=8083Kb free=111985Kb
 bounds [0x0000013b4b6b0000, 0x0000013b4bec0000, 0x0000013b52bf0000]
CodeHeap 'profiled nmethods': size=120000Kb used=28326Kb max_used=29785Kb free=91673Kb
 bounds [0x0000013b44180000, 0x0000013b45ea0000, 0x0000013b4b6b0000]
CodeHeap 'non-nmethods': size=5696Kb used=2543Kb max_used=2591Kb free=3152Kb
 bounds [0x0000013b43bf0000, 0x0000013b43ea0000, 0x0000013b44180000]
 total_blobs=14884 nmethods=13829 adapters=963
 compilation: enabled
              stopped_count=0, restarted_count=0
 full_count=0

Compilation events (20 events):
Event: 125.849 Thread 0x0000013b59fb52c0 nmethod 17197 0x0000013b4be5fa90 code [0x0000013b4be5fc00, 0x0000013b4be5fdb8]
Event: 125.850 Thread 0x0000013b59fc1ae0 17198       1       com.android.builder.dexing.DirDexArchive::getRootPath (5 bytes)
Event: 125.850 Thread 0x0000013b59fc1ae0 nmethod 17198 0x0000013b4be5f790 code [0x0000013b4be5f920, 0x0000013b4be5f9d8]
Event: 125.851 Thread 0x0000013b59fc1ae0 17199       3       java.nio.file.FileTreeWalker::isOpen (13 bytes)
Event: 125.851 Thread 0x0000013b59fc1ae0 nmethod 17199 0x0000013b45847790 code [0x0000013b45847920, 0x0000013b45847a78]
Event: 125.851 Thread 0x0000013b59fc1ae0 17200       3       java.nio.file.FileTreeIterator::fetchNextIfNeeded (65 bytes)
Event: 125.852 Thread 0x0000013b59fb52c0 17201       4       java.util.Collections::addAll (43 bytes)
Event: 125.852 Thread 0x0000013b59fc1ae0 nmethod 17200 0x0000013b458d8490 code [0x0000013b458d8680, 0x0000013b458d8b28]
Event: 125.854 Thread 0x0000013b59fb52c0 nmethod 17201 0x0000013b4be5f410 code [0x0000013b4be5f5a0, 0x0000013b4be5f678]
Event: 125.854 Thread 0x0000013b59fb52c0 17202       4       java.util.TreeMap::getFloorEntry (107 bytes)
Event: 125.861 Thread 0x0000013b59fb52c0 nmethod 17202 0x0000013b4be5ec10 code [0x0000013b4be5eda0, 0x0000013b4be5f138]
Event: 125.861 Thread 0x0000013b59fb52c0 17203       4       java.util.TreeMap::deleteEntry (246 bytes)
Event: 125.895 Thread 0x0000013b59fb52c0 nmethod 17203 0x0000013b4be5de90 code [0x0000013b4be5e040, 0x0000013b4be5ea38]
Event: 125.895 Thread 0x0000013b59fb52c0 17205       4       com.android.tools.build.apkzlib.zip.FileUseMapEntry::isFree (13 bytes)
Event: 125.895 Thread 0x0000013b59fb52c0 nmethod 17205 0x0000013b4be5db90 code [0x0000013b4be5dd00, 0x0000013b4be5dd78]
Event: 125.895 Thread 0x0000013b59fb52c0 17204       4       com.google.common.collect.Maps::capacity (34 bytes)
Event: 125.948 Thread 0x0000013b59fb52c0 nmethod 17204 0x0000013b4be5d890 code [0x0000013b4be5da40, 0x0000013b4be5dad8]
Event: 125.948 Thread 0x0000013b59fb52c0 17207       4       com.google.common.collect.CollectPreconditions::checkNonnegative (37 bytes)
Event: 125.949 Thread 0x0000013b59fb52c0 nmethod 17207 0x0000013b4be5d590 code [0x0000013b4be5d700, 0x0000013b4be5d758]
Event: 125.949 Thread 0x0000013b59fb52c0 17208       4       com.android.tools.build.apkzlib.zip.ZipField::<init> (74 bytes)

GC Heap History (20 events):
Event: 107.679 GC heap after
{Heap after GC invocations=71 (full 0):
 garbage-first heap   total 227328K, used 137718K [0x0000000080000000, 0x0000000100000000)
  region size 1024K, 2 young (2048K), 2 survivors (2048K)
 Metaspace       used 100054K, capacity 101427K, committed 101632K, reserved 1138688K
  class space    used 12367K, capacity 12752K, committed 12800K, reserved 1048576K
}
Event: 108.468 GC heap before
{Heap before GC invocations=71 (full 0):
 garbage-first heap   total 227328K, used 152054K [0x0000000080000000, 0x0000000100000000)
  region size 1024K, 17 young (17408K), 2 survivors (2048K)
 Metaspace       used 102158K, capacity 103557K, committed 103808K, reserved 1140736K
  class space    used 12662K, capacity 13075K, committed 13184K, reserved 1048576K
}
Event: 108.486 GC heap after
{Heap after GC invocations=72 (full 0):
 garbage-first heap   total 227328K, used 139206K [0x0000000080000000, 0x0000000100000000)
  region size 1024K, 4 young (4096K), 4 survivors (4096K)
 Metaspace       used 102158K, capacity 103557K, committed 103808K, reserved 1140736K
  class space    used 12662K, capacity 13075K, committed 13184K, reserved 1048576K
}
Event: 110.595 GC heap before
{Heap before GC invocations=73 (full 0):
 garbage-first heap   total 237568K, used 167878K [0x0000000080000000, 0x0000000100000000)
  region size 1024K, 31 young (31744K), 4 survivors (4096K)
 Metaspace       used 103008K, capacity 104407K, committed 104576K, reserved 1140736K
  class space    used 12724K, capacity 13142K, committed 13184K, reserved 1048576K
}
Event: 110.635 GC heap after
{Heap after GC invocations=74 (full 0):
 garbage-first heap   total 237568K, used 150284K [0x0000000080000000, 0x0000000100000000)
  region size 1024K, 4 young (4096K), 4 survivors (4096K)
 Metaspace       used 103008K, capacity 104407K, committed 104576K, reserved 1140736K
  class space    used 12724K, capacity 13142K, committed 13184K, reserved 1048576K
}
Event: 110.838 GC heap before
{Heap before GC invocations=74 (full 0):
 garbage-first heap   total 237568K, used 177932K [0x0000000080000000, 0x0000000100000000)
  region size 1024K, 31 young (31744K), 4 survivors (4096K)
 Metaspace       used 103008K, capacity 104407K, committed 104576K, reserved 1140736K
  class space    used 12724K, capacity 13142K, committed 13184K, reserved 1048576K
}
Event: 110.913 GC heap after
{Heap after GC invocations=75 (full 0):
 garbage-first heap   total 237568K, used 174070K [0x0000000080000000, 0x0000000100000000)
  region size 1024K, 4 young (4096K), 4 survivors (4096K)
 Metaspace       used 103008K, capacity 104407K, committed 104576K, reserved 1140736K
  class space    used 12724K, capacity 13142K, committed 13184K, reserved 1048576K
}
Event: 112.197 GC heap before
{Heap before GC invocations=76 (full 0):
 garbage-first heap   total 293888K, used 188406K [0x0000000080000000, 0x0000000100000000)
  region size 1024K, 18 young (18432K), 4 survivors (4096K)
 Metaspace       used 103028K, capacity 104471K, committed 104576K, reserved 1140736K
  class space    used 12724K, capacity 13142K, committed 13184K, reserved 1048576K
}
Event: 112.243 GC heap after
{Heap after GC invocations=77 (full 0):
 garbage-first heap   total 293888K, used 187382K [0x0000000080000000, 0x0000000100000000)
  region size 1024K, 3 young (3072K), 3 survivors (3072K)
 Metaspace       used 103028K, capacity 104471K, committed 104576K, reserved 1140736K
  class space    used 12724K, capacity 13142K, committed 13184K, reserved 1048576K
}
Event: 113.136 GC heap before
{Heap before GC invocations=77 (full 0):
 garbage-first heap   total 293888K, used 216054K [0x0000000080000000, 0x0000000100000000)
  region size 1024K, 31 young (31744K), 3 survivors (3072K)
 Metaspace       used 103054K, capacity 104475K, committed 104576K, reserved 1140736K
  class space    used 12724K, capacity 13142K, committed 13184K, reserved 1048576K
}
Event: 113.193 GC heap after
{Heap after GC invocations=78 (full 0):
 garbage-first heap   total 293888K, used 208374K [0x0000000080000000, 0x0000000100000000)
  region size 1024K, 4 young (4096K), 4 survivors (4096K)
 Metaspace       used 103054K, capacity 104475K, committed 104576K, reserved 1140736K
  class space    used 12724K, capacity 13142K, committed 13184K, reserved 1048576K
}
Event: 113.252 GC heap before
{Heap before GC invocations=78 (full 0):
 garbage-first heap   total 293888K, used 225782K [0x0000000080000000, 0x0000000100000000)
  region size 1024K, 21 young (21504K), 4 survivors (4096K)
 Metaspace       used 103054K, capacity 104475K, committed 104576K, reserved 1140736K
  class space    used 12724K, capacity 13142K, committed 13184K, reserved 1048576K
}
Event: 113.305 GC heap after
{Heap after GC invocations=79 (full 0):
 garbage-first heap   total 353280K, used 226294K [0x0000000080000000, 0x0000000100000000)
  region size 1024K, 3 young (3072K), 3 survivors (3072K)
 Metaspace       used 103054K, capacity 104475K, committed 104576K, reserved 1140736K
  class space    used 12724K, capacity 13142K, committed 13184K, reserved 1048576K
}
Event: 116.529 GC heap before
{Heap before GC invocations=80 (full 0):
 garbage-first heap   total 353280K, used 219126K [0x0000000080000000, 0x0000000100000000)
  region size 1024K, 35 young (35840K), 3 survivors (3072K)
 Metaspace       used 104850K, capacity 106241K, committed 106496K, reserved 1142784K
  class space    used 12894K, capacity 13304K, committed 13312K, reserved 1048576K
}
Event: 116.577 GC heap after
{Heap after GC invocations=81 (full 0):
 garbage-first heap   total 353280K, used 195574K [0x0000000080000000, 0x0000000100000000)
  region size 1024K, 5 young (5120K), 5 survivors (5120K)
 Metaspace       used 104850K, capacity 106241K, committed 106496K, reserved 1142784K
  class space    used 12894K, capacity 13304K, committed 13312K, reserved 1048576K
}
Event: 117.320 GC heap before
{Heap before GC invocations=81 (full 0):
 garbage-first heap   total 353280K, used 207862K [0x0000000080000000, 0x0000000100000000)
  region size 1024K, 17 young (17408K), 5 survivors (5120K)
 Metaspace       used 105009K, capacity 106433K, committed 106496K, reserved 1142784K
  class space    used 12896K, capacity 13304K, committed 13312K, reserved 1048576K
}
Event: 117.537 GC heap after
{Heap after GC invocations=82 (full 0):
 garbage-first heap   total 353280K, used 179619K [0x0000000080000000, 0x0000000100000000)
  region size 1024K, 1 young (1024K), 1 survivors (1024K)
 Metaspace       used 105009K, capacity 106433K, committed 106496K, reserved 1142784K
  class space    used 12896K, capacity 13304K, committed 13312K, reserved 1048576K
}
Event: 121.946 GC heap before
{Heap before GC invocations=82 (full 0):
 garbage-first heap   total 353280K, used 231843K [0x0000000080000000, 0x0000000100000000)
  region size 1024K, 53 young (54272K), 1 survivors (1024K)
 Metaspace       used 106506K, capacity 107889K, committed 107904K, reserved 1144832K
  class space    used 13073K, capacity 13440K, committed 13440K, reserved 1048576K
}
Event: 122.008 GC heap after
{Heap after GC invocations=83 (full 0):
 garbage-first heap   total 353280K, used 185405K [0x0000000080000000, 0x0000000100000000)
  region size 1024K, 7 young (7168K), 7 survivors (7168K)
 Metaspace       used 106506K, capacity 107889K, committed 107904K, reserved 1144832K
  class space    used 13073K, capacity 13440K, committed 13440K, reserved 1048576K
}
Event: 126.093 GC heap before
{Heap before GC invocations=84 (full 0):
 garbage-first heap   total 353280K, used 185405K [0x0000000080000000, 0x0000000100000000)
  region size 1024K, 63 young (64512K), 7 survivors (7168K)
 Metaspace       used 107645K, capacity 109015K, committed 109184K, reserved 1144832K
  class space    used 13221K, capacity 13601K, committed 13696K, reserved 1048576K
}

Deoptimization events (20 events):
Event: 123.742 Thread 0x0000013b5eee3710 DEOPT PACKING pc=0x0000013b4be4fe60 sp=0x00000011aabfb050
Event: 123.742 Thread 0x0000013b5eee3710 DEOPT UNPACKING pc=0x0000013b43c3e12f sp=0x00000011aabfaf18 mode 2
Event: 124.146 Thread 0x0000013b5eee3710 DEOPT PACKING pc=0x0000013b45826154 sp=0x00000011aabfad00
Event: 124.146 Thread 0x0000013b5eee3710 DEOPT UNPACKING pc=0x0000013b43c3df3f sp=0x00000011aabfa280 mode 0
Event: 124.463 Thread 0x0000013b5eee3710 Uncommon trap: trap_request=0xffffffd6 fr.pc=0x0000013b4bcb3ba8 relative=0x0000000000000708
Event: 124.463 Thread 0x0000013b5eee3710 Uncommon trap: reason=array_check action=maybe_recompile pc=0x0000013b4bcb3ba8 method=java.util.TimSort.reverseRange([Ljava/lang/Object;II)V @ 20 c2
Event: 124.463 Thread 0x0000013b5eee3710 DEOPT PACKING pc=0x0000013b4bcb3ba8 sp=0x00000011aabfafc0
Event: 124.463 Thread 0x0000013b5eee3710 DEOPT UNPACKING pc=0x0000013b43c3e12f sp=0x00000011aabfaef0 mode 2
Event: 124.471 Thread 0x0000013b5eee3710 Uncommon trap: trap_request=0xffffff45 fr.pc=0x0000013b4bb62bb4 relative=0x00000000000006f4
Event: 124.471 Thread 0x0000013b5eee3710 Uncommon trap: reason=unstable_if action=reinterpret pc=0x0000013b4bb62bb4 method=java.lang.Integer.stringSize(I)I @ 3 c2
Event: 124.471 Thread 0x0000013b5eee3710 DEOPT PACKING pc=0x0000013b4bb62bb4 sp=0x00000011aabfb340
Event: 124.471 Thread 0x0000013b5eee3710 DEOPT UNPACKING pc=0x0000013b43c3e12f sp=0x00000011aabfb290 mode 2
Event: 124.471 Thread 0x0000013b5eee3710 Uncommon trap: trap_request=0xffffff45 fr.pc=0x0000013b4b83f8fc relative=0x000000000000025c
Event: 124.471 Thread 0x0000013b5eee3710 Uncommon trap: reason=unstable_if action=reinterpret pc=0x0000013b4b83f8fc method=java.lang.Integer.getChars(II[B)I @ 4 c2
Event: 124.471 Thread 0x0000013b5eee3710 DEOPT PACKING pc=0x0000013b4b83f8fc sp=0x00000011aabfb2e0
Event: 124.471 Thread 0x0000013b5eee3710 DEOPT UNPACKING pc=0x0000013b43c3e12f sp=0x00000011aabfb270 mode 2
Event: 124.652 Thread 0x0000013b5f138560 DEOPT PACKING pc=0x0000013b45826154 sp=0x00000011aaefdcf0
Event: 124.652 Thread 0x0000013b5f138560 DEOPT UNPACKING pc=0x0000013b43c3df3f sp=0x00000011aaefd270 mode 0
Event: 125.844 Thread 0x0000013b5f136880 DEOPT PACKING pc=0x0000013b45558ef8 sp=0x00000011a3efd720
Event: 125.844 Thread 0x0000013b5f136880 DEOPT UNPACKING pc=0x0000013b43c3df3f sp=0x00000011a3efcc28 mode 0

Classes unloaded (0 events):
No events

Classes redefined (0 events):
No events

Internal exceptions (20 events):
Event: 118.374 Thread 0x0000013b5b1befb0 Exception <a 'sun/nio/fs/WindowsException'{0x0000000094a9b140}> (0x0000000094a9b140) 
thrown [./open/src/hotspot/share/prims/jni.cpp, line 578]
Event: 118.374 Thread 0x0000013b5b1befb0 Exception <a 'sun/nio/fs/WindowsException'{0x0000000094a9b4d0}> (0x0000000094a9b4d0) 
thrown [./open/src/hotspot/share/prims/jni.cpp, line 578]
Event: 118.375 Thread 0x0000013b5b1befb0 Exception <a 'sun/nio/fs/WindowsException'{0x0000000094a9e188}> (0x0000000094a9e188) 
thrown [./open/src/hotspot/share/prims/jni.cpp, line 578]
Event: 118.382 Thread 0x0000013b5b1befb0 Exception <a 'sun/nio/fs/WindowsException'{0x0000000094aa6088}> (0x0000000094aa6088) 
thrown [./open/src/hotspot/share/prims/jni.cpp, line 578]
Event: 118.421 Thread 0x0000013b5b1befb0 Exception <a 'sun/nio/fs/WindowsException'{0x000000009493f5a8}> (0x000000009493f5a8) 
thrown [./open/src/hotspot/share/prims/jni.cpp, line 578]
Event: 118.434 Thread 0x0000013b5b1befb0 Exception <a 'sun/nio/fs/WindowsException'{0x0000000094946a28}> (0x0000000094946a28) 
thrown [./open/src/hotspot/share/prims/jni.cpp, line 578]
Event: 118.449 Thread 0x0000013b5b1befb0 Exception <a 'sun/nio/fs/WindowsException'{0x00000000949603c0}> (0x00000000949603c0) 
thrown [./open/src/hotspot/share/prims/jni.cpp, line 578]
Event: 118.458 Thread 0x0000013b5b1befb0 Exception <a 'sun/nio/fs/WindowsException'{0x00000000949722d0}> (0x00000000949722d0) 
thrown [./open/src/hotspot/share/prims/jni.cpp, line 578]
Event: 120.553 Thread 0x0000013b5c2b0bd0 Exception <a 'java/lang/NoSuchMethodError'{0x00000000935d8e48}: static Lorg/gradle/internal/build/event/types/DefaultJavaCompileTaskSuccessResult;.<clinit>()V> (0x00000000935d8e48) 
thrown [./open/src/hotspot/share/prims/jni.cpp, line 1204]
Event: 120.554 Thread 0x0000013b5c2b0bd0 Exception <a 'java/lang/NoSuchMethodError'{0x00000000935e4c10}: static Lorg/gradle/internal/build/event/types/DefaultAnnotationProcessorResult;.<clinit>()V> (0x00000000935e4c10) 
thrown [./open/src/hotspot/share/prims/jni.cpp, line 1204]
Event: 121.199 Thread 0x0000013b5b1befb0 Implicit null exception at 0x0000013b4b78ae3e to 0x0000013b4b78b540
Event: 121.238 Thread 0x0000013b5b1befb0 Exception <a 'sun/nio/fs/WindowsException'{0x0000000092ec1f60}> (0x0000000092ec1f60) 
thrown [./open/src/hotspot/share/prims/jni.cpp, line 578]
Event: 121.239 Thread 0x0000013b5b1befb0 Exception <a 'sun/nio/fs/WindowsException'{0x0000000092ec3100}> (0x0000000092ec3100) 
thrown [./open/src/hotspot/share/prims/jni.cpp, line 578]
Event: 121.260 Thread 0x0000013b5b1befb0 Exception <a 'sun/nio/fs/WindowsException'{0x0000000092ef9f40}> (0x0000000092ef9f40) 
thrown [./open/src/hotspot/share/prims/jni.cpp, line 578]
Event: 121.260 Thread 0x0000013b5b1befb0 Exception <a 'sun/nio/fs/WindowsException'{0x0000000092efb2f0}> (0x0000000092efb2f0) 
thrown [./open/src/hotspot/share/prims/jni.cpp, line 578]
Event: 121.326 Thread 0x0000013b5b1befb0 Exception <a 'java/lang/NoSuchMethodError'{0x0000000092d59110}: static Lcom/android/build/gradle/internal/tasks/MergeJavaResRunnable$Params;.<clinit>()V> (0x0000000092d59110) 
thrown [./open/src/hotspot/share/prims/jni.cpp, line 1204]
Event: 121.328 Thread 0x0000013b5b1befb0 Exception <a 'java/lang/NoSuchMethodError'{0x0000000092d789c8}: static Lcom/android/build/gradle/internal/packaging/SerializablePackagingOptions;.<clinit>()V> (0x0000000092d789c8) 
thrown [./open/src/hotspot/share/prims/jni.cpp, line 1204]
Event: 121.341 Thread 0x0000013b5f136880 Exception <a 'sun/nio/fs/WindowsException'{0x0000000092c147a0}> (0x0000000092c147a0) 
thrown [./open/src/hotspot/share/prims/jni.cpp, line 578]
Event: 124.476 Thread 0x0000013b5eee3710 Exception <a 'java/lang/NoSuchMethodError'{0x000000009367ef10}: static Lcom/android/build/gradle/internal/tasks/DexMergingParams;.<clinit>()V> (0x000000009367ef10) 
thrown [./open/src/hotspot/share/prims/jni.cpp, line 1204]
Event: 126.022 Thread 0x0000013b5f138560 Exception <a 'sun/nio/fs/WindowsException'{0x0000000091bce318}> (0x0000000091bce318) 
thrown [./open/src/hotspot/share/prims/jni.cpp, line 578]

Events (20 events):
Event: 122.400 loading class sun/nio/cs/US_ASCII$Decoder done
Event: 122.410 loading class java/io/SequenceInputStream
Event: 122.410 loading class java/io/SequenceInputStream done
Event: 122.556 Executing VM operation: G1Concurrent
Event: 122.570 Executing VM operation: G1Concurrent done
Event: 122.668 loading class java/util/Vector$1
Event: 122.668 loading class java/util/Vector$1 done
Event: 123.571 Executing VM operation: HandshakeAllThreads
Event: 123.571 Executing VM operation: HandshakeAllThreads done
Event: 124.504 Executing VM operation: HandshakeAllThreads
Event: 124.504 Executing VM operation: HandshakeAllThreads done
Event: 124.505 loading class java/nio/file/Files$2
Event: 124.505 loading class java/nio/file/Files$2 done
Event: 124.602 Executing VM operation: HandshakeAllThreads
Event: 124.603 Executing VM operation: HandshakeAllThreads done
Event: 124.955 loading class java/nio/file/FileTreeIterator
Event: 124.955 loading class java/nio/file/FileTreeIterator done
Event: 126.077 Executing VM operation: HandshakeAllThreads
Event: 126.077 Executing VM operation: HandshakeAllThreads done
Event: 126.092 Executing VM operation: G1CollectForAllocation


Dynamic libraries:
0x00007ff69bf10000 - 0x00007ff69bf1f000 	C:\Program Files\Java\jdk-15.0.1\bin\java.exe
0x00007ff845460000 - 0x00007ff845650000 	C:\Windows\SYSTEM32\ntdll.dll
0x00007ff845090000 - 0x00007ff845142000 	C:\Windows\System32\KERNEL32.DLL
0x00007ff842a00000 - 0x00007ff842ca5000 	C:\Windows\System32\KERNELBASE.dll
0x00007ff8423d0000 - 0x00007ff8424ca000 	C:\Windows\System32\ucrtbase.dll
0x00007ff83d3d0000 - 0x00007ff83d3e9000 	C:\Program Files\Java\jdk-15.0.1\bin\VCRUNTIME140.dll
0x00007ff83b280000 - 0x00007ff83b298000 	C:\Program Files\Java\jdk-15.0.1\bin\jli.dll
0x00007ff844140000 - 0x00007ff8441e3000 	C:\Windows\System32\ADVAPI32.dll
0x00007ff8452b0000 - 0x00007ff84534e000 	C:\Windows\System32\msvcrt.dll
0x00007ff843d30000 - 0x00007ff843dc7000 	C:\Windows\System32\sechost.dll
0x00007ff844dd0000 - 0x00007ff844ef0000 	C:\Windows\System32\RPCRT4.dll
0x00007ff8443f0000 - 0x00007ff844584000 	C:\Windows\System32\USER32.dll
0x00007ff8427f0000 - 0x00007ff842811000 	C:\Windows\System32\win32u.dll
0x00007ff844110000 - 0x00007ff844136000 	C:\Windows\System32\GDI32.dll
0x00007ff842570000 - 0x00007ff842706000 	C:\Windows\System32\gdi32full.dll
0x00007ff8424d0000 - 0x00007ff84256e000 	C:\Windows\System32\msvcp_win.dll
0x00007ff834130000 - 0x00007ff8343b4000 	C:\Windows\WinSxS\amd64_microsoft.windows.common-controls_6595b64144ccf1df_6.0.18362.1256_none_9e7e379be45e40e2\COMCTL32.dll
0x00007ff843dd0000 - 0x00007ff844106000 	C:\Windows\System32\combase.dll
0x00007ff842970000 - 0x00007ff8429f1000 	C:\Windows\System32\bcryptPrimitives.dll
0x00007ff840520000 - 0x00007ff84052a000 	C:\Windows\SYSTEM32\VERSION.dll
0x00007ff8441f0000 - 0x00007ff84421e000 	C:\Windows\System32\IMM32.DLL
0x00007ff83e7e0000 - 0x00007ff83e7ec000 	C:\Program Files\Java\jdk-15.0.1\bin\vcruntime140_1.dll
0x00007ff8305f0000 - 0x00007ff830681000 	C:\Program Files\Java\jdk-15.0.1\bin\msvcp140.dll
0x00007ff817420000 - 0x00007ff817f7e000 	C:\Program Files\Java\jdk-15.0.1\bin\server\jvm.dll
0x00007ff8442a0000 - 0x00007ff8442a8000 	C:\Windows\System32\PSAPI.DLL
0x00007ff8401c0000 - 0x00007ff8401e4000 	C:\Windows\SYSTEM32\WINMM.dll
0x00007ff840190000 - 0x00007ff8401bd000 	C:\Windows\SYSTEM32\winmmbase.dll
0x00007ff842710000 - 0x00007ff84275a000 	C:\Windows\System32\cfgmgr32.dll
0x00007ff840300000 - 0x00007ff840309000 	C:\Windows\SYSTEM32\WSOCK32.dll
0x00007ff843ab0000 - 0x00007ff843b1f000 	C:\Windows\System32\WS2_32.dll
0x00007ff842340000 - 0x00007ff842351000 	C:\Windows\System32\kernel.appcore.dll
0x00007ff83a5b0000 - 0x00007ff83a5ba000 	C:\Program Files\Java\jdk-15.0.1\bin\jimage.dll
0x00007ff832ee0000 - 0x00007ff8330d4000 	C:\Windows\SYSTEM32\DBGHELP.DLL
0x00007ff832eb0000 - 0x00007ff832eda000 	C:\Windows\SYSTEM32\dbgcore.DLL
0x00007ff836990000 - 0x00007ff8369b5000 	C:\Program Files\Java\jdk-15.0.1\bin\java.dll
0x00007ff844590000 - 0x00007ff844c77000 	C:\Windows\System32\SHELL32.dll
0x00007ff845370000 - 0x00007ff845419000 	C:\Windows\System32\shcore.dll
0x00007ff842cb0000 - 0x00007ff843431000 	C:\Windows\System32\windows.storage.dll
0x00007ff842310000 - 0x00007ff842333000 	C:\Windows\System32\profapi.dll
0x00007ff842360000 - 0x00007ff8423aa000 	C:\Windows\System32\powrprof.dll
0x00007ff842300000 - 0x00007ff842310000 	C:\Windows\System32\UMPDC.dll
0x00007ff843b20000 - 0x00007ff843b72000 	C:\Windows\System32\shlwapi.dll
0x00007ff843440000 - 0x00007ff843457000 	C:\Windows\System32\cryptsp.dll
0x00007ff837070000 - 0x00007ff837089000 	C:\Program Files\Java\jdk-15.0.1\bin\net.dll
0x00007ff83a710000 - 0x00007ff83a800000 	C:\Windows\SYSTEM32\WINHTTP.dll
0x00007ff841b50000 - 0x00007ff841bb7000 	C:\Windows\system32\mswsock.dll
0x00007ff836b80000 - 0x00007ff836b92000 	C:\Program Files\Java\jdk-15.0.1\bin\nio.dll
0x00007ff836970000 - 0x00007ff836988000 	C:\Program Files\Java\jdk-15.0.1\bin\zip.dll
0x00007ff83e9d0000 - 0x00007ff83e9e0000 	C:\Program Files\Java\jdk-15.0.1\bin\verify.dll
0x00007ff82f760000 - 0x00007ff82f787000 	C:\Users\Abdulla\.gradle\native\f6784746aeab05261644944871eae4fe03e0ef1612fff0a4a95f87b438bc6780\windows-amd64\native-platform.dll
0x00007ff83a5a0000 - 0x00007ff83a5a9000 	C:\Program Files\Java\jdk-15.0.1\bin\management.dll
0x00007ff83a570000 - 0x00007ff83a57b000 	C:\Program Files\Java\jdk-15.0.1\bin\management_ext.dll
0x00007ff8416c0000 - 0x00007ff8416f3000 	C:\Windows\system32\rsaenh.dll
0x00007ff842760000 - 0x00007ff842786000 	C:\Windows\System32\bcrypt.dll
0x00007ff8421e0000 - 0x00007ff842205000 	C:\Windows\SYSTEM32\USERENV.dll
0x00007ff841d20000 - 0x00007ff841d2c000 	C:\Windows\SYSTEM32\CRYPTBASE.dll
0x00007ff841860000 - 0x00007ff84189a000 	C:\Windows\SYSTEM32\IPHLPAPI.DLL
0x00007ff845350000 - 0x00007ff845358000 	C:\Windows\System32\NSI.dll
0x00007ff83a9f0000 - 0x00007ff83aa06000 	C:\Windows\SYSTEM32\dhcpcsvc6.DLL
0x00007ff83ae30000 - 0x00007ff83ae4c000 	C:\Windows\SYSTEM32\dhcpcsvc.DLL
0x00007ff8418a0000 - 0x00007ff84196b000 	C:\Windows\SYSTEM32\DNSAPI.dll
0x00007ff83afe0000 - 0x00007ff83afeb000 	C:\Windows\SYSTEM32\WINNSI.DLL
0x00007ff841340000 - 0x00007ff841371000 	C:\Windows\SYSTEM32\ntmarta.dll
0x00007ff82eca0000 - 0x00007ff82ee20000 	C:\Program Files\Java\jdk-15.0.1\bin\awt.dll
0x00007ff844fc0000 - 0x00007ff845085000 	C:\Windows\System32\OLEAUT32.dll
0x00007ff8403a0000 - 0x00007ff84042f000 	C:\Windows\SYSTEM32\apphelp.dll
0x00007ff8409a0000 - 0x00007ff8409cd000 	C:\Windows\system32\DWMAPI.DLL
0x00007ff840620000 - 0x00007ff8406b9000 	C:\Windows\system32\uxtheme.dll
0x0000000066e00000 - 0x0000000066f03000 	C:\Users\Abdulla\AppData\Local\Temp\sqlite-3.25.2-a6d25228-11b6-4b65-a687-646e50e4b2dc-sqlitejdbc.dll

dbghelp: loaded successfully - version: 4.0.5 - missing functions: none
symbol engine: initialized successfully - sym options: 0x614 - pdb path: .;C:\Program Files\Java\jdk-15.0.1\bin;C:\Windows\SYSTEM32;C:\Windows\WinSxS\amd64_microsoft.windows.common-controls_6595b64144ccf1df_6.0.18362.1256_none_9e7e379be45e40e2;C:\Program Files\Java\jdk-15.0.1\bin\server;C:\Users\Abdulla\.gradle\native\f6784746aeab05261644944871eae4fe03e0ef1612fff0a4a95f87b438bc6780\windows-amd64;C:\Users\Abdulla\AppData\Local\Temp

VM Arguments:
jvm_args: --add-opens=java.base/java.util=ALL-UNNAMED --add-opens=java.base/java.lang=ALL-UNNAMED --add-opens=java.base/java.lang.invoke=ALL-UNNAMED --add-opens=java.prefs/java.util.prefs=ALL-UNNAMED -Xmx2048m -Dfile.encoding=UTF-8 -Duser.country=US -Duser.language=en -Duser.variant 
java_command: org.gradle.launcher.daemon.bootstrap.GradleDaemon 6.5
java_class_path (initial): C:\Users\Abdulla\.gradle\wrapper\dists\gradle-6.5-all\2oz4ud9k3tuxjg84bbf55q0tn\gradle-6.5\lib\gradle-launcher-6.5.jar
Launcher Type: SUN_STANDARD

[Global flags]
     intx CICompilerCount                          = 2                                         {product} {ergonomic}
     uint ConcGCThreads                            = 1                                         {product} {ergonomic}
     uint G1ConcRefinementThreads                  = 2                                         {product} {ergonomic}
   size_t G1HeapRegionSize                         = 1048576                                   {product} {ergonomic}
    uintx GCDrainStackTargetSize                   = 64                                        {product} {ergonomic}
   size_t InitialHeapSize                          = 121634816                                 {product} {ergonomic}
   size_t MarkStackSize                            = 4194304                                   {product} {ergonomic}
   size_t MaxHeapSize                              = 2147483648                                {product} {command line}
   size_t MaxNewSize                               = 1287651328                                {product} {ergonomic}
   size_t MinHeapDeltaBytes                        = 1048576                                   {product} {ergonomic}
   size_t MinHeapSize                              = 8388608                                   {product} {ergonomic}
    uintx NonNMethodCodeHeapSize                   = 5826188                                {pd product} {ergonomic}
    uintx NonProfiledCodeHeapSize                  = 122916026                              {pd product} {ergonomic}
    uintx ProfiledCodeHeapSize                     = 122916026                              {pd product} {ergonomic}
    uintx ReservedCodeCacheSize                    = 251658240                              {pd product} {ergonomic}
     bool SegmentedCodeCache                       = true                                      {product} {ergonomic}
   size_t SoftMaxHeapSize                          = 2147483648                             {manageable} {ergonomic}
     bool UseCompressedClassPointers               = true                                 {lp64_product} {ergonomic}
     bool UseCompressedOops                        = true                                 {lp64_product} {ergonomic}
     bool UseG1GC                                  = true                                      {product} {ergonomic}
     bool UseLargePagesIndividualAllocation        = false                                  {pd product} {ergonomic}

Logging:
Log output configuration:
 #0: stdout all=warning uptime,level,tags
 #1: stderr all=off uptime,level,tags

Environment Variables:
JAVA_HOME=C:\Program Files\Java\jdk-15.0.1
PATH=C:\Program Files\Common Files\Oracle\Java\javapath;C:\Windows\system32;C:\Windows;C:\Windows\System32\Wbem;C:\Windows\System32\WindowsPowerShell\v1.0\;C:\Windows\System32\OpenSSH\;C:\Program Files (x86)\Microsoft SQL Server\120\DTS\Binn\;C:\Program Files (x86)\Microsoft SQL Server\Client SDK\ODBC\110\Tools\Binn\;C:\Program Files (x86)\Microsoft SQL Server\120\Tools\Binn\;C:\Program Files (x86)\Microsoft SQL Server\120\Tools\Binn\ManagementStudio\;C:\program Files\java\jdk-15.0.1\bin;C:\Users\Abdulla\AppData\Local\Microsoft\WindowsApps;
USERNAME=Abdulla
OS=Windows_NT
PROCESSOR_IDENTIFIER=AMD64 Family 21 Model 16 Stepping 1, AuthenticAMD



---------------  S Y S T E M  ---------------

OS:
 Windows 10 , 64 bit Build 18362 (10.0.18362.1110)
OS uptime: 3 days 4:32 hours

CPU: total 2 (initial active 2) (2 cores per cpu, 1 threads per core) family 21 model 16 stepping 1 microcode 0x0, cmov, cx8, fxsr, mmx, sse, sse2, sse3, ssse3, sse4.1, sse4.2, popcnt, vzeroupper, avx, aes, clmul, 3dnowpref, lzcnt, sse4a, tsc, tscinvbit, tscinv, bmi1, fma, clflush

Memory: 4k page, system-wide physical 7369M (664M free)
TotalPageFile size 7369M (AvailPageFile size 176M)
current process WorkingSet (physical memory assigned to process): 623M, peak: 625M
current process commit charge ("private bytes"): 668M, peak: 917M

vm_info: Java HotSpot(TM) 64-Bit Server VM (15.0.1+9-18) for windows-amd64 JRE (15.0.1+9-18), built on Sep 15 2020 14:43:54 by "mach5one" with unknown MS VC++:1925

END.
