#
# There is insufficient memory for the Java Runtime Environment to continue.
# Native memory allocation (malloc) failed to allocate 32744 bytes for ChunkPool::allocate
# Possible reasons:
#   The system is out of physical RAM or swap space
#   The process is running with CompressedOops enabled, and the Java Heap may be blocking the growth of the native heap
# Possible solutions:
#   Reduce memory load on the system
#   Increase physical memory or swap space
#   Check if swap backing store is full
#   Decrease Java heap size (-Xmx/-Xms)
#   Decrease number of Java threads
#   Decrease Java thread stack sizes (-Xss)
#   Set larger code cache with -XX:ReservedCodeCacheSize=
#   JVM is running with Unscaled Compressed Oops mode in which the Java heap is
#     placed in the first 4GB address space. The Java Heap base address is the
#     maximum limit for the native heap growth. Please use -XX:HeapBaseMinAddress
#     to set the Java Heap base and to place the Java Heap above 4GB virtual address.
# This output file may be truncated or incomplete.
#
#  Out of Memory Error (./open/src/hotspot/share/memory/arena.cpp:79), pid=436, tid=8752
#
# JRE version: Java(TM) SE Runtime Environment (15.0.1+9) (build 15.0.1+9-18)
# Java VM: Java HotSpot(TM) 64-Bit Server VM (15.0.1+9-18, mixed mode, sharing, tiered, compressed oops, g1 gc, windows-amd64)
# No core dump will be written. Minidumps are not enabled by default on client versions of Windows
#

---------------  S U M M A R Y ------------

Command Line: --add-opens=java.base/java.util=ALL-UNNAMED --add-opens=java.base/java.lang=ALL-UNNAMED --add-opens=java.base/java.lang.invoke=ALL-UNNAMED --add-opens=java.prefs/java.util.prefs=ALL-UNNAMED -Xmx2048m -Dfile.encoding=UTF-8 -Duser.country=US -Duser.language=en -Duser.variant org.gradle.launcher.daemon.bootstrap.GradleDaemon 6.5

Host: AMD A4-4300M APU with Radeon(tm) HD Graphics   , 2 cores, 7G,  Windows 10 , 64 bit Build 18362 (10.0.18362.1110)
Time: Fri Dec  4 22:20:02 2020 Egypt Standard Time elapsed time: 21.315208 seconds (0d 0h 0m 21s)

---------------  T H R E A D  ---------------

Current thread (0x000002557f060bd0):  JavaThread "C2 CompilerThread0" daemon [_thread_in_vm, id=8752, stack(0x000000c40d800000,0x000000c40d900000)]


Current CompileTask:
C2:  21315 2053   !   4       java.lang.ClassLoader::loadClass (122 bytes)

Stack: [0x000000c40d800000,0x000000c40d900000]
Native frames: (J=compiled Java code, j=interpreted, Vv=VM code, C=native code)
V  [jvm.dll+0x62ae9a]
V  [jvm.dll+0x781389]
V  [jvm.dll+0x782ae3]
V  [jvm.dll+0x783143]
V  [jvm.dll+0x216265]
V  [jvm.dll+0x9828f]
V  [jvm.dll+0x985dc]
V  [jvm.dll+0x19512e]
V  [jvm.dll+0x195065]
V  [jvm.dll+0x1aa741]
V  [jvm.dll+0x1af9a2]
V  [jvm.dll+0x1ada56]
V  [jvm.dll+0x1afefa]
V  [jvm.dll+0x1af694]
V  [jvm.dll+0x1b04cd]
V  [jvm.dll+0x1af94e]
V  [jvm.dll+0x19ed30]
V  [jvm.dll+0x10148c]
V  [jvm.dll+0x277457]
V  [jvm.dll+0x2776b4]
V  [jvm.dll+0x2791aa]
V  [jvm.dll+0x64362b]
V  [jvm.dll+0x63b16b]
V  [jvm.dll+0x63a797]
V  [jvm.dll+0x6385e5]
V  [jvm.dll+0x17b02c]
V  [jvm.dll+0x27922f]
V  [jvm.dll+0x64362b]
V  [jvm.dll+0x63b16b]
V  [jvm.dll+0x63a797]
V  [jvm.dll+0x6385e5]
V  [jvm.dll+0x17b02c]
V  [jvm.dll+0x17bbf6]
V  [jvm.dll+0x27922f]
V  [jvm.dll+0x64362b]
V  [jvm.dll+0x63b16b]
V  [jvm.dll+0x63a797]
V  [jvm.dll+0x6385e5]
V  [jvm.dll+0x17b02c]
V  [jvm.dll+0x27922f]
V  [jvm.dll+0x64362b]
V  [jvm.dll+0x63b16b]
V  [jvm.dll+0x63a797]
V  [jvm.dll+0x6385e5]
V  [jvm.dll+0x17b02c]
V  [jvm.dll+0x27922f]
V  [jvm.dll+0x64362b]
V  [jvm.dll+0x63b16b]
V  [jvm.dll+0x63a797]
V  [jvm.dll+0x6385e5]
V  [jvm.dll+0x17b02c]
V  [jvm.dll+0x27922f]
V  [jvm.dll+0x64362b]
V  [jvm.dll+0x63b16b]
V  [jvm.dll+0x63a797]
V  [jvm.dll+0x6385e5]
V  [jvm.dll+0x17b02c]
V  [jvm.dll+0x27922f]
V  [jvm.dll+0x64362b]
V  [jvm.dll+0x63b16b]
V  [jvm.dll+0x63a797]
V  [jvm.dll+0x6385e5]
V  [jvm.dll+0x17b02c]
V  [jvm.dll+0x27922f]
V  [jvm.dll+0x64362b]
V  [jvm.dll+0x63b16b]
V  [jvm.dll+0x63a797]
V  [jvm.dll+0x6385e5]
V  [jvm.dll+0x17b02c]
V  [jvm.dll+0x27922f]
V  [jvm.dll+0x64362b]
V  [jvm.dll+0x63b16b]
V  [jvm.dll+0x63a797]
V  [jvm.dll+0x6385e5]
V  [jvm.dll+0x17b02c]
V  [jvm.dll+0x27922f]
V  [jvm.dll+0x64362b]
V  [jvm.dll+0x63b16b]
V  [jvm.dll+0x63a797]
V  [jvm.dll+0x6385e5]
V  [jvm.dll+0x17b02c]
V  [jvm.dll+0x17bbf6]
V  [jvm.dll+0x17bb38]
V  [jvm.dll+0x27922f]
V  [jvm.dll+0x64362b]
V  [jvm.dll+0x63b16b]
V  [jvm.dll+0x63a797]
V  [jvm.dll+0x6385e5]
V  [jvm.dll+0x17b02c]
V  [jvm.dll+0x17bbf6]
V  [jvm.dll+0x27922f]
V  [jvm.dll+0x64362b]
V  [jvm.dll+0x63b16b]
V  [jvm.dll+0x63a797]
V  [jvm.dll+0x6385e5]
V  [jvm.dll+0x17b02c]
V  [jvm.dll+0x1e94c6]
V  [jvm.dll+0x1784c7]
V  [jvm.dll+0x1f9165]
...<more frames>...


---------------  P R O C E S S  ---------------

Threads class SMR info:
_java_thread_list=0x0000025506aad430, length=24, elements={
0x0000025565261300, 0x000002557f03fb50, 0x000002557f042640, 0x000002557f05bb90,
0x000002557f05f470, 0x000002557f05fe30, 0x000002557f060bd0, 0x000002557f9f8120,
0x000002557f0cc0b0, 0x000002557faa90f0, 0x000002557faac720, 0x0000025506fe3a20,
0x00000255070cceb0, 0x00000255067f1070, 0x000002557fb0b0f0, 0x00000255070cd750,
0x000002557fbb8c20, 0x0000025507616820, 0x000002557fbb73f0, 0x000002557fbb78c0,
0x0000025506f3b440, 0x0000025506f3df90, 0x0000025506f3e930, 0x0000025506f3d120
}

Java Threads: ( => current thread )
  0x0000025565261300 JavaThread "main" [_thread_blocked, id=1496, stack(0x000000c40cc00000,0x000000c40cd00000)]
  0x000002557f03fb50 JavaThread "Reference Handler" daemon [_thread_blocked, id=12916, stack(0x000000c40d300000,0x000000c40d400000)]
  0x000002557f042640 JavaThread "Finalizer" daemon [_thread_blocked, id=12576, stack(0x000000c40d400000,0x000000c40d500000)]
  0x000002557f05bb90 JavaThread "Signal Dispatcher" daemon [_thread_blocked, id=12624, stack(0x000000c40d500000,0x000000c40d600000)]
  0x000002557f05f470 JavaThread "Attach Listener" daemon [_thread_blocked, id=12660, stack(0x000000c40d600000,0x000000c40d700000)]
  0x000002557f05fe30 JavaThread "Service Thread" daemon [_thread_blocked, id=2044, stack(0x000000c40d700000,0x000000c40d800000)]
=>0x000002557f060bd0 JavaThread "C2 CompilerThread0" daemon [_thread_in_vm, id=8752, stack(0x000000c40d800000,0x000000c40d900000)]
  0x000002557f9f8120 JavaThread "C1 CompilerThread0" daemon [_thread_blocked, id=9796, stack(0x000000c40d900000,0x000000c40da00000)]
  0x000002557f0cc0b0 JavaThread "Sweeper thread" daemon [_thread_blocked, id=10956, stack(0x000000c40da00000,0x000000c40db00000)]
  0x000002557faa90f0 JavaThread "Common-Cleaner" daemon [_thread_blocked, id=11128, stack(0x000000c40db00000,0x000000c40dc00000)]
  0x000002557faac720 JavaThread "Notification Thread" daemon [_thread_blocked, id=6880, stack(0x000000c40dc00000,0x000000c40dd00000)]
  0x0000025506fe3a20 JavaThread "Daemon health stats" [_thread_blocked, id=10628, stack(0x000000c40df00000,0x000000c40e000000)]
  0x00000255070cceb0 JavaThread "Incoming local TCP Connector on port 52007" [_thread_in_native, id=8020, stack(0x000000c40e200000,0x000000c40e300000)]
  0x00000255067f1070 JavaThread "Daemon periodic checks" [_thread_blocked, id=4248, stack(0x000000c40e300000,0x000000c40e400000)]
  0x000002557fb0b0f0 JavaThread "Daemon" [_thread_blocked, id=11596, stack(0x000000c40e400000,0x000000c40e500000)]
  0x00000255070cd750 JavaThread "Handler for socket connection from /127.0.0.1:52007 to /127.0.0.1:52008" [_thread_in_native, id=12816, stack(0x000000c40e500000,0x000000c40e600000)]
  0x000002557fbb8c20 JavaThread "Cancel handler" [_thread_blocked, id=3956, stack(0x000000c40e600000,0x000000c40e700000)]
  0x0000025507616820 JavaThread "Daemon worker" [_thread_in_vm, id=10440, stack(0x000000c40e700000,0x000000c40e800000)]
  0x000002557fbb73f0 JavaThread "Asynchronous log dispatcher for DefaultDaemonConnection: socket connection from /127.0.0.1:52007 to /127.0.0.1:52008" [_thread_blocked, id=2500, stack(0x000000c40e800000,0x000000c40e900000)]
  0x000002557fbb78c0 JavaThread "Stdin handler" [_thread_blocked, id=4564, stack(0x000000c40e900000,0x000000c40ea00000)]
  0x0000025506f3b440 JavaThread "Thread-8" [_thread_blocked, id=9428, stack(0x000000c40ea00000,0x000000c40eb00000)]
  0x0000025506f3df90 JavaThread "Cache worker for journal cache (C:\Users\Abdulla\.gradle\caches\journal-1)" [_thread_blocked, id=5812, stack(0x000000c40eb00000,0x000000c40ec00000)]
  0x0000025506f3e930 JavaThread "File lock request listener" [_thread_in_native, id=3140, stack(0x000000c40ec00000,0x000000c40ed00000)]
  0x0000025506f3d120 JavaThread "Cache worker for file hash cache (C:\Users\Abdulla\.gradle\caches\6.5\fileHashes)" [_thread_blocked, id=12564, stack(0x000000c40ed00000,0x000000c40ee00000)]

Other Threads:
  0x000002556532e640 VMThread "VM Thread" [stack: 0x000000c40d200000,0x000000c40d300000] [id=7424]
  0x000002557fac2160 WatcherThread [stack: 0x000000c40dd00000,0x000000c40de00000] [id=7016]
  0x000002556529e470 GCTaskThread "GC Thread#0" [stack: 0x000000c40cd00000,0x000000c40ce00000] [id=4228]
  0x000002557fbd24c0 GCTaskThread "GC Thread#1" [stack: 0x000000c40de00000,0x000000c40df00000] [id=6064]
  0x00000255652af650 ConcurrentGCThread "G1 Main Marker" [stack: 0x000000c40ce00000,0x000000c40cf00000] [id=11904]
  0x00000255652b11e0 ConcurrentGCThread "G1 Conc#0" [stack: 0x000000c40cf00000,0x000000c40d000000] [id=10640]
  0x000002556530d630 ConcurrentGCThread "G1 Refine#0" [stack: 0x000000c40d000000,0x000000c40d100000] [id=6512]
  0x000002556530f150 ConcurrentGCThread "G1 Young RemSet Sampling" [stack: 0x000000c40d100000,0x000000c40d200000] [id=1580]

Threads with active compile tasks:
C2 CompilerThread0    21448 2053   !   4       java.lang.ClassLoader::loadClass (122 bytes)
C1 CompilerThread0    21449 2064       3       sun.reflect.generics.parser.SignatureParser::parseClassTypeSignature (118 bytes)

VM state: not at safepoint (normal execution)

VM Mutex/Monitor currently owned by a thread: None

Heap address: 0x0000000080000000, size: 2048 MB, Compressed Oops mode: 32-bit
CDS archive(s) mapped at: [0x0000000800000000-0x0000000800b50000-0x0000000800b50000), size 11862016, SharedBaseAddress: 0x0000000800000000, ArchiveRelocationMode: 0.
Compressed class space mapped at: 0x0000000800b50000-0x0000000840b50000, size: 1073741824
Narrow klass base: 0x0000000800000000, Narrow klass shift: 3, Narrow klass range: 0x100000000

GC Precious Log:
 CPUs: 2 total, 2 available
 Memory: 7369M
 Large Page Support: Disabled
 NUMA Support: Disabled
 Compressed Oops: Enabled (32-bit)
 Heap Region Size: 1M
 Heap Min Capacity: 8M
 Heap Initial Capacity: 116M
 Heap Max Capacity: 2G
 Pre-touch: Disabled
 Parallel Workers: 2
 Concurrent Workers: 1
 Concurrent Refinement Workers: 2
 Periodic GC: Disabled

Heap:
 garbage-first heap   total 118784K, used 28756K [0x0000000080000000, 0x0000000100000000)
  region size 1024K, 22 young (22528K), 8 survivors (8192K)
 Metaspace       used 14163K, capacity 14630K, committed 14848K, reserved 1062912K
  class space    used 1876K, capacity 2033K, committed 2048K, reserved 1048576K

Heap Regions: E=young(eden), S=young(survivor), O=old, HS=humongous(starts), HC=humongous(continues), CS=collection set, F=free, OA=open archive, CA=closed archive, TAMS=top-at-mark-start (previous, next)
|   0|0x0000000080000000, 0x0000000080100000, 0x0000000080100000|100%| O|  |TAMS 0x0000000080000000, 0x0000000080000000| Untracked 
|   1|0x0000000080100000, 0x0000000080115200, 0x0000000080200000|  8%| O|  |TAMS 0x0000000080100000, 0x0000000080100000| Untracked 
|   2|0x0000000080200000, 0x0000000080300000, 0x0000000080300000|100%|HS|  |TAMS 0x0000000080200000, 0x0000000080200000| Complete 
|   3|0x0000000080300000, 0x0000000080300000, 0x0000000080400000|  0%| F|  |TAMS 0x0000000080300000, 0x0000000080300000| Untracked 
|   4|0x0000000080400000, 0x0000000080500000, 0x0000000080500000|100%|HS|  |TAMS 0x0000000080400000, 0x0000000080400000| Complete 
|   5|0x0000000080500000, 0x0000000080600000, 0x0000000080600000|100%|HC|  |TAMS 0x0000000080500000, 0x0000000080500000| Complete 
|   6|0x0000000080600000, 0x0000000080700000, 0x0000000080700000|100%|HC|  |TAMS 0x0000000080600000, 0x0000000080600000| Complete 
|   7|0x0000000080700000, 0x0000000080800000, 0x0000000080800000|100%| O|  |TAMS 0x0000000080700000, 0x0000000080700000| Untracked 
|   8|0x0000000080800000, 0x0000000080900000, 0x0000000080900000|100%| O|  |TAMS 0x0000000080800000, 0x0000000080800000| Untracked 
|   9|0x0000000080900000, 0x0000000080a00000, 0x0000000080a00000|100%| O|  |TAMS 0x0000000080900000, 0x0000000080900000| Untracked 
|  10|0x0000000080a00000, 0x0000000080a00000, 0x0000000080b00000|  0%| F|  |TAMS 0x0000000080a00000, 0x0000000080a00000| Untracked 
|  11|0x0000000080b00000, 0x0000000080b00000, 0x0000000080c00000|  0%| F|  |TAMS 0x0000000080b00000, 0x0000000080b00000| Untracked 
|  12|0x0000000080c00000, 0x0000000080c00000, 0x0000000080d00000|  0%| F|  |TAMS 0x0000000080c00000, 0x0000000080c00000| Untracked 
|  13|0x0000000080d00000, 0x0000000080d00000, 0x0000000080e00000|  0%| F|  |TAMS 0x0000000080d00000, 0x0000000080d00000| Untracked 
|  14|0x0000000080e00000, 0x0000000080e00000, 0x0000000080f00000|  0%| F|  |TAMS 0x0000000080e00000, 0x0000000080e00000| Untracked 
|  15|0x0000000080f00000, 0x0000000080f00000, 0x0000000081000000|  0%| F|  |TAMS 0x0000000080f00000, 0x0000000080f00000| Untracked 
|  16|0x0000000081000000, 0x0000000081000000, 0x0000000081100000|  0%| F|  |TAMS 0x0000000081000000, 0x0000000081000000| Untracked 
|  17|0x0000000081100000, 0x0000000081100000, 0x0000000081200000|  0%| F|  |TAMS 0x0000000081100000, 0x0000000081100000| Untracked 
|  18|0x0000000081200000, 0x0000000081200000, 0x0000000081300000|  0%| F|  |TAMS 0x0000000081200000, 0x0000000081200000| Untracked 
|  19|0x0000000081300000, 0x0000000081300000, 0x0000000081400000|  0%| F|  |TAMS 0x0000000081300000, 0x0000000081300000| Untracked 
|  20|0x0000000081400000, 0x0000000081400000, 0x0000000081500000|  0%| F|  |TAMS 0x0000000081400000, 0x0000000081400000| Untracked 
|  21|0x0000000081500000, 0x0000000081500000, 0x0000000081600000|  0%| F|  |TAMS 0x0000000081500000, 0x0000000081500000| Untracked 
|  22|0x0000000081600000, 0x0000000081600000, 0x0000000081700000|  0%| F|  |TAMS 0x0000000081600000, 0x0000000081600000| Untracked 
|  23|0x0000000081700000, 0x0000000081700000, 0x0000000081800000|  0%| F|  |TAMS 0x0000000081700000, 0x0000000081700000| Untracked 
|  24|0x0000000081800000, 0x0000000081800000, 0x0000000081900000|  0%| F|  |TAMS 0x0000000081800000, 0x0000000081800000| Untracked 
|  25|0x0000000081900000, 0x0000000081900000, 0x0000000081a00000|  0%| F|  |TAMS 0x0000000081900000, 0x0000000081900000| Untracked 
|  26|0x0000000081a00000, 0x0000000081a00000, 0x0000000081b00000|  0%| F|  |TAMS 0x0000000081a00000, 0x0000000081a00000| Untracked 
|  27|0x0000000081b00000, 0x0000000081b00000, 0x0000000081c00000|  0%| F|  |TAMS 0x0000000081b00000, 0x0000000081b00000| Untracked 
|  28|0x0000000081c00000, 0x0000000081c00000, 0x0000000081d00000|  0%| F|  |TAMS 0x0000000081c00000, 0x0000000081c00000| Untracked 
|  29|0x0000000081d00000, 0x0000000081d00000, 0x0000000081e00000|  0%| F|  |TAMS 0x0000000081d00000, 0x0000000081d00000| Untracked 
|  30|0x0000000081e00000, 0x0000000081e00000, 0x0000000081f00000|  0%| F|  |TAMS 0x0000000081e00000, 0x0000000081e00000| Untracked 
|  31|0x0000000081f00000, 0x0000000081f00000, 0x0000000082000000|  0%| F|  |TAMS 0x0000000081f00000, 0x0000000081f00000| Untracked 
|  32|0x0000000082000000, 0x0000000082000000, 0x0000000082100000|  0%| F|  |TAMS 0x0000000082000000, 0x0000000082000000| Untracked 
|  33|0x0000000082100000, 0x0000000082100000, 0x0000000082200000|  0%| F|  |TAMS 0x0000000082100000, 0x0000000082100000| Untracked 
|  34|0x0000000082200000, 0x0000000082200000, 0x0000000082300000|  0%| F|  |TAMS 0x0000000082200000, 0x0000000082200000| Untracked 
|  35|0x0000000082300000, 0x0000000082300000, 0x0000000082400000|  0%| F|  |TAMS 0x0000000082300000, 0x0000000082300000| Untracked 
|  36|0x0000000082400000, 0x0000000082400000, 0x0000000082500000|  0%| F|  |TAMS 0x0000000082400000, 0x0000000082400000| Untracked 
|  37|0x0000000082500000, 0x0000000082500000, 0x0000000082600000|  0%| F|  |TAMS 0x0000000082500000, 0x0000000082500000| Untracked 
|  38|0x0000000082600000, 0x0000000082600000, 0x0000000082700000|  0%| F|  |TAMS 0x0000000082600000, 0x0000000082600000| Untracked 
|  39|0x0000000082700000, 0x0000000082700000, 0x0000000082800000|  0%| F|  |TAMS 0x0000000082700000, 0x0000000082700000| Untracked 
|  40|0x0000000082800000, 0x0000000082800000, 0x0000000082900000|  0%| F|  |TAMS 0x0000000082800000, 0x0000000082800000| Untracked 
|  41|0x0000000082900000, 0x0000000082900000, 0x0000000082a00000|  0%| F|  |TAMS 0x0000000082900000, 0x0000000082900000| Untracked 
|  42|0x0000000082a00000, 0x0000000082a00000, 0x0000000082b00000|  0%| F|  |TAMS 0x0000000082a00000, 0x0000000082a00000| Untracked 
|  43|0x0000000082b00000, 0x0000000082b00000, 0x0000000082c00000|  0%| F|  |TAMS 0x0000000082b00000, 0x0000000082b00000| Untracked 
|  44|0x0000000082c00000, 0x0000000082c00000, 0x0000000082d00000|  0%| F|  |TAMS 0x0000000082c00000, 0x0000000082c00000| Untracked 
|  45|0x0000000082d00000, 0x0000000082d00000, 0x0000000082e00000|  0%| F|  |TAMS 0x0000000082d00000, 0x0000000082d00000| Untracked 
|  46|0x0000000082e00000, 0x0000000082e00000, 0x0000000082f00000|  0%| F|  |TAMS 0x0000000082e00000, 0x0000000082e00000| Untracked 
|  47|0x0000000082f00000, 0x0000000082f00000, 0x0000000083000000|  0%| F|  |TAMS 0x0000000082f00000, 0x0000000082f00000| Untracked 
|  48|0x0000000083000000, 0x0000000083100000, 0x0000000083100000|100%| S|CS|TAMS 0x0000000083000000, 0x0000000083000000| Complete 
|  49|0x0000000083100000, 0x0000000083200000, 0x0000000083200000|100%| S|CS|TAMS 0x0000000083100000, 0x0000000083100000| Complete 
|  50|0x0000000083200000, 0x0000000083300000, 0x0000000083300000|100%| S|CS|TAMS 0x0000000083200000, 0x0000000083200000| Complete 
|  51|0x0000000083300000, 0x0000000083400000, 0x0000000083400000|100%| S|CS|TAMS 0x0000000083300000, 0x0000000083300000| Complete 
|  52|0x0000000083400000, 0x0000000083500000, 0x0000000083500000|100%| S|CS|TAMS 0x0000000083400000, 0x0000000083400000| Complete 
|  53|0x0000000083500000, 0x0000000083600000, 0x0000000083600000|100%| S|CS|TAMS 0x0000000083500000, 0x0000000083500000| Complete 
|  54|0x0000000083600000, 0x0000000083700000, 0x0000000083700000|100%| S|CS|TAMS 0x0000000083600000, 0x0000000083600000| Complete 
|  55|0x0000000083700000, 0x0000000083800000, 0x0000000083800000|100%| S|CS|TAMS 0x0000000083700000, 0x0000000083700000| Complete 
|  56|0x0000000083800000, 0x0000000083800000, 0x0000000083900000|  0%| F|  |TAMS 0x0000000083800000, 0x0000000083800000| Untracked 
|  57|0x0000000083900000, 0x0000000083900000, 0x0000000083a00000|  0%| F|  |TAMS 0x0000000083900000, 0x0000000083900000| Untracked 
|  58|0x0000000083a00000, 0x0000000083a00000, 0x0000000083b00000|  0%| F|  |TAMS 0x0000000083a00000, 0x0000000083a00000| Untracked 
|  59|0x0000000083b00000, 0x0000000083b00000, 0x0000000083c00000|  0%| F|  |TAMS 0x0000000083b00000, 0x0000000083b00000| Untracked 
|  60|0x0000000083c00000, 0x0000000083c00000, 0x0000000083d00000|  0%| F|  |TAMS 0x0000000083c00000, 0x0000000083c00000| Untracked 
|  61|0x0000000083d00000, 0x0000000083d00000, 0x0000000083e00000|  0%| F|  |TAMS 0x0000000083d00000, 0x0000000083d00000| Untracked 
|  62|0x0000000083e00000, 0x0000000083e00000, 0x0000000083f00000|  0%| F|  |TAMS 0x0000000083e00000, 0x0000000083e00000| Untracked 
|  63|0x0000000083f00000, 0x0000000083f00000, 0x0000000084000000|  0%| F|  |TAMS 0x0000000083f00000, 0x0000000083f00000| Untracked 
|  64|0x0000000084000000, 0x0000000084000000, 0x0000000084100000|  0%| F|  |TAMS 0x0000000084000000, 0x0000000084000000| Untracked 
|  65|0x0000000084100000, 0x0000000084100000, 0x0000000084200000|  0%| F|  |TAMS 0x0000000084100000, 0x0000000084100000| Untracked 
|  66|0x0000000084200000, 0x0000000084200000, 0x0000000084300000|  0%| F|  |TAMS 0x0000000084200000, 0x0000000084200000| Untracked 
|  67|0x0000000084300000, 0x0000000084300000, 0x0000000084400000|  0%| F|  |TAMS 0x0000000084300000, 0x0000000084300000| Untracked 
|  68|0x0000000084400000, 0x0000000084400000, 0x0000000084500000|  0%| F|  |TAMS 0x0000000084400000, 0x0000000084400000| Untracked 
|  69|0x0000000084500000, 0x0000000084500000, 0x0000000084600000|  0%| F|  |TAMS 0x0000000084500000, 0x0000000084500000| Untracked 
|  70|0x0000000084600000, 0x0000000084600000, 0x0000000084700000|  0%| F|  |TAMS 0x0000000084600000, 0x0000000084600000| Untracked 
|  71|0x0000000084700000, 0x0000000084700000, 0x0000000084800000|  0%| F|  |TAMS 0x0000000084700000, 0x0000000084700000| Untracked 
|  72|0x0000000084800000, 0x0000000084800000, 0x0000000084900000|  0%| F|  |TAMS 0x0000000084800000, 0x0000000084800000| Untracked 
|  73|0x0000000084900000, 0x0000000084900000, 0x0000000084a00000|  0%| F|  |TAMS 0x0000000084900000, 0x0000000084900000| Untracked 
|  74|0x0000000084a00000, 0x0000000084a00000, 0x0000000084b00000|  0%| F|  |TAMS 0x0000000084a00000, 0x0000000084a00000| Untracked 
|  75|0x0000000084b00000, 0x0000000084b00000, 0x0000000084c00000|  0%| F|  |TAMS 0x0000000084b00000, 0x0000000084b00000| Untracked 
|  76|0x0000000084c00000, 0x0000000084c00000, 0x0000000084d00000|  0%| F|  |TAMS 0x0000000084c00000, 0x0000000084c00000| Untracked 
|  77|0x0000000084d00000, 0x0000000084d00000, 0x0000000084e00000|  0%| F|  |TAMS 0x0000000084d00000, 0x0000000084d00000| Untracked 
|  78|0x0000000084e00000, 0x0000000084e00000, 0x0000000084f00000|  0%| F|  |TAMS 0x0000000084e00000, 0x0000000084e00000| Untracked 
|  79|0x0000000084f00000, 0x0000000084f00000, 0x0000000085000000|  0%| F|  |TAMS 0x0000000084f00000, 0x0000000084f00000| Untracked 
|  80|0x0000000085000000, 0x0000000085000000, 0x0000000085100000|  0%| F|  |TAMS 0x0000000085000000, 0x0000000085000000| Untracked 
|  81|0x0000000085100000, 0x0000000085100000, 0x0000000085200000|  0%| F|  |TAMS 0x0000000085100000, 0x0000000085100000| Untracked 
|  82|0x0000000085200000, 0x0000000085200000, 0x0000000085300000|  0%| F|  |TAMS 0x0000000085200000, 0x0000000085200000| Untracked 
|  83|0x0000000085300000, 0x0000000085300000, 0x0000000085400000|  0%| F|  |TAMS 0x0000000085300000, 0x0000000085300000| Untracked 
|  84|0x0000000085400000, 0x0000000085400000, 0x0000000085500000|  0%| F|  |TAMS 0x0000000085400000, 0x0000000085400000| Untracked 
|  85|0x0000000085500000, 0x0000000085500000, 0x0000000085600000|  0%| F|  |TAMS 0x0000000085500000, 0x0000000085500000| Untracked 
|  86|0x0000000085600000, 0x0000000085600000, 0x0000000085700000|  0%| F|  |TAMS 0x0000000085600000, 0x0000000085600000| Untracked 
|  87|0x0000000085700000, 0x0000000085700000, 0x0000000085800000|  0%| F|  |TAMS 0x0000000085700000, 0x0000000085700000| Untracked 
|  88|0x0000000085800000, 0x0000000085800000, 0x0000000085900000|  0%| F|  |TAMS 0x0000000085800000, 0x0000000085800000| Untracked 
|  89|0x0000000085900000, 0x0000000085900000, 0x0000000085a00000|  0%| F|  |TAMS 0x0000000085900000, 0x0000000085900000| Untracked 
|  90|0x0000000085a00000, 0x0000000085a00000, 0x0000000085b00000|  0%| F|  |TAMS 0x0000000085a00000, 0x0000000085a00000| Untracked 
|  91|0x0000000085b00000, 0x0000000085b00000, 0x0000000085c00000|  0%| F|  |TAMS 0x0000000085b00000, 0x0000000085b00000| Untracked 
|  92|0x0000000085c00000, 0x0000000085c00000, 0x0000000085d00000|  0%| F|  |TAMS 0x0000000085c00000, 0x0000000085c00000| Untracked 
|  93|0x0000000085d00000, 0x0000000085d00000, 0x0000000085e00000|  0%| F|  |TAMS 0x0000000085d00000, 0x0000000085d00000| Untracked 
|  94|0x0000000085e00000, 0x0000000085e00000, 0x0000000085f00000|  0%| F|  |TAMS 0x0000000085e00000, 0x0000000085e00000| Untracked 
|  95|0x0000000085f00000, 0x0000000085f00000, 0x0000000086000000|  0%| F|  |TAMS 0x0000000085f00000, 0x0000000085f00000| Untracked 
|  96|0x0000000086000000, 0x0000000086000000, 0x0000000086100000|  0%| F|  |TAMS 0x0000000086000000, 0x0000000086000000| Untracked 
|  97|0x0000000086100000, 0x0000000086100000, 0x0000000086200000|  0%| F|  |TAMS 0x0000000086100000, 0x0000000086100000| Untracked 
|  98|0x0000000086200000, 0x0000000086200000, 0x0000000086300000|  0%| F|  |TAMS 0x0000000086200000, 0x0000000086200000| Untracked 
|  99|0x0000000086300000, 0x0000000086300000, 0x0000000086400000|  0%| F|  |TAMS 0x0000000086300000, 0x0000000086300000| Untracked 
| 100|0x0000000086400000, 0x0000000086400000, 0x0000000086500000|  0%| F|  |TAMS 0x0000000086400000, 0x0000000086400000| Untracked 
| 101|0x0000000086500000, 0x0000000086500000, 0x0000000086600000|  0%| F|  |TAMS 0x0000000086500000, 0x0000000086500000| Untracked 
| 102|0x0000000086600000, 0x00000000866d32a0, 0x0000000086700000| 82%| E|  |TAMS 0x0000000086600000, 0x0000000086600000| Complete 
| 103|0x0000000086700000, 0x0000000086800000, 0x0000000086800000|100%| E|CS|TAMS 0x0000000086700000, 0x0000000086700000| Complete 
| 104|0x0000000086800000, 0x0000000086900000, 0x0000000086900000|100%| E|CS|TAMS 0x0000000086800000, 0x0000000086800000| Complete 
| 105|0x0000000086900000, 0x0000000086a00000, 0x0000000086a00000|100%| E|CS|TAMS 0x0000000086900000, 0x0000000086900000| Complete 
| 106|0x0000000086a00000, 0x0000000086b00000, 0x0000000086b00000|100%| E|CS|TAMS 0x0000000086a00000, 0x0000000086a00000| Complete 
| 107|0x0000000086b00000, 0x0000000086c00000, 0x0000000086c00000|100%| E|CS|TAMS 0x0000000086b00000, 0x0000000086b00000| Complete 
| 108|0x0000000086c00000, 0x0000000086d00000, 0x0000000086d00000|100%| E|CS|TAMS 0x0000000086c00000, 0x0000000086c00000| Complete 
| 109|0x0000000086d00000, 0x0000000086e00000, 0x0000000086e00000|100%| E|CS|TAMS 0x0000000086d00000, 0x0000000086d00000| Complete 
| 110|0x0000000086e00000, 0x0000000086f00000, 0x0000000086f00000|100%| E|CS|TAMS 0x0000000086e00000, 0x0000000086e00000| Complete 
| 111|0x0000000086f00000, 0x0000000087000000, 0x0000000087000000|100%| E|  |TAMS 0x0000000086f00000, 0x0000000086f00000| Complete 
| 112|0x0000000087000000, 0x0000000087100000, 0x0000000087100000|100%| E|CS|TAMS 0x0000000087000000, 0x0000000087000000| Complete 
| 113|0x0000000087100000, 0x0000000087200000, 0x0000000087200000|100%| E|CS|TAMS 0x0000000087100000, 0x0000000087100000| Complete 
| 114|0x0000000087200000, 0x0000000087300000, 0x0000000087300000|100%| E|CS|TAMS 0x0000000087200000, 0x0000000087200000| Complete 
| 115|0x0000000087300000, 0x0000000087400000, 0x0000000087400000|100%| E|CS|TAMS 0x0000000087300000, 0x0000000087300000| Complete 

Card table byte_map: [0x000002557e460000,0x000002557e860000] _byte_map_base: 0x000002557e060000

Marking Bits (Prev, Next): (CMBitMap*) 0x000002556529ebf0, (CMBitMap*) 0x000002556529ec30
 Prev Bits: [0x0000025500000000, 0x0000025502000000)
 Next Bits: [0x0000025502000000, 0x0000025504000000)

Polling page: 0x0000025565030000

Metaspace:

Usage:
  Non-class:     12.30 MB capacity,    12.00 MB ( 98%) used,   287.83 KB (  2%) free+waste,    22.13 KB ( <1%) overhead. 
      Class:      1.99 MB capacity,     1.83 MB ( 92%) used,   145.97 KB (  7%) free+waste,    10.69 KB ( <1%) overhead. 
       Both:     14.29 MB capacity,    13.83 MB ( 97%) used,   433.80 KB (  3%) free+waste,    32.81 KB ( <1%) overhead. 

Virtual space:
  Non-class space:       14.00 MB reserved,      12.50 MB ( 89%) committed 
      Class space:        1.00 GB reserved,       2.00 MB ( <1%) committed 
             Both:        1.01 GB reserved,      14.50 MB (  1%) committed 

Chunk freelists:
   Non-Class:  11.00 KB
       Class:  15.00 KB
        Both:  26.00 KB

MaxMetaspaceSize: 17179869184.00 GB
CompressedClassSpaceSize: 1.00 GB

CodeHeap 'non-profiled nmethods': size=120064Kb used=884Kb max_used=884Kb free=119179Kb
 bounds [0x0000025576720000, 0x0000025576990000, 0x000002557dc60000]
CodeHeap 'profiled nmethods': size=120000Kb used=4092Kb max_used=4092Kb free=115907Kb
 bounds [0x000002556f1f0000, 0x000002556f5f0000, 0x0000025576720000]
CodeHeap 'non-nmethods': size=5696Kb used=1211Kb max_used=1223Kb free=4485Kb
 bounds [0x000002556ec60000, 0x000002556eed0000, 0x000002556f1f0000]
 total_blobs=2527 nmethods=2051 adapters=389
 compilation: enabled
              stopped_count=0, restarted_count=0
 full_count=0

Compilation events (20 events):
Event: 21.158 Thread 0x000002557f9f8120 2051       3       org.gradle.initialization.MixInLegacyTypesClassLoader::shouldTransform (42 bytes)
Event: 21.159 Thread 0x000002557f9f8120 nmethod 2051 0x000002556f5e8190 code [0x000002556f5e8360, 0x000002556f5e8798]
Event: 21.184 Thread 0x000002557f060bd0 2052   !   4       java.util.concurrent.ConcurrentHashMap::putVal (432 bytes)
Event: 21.248 Thread 0x000002557f9f8120 2054       3       java.util.LinkedList::unlink (91 bytes)
Event: 21.248 Thread 0x000002557f9f8120 nmethod 2054 0x000002556f5e8910 code [0x000002556f5e8ac0, 0x000002556f5e8e98]
Event: 21.250 Thread 0x000002557f9f8120 2055       3       java.lang.Class::forName (47 bytes)
Event: 21.251 Thread 0x000002557f9f8120 nmethod 2055 0x000002556f5e9010 code [0x000002556f5e9200, 0x000002556f5e96e8]
Event: 21.252 Thread 0x000002557f9f8120 2056       3       org.gradle.internal.service.AbstractServiceMethod::<init> (42 bytes)
Event: 21.256 Thread 0x000002557f9f8120 nmethod 2056 0x000002556f5e9910 code [0x000002556f5e9c80, 0x000002556f5eb848]
Event: 21.257 Thread 0x000002557f9f8120 2057       1       sun.reflect.generics.repository.AbstractRepository::getFactory (5 bytes)
Event: 21.257 Thread 0x000002557f9f8120 nmethod 2057 0x00000255767fab10 code [0x00000255767faca0, 0x00000255767fad58]
Event: 21.258 Thread 0x000002557f9f8120 2058       3       sun.reflect.generics.parser.SignatureParser::parsePackageNameAndSimpleClassTypeSignature (119 bytes)
Event: 21.259 Thread 0x000002557f9f8120 nmethod 2058 0x000002556f5ec010 code [0x000002556f5ec300, 0x000002556f5ecda8]
Event: 21.260 Thread 0x000002557f9f8120 2059       3       java.lang.StringBuilder::<init> (6 bytes)
Event: 21.260 Thread 0x000002557f9f8120 nmethod 2059 0x000002556f5ed210 code [0x000002556f5ed3c0, 0x000002556f5ed4e8]
Event: 21.261 Thread 0x000002557f9f8120 2060       3       java.lang.AbstractStringBuilder::<init> (63 bytes)
Event: 21.262 Thread 0x000002557f9f8120 nmethod 2060 0x000002556f5ed590 code [0x000002556f5ed780, 0x000002556f5edd18]
Event: 21.271 Thread 0x000002557f060bd0 nmethod 2052 0x00000255767fae10 code [0x00000255767fb020, 0x00000255767fc5d0]
Event: 21.271 Thread 0x000002557f060bd0 2053   !   4       java.lang.ClassLoader::loadClass (122 bytes)
Event: 21.311 Thread 0x000002557f9f8120 2061       3       java.util.stream.StreamSupport::stream (19 bytes)

GC Heap History (8 events):
Event: 2.425 GC heap before
{Heap before GC invocations=0 (full 0):
 garbage-first heap   total 118784K, used 6144K [0x0000000080000000, 0x0000000100000000)
  region size 1024K, 6 young (6144K), 0 survivors (0K)
 Metaspace       used 764K, capacity 4737K, committed 4864K, reserved 1056768K
  class space    used 67K, capacity 427K, committed 512K, reserved 1048576K
}
Event: 2.923 GC heap after
{Heap after GC invocations=1 (full 0):
 garbage-first heap   total 118784K, used 1340K [0x0000000080000000, 0x0000000100000000)
  region size 1024K, 1 young (1024K), 1 survivors (1024K)
 Metaspace       used 764K, capacity 4737K, committed 4864K, reserved 1056768K
  class space    used 67K, capacity 427K, committed 512K, reserved 1048576K
}
Event: 4.445 GC heap before
{Heap before GC invocations=1 (full 0):
 garbage-first heap   total 118784K, used 12604K [0x0000000080000000, 0x0000000100000000)
  region size 1024K, 7 young (7168K), 1 survivors (1024K)
 Metaspace       used 1594K, capacity 5081K, committed 5120K, reserved 1056768K
  class space    used 152K, capacity 499K, committed 512K, reserved 1048576K
}
Event: 4.458 GC heap after
{Heap after GC invocations=2 (full 0):
 garbage-first heap   total 118784K, used 7984K [0x0000000080000000, 0x0000000100000000)
  region size 1024K, 1 young (1024K), 1 survivors (1024K)
 Metaspace       used 1594K, capacity 5081K, committed 5120K, reserved 1056768K
  class space    used 152K, capacity 499K, committed 512K, reserved 1048576K
}
Event: 7.132 GC heap before
{Heap before GC invocations=2 (full 0):
 garbage-first heap   total 118784K, used 17200K [0x0000000080000000, 0x0000000100000000)
  region size 1024K, 10 young (10240K), 1 survivors (1024K)
 Metaspace       used 3864K, capacity 6533K, committed 6656K, reserved 1056768K
  class space    used 475K, capacity 727K, committed 768K, reserved 1048576K
}
Event: 7.139 GC heap after
{Heap after GC invocations=3 (full 0):
 garbage-first heap   total 118784K, used 8218K [0x0000000080000000, 0x0000000100000000)
  region size 1024K, 2 young (2048K), 2 survivors (2048K)
 Metaspace       used 3864K, capacity 6533K, committed 6656K, reserved 1056768K
  class space    used 475K, capacity 727K, committed 768K, reserved 1048576K
}
Event: 19.802 GC heap before
{Heap before GC invocations=3 (full 0):
 garbage-first heap   total 118784K, used 67610K [0x0000000080000000, 0x0000000100000000)
  region size 1024K, 60 young (61440K), 2 survivors (2048K)
 Metaspace       used 11239K, capacity 11583K, committed 11648K, reserved 1058816K
  class space    used 1538K, capacity 1633K, committed 1664K, reserved 1048576K
}
Event: 19.832 GC heap after
{Heap after GC invocations=4 (full 0):
 garbage-first heap   total 118784K, used 15444K [0x0000000080000000, 0x0000000100000000)
  region size 1024K, 8 young (8192K), 8 survivors (8192K)
 Metaspace       used 11239K, capacity 11583K, committed 11648K, reserved 1058816K
  class space    used 1538K, capacity 1633K, committed 1664K, reserved 1048576K
}

Deoptimization events (20 events):
Event: 20.179 Thread 0x0000025506f3e930 Uncommon trap: trap_request=0xffffffc6 fr.pc=0x00000255767e1248 relative=0x00000000000015c8
Event: 20.179 Thread 0x0000025506f3e930 Uncommon trap: reason=bimorphic_or_optimized_type_check action=maybe_recompile pc=0x00000255767e1248 method=java.util.HashMap.putVal(ILjava/lang/Object;Ljava/lang/Object;ZZ)Ljava/lang/Object; @ 91 c2
Event: 20.179 Thread 0x0000025506f3e930 DEOPT PACKING pc=0x00000255767e1248 sp=0x000000c40ecfeec0
Event: 20.179 Thread 0x0000025506f3e930 DEOPT UNPACKING pc=0x000002556ecae12f sp=0x000000c40ecfee80 mode 2
Event: 20.402 Thread 0x0000025506f3e930 Uncommon trap: trap_request=0xffffffc6 fr.pc=0x00000255767e1248 relative=0x00000000000015c8
Event: 20.402 Thread 0x0000025506f3e930 Uncommon trap: reason=bimorphic_or_optimized_type_check action=maybe_recompile pc=0x00000255767e1248 method=java.util.HashMap.putVal(ILjava/lang/Object;Ljava/lang/Object;ZZ)Ljava/lang/Object; @ 91 c2
Event: 20.402 Thread 0x0000025506f3e930 DEOPT PACKING pc=0x00000255767e1248 sp=0x000000c40ecfeec0
Event: 20.402 Thread 0x0000025506f3e930 DEOPT UNPACKING pc=0x000002556ecae12f sp=0x000000c40ecfee80 mode 2
Event: 20.539 Thread 0x0000025507616820 Uncommon trap: trap_request=0xffffffc6 fr.pc=0x000002557677ed24 relative=0x0000000000000084
Event: 20.539 Thread 0x0000025507616820 Uncommon trap: reason=bimorphic_or_optimized_type_check action=maybe_recompile pc=0x000002557677ed24 method=java.util.AbstractList$Itr.hasNext()Z @ 8 c2
Event: 20.539 Thread 0x0000025507616820 DEOPT PACKING pc=0x000002557677ed24 sp=0x000000c40e7fbab0
Event: 20.539 Thread 0x0000025507616820 DEOPT UNPACKING pc=0x000002556ecae12f sp=0x000000c40e7fba48 mode 2
Event: 20.539 Thread 0x0000025507616820 Uncommon trap: trap_request=0xffffffc6 fr.pc=0x000002557677f0b4 relative=0x0000000000000114
Event: 20.539 Thread 0x0000025507616820 Uncommon trap: reason=bimorphic_or_optimized_type_check action=maybe_recompile pc=0x000002557677f0b4 method=java.util.AbstractList$Itr.next()Ljava/lang/Object; @ 14 c2
Event: 20.539 Thread 0x0000025507616820 DEOPT PACKING pc=0x000002557677f0b4 sp=0x000000c40e7fbaa0
Event: 20.539 Thread 0x0000025507616820 DEOPT UNPACKING pc=0x000002556ecae12f sp=0x000000c40e7fba38 mode 2
Event: 20.542 Thread 0x0000025507616820 Uncommon trap: trap_request=0xffffff45 fr.pc=0x000002557677fda4 relative=0x0000000000000564
Event: 20.542 Thread 0x0000025507616820 Uncommon trap: reason=unstable_if action=reinterpret pc=0x000002557677fda4 method=java.io.File.getName()Ljava/lang/String; @ 16 c2
Event: 20.542 Thread 0x0000025507616820 DEOPT PACKING pc=0x000002557677fda4 sp=0x000000c40e7fc5b0
Event: 20.542 Thread 0x0000025507616820 DEOPT UNPACKING pc=0x000002556ecae12f sp=0x000000c40e7fc580 mode 2

Classes unloaded (0 events):
No events

Classes redefined (0 events):
No events

Internal exceptions (20 events):
Event: 17.074 Thread 0x00000255070cd750 Exception <a 'java/lang/NoSuchMethodError'{0x00000000844fd430}: static Lorg/gradle/tooling/internal/provider/serialization/ClassLoaderDetails;.<clinit>()V> (0x00000000844fd430) 
thrown [./open/src/hotspot/share/prims/jni.cpp, line 1204]
Event: 17.177 Thread 0x00000255070cd750 Exception <a 'java/lang/NoSuchMethodError'{0x0000000084314638}: static Lorg/gradle/internal/classloader/ClassLoaderSpec;.<clinit>()V> (0x0000000084314638) 
thrown [./open/src/hotspot/share/prims/jni.cpp, line 1204]
Event: 17.182 Thread 0x00000255070cd750 Exception <a 'java/lang/NoSuchMethodError'{0x000000008431d780}: static Lorg/gradle/tooling/internal/provider/serialization/WellKnownClassLoaderRegistry$KnownClassLoaderSpec;.<clinit>()V> (0x000000008431d780) 
thrown [./open/src/hotspot/share/prims/jni.cpp, line 1204]
Event: 17.221 Thread 0x00000255070cd750 Exception <a 'java/lang/NoSuchMethodError'{0x00000000843325f8}: static Lorg/gradle/tooling/internal/provider/serialization/ClientOwnedClassLoaderSpec;.<clinit>()V> (0x00000000843325f8) 
thrown [./open/src/hotspot/share/prims/jni.cpp, line 1204]
Event: 17.349 Thread 0x00000255070cd750 Exception <a 'java/lang/NoSuchMethodError'{0x0000000084372f20}: static Ljava/lang/Object;.<clinit>()V> (0x0000000084372f20) 
thrown [./open/src/hotspot/share/prims/jni.cpp, line 1204]
Event: 17.376 Thread 0x00000255070cd750 Exception <a 'java/lang/NoSuchMethodError'{0x000000008438c8c0}: static Lorg/gradle/api/internal/StartParameterInternal;.<clinit>()V> (0x000000008438c8c0) 
thrown [./open/src/hotspot/share/prims/jni.cpp, line 1204]
Event: 17.397 Thread 0x00000255070cd750 Exception <a 'java/lang/NoSuchMethodError'{0x00000000843ba2d8}: static Lorg/gradle/internal/logging/DefaultLoggingConfiguration;.<clinit>()V> (0x00000000843ba2d8) 
thrown [./open/src/hotspot/share/prims/jni.cpp, line 1204]
Event: 17.403 Thread 0x00000255070cd750 Exception <a 'java/lang/NoSuchMethodError'{0x00000000843c75b0}: static Ljava/lang/Object;.<clinit>()V> (0x00000000843c75b0) 
thrown [./open/src/hotspot/share/prims/jni.cpp, line 1204]
Event: 17.477 Thread 0x00000255070cd750 Exception <a 'java/lang/NoSuchMethodError'{0x00000000843e1e08}: static Lorg/gradle/internal/DefaultTaskExecutionRequest;.<clinit>()V> (0x00000000843e1e08) 
thrown [./open/src/hotspot/share/prims/jni.cpp, line 1204]
Event: 17.497 Thread 0x00000255070cd750 Exception <a 'java/lang/NoSuchMethodError'{0x00000000843ecd70}: static Lorg/gradle/internal/deprecation/LoggingDeprecatable;.<clinit>()V> (0x00000000843ecd70) 
thrown [./open/src/hotspot/share/prims/jni.cpp, line 1204]
Event: 18.025 Thread 0x0000025507616820 Exception <a 'java/lang/NoSuchMethodError'{0x0000000083f019c0}: 'void java.lang.invoke.DirectMethodHandle$Holder.invokeVirtual(java.lang.Object, java.lang.Object, java.lang.Object, java.lang.Object)'> (0x0000000083f019c0) 
thrown [./open/src/hotspot/share/interpreter/linkResolver.cpp, line 782]
Event: 18.035 Thread 0x0000025507616820 Exception <a 'java/lang/NoSuchMethodError'{0x0000000083f0b740}: 'void java.lang.invoke.DirectMethodHandle$Holder.invokeSpecial(java.lang.Object, java.lang.Object, java.lang.Object, java.lang.Object, java.lang.Object)'> (0x0000000083f0b740) 
thrown [./open/src/hotspot/share/interpreter/linkResolver.cpp, line 782]
Event: 18.039 Thread 0x0000025507616820 Exception <a 'java/lang/NoSuchMethodError'{0x0000000083f131c8}: 'java.lang.Object java.lang.invoke.Invokers$Holder.invoker(java.lang.Object, java.lang.Object, java.lang.Object, java.lang.Object)'> (0x0000000083f131c8) 
thrown [./open/src/hotspot/share/interpreter/linkResolver.cpp, line 782]
Event: 18.177 Thread 0x0000025507616820 Exception <a 'java/lang/NoSuchMethodError'{0x0000000083f482f0}: 'long java.lang.invoke.DirectMethodHandle$Holder.invokeInterface(java.lang.Object, java.lang.Object)'> (0x0000000083f482f0) 
thrown [./open/src/hotspot/share/interpreter/linkResolver.cpp, line 782]
Event: 18.194 Thread 0x0000025507616820 Exception <a 'java/lang/NoSuchMethodError'{0x0000000083f638d0}: 'void java.lang.invoke.DelegatingMethodHandle$Holder.reinvoke_L(java.lang.Object, java.lang.Object, java.lang.Object, java.lang.Object, java.lang.Object, java.lang.Object, java.lang.Object)'> (0x0000000083f638d0) 
thrown [./open/src/hotspot/share/interpreter/linkResolver.cpp, line 782]
Event: 19.229 Thread 0x0000025507616820 Exception <a 'java/lang/NoSuchMethodError'{0x0000000083b932b8}: 'java.lang.Object java.lang.invoke.DirectMethodHandle$Holder.invokeVirtual(java.lang.Object, java.lang.Object, java.lang.Object)'> (0x0000000083b932b8) 
thrown [./open/src/hotspot/share/interpreter/linkResolver.cpp, line 782]
Event: 19.943 Thread 0x0000025507616820 Exception <a 'java/lang/NoSuchMethodError'{0x00000000872c4980}: 'void java.lang.invoke.DirectMethodHandle$Holder.invokeStaticInit(java.lang.Object)'> (0x00000000872c4980) 
thrown [./open/src/hotspot/share/interpreter/linkResolver.cpp, line 782]
Event: 20.728 Thread 0x0000025507616820 Exception <a 'java/lang/NoSuchMethodError'{0x0000000086b20f48}: 'int java.lang.invoke.DirectMethodHandle$Holder.invokeSpecialIFC(java.lang.Object, java.lang.Object, java.lang.Object, java.lang.Object)'> (0x0000000086b20f48) 
thrown [./open/src/hotspot/share/interpreter/linkResolver.cpp, line 782]
Event: 20.738 Thread 0x0000025507616820 Exception <a 'java/lang/NoSuchMethodError'{0x0000000086b30498}: 'java.lang.Object java.lang.invoke.DirectMethodHandle$Holder.invokeInterface(java.lang.Object, java.lang.Object, java.lang.Object)'> (0x0000000086b30498) 
thrown [./open/src/hotspot/share/interpreter/linkResolver.cpp, line 782]
Event: 20.741 Thread 0x0000025507616820 Exception <a 'java/lang/IncompatibleClassChangeError'{0x0000000086b33fd8}: Found class java.lang.Object, but interface was expected> (0x0000000086b33fd8) 
thrown [./open/src/hotspot/share/interpreter/linkResolver.cpp, line 848]

Events (20 events):
Event: 20.539 loading class java/io/File$TempDirectory
Event: 20.539 loading class java/io/File$TempDirectory done
Event: 20.592 loading class java/io/PrintWriter
Event: 20.593 loading class java/io/PrintWriter done
Event: 20.615 loading class java/util/zip/CheckedInputStream
Event: 20.615 loading class java/util/zip/CheckedInputStream done
Event: 20.658 loading class java/nio/file/NoSuchFileException
Event: 20.658 loading class java/nio/file/FileSystemException
Event: 20.658 loading class java/nio/file/FileSystemException done
Event: 20.658 loading class java/nio/file/NoSuchFileException done
Event: 20.670 loading class java/util/concurrent/locks/ReadWriteLock
Event: 20.670 loading class java/util/concurrent/locks/ReadWriteLock done
Event: 20.721 loading class java/nio/file/FileVisitor
Event: 20.721 loading class java/nio/file/FileVisitor done
Event: 20.721 loading class java/nio/file/FileVisitOption
Event: 20.722 loading class java/nio/file/FileVisitOption done
Event: 20.742 loading class java/util/stream/ReduceOps$1
Event: 20.742 loading class java/util/stream/ReduceOps$1 done
Event: 20.742 loading class java/util/stream/ReduceOps$1ReducingSink
Event: 20.742 loading class java/util/stream/ReduceOps$1ReducingSink done


Dynamic libraries:
0x00007ff7e3680000 - 0x00007ff7e368f000 	C:\Program Files\Java\jdk-15.0.1\bin\java.exe
0x00007ffb2b7a0000 - 0x00007ffb2b990000 	C:\Windows\SYSTEM32\ntdll.dll
0x00007ffb2b1c0000 - 0x00007ffb2b272000 	C:\Windows\System32\KERNEL32.DLL
0x00007ffb28860000 - 0x00007ffb28b05000 	C:\Windows\System32\KERNELBASE.dll
0x00007ffb28cb0000 - 0x00007ffb28daa000 	C:\Windows\System32\ucrtbase.dll
0x00007ffb24c20000 - 0x00007ffb24c38000 	C:\Program Files\Java\jdk-15.0.1\bin\jli.dll
0x00007ffb2a3d0000 - 0x00007ffb2a473000 	C:\Windows\System32\ADVAPI32.dll
0x00007ffb2aeb0000 - 0x00007ffb2af4e000 	C:\Windows\System32\msvcrt.dll
0x00007ffb2ae00000 - 0x00007ffb2ae97000 	C:\Windows\System32\sechost.dll
0x00007ffb2a780000 - 0x00007ffb2a8a0000 	C:\Windows\System32\RPCRT4.dll
0x00007ffb2a5e0000 - 0x00007ffb2a774000 	C:\Windows\System32\USER32.dll
0x00007ffb29820000 - 0x00007ffb29841000 	C:\Windows\System32\win32u.dll
0x00007ffb2a270000 - 0x00007ffb2a296000 	C:\Windows\System32\GDI32.dll
0x00007ffb28b10000 - 0x00007ffb28ca6000 	C:\Windows\System32\gdi32full.dll
0x00007ffb28740000 - 0x00007ffb287de000 	C:\Windows\System32\msvcp_win.dll
0x00007ffb1e890000 - 0x00007ffb1e8a9000 	C:\Program Files\Java\jdk-15.0.1\bin\VCRUNTIME140.dll
0x00007ffb1a2c0000 - 0x00007ffb1a544000 	C:\Windows\WinSxS\amd64_microsoft.windows.common-controls_6595b64144ccf1df_6.0.18362.1198_none_9e820b57e45ad92f\COMCTL32.dll
0x00007ffb2a910000 - 0x00007ffb2ac45000 	C:\Windows\System32\combase.dll
0x00007ffb28ec0000 - 0x00007ffb28f40000 	C:\Windows\System32\bcryptPrimitives.dll
0x00007ffb26ff0000 - 0x00007ffb26ffa000 	C:\Windows\SYSTEM32\VERSION.dll
0x00007ffb2a240000 - 0x00007ffb2a26e000 	C:\Windows\System32\IMM32.DLL
0x00007ffb27220000 - 0x00007ffb2722c000 	C:\Program Files\Java\jdk-15.0.1\bin\vcruntime140_1.dll
0x00007ffb12080000 - 0x00007ffb12111000 	C:\Program Files\Java\jdk-15.0.1\bin\msvcp140.dll
0x00007ffb05690000 - 0x00007ffb061ee000 	C:\Program Files\Java\jdk-15.0.1\bin\server\jvm.dll
0x00007ffb2b280000 - 0x00007ffb2b288000 	C:\Windows\System32\PSAPI.DLL
0x00007ffb27230000 - 0x00007ffb27239000 	C:\Windows\SYSTEM32\WSOCK32.dll
0x00007ffb2a8a0000 - 0x00007ffb2a90f000 	C:\Windows\System32\WS2_32.dll
0x00007ffb25fc0000 - 0x00007ffb25fe4000 	C:\Windows\SYSTEM32\WINMM.dll
0x00007ffb25f90000 - 0x00007ffb25fbd000 	C:\Windows\SYSTEM32\WINMMBASE.dll
0x00007ffb287e0000 - 0x00007ffb2882a000 	C:\Windows\System32\cfgmgr32.dll
0x00007ffb28700000 - 0x00007ffb28711000 	C:\Windows\System32\kernel.appcore.dll
0x00007ffb27190000 - 0x00007ffb2719a000 	C:\Program Files\Java\jdk-15.0.1\bin\jimage.dll
0x00007ffb174e0000 - 0x00007ffb176d4000 	C:\Windows\SYSTEM32\DBGHELP.DLL
0x00007ffb174b0000 - 0x00007ffb174da000 	C:\Windows\SYSTEM32\dbgcore.DLL
0x00007ffb1e600000 - 0x00007ffb1e625000 	C:\Program Files\Java\jdk-15.0.1\bin\java.dll
0x00007ffb29aa0000 - 0x00007ffb2a187000 	C:\Windows\System32\SHELL32.dll
0x00007ffb2afd0000 - 0x00007ffb2b079000 	C:\Windows\System32\shcore.dll
0x00007ffb29090000 - 0x00007ffb29811000 	C:\Windows\System32\windows.storage.dll
0x00007ffb286b0000 - 0x00007ffb286d3000 	C:\Windows\System32\profapi.dll
0x00007ffb28660000 - 0x00007ffb286aa000 	C:\Windows\System32\powrprof.dll
0x00007ffb28650000 - 0x00007ffb28660000 	C:\Windows\System32\UMPDC.dll
0x00007ffb298c0000 - 0x00007ffb29912000 	C:\Windows\System32\shlwapi.dll
0x00007ffb28720000 - 0x00007ffb28737000 	C:\Windows\System32\cryptsp.dll
0x00007ffb1dd80000 - 0x00007ffb1dd99000 	C:\Program Files\Java\jdk-15.0.1\bin\net.dll
0x00007ffb20610000 - 0x00007ffb20700000 	C:\Windows\SYSTEM32\WINHTTP.dll
0x00007ffb27ea0000 - 0x00007ffb27f07000 	C:\Windows\system32\mswsock.dll
0x00007ffb1dc60000 - 0x00007ffb1dc72000 	C:\Program Files\Java\jdk-15.0.1\bin\nio.dll
0x00007ffb1dc40000 - 0x00007ffb1dc58000 	C:\Program Files\Java\jdk-15.0.1\bin\zip.dll
0x00007ffb26770000 - 0x00007ffb26780000 	C:\Program Files\Java\jdk-15.0.1\bin\verify.dll
0x00007ffb1d270000 - 0x00007ffb1d297000 	C:\Users\Abdulla\.gradle\native\f6784746aeab05261644944871eae4fe03e0ef1612fff0a4a95f87b438bc6780\windows-amd64\native-platform.dll
0x00007ffb24d60000 - 0x00007ffb24d69000 	C:\Program Files\Java\jdk-15.0.1\bin\management.dll
0x00007ffb24bf0000 - 0x00007ffb24bfb000 	C:\Program Files\Java\jdk-15.0.1\bin\management_ext.dll
0x00007ffb27a10000 - 0x00007ffb27a43000 	C:\Windows\system32\rsaenh.dll
0x00007ffb28830000 - 0x00007ffb28856000 	C:\Windows\System32\bcrypt.dll
0x00007ffb28530000 - 0x00007ffb28555000 	C:\Windows\SYSTEM32\USERENV.dll
0x00007ffb28070000 - 0x00007ffb2807c000 	C:\Windows\SYSTEM32\CRYPTBASE.dll
0x00007ffb27bb0000 - 0x00007ffb27bea000 	C:\Windows\SYSTEM32\IPHLPAPI.DLL
0x00007ffb29a10000 - 0x00007ffb29a18000 	C:\Windows\System32\NSI.dll
0x00007ffb208d0000 - 0x00007ffb208e6000 	C:\Windows\SYSTEM32\dhcpcsvc6.DLL
0x00007ffb20af0000 - 0x00007ffb20b0c000 	C:\Windows\SYSTEM32\dhcpcsvc.DLL
0x00007ffb27bf0000 - 0x00007ffb27cbb000 	C:\Windows\SYSTEM32\DNSAPI.dll
0x00007ffb20b80000 - 0x00007ffb20b8b000 	C:\Windows\SYSTEM32\WINNSI.DLL

dbghelp: loaded successfully - version: 4.0.5 - missing functions: none
symbol engine: initialized successfully - sym options: 0x614 - pdb path: .;C:\Program Files\Java\jdk-15.0.1\bin;C:\Windows\SYSTEM32;C:\Windows\WinSxS\amd64_microsoft.windows.common-controls_6595b64144ccf1df_6.0.18362.1198_none_9e820b57e45ad92f;C:\Program Files\Java\jdk-15.0.1\bin\server;C:\Users\Abdulla\.gradle\native\f6784746aeab05261644944871eae4fe03e0ef1612fff0a4a95f87b438bc6780\windows-amd64

VM Arguments:
jvm_args: --add-opens=java.base/java.util=ALL-UNNAMED --add-opens=java.base/java.lang=ALL-UNNAMED --add-opens=java.base/java.lang.invoke=ALL-UNNAMED --add-opens=java.prefs/java.util.prefs=ALL-UNNAMED -Xmx2048m -Dfile.encoding=UTF-8 -Duser.country=US -Duser.language=en -Duser.variant 
java_command: org.gradle.launcher.daemon.bootstrap.GradleDaemon 6.5
java_class_path (initial): C:\Users\Abdulla\.gradle\wrapper\dists\gradle-6.5-all\2oz4ud9k3tuxjg84bbf55q0tn\gradle-6.5\lib\gradle-launcher-6.5.jar
Launcher Type: SUN_STANDARD

[Global flags]
     intx CICompilerCount                          = 2                                         {product} {ergonomic}
     uint ConcGCThreads                            = 1                                         {product} {ergonomic}
     uint G1ConcRefinementThreads                  = 2                                         {product} {ergonomic}
   size_t G1HeapRegionSize                         = 1048576                                   {product} {ergonomic}
    uintx GCDrainStackTargetSize                   = 64                                        {product} {ergonomic}
   size_t InitialHeapSize                          = 121634816                                 {product} {ergonomic}
   size_t MarkStackSize                            = 4194304                                   {product} {ergonomic}
   size_t MaxHeapSize                              = 2147483648                                {product} {command line}
   size_t MaxNewSize                               = 1287651328                                {product} {ergonomic}
   size_t MinHeapDeltaBytes                        = 1048576                                   {product} {ergonomic}
   size_t MinHeapSize                              = 8388608                                   {product} {ergonomic}
    uintx NonNMethodCodeHeapSize                   = 5826188                                {pd product} {ergonomic}
    uintx NonProfiledCodeHeapSize                  = 122916026                              {pd product} {ergonomic}
    uintx ProfiledCodeHeapSize                     = 122916026                              {pd product} {ergonomic}
    uintx ReservedCodeCacheSize                    = 251658240                              {pd product} {ergonomic}
     bool SegmentedCodeCache                       = true                                      {product} {ergonomic}
   size_t SoftMaxHeapSize                          = 2147483648                             {manageable} {ergonomic}
     bool UseCompressedClassPointers               = true                                 {lp64_product} {ergonomic}
     bool UseCompressedOops                        = true                                 {lp64_product} {ergonomic}
     bool UseG1GC                                  = true                                      {product} {ergonomic}
     bool UseLargePagesIndividualAllocation        = false                                  {pd product} {ergonomic}

Logging:
Log output configuration:
 #0: stdout all=warning uptime,level,tags
 #1: stderr all=off uptime,level,tags

Environment Variables:
JAVA_HOME=C:\Program Files\Java\jdk-15.0.1
PATH=C:\Program Files\Common Files\Oracle\Java\javapath;C:\Windows\system32;C:\Windows;C:\Windows\System32\Wbem;C:\Windows\System32\WindowsPowerShell\v1.0\;C:\Windows\System32\OpenSSH\;C:\Program Files (x86)\Microsoft SQL Server\120\DTS\Binn\;C:\Program Files (x86)\Microsoft SQL Server\Client SDK\ODBC\110\Tools\Binn\;C:\Program Files (x86)\Microsoft SQL Server\120\Tools\Binn\;C:\Program Files (x86)\Microsoft SQL Server\120\Tools\Binn\ManagementStudio\;C:\program Files\java\jdk-15.0.1\bin;C:\Users\Abdulla\AppData\Local\Microsoft\WindowsApps;
USERNAME=Abdulla
OS=Windows_NT
PROCESSOR_IDENTIFIER=AMD64 Family 21 Model 16 Stepping 1, AuthenticAMD



---------------  S Y S T E M  ---------------

OS:
 Windows 10 , 64 bit Build 18362 (10.0.18362.1110)
OS uptime: 2 days 7:17 hours

CPU: total 2 (initial active 2) (2 cores per cpu, 1 threads per core) family 21 model 16 stepping 1 microcode 0x0, cmov, cx8, fxsr, mmx, sse, sse2, sse3, ssse3, sse4.1, sse4.2, popcnt, vzeroupper, avx, aes, clmul, 3dnowpref, lzcnt, sse4a, tsc, tscinvbit, tscinv, bmi1, fma, clflush

Memory: 4k page, system-wide physical 7369M (621M free)
TotalPageFile size 7369M (AvailPageFile size 4M)
current process WorkingSet (physical memory assigned to process): 147M, peak: 147M
current process commit charge ("private bytes"): 227M, peak: 227M

vm_info: Java HotSpot(TM) 64-Bit Server VM (15.0.1+9-18) for windows-amd64 JRE (15.0.1+9-18), built on Sep 15 2020 14:43:54 by "mach5one" with unknown MS VC++:1925

END.
